% Maxmimum K used: 3
% minimum number of samples for h=1: 663552

% 1054 samples (max h ~ 0.0015884211033950616)
GATA3,IFNg,IFNgR,IL4,IL4R,SOCS1,STAT4,STAT6,TBet / IL12R,IL12 -< GATA3
GATA3,IL4,SOCS1 / STAT6,STAT4,STAT1,IL4R,IL12R,IL12,IFNgR,IFNg -< GATA3

% 101233 samples (max h ~ 0.15256227092978394)
GATA3,IFNg,IL4,IL4R,SOCS1,STAT1,STAT6 / TBet,STAT4,IL12R,IL12 -> GATA3
GATA3,IL12,IL4,IL4R,STAT4,STAT6 / TBet,STAT1,SOCS1,IFNgR,IFNg -> GATA3
GATA3,IL12,IL4,IL4R,STAT6 / TBet,STAT1,SOCS1,IL12R,IFNgR,IFNg -> GATA3
GATA3,IL4,IL4R,STAT6 / TBet,STAT4,STAT1,SOCS1,IL12R,IFNgR,IFNg -> GATA3
GATA3,IFNg,IL4,SOCS1,STAT1,STAT6 / TBet,STAT4,IL12R,IL12,IFNgR -> GATA3
GATA3,IL4,SOCS1,STAT1,STAT6 / TBet,STAT4,IL4R,IL12R,IL12,IFNgR -> GATA3
GATA3,IL12,IL12R,IL4,SOCS1,STAT4,STAT6 / TBet,STAT1,IL4R,IFNgR,IFNg -> GATA3
GATA3,IL12,IL12R,SOCS1,STAT4,STAT6 / TBet,STAT1,IL4R,IFNgR,IFNg -> GATA3
IL12,IL12R,SOCS1,STAT4,STAT6 / TBet,STAT1,IL4R,IL4,IFNgR,IFNg -> GATA3
GATA3,IL4,SOCS1,STAT6 / TBet,STAT4,STAT1,IL4R,IL12R,IL12,IFNgR,IFNg -> GATA3
GATA3,IL4,SOCS1,STAT6 / TBet,STAT4,IL4R,IL12R,IL12,IFNgR,IFNg -> GATA3

% 259 samples (max h ~ 0.00039032359182098765)
GATA3,IFNg,IFNgR,IL4,IL4R,SOCS1,STAT1,STAT6,TBet / STAT4,IL12R,IL12 -< IFNg
IFNg,IL12,SOCS1,STAT6,TBet / STAT4,IL4R,IL4,IL12R,IFNgR,GATA3 -< IFNg
GATA3,IFNg,IFNgR,IL4,IL4R,SOCS1,STAT1,STAT6 / STAT4,IL12R,IL12 -< IFNg
GATA3,IFNg,IL4,SOCS1,STAT1,STAT6 / TBet,STAT4,IL4R,IL12R,IL12,IFNgR -< IFNg

% 28443 samples (max h ~ 0.04286476417824074)
IL12R,IL4,IL4R,SOCS1,STAT1,STAT4,STAT6,TBet / IL12,IFNgR,GATA3 -> IFNg
IFNg,IL12R,IL4,SOCS1,STAT1,STAT4,STAT6,TBet / IL12,IFNgR,GATA3 -> IFNg
IFNg,IL12R,SOCS1,STAT1,STAT4,STAT6,TBet / IL4R,IL12,IFNgR,GATA3 -> IFNg
IFNg,IL4,SOCS1,STAT1,STAT4,STAT6,TBet / IL12,IFNgR,GATA3 -> IFNg
IFNg,SOCS1,STAT1,STAT4,STAT6,TBet / IL4R,IL12,IFNgR,GATA3 -> IFNg
IFNg,SOCS1,STAT1,STAT4,TBet / IL4R,IL4,IL12R,IL12,IFNgR,GATA3 -> IFNg
IFNg,SOCS1,STAT4,TBet / STAT6,IL4R,IL4,IL12R,IL12,IFNgR,GATA3 -> IFNg
GATA3,IFNg,IFNgR,IL4,IL4R,SOCS1,STAT1,STAT4,STAT6,TBet / IL12R,IL12 -> IFNg
IFNg,IFNgR,IL12,IL4,IL4R,SOCS1,STAT1,STAT4,STAT6,TBet / IL12R,GATA3 -> IFNg
IFNg,IFNgR,IL12,IL4,IL4R,STAT1,STAT4,STAT6,TBet / IL12R,GATA3 -> IFNg
IFNg,IL12,IL4,IL4R,SOCS1,STAT1,STAT4,STAT6,TBet / IL12R,GATA3 -> IFNg
IFNg,IL4,IL4R,SOCS1,STAT1,STAT4,STAT6,TBet / IL12R,IFNgR,GATA3 -> IFNg
IFNg,IL4,SOCS1,STAT1,STAT4,STAT6,TBet / IL12R,IFNgR,GATA3 -> IFNg
IFNg,SOCS1,STAT1,STAT4,STAT6,TBet / IL4R,IL12R,IFNgR,GATA3 -> IFNg

% 77 samples (max h ~ 0.00011604214891975309)
IFNg,IFNgR,IL12,IL4,IL4R,SOCS1,STAT1,STAT4,STAT6,TBet / IL12R,GATA3 -< IFNgR
GATA3,IFNg,IFNgR,IL4,IL4R,SOCS1,STAT4,STAT6,TBet / IL12R,IL12 -< IFNgR
GATA3,IFNg,IFNgR,IL4,IL4R,SOCS1,STAT1,STAT6,TBet / IL12R,IL12 -< IFNgR
GATA3,IFNg,IFNgR,IL4,IL4R,SOCS1,STAT1,STAT6 / STAT4,IL12R,IL12 -< IFNgR

% 10 samples (max h ~ 1.5070408950617283e-5)
IFNg,IFNgR,IL12,IL4,IL4R,STAT1,STAT4,TBet / SOCS1,IL12R,GATA3 -> IFNgR
IFNg,IL12,IL4,IL4R,STAT1,STAT4,TBet / STAT6,SOCS1,IL12R,GATA3 -> IFNgR

% 0 samples (max h ~ 0)
% _ -< IL12

% 0 samples (max h ~ 0)
% _ -> IL12

% 210 samples (max h ~ 0.00031647858796296296)
IL12R,IL4,IL4R,SOCS1,STAT1,STAT4,STAT6,TBet / IL12,IFNgR,IFNg,GATA3 -< IL12R
GATA3,IL12,IL12R,IL4,SOCS1,STAT4,STAT6 / TBet,STAT1,IL4R,IFNgR,IFNg -< IL12R
GATA3,IL12,IL12R,SOCS1,STAT4,STAT6 / TBet,STAT1,IL4R,IFNgR,IFNg -< IL12R
IL12R,IL4,IL4R,SOCS1,STAT1,STAT6,TBet / IL12,IFNgR,IFNg,GATA3 -< IL12R
GATA3,IL12,IL12R,IL4,IL4R,STAT4,STAT6 / TBet,STAT1,SOCS1,IFNgR,IFNg -< IL12R
IL12R,IL4,IL4R,SOCS1,STAT1,STAT4,STAT6,TBet / IL12,IFNgR,GATA3 -< IL12R
IFNg,IL12R,IL4,SOCS1,STAT1,STAT4,STAT6,TBet / IL12,IFNgR,GATA3 -< IL12R
IFNg,IL12R,SOCS1,STAT1,STAT4,STAT6,TBet / IL4R,IL12,IFNgR,GATA3 -< IL12R

% 0 samples (max h ~ 0)
% _ -> IL12R

% 879 samples (max h ~ 0.0013246889467592592)
IL12R,IL4,IL4R,SOCS1,STAT1,STAT4,STAT6,TBet / IL12,IFNgR,GATA3 -< IL4
IFNg,IL12R,IL4,SOCS1,STAT1,STAT4,STAT6,TBet / IL12,IFNgR,GATA3 -< IL4
IFNg,IL4,SOCS1,STAT1,STAT4,STAT6,TBet / IL12,IFNgR,GATA3 -< IL4
IFNg,IL4,SOCS1,STAT1,STAT4,STAT6,TBet / IL12R,IFNgR,GATA3 -< IL4
IFNg,IL12,IL4,IL4R,STAT1,STAT4,TBet / STAT6,SOCS1,IL12R,IFNgR,GATA3 -< IL4
IFNg,IL12,IL4,IL4R,SOCS1,STAT1,STAT4,STAT6,TBet / IL12R,GATA3 -< IL4
IFNg,IFNgR,IL12,IL4,IL4R,STAT1,STAT4,STAT6,TBet / IL12R,GATA3 -< IL4
IFNg,IFNgR,IL12,IL4,IL4R,STAT1,STAT4,TBet / SOCS1,IL12R,GATA3 -< IL4
IFNg,IL12,IL4,IL4R,STAT1,STAT4,TBet / STAT6,SOCS1,IL12R,GATA3 -< IL4
GATA3,IFNg,IFNgR,IL4,IL4R,SOCS1,STAT1,STAT4,STAT6,TBet / IL12R,IL12 -< IL4
GATA3,IFNg,IFNgR,IL4,IL4R,SOCS1,STAT1,STAT6,TBet / IL12R,IL12 -< IL4
GATA3,IFNg,IL4,SOCS1,STAT1,STAT6 / TBet,STAT4,IL12R,IL12,IFNgR -< IL4
GATA3,IL4,SOCS1,STAT1,STAT6 / TBet,STAT4,IL4R,IL12R,IL12,IFNgR -< IL4
GATA3,IFNg,IFNgR,IL4,IL4R,SOCS1,STAT1,STAT6 / STAT4,IL12R,IL12 -< IL4
GATA3,IFNg,IL4,IL4R,SOCS1,STAT1,STAT6 / TBet,STAT4,IL12R,IL12 -< IL4
IL4,SOCS1,TBet / STAT6,STAT4,STAT1,IL4R,IL12R,IL12,IFNgR,IFNg,GATA3 -< IL4

% 97908 samples (max h ~ 0.1475513599537037)
GATA3,IL12,IL12R,IL4,SOCS1,STAT4,STAT6 / TBet,STAT1,IL4R,IFNgR,IFNg -> IL4
GATA3,IL4,SOCS1,STAT6 / TBet,STAT4,STAT1,IL4R,IL12R,IL12,IFNgR,IFNg -> IL4
GATA3,IL12,IL4,IL4R,STAT4,STAT6 / TBet,STAT1,SOCS1,IFNgR,IFNg -> IL4
GATA3,IL12,IL4,IL4R,STAT6 / TBet,STAT1,SOCS1,IL12R,IFNgR,IFNg -> IL4
GATA3,IL4,IL4R,STAT6 / TBet,STAT4,STAT1,SOCS1,IL12R,IFNgR,IFNg -> IL4
GATA3,IFNg,IFNgR,IL4,IL4R,SOCS1,STAT4,STAT6,TBet / STAT1,IL12R,IL12 -> IL4
GATA3,IL12,IL12R,SOCS1,STAT4,STAT6 / TBet,STAT1,IL4R,IFNgR,IFNg -> IL4
GATA3,IL4,SOCS1 / STAT6,STAT4,STAT1,IL4R,IL12R,IL12,IFNgR,IFNg -> IL4
GATA3,IL4,IL4R / TBet,STAT6,STAT4,STAT1,SOCS1,IL12R,IL12,IFNgR,IFNg -> IL4
GATA3,IL4,SOCS1 / TBet,STAT4,STAT1,IL4R,IL12R,IL12,IFNgR,IFNg -> IL4
GATA3,IL4,IL4R / TBet,STAT4,STAT1,SOCS1,IL12R,IL12,IFNgR,IFNg -> IL4

% 237 samples (max h ~ 0.00035716869212962964)
IL12R,IL4,IL4R,SOCS1,STAT1,STAT4,STAT6,TBet / IL12,IFNgR,GATA3 -< IL4R
GATA3,IFNg,IFNgR,IL4,IL4R,SOCS1,STAT1,STAT4,STAT6,TBet / IL12R,IL12 -< IL4R
IFNg,IFNgR,IL12,IL4,IL4R,SOCS1,STAT1,STAT4,STAT6,TBet / IL12R,GATA3 -< IL4R
IFNg,IL12,IL4,IL4R,SOCS1,STAT1,STAT4,STAT6,TBet / IL12R,GATA3 -< IL4R
GATA3,IFNg,IFNgR,IL4,IL4R,SOCS1,STAT4,STAT6,TBet / IL12R,IL12 -< IL4R
IL12R,IL4,IL4R,SOCS1,STAT1,STAT6,TBet / IL12,IFNgR,IFNg,GATA3 -< IL4R
GATA3,IFNg,IFNgR,IL4,IL4R,SOCS1,STAT1,STAT6,TBet / IL12R,IL12 -< IL4R
GATA3,IFNg,IFNgR,IL4,IL4R,SOCS1,STAT1,STAT6 / STAT4,IL12R,IL12 -< IL4R
GATA3,IFNg,IL4,IL4R,SOCS1,STAT1,STAT6 / TBet,STAT4,IL12R,IL12 -< IL4R

% 97838 samples (max h ~ 0.14744586709104937)
IFNg,IFNgR,IL12,IL4,IL4R,STAT1,STAT4,STAT6,TBet / SOCS1,IL12R,GATA3 -> IL4R
GATA3,IL12,IL4,IL4R,STAT6 / TBet,STAT1,SOCS1,IL12R,IFNgR,IFNg -> IL4R
IFNg,IL12,IL4,IL4R,STAT1,STAT4,TBet / STAT6,SOCS1,IL12R,IFNgR,GATA3 -> IL4R
GATA3,IL12,IL4,IL4R,STAT4,STAT6 / TBet,STAT1,SOCS1,IFNgR,IFNg -> IL4R
GATA3,IL12,IL12R,IL4,STAT4,STAT6 / TBet,STAT1,SOCS1,IFNgR,IFNg -> IL4R
GATA3,IL4,IL4R,STAT6 / TBet,STAT4,STAT1,SOCS1,IL12R,IFNgR,IFNg -> IL4R
GATA3,IL4,IL4R / TBet,STAT4,STAT1,SOCS1,IL12R,IL12,IFNgR,IFNg -> IL4R
GATA3,IL4 / TBet,STAT6,STAT4,STAT1,SOCS1,IL12R,IL12,IFNgR,IFNg -> IL4R

% 268 samples (max h ~ 0.0004038869598765432)
GATA3,IL12,IL12R,IL4,SOCS1,STAT4,STAT6 / TBet,STAT1,IL4R,IFNgR,IFNg -< SOCS1
GATA3,IL4,SOCS1,STAT6 / TBet,STAT4,STAT1,IL4R,IL12R,IL12,IFNgR,IFNg -< SOCS1
GATA3,IL4,SOCS1 / TBet,STAT4,STAT1,IL4R,IL12R,IL12,IFNgR,IFNg -< SOCS1

% 285161 samples (max h ~ 0.42974928867669754)
IL12R,IL4,IL4R,SOCS1,STAT1,STAT4,STAT6,TBet / IL12,IFNgR,GATA3 -> SOCS1
IFNg,IL12R,IL4,SOCS1,STAT1,STAT4,STAT6,TBet / IL12,IFNgR,GATA3 -> SOCS1
IFNg,IL4,SOCS1,STAT1,STAT4,STAT6,TBet / IL12,IFNgR,GATA3 -> SOCS1
IFNg,IL4,SOCS1,STAT1,STAT4,STAT6,TBet / IL12R,IFNgR,GATA3 -> SOCS1
IFNg,IL4,SOCS1,STAT4,STAT6,TBet / IL4R,IL12R,IL12,IFNgR,GATA3 -> SOCS1
IL12R,IL4,IL4R,SOCS1,STAT1,STAT6,TBet / IL12,IFNgR,IFNg,GATA3 -> SOCS1
IL4,SOCS1,STAT1,STAT6,TBet / STAT4,IL4R,IL12R,IL12,IFNgR,IFNg,GATA3 -> SOCS1
IL4,SOCS1,STAT1,STAT6,TBet / STAT4,IL4R,IL12R,IL12,IFNgR,IFNg -> SOCS1
IFNg,IL4,SOCS1,STAT1,STAT6,TBet / IL12R,IL12,IFNgR,GATA3 -> SOCS1
IFNg,IL4,SOCS1,STAT1,STAT6,TBet / STAT4,IL12R,IL12,IFNgR -> SOCS1
IL4,SOCS1,STAT1,STAT6,TBet / STAT4,IL4R,IL12R,IL12,IFNgR,GATA3 -> SOCS1
IL4,SOCS1,STAT1,STAT6,TBet / STAT4,IL4R,IL12R,IL12,IFNgR -> SOCS1
IFNg,IL4,SOCS1,STAT6,TBet / IL4R,IL12R,IL12,IFNgR,GATA3 -> SOCS1
IFNg,IL4,SOCS1,STAT6,TBet / STAT4,IL4R,IL12R,IL12,IFNgR -> SOCS1
IFNg,IFNgR,IL12,IL4,IL4R,SOCS1,STAT1,STAT4,STAT6,TBet / IL12R,GATA3 -> SOCS1
IFNg,IFNgR,IL12,IL4,IL4R,STAT1,STAT4,STAT6,TBet / IL12R,GATA3 -> SOCS1
GATA3,IFNg,IFNgR,IL4,IL4R,SOCS1,STAT1,STAT4,STAT6,TBet / IL12R,IL12 -> SOCS1
IFNg,IL12,IL4,IL4R,SOCS1,STAT1,STAT4,STAT6,TBet / IL12R,GATA3 -> SOCS1
GATA3,IFNg,IFNgR,IL4,IL4R,SOCS1,STAT4,STAT6,TBet / IL12R,IL12 -> SOCS1
GATA3,IFNg,IFNgR,IL4,IL4R,SOCS1,STAT1,STAT6,TBet / IL12R,IL12 -> SOCS1
GATA3,IFNg,IL4,IL4R,SOCS1,STAT1,STAT6,TBet / STAT4,IL12R,IL12 -> SOCS1
IL4,SOCS1,TBet / STAT6,STAT4,STAT1,IL4R,IL12R,IL12,IFNgR,IFNg,GATA3 -> SOCS1
IL4,SOCS1,TBet / STAT6,STAT4,STAT1,IL4R,IL12R,IL12,IFNgR,IFNg -> SOCS1
IFNg,SOCS1,STAT1,STAT4,STAT6,TBet / IL4R,IL12,IFNgR,GATA3 -> SOCS1
IFNg,SOCS1,STAT1,STAT4,TBet / IL4R,IL4,IL12R,IL12,IFNgR,GATA3 -> SOCS1
IFNg,SOCS1,STAT4,STAT6,TBet / IL4R,IL12R,IL12,IFNgR,GATA3 -> SOCS1
IFNg,SOCS1,STAT4,TBet / IL4R,IL4,IL12R,IL12,IFNgR,GATA3 -> SOCS1
IFNg,SOCS1,STAT1,STAT4,STAT6,TBet / IL4R,IL12R,IFNgR,GATA3 -> SOCS1
SOCS1,TBet / STAT6,STAT4,STAT1,IL4R,IL12R,IL12,IFNgR,IFNg,GATA3 -> SOCS1
IFNg,SOCS1,STAT1,STAT6,TBet / IL4R,IL12R,IL12,IFNgR,GATA3 -> SOCS1
IFNg,SOCS1,STAT1,STAT6,TBet / IL4R,IL4,IL12R,IFNgR,GATA3 -> SOCS1
IFNg,SOCS1,STAT6,TBet / IL4R,IL12R,IL12,IFNgR,GATA3 -> SOCS1
IFNg,SOCS1,STAT6,TBet / STAT4,IL4R,IL4,IL12R,IFNgR,GATA3 -> SOCS1
GATA3,IL4,SOCS1,STAT1,STAT6 / STAT4,IL4R,IL12R,IL12,IFNgR,IFNg -> SOCS1
GATA3,IFNg,IL4,SOCS1,STAT1,STAT6 / STAT4,IL12R,IL12,IFNgR -> SOCS1
GATA3,IL4,SOCS1,STAT1,STAT6 / STAT4,IL4R,IL12R,IL12,IFNgR -> SOCS1
GATA3,IFNg,IL4,IL4R,SOCS1,STAT1,STAT6 / STAT4,IL12R,IL12 -> SOCS1

% 382 samples (max h ~ 0.0005756896219135802)
IFNg,IL4,SOCS1,STAT1,STAT4,STAT6,TBet / IL12,IFNgR,GATA3 -< STAT1
IFNg,SOCS1,STAT1,STAT4,STAT6,TBet / IL4R,IL12,IFNgR,GATA3 -< STAT1
IFNg,IL4,SOCS1,STAT1,STAT6,TBet / IL12R,IL12,IFNgR,GATA3 -< STAT1
IFNg,SOCS1,STAT1,STAT4,TBet / IL4R,IL4,IL12R,IL12,IFNgR,GATA3 -< STAT1
IFNg,IL4,SOCS1,STAT1,STAT4,STAT6,TBet / IL12R,IFNgR,GATA3 -< STAT1
IFNg,SOCS1,STAT1,STAT4,STAT6,TBet / IL4R,IL12R,IFNgR,GATA3 -< STAT1
IFNg,IL12,SOCS1,STAT1,STAT6,TBet / IL4R,IL4,IL12R,IFNgR,GATA3 -< STAT1
GATA3,IFNg,IL4,SOCS1,STAT1,STAT6 / TBet,STAT4,IL12R,IL12,IFNgR -< STAT1
IL12R,IL4,IL4R,SOCS1,STAT1,STAT4,STAT6,TBet / IL12,IFNgR,GATA3 -< STAT1
IL12R,IL4,IL4R,SOCS1,STAT1,STAT6,TBet / IL12,IFNgR,IFNg,GATA3 -< STAT1
GATA3,IL4,SOCS1,STAT1,STAT6 / TBet,STAT4,IL4R,IL12R,IL12,IFNgR -< STAT1
IFNg,IL12,IL4,IL4R,STAT1,STAT4,TBet / STAT6,SOCS1,IL12R,IFNgR,GATA3 -< STAT1

% 69 samples (max h ~ 0.00010398582175925926)
IFNg,IFNgR,IL12,IL4,IL4R,SOCS1,STAT1,STAT4,STAT6,TBet / IL12R,GATA3 -> STAT1
GATA3,IFNg,IFNgR,IL4,IL4R,SOCS1,STAT4,STAT6,TBet / IL12R,IL12 -> STAT1
GATA3,IFNg,IFNgR,IL4,IL4R,SOCS1,STAT1,STAT6,TBet / IL12R,IL12 -> STAT1
GATA3,IFNg,IFNgR,IL4,IL4R,SOCS1,STAT1,STAT6 / STAT4,IL12R,IL12 -> STAT1

% 226 samples (max h ~ 0.0003405912422839506)
IFNg,IFNgR,IL12,IL4,IL4R,SOCS1,STAT1,STAT4,STAT6,TBet / IL12R,GATA3 -< STAT4
GATA3,IFNg,IFNgR,IL4,IL4R,SOCS1,STAT1,STAT4,STAT6,TBet / IL12R,IL12 -< STAT4
IFNg,IFNgR,IL12,IL4,IL4R,STAT1,STAT4,STAT6,TBet / IL12R,GATA3 -< STAT4
GATA3,IFNg,IFNgR,IL4,IL4R,SOCS1,STAT4,STAT6,TBet / IL12R,IL12 -< STAT4
IFNg,IL12,IL4,SOCS1,STAT1,STAT4,STAT6,TBet / IL4R,IL12R,IFNgR,GATA3 -< STAT4
IFNg,IL12,SOCS1,STAT1,STAT4,STAT6,TBet / IL4R,IL12R,IFNgR,GATA3 -< STAT4
IFNg,SOCS1,STAT1,STAT4,STAT6,TBet / IL4R,IL4,IL12R,IFNgR,GATA3 -< STAT4
IFNg,SOCS1,STAT1,STAT4,TBet / IL4R,IL4,IL12R,IL12,IFNgR,GATA3 -< STAT4
IFNg,SOCS1,STAT4,TBet / STAT6,IL4R,IL4,IL12R,IL12,IFNgR,GATA3 -< STAT4
GATA3,IL12,IL4,IL4R,STAT4,STAT6 / TBet,STAT1,SOCS1,IL12R,IFNgR,IFNg -< STAT4
GATA3,IL12,IL4,IL4R,STAT4,STAT6 / TBet,STAT1,SOCS1,IFNgR,IFNg -< STAT4
GATA3,IL12,IL12R,IL4,SOCS1,STAT4,STAT6 / TBet,STAT1,IL4R,IFNgR,IFNg -< STAT4

% 108 samples (max h ~ 0.00016276041666666666)
IL12R,IL4,IL4R,SOCS1,STAT1,STAT4,STAT6,TBet / IL12,IFNgR,GATA3 -> STAT4
IFNg,IL12R,IL4,SOCS1,STAT1,STAT4,STAT6,TBet / IL12,IFNgR,GATA3 -> STAT4
IFNg,IL12R,SOCS1,STAT1,STAT4,STAT6,TBet / IL4R,IL12,IFNgR,GATA3 -> STAT4
IL12R,IL4,IL4R,SOCS1,STAT1,STAT6,TBet / IL12,IFNgR,IFNg,GATA3 -> STAT4

% 432 samples (max h ~ 0.0006510416666666666)
IFNg,SOCS1,STAT1,STAT4,STAT6,TBet / IL4R,IL12,IFNgR,GATA3 -< STAT6
IFNg,SOCS1,STAT1,STAT4,STAT6,TBet / IL4R,IL12R,IFNgR,GATA3 -< STAT6
IFNg,IL12,SOCS1,STAT1,STAT6,TBet / IL4R,IL4,IL12R,IFNgR,GATA3 -< STAT6
IFNg,IL12,SOCS1,STAT6,TBet / STAT4,IL4R,IL4,IL12R,IFNgR,GATA3 -< STAT6
GATA3,IFNg,IL4,SOCS1,STAT1,STAT6 / TBet,STAT4,IL4R,IL12R,IL12,IFNgR -< STAT6
GATA3,IL12,IL12R,SOCS1,STAT4,STAT6 / TBet,STAT1,IL4R,IFNgR,IFNg -< STAT6
GATA3,IL4,SOCS1,STAT1,STAT6 / TBet,STAT4,IL4R,IL12R,IL12,IFNgR -< STAT6
GATA3,IL4,SOCS1,STAT6 / TBet,STAT4,IL4R,IL12R,IL12,IFNgR,IFNg -< STAT6

% 100963 samples (max h ~ 0.1521553698881173)
IFNg,IL12R,IL4,IL4R,SOCS1,STAT1,STAT4,STAT6,TBet / IL12,IFNgR,GATA3 -> STAT6
IFNg,IL12,IL4,IL4R,SOCS1,STAT1,STAT4,STAT6,TBet / IL12R,IFNgR,GATA3 -> STAT6
IFNg,IFNgR,IL12,IL4,IL4R,SOCS1,STAT1,STAT4,STAT6,TBet / IL12R,GATA3 -> STAT6
GATA3,IFNg,IFNgR,IL4,IL4R,SOCS1,STAT1,STAT4,STAT6,TBet / IL12R,IL12 -> STAT6
IFNg,IL12,IL4,IL4R,SOCS1,STAT1,STAT4,STAT6,TBet / IL12R,GATA3 -> STAT6
GATA3,IFNg,IFNgR,IL4,IL4R,SOCS1,STAT4,STAT6,TBet / IL12R,IL12 -> STAT6
IFNg,IFNgR,IL12,IL4,IL4R,STAT1,STAT4,TBet / STAT6,SOCS1,IL12R,GATA3 -> STAT6
IL12R,IL4,IL4R,SOCS1,STAT1,STAT4,STAT6,TBet / IL12,IFNgR,GATA3 -> STAT6
GATA3,IL12,IL4,IL4R,STAT4,STAT6 / TBet,STAT1,SOCS1,IFNgR,IFNg -> STAT6
GATA3,IFNg,IFNgR,IL4,IL4R,SOCS1,STAT1,STAT6,TBet / IL12R,IL12 -> STAT6
GATA3,IFNg,IFNgR,IL4,IL4R,SOCS1,STAT1,STAT6 / STAT4,IL12R,IL12 -> STAT6
GATA3,IL4,IL4R,STAT6 / TBet,STAT4,STAT1,SOCS1,IL12R,IL12,IFNgR,IFNg -> STAT6
GATA3,IL4,IL4R / TBet,STAT4,STAT1,SOCS1,IL12R,IL12,IFNgR,IFNg -> STAT6
GATA3,IL12,IL4,IL4R,STAT6 / TBet,STAT1,SOCS1,IL12R,IFNgR,IFNg -> STAT6
GATA3,IL4,IL4R,STAT6 / TBet,STAT4,STAT1,SOCS1,IL12R,IFNgR,IFNg -> STAT6

% 146 samples (max h ~ 0.00022002797067901235)
GATA3,IFNg,IFNgR,IL4,IL4R,SOCS1,STAT4,STAT6,TBet / IL12R,IL12 -< TBet
GATA3,IFNg,IFNgR,IL4,IL4R,SOCS1,STAT1,STAT6,TBet / IL12R,IL12 -< TBet
GATA3,IL4,SOCS1,TBet / STAT6,STAT4,STAT1,IL4R,IL12R,IL12,IFNgR,IFNg -< TBet

% 284097 samples (max h ~ 0.42814579716435186)
IL12R,IL4,IL4R,SOCS1,STAT1,STAT4,STAT6,TBet / IL12,IFNgR,GATA3 -> TBet
IFNg,IL12R,IL4,SOCS1,STAT1,STAT4,STAT6,TBet / IL12,IFNgR,GATA3 -> TBet
IFNg,IL4,SOCS1,STAT1,STAT4,STAT6,TBet / IL4R,IL12,IFNgR,GATA3 -> TBet
IL12R,IL4,IL4R,SOCS1,STAT1,STAT6,TBet / IL12,IFNgR,IFNg,GATA3 -> TBet
IFNg,IL12,IL4,IL4R,SOCS1,STAT1,STAT4,STAT6,TBet / IL12R,GATA3 -> TBet
IFNg,IL12,IL4,SOCS1,STAT1,STAT4,STAT6,TBet / IL12R,IFNgR,GATA3 -> TBet
IFNg,IL4,SOCS1,STAT1,STAT4,STAT6,TBet / IL4R,IL12R,IFNgR,GATA3 -> TBet
IL4,SOCS1,TBet / STAT6,STAT4,STAT1,IL4R,IL12R,IL12,IFNgR,IFNg,GATA3 -> TBet
IFNg,SOCS1,STAT1,STAT4,STAT6,TBet / IL4R,IL12,IFNgR,GATA3 -> TBet
IFNg,SOCS1,STAT1,STAT4,TBet / IL4R,IL4,IL12R,IL12,IFNgR,GATA3 -> TBet
SOCS1,TBet / STAT6,STAT4,STAT1,IL4R,IL12R,IL12,IFNgR,IFNg,GATA3 -> TBet
IFNg,SOCS1,STAT4,TBet / STAT6,IL4R,IL4,IL12R,IL12,IFNgR,GATA3 -> TBet
IFNg,SOCS1,STAT1,STAT4,STAT6,TBet / IL4R,IL12R,IFNgR,GATA3 -> TBet
IFNg,IL12,SOCS1,STAT1,STAT6,TBet / IL4R,IL4,IL12R,IFNgR,GATA3 -> TBet
IFNg,IL12,SOCS1,STAT6,TBet / STAT4,IL4R,IL4,IL12R,IFNgR,GATA3 -> TBet
true.


