% Maxmimum K used: 3
% minimum number of samples for h=1: 663552

% 7089 samples (max h ~ 0.010683412905092593)
GATA3,IFNg,SOCS1,STAT1,TBet / IL4R,IL12R,IL12 -< GATA3
GATA3,IFNg,SOCS1,STAT1,TBet / STAT4,IL4R,IL12R -< GATA3
GATA3,IFNgR,SOCS1,STAT1,TBet / IL4R,IL12R,IL12 -< GATA3
GATA3,SOCS1,STAT1,TBet / STAT4,IL4R,IL12R,IL12 -< GATA3
GATA3,SOCS1,STAT1,TBet / STAT4,IL4R,IL12R -< GATA3
GATA3,IL4,SOCS1,STAT1,TBet / STAT4,IL12R -< GATA3
GATA3,IFNg,IL12,IL12R,SOCS1,STAT1,TBet / IL4R -< GATA3
GATA3,IFNg,IL12,SOCS1,STAT1,TBet / STAT4,IL4R -< GATA3
GATA3,IL12,SOCS1,STAT1,TBet / STAT4,IL4R -< GATA3
GATA3,IFNg,IL12R,SOCS1,STAT1,TBet / IL4R -< GATA3
GATA3,IFNg,SOCS1,STAT1,TBet / IL4R,IL12 -< GATA3
GATA3,IFNg,SOCS1,STAT1,TBet / STAT4,IL4R -< GATA3
GATA3,IL12,IL4,SOCS1,STAT1,TBet / STAT4 -< GATA3
GATA3,IFNg,IL4,SOCS1,STAT1,TBet / STAT4 -< GATA3
GATA3,IFNg,SOCS1,STAT1 / STAT6,IL4R,IL12R,IL12 -< GATA3
GATA3,IFNg,SOCS1,STAT1 / STAT6,STAT4,IL4R,IL12R -< GATA3
GATA3,IFNgR,SOCS1,STAT1 / STAT6,IL4R,IL12R,IL12 -< GATA3
GATA3,SOCS1,STAT1 / STAT6,STAT4,IL4R,IL12R,IL12 -< GATA3
GATA3,SOCS1,STAT1 / STAT6,STAT4,IL4R,IL12R -< GATA3
GATA3,IL4,SOCS1,STAT1 / STAT6,STAT4,IL12R -< GATA3
GATA3,IFNg,IL12,IL12R,SOCS1,STAT1 / STAT6,IL4R -< GATA3
GATA3,IFNg,IL12,SOCS1,STAT1 / STAT6,STAT4,IL4R -< GATA3
GATA3,IL12,SOCS1,STAT1 / STAT6,STAT4,IL4R -< GATA3
GATA3,IFNg,IL12R,SOCS1,STAT1 / STAT6,IL4R -< GATA3
GATA3,IFNg,SOCS1,STAT1 / STAT6,IL4R,IL12 -< GATA3
GATA3,IFNg,SOCS1,STAT1 / STAT6,STAT4,IL4R -< GATA3
GATA3,IL12,IL4,SOCS1,STAT1 / STAT6,STAT4 -< GATA3
GATA3,IFNg,IL4,SOCS1,STAT1 / STAT6,STAT4 -< GATA3
GATA3,IFNgR,IL4,IL4R,STAT1,TBet / STAT4,IL12R,IL12,IFNg -< GATA3
GATA3,IL4,IL4R,STAT1,TBet / STAT4,IL12R,IL12,IFNg -< GATA3
GATA3,IL4,IL4R,STAT1,TBet / STAT4,IL12R,IL12 -< GATA3
GATA3,IFNgR,IL12,IL12R,IL4,IL4R,STAT1,TBet / STAT4,IFNg -< GATA3
GATA3,IFNg,IL4,IL4R,STAT1,TBet / STAT4,IL12 -< GATA3
GATA3,IFNgR,IL4,IL4R,STAT1 / STAT6,STAT4,IL12R,IL12,IFNg -< GATA3
GATA3,IL4,IL4R,STAT1 / STAT6,STAT4,IL12R,IL12,IFNg -< GATA3
GATA3,IL4,IL4R,STAT1 / STAT6,STAT4,IL12R,IL12 -< GATA3
GATA3,IFNgR,IL4,IL4R,STAT1 / TBet,STAT6,SOCS1,IL12R,IL12,IFNg -< GATA3
GATA3,IFNg,IL4,IL4R,STAT1 / STAT6,STAT4,IL12 -< GATA3
GATA3,IFNgR,IL4,STAT1,TBet / IL4R,IL12R,IL12 -< GATA3
GATA3,IFNg,IL4,STAT1,TBet / IL4R,IL12R,IL12 -< GATA3
GATA3,IL4,STAT1,TBet / STAT4,IL4R,IL12R,IL12 -< GATA3
GATA3,IL4,STAT1,TBet / STAT4,IL12R,IL12 -< GATA3
GATA3,IFNg,IL4,STAT1,TBet / IL4R,IL12 -< GATA3
GATA3,IFNg,IL4,STAT1,TBet / STAT4,IL12 -< GATA3
GATA3,IFNgR,IL4,STAT1 / STAT6,IL4R,IL12R,IL12 -< GATA3
GATA3,IFNg,IL4,STAT1 / STAT6,IL4R,IL12R,IL12 -< GATA3
GATA3,IL4,STAT1 / STAT6,STAT4,IL4R,IL12R,IL12 -< GATA3
GATA3,IL4,STAT1 / STAT6,STAT4,IL12R,IL12 -< GATA3
GATA3,IFNgR,IL4,STAT1 / TBet,STAT6,SOCS1,IL12R,IL12,IFNg -< GATA3
GATA3,IFNg,IL4,STAT1 / STAT6,IL4R,IL12 -< GATA3
GATA3,IFNg,IL4,STAT1 / STAT6,STAT4,IL12 -< GATA3
GATA3,IFNg,STAT1,TBet / STAT4,IL4R,IL12 -< GATA3
GATA3,STAT1,TBet / STAT4,IL4R,IL12R,IL12 -< GATA3
GATA3,IFNg,IFNgR,IL12,IL12R,IL4,SOCS1,STAT6,TBet / IL4R -< GATA3
GATA3,IFNg,IFNgR,IL12,IL4,SOCS1,STAT6,TBet / STAT4,IL4R -< GATA3
GATA3,IFNg,IFNgR,IL12,IL4,SOCS1,TBet / STAT4,IL4R -< GATA3
GATA3,IFNg,IL12,IL4,SOCS1,TBet / STAT4,IL4R -< GATA3
GATA3,IFNgR,IL12,IL4,SOCS1,STAT6,TBet / STAT4,IL4R,IL12R -< GATA3
GATA3,IFNgR,IL12,IL4,SOCS1,TBet / STAT4,IL4R,IL12R -< GATA3
GATA3,IL12,IL4,SOCS1,TBet / STAT4,IL4R,IL12R -< GATA3
GATA3,IL12,IL4,SOCS1,TBet / STAT4,IL4R -< GATA3
GATA3,IFNg,IFNgR,IL12R,IL4,SOCS1,STAT6,TBet / IL4R -< GATA3
GATA3,IFNg,IFNgR,IL4,SOCS1,STAT6,TBet / IL4R,IL12 -< GATA3
GATA3,IFNg,IFNgR,IL4,SOCS1,STAT6,TBet / STAT4,IL4R -< GATA3
GATA3,IFNg,IFNgR,IL4,SOCS1,TBet / STAT4,IL4R -< GATA3
GATA3,IFNg,IL4,SOCS1,TBet / STAT4,IL4R -< GATA3
GATA3,IFNgR,IL4,SOCS1,STAT6,TBet / IL4R,IL12R,IL12 -< GATA3
GATA3,IFNgR,IL4,SOCS1,STAT6,TBet / STAT4,IL4R,IL12R -< GATA3
GATA3,IFNgR,IL4,SOCS1,TBet / STAT4,IL4R,IL12R -< GATA3
GATA3,IL4,SOCS1,TBet / STAT4,IL4R,IL12R -< GATA3
GATA3,IFNg,IFNgR,IL12,IL4,SOCS1 / STAT6,STAT4,IL4R -< GATA3
GATA3,IFNg,IL12,IL4,SOCS1 / STAT6,STAT4,IL4R -< GATA3
GATA3,IFNgR,IL12,IL4,SOCS1 / STAT6,STAT4,IL4R,IL12R -< GATA3
GATA3,IL12,IL4,SOCS1 / STAT6,STAT4,IL4R,IL12R -< GATA3
GATA3,IL12,IL4,SOCS1 / STAT6,STAT4,IL4R -< GATA3
GATA3,IFNg,IFNgR,IL4,SOCS1 / STAT6,STAT4,IL4R -< GATA3
GATA3,IFNg,IL4,SOCS1 / STAT6,STAT4,IL4R -< GATA3
GATA3,IFNgR,IL4,SOCS1 / STAT6,STAT4,IL4R,IL12R -< GATA3
GATA3,IL4,SOCS1 / STAT6,STAT4,IL4R,IL12R -< GATA3
GATA3,IFNg,IFNgR,IL4,STAT6,TBet / IL4R,IL12 -< GATA3
GATA3,IFNg,IFNgR,IL4,TBet / STAT4,IL4R,IL12 -< GATA3
GATA3,IFNg,IL4,TBet / STAT4,IL4R,IL12 -< GATA3
GATA3,IFNgR,IL4,STAT6,TBet / IL4R,IL12R,IL12 -< GATA3
GATA3,IFNgR,IL4,TBet / STAT4,IL4R,IL12R,IL12 -< GATA3
GATA3,IL4,TBet / STAT4,IL4R,IL12R,IL12 -< GATA3
GATA3,IFNg,IFNgR,IL4 / STAT6,STAT4,IL4R,IL12 -< GATA3
GATA3,IFNg,IL4 / STAT6,STAT4,IL4R,IL12 -< GATA3
GATA3,IFNgR,IL4 / STAT6,STAT4,IL4R,IL12R,IL12 -< GATA3
GATA3,IL4 / STAT6,STAT4,IL4R,IL12R,IL12 -< GATA3
GATA3,IL12,SOCS1,TBet / STAT4,IL4R -< GATA3
GATA3,IFNg,SOCS1,TBet / STAT4,IL4R -< GATA3
GATA3,SOCS1,TBet / STAT4,IL4R,IL12R -< GATA3
GATA3,IFNg,TBet / STAT4,IL4R,IL12 -< GATA3
GATA3,TBet / STAT4,IL4R,IL12R,IL12 -< GATA3
GATA3,IL12,SOCS1 / STAT6,STAT4,IL4R -< GATA3
GATA3,IFNg,SOCS1 / STAT6,STAT4,IL4R -< GATA3
GATA3,SOCS1 / STAT6,STAT4,IL4R,IL12R -< GATA3
GATA3,IL12,IL4,SOCS1,TBet / STAT4 -< GATA3
GATA3,IL12,IL12R,SOCS1,TBet / STAT4,STAT1 -< GATA3
GATA3,IFNg,IL4,SOCS1,TBet / STAT4 -< GATA3
GATA3,IFNg,IL12R,SOCS1,TBet / STAT4,STAT1 -< GATA3
GATA3,IL4,SOCS1,TBet / STAT4,IL12R -< GATA3
GATA3,IFNgR,IL12,IL12R,IL4,IL4R,TBet / STAT4,IFNg -< GATA3
GATA3,IFNgR,IL12,IL12R,IL4R,TBet / STAT4,STAT1,IFNg -< GATA3
GATA3,IFNg,IL4,IL4R,TBet / STAT4,IL12 -< GATA3
GATA3,IFNg,IL12R,IL4R,TBet / STAT4,STAT1,IL12 -< GATA3
GATA3,IFNgR,IL4,IL4R,TBet / STAT4,IL12R,IL12,IFNg -< GATA3
GATA3,IL4,IL4R,TBet / STAT4,IL12R,IL12,IFNg -< GATA3
GATA3,IL4,IL4R,TBet / STAT4,IL12R,IL12 -< GATA3
GATA3,IFNg,IL4,TBet / STAT4,IL12 -< GATA3
GATA3,IFNg,IL12R,TBet / STAT4,STAT1,IL12 -< GATA3
GATA3,IL4,TBet / STAT4,IL12R,IL12 -< GATA3
GATA3,IL12,IL4,SOCS1 / STAT6,STAT4 -< GATA3
GATA3,IL12,IL12R,SOCS1 / STAT6,STAT4,STAT1 -< GATA3
GATA3,IFNg,IL4,SOCS1 / STAT6,STAT4 -< GATA3
GATA3,IFNg,IL12R,SOCS1 / STAT6,STAT4,STAT1 -< GATA3
GATA3,IL4,SOCS1 / STAT6,STAT4,IL12R -< GATA3
GATA3,IFNg,IL4,IL4R / STAT6,STAT4,IL12 -< GATA3
GATA3,IFNgR,IL4,IL4R / STAT6,STAT4,IL12R,IL12,IFNg -< GATA3
GATA3,IL4,IL4R / STAT6,STAT4,IL12R,IL12,IFNg -< GATA3
GATA3,IL4,IL4R / STAT6,STAT4,IL12R,IL12 -< GATA3
GATA3,IFNg,IL4 / STAT6,STAT4,IL12 -< GATA3
GATA3,IL4 / STAT6,STAT4,IL12R,IL12 -< GATA3

% 82162 samples (max h ~ 0.12382149402006173)
GATA3,IFNg,IFNgR,IL4R,SOCS1,STAT4,STAT6 / TBet -> GATA3
IFNg,IFNgR,IL4R,SOCS1,STAT4,STAT6 / TBet,STAT1,IL12 -> GATA3
GATA3,IFNg,IFNgR,IL12,SOCS1,STAT4,STAT6 / TBet -> GATA3
GATA3,IFNg,IFNgR,SOCS1,STAT4,STAT6 / TBet,IL12R -> GATA3
IFNg,IFNgR,SOCS1,STAT4,STAT6 / TBet,STAT1,IL12R,IL12 -> GATA3
GATA3,IFNg,IL4R,SOCS1,STAT4,STAT6 / TBet -> GATA3
GATA3,IFNg,IL12,SOCS1,STAT4,STAT6 / TBet -> GATA3
GATA3,IFNg,SOCS1,STAT4,STAT6 / TBet,IL12R -> GATA3
IFNg,IL4R,SOCS1,STAT4,STAT6 / TBet,STAT1,IL12 -> GATA3
GATA3,IL4R,SOCS1,STAT4,STAT6 / TBet -> GATA3
GATA3,IL12,SOCS1,STAT4,STAT6 / TBet -> GATA3
GATA3,SOCS1,STAT4,STAT6 / TBet,IL12R -> GATA3
GATA3,IL4R,SOCS1,STAT6 / TBet -> GATA3
GATA3,IL12,SOCS1,STAT6 / TBet -> GATA3
GATA3,SOCS1,STAT6 / TBet,IL12R -> GATA3
GATA3,IFNg,IFNgR,IL4R,STAT4,STAT6 / TBet -> GATA3
IFNg,IFNgR,IL12R,IL4R,STAT4,STAT6 / TBet,STAT1,SOCS1 -> GATA3
IFNg,IFNgR,IL4R,STAT4,STAT6 / TBet,STAT1,SOCS1,IL12 -> GATA3
IFNg,IFNgR,IL4R,STAT4,STAT6 / TBet,STAT1,IL12 -> GATA3
GATA3,IFNg,IL4R,STAT4,STAT6 / TBet,STAT1 -> GATA3
IFNg,IL4R,STAT4,STAT6 / TBet,STAT1,IL12 -> GATA3
IFNg,IL12R,IL4R,STAT4,STAT6 / TBet,STAT1,SOCS1 -> GATA3
GATA3,IFNgR,IL4R,STAT4,STAT6 / TBet -> GATA3
GATA3,IL4R,STAT4,STAT6 / TBet,STAT1 -> GATA3
IFNgR,IL12R,IL4,IL4R,STAT4,STAT6 / TBet,SOCS1,IL12,IFNg -> GATA3
IFNgR,IL12R,IL4,IL4R,STAT4,STAT6 / TBet,STAT1,SOCS1,IFNg -> GATA3
IFNgR,IL12R,IL4R,STAT4,STAT6 / TBet,STAT1,SOCS1,IFNg -> GATA3
IFNgR,IL12R,IL4R,STAT4,STAT6 / TBet,STAT1,SOCS1 -> GATA3
IFNgR,IL4R,STAT4,STAT6 / TBet,STAT1,SOCS1,IL12 -> GATA3
IL12R,IL4R,STAT4,STAT6 / TBet,STAT1,SOCS1 -> GATA3
IL4R,STAT4,STAT6 / TBet,STAT1,SOCS1,IL12 -> GATA3
GATA3,IFNgR,IL4R,STAT6 / TBet -> GATA3
GATA3,IL4R,STAT6 / TBet,STAT1 -> GATA3
IFNgR,IL12R,IL4R,STAT6 / TBet,STAT1,SOCS1,IL4,IFNg -> GATA3
IFNgR,IL12R,IL4R,STAT6 / TBet,STAT1,SOCS1,IL4 -> GATA3
IFNgR,IL4R,STAT6 / TBet,STAT1,SOCS1,IL4,IL12 -> GATA3
IL12R,IL4R,STAT6 / TBet,STAT1,SOCS1,IL4 -> GATA3
IL4R,STAT6 / TBet,STAT1,SOCS1,IL4,IL12 -> GATA3
GATA3,IFNg,IFNgR,IL12,IL12R,STAT4,STAT6 / TBet -> GATA3
IFNg,IFNgR,IL12,IL12R,STAT4,STAT6 / TBet,STAT1,SOCS1 -> GATA3
GATA3,IFNg,IFNgR,IL12,IL12R,STAT6 / TBet -> GATA3
IFNg,IFNgR,IL12,IL12R,STAT6 / TBet,STAT1,SOCS1,IL4 -> GATA3

% 2172 samples (max h ~ 0.003273292824074074)
IFNg,IFNgR,SOCS1,STAT1,STAT6,TBet / STAT4 -< IFNg
IFNg,SOCS1,STAT1,STAT6,TBet / STAT4,IL4R,IL12R -< IFNg
IFNg,IFNgR,IL4R,SOCS1,STAT1,STAT6 / STAT4 -< IFNg
IFNg,IL4R,SOCS1,STAT1,STAT6 / TBet,STAT4 -< IFNg
GATA3,IFNg,IFNgR,SOCS1,STAT1,STAT6 / STAT4 -< IFNg
GATA3,IFNg,SOCS1,STAT1,STAT6 / STAT4,IL4R,IL12R -< IFNg
GATA3,IFNg,SOCS1,STAT1,STAT6 / TBet,STAT4,IL4R -< IFNg
GATA3,IFNg,SOCS1,STAT1,STAT6 / TBet,STAT4 -< IFNg
IFNg,IFNgR,SOCS1,STAT6,TBet / STAT4,IL12 -< IFNg
IFNg,SOCS1,STAT6,TBet / STAT4,IL4R,IL12R,IL12 -< IFNg
IFNg,IFNgR,IL4R,SOCS1,STAT6 / STAT4,IL12 -< IFNg
IFNg,IL4R,SOCS1,STAT6 / TBet,STAT4,IL12 -< IFNg
GATA3,IFNg,IFNgR,SOCS1,STAT6 / STAT4,IL12 -< IFNg
GATA3,IFNg,SOCS1,STAT6 / STAT4,IL4R,IL12R,IL12 -< IFNg
GATA3,IFNg,SOCS1,STAT6 / TBet,STAT4,IL4R,IL12 -< IFNg
GATA3,IFNg,SOCS1,STAT6 / TBet,STAT4,IL12 -< IFNg
IFNg,IL4R,SOCS1,STAT1,STAT6 / TBet -< IFNg
GATA3,IFNg,SOCS1,STAT1,STAT6 / TBet -< IFNg
IFNg,IL4R,SOCS1,STAT6 / TBet,IL12 -< IFNg
IFNg,IFNgR,IL4,SOCS1,STAT1,TBet / STAT4 -< IFNg
IFNg,IFNgR,IL4,IL4R,SOCS1,STAT1 / STAT4 -< IFNg
GATA3,IFNg,IFNgR,IL4,SOCS1,STAT1 / STAT4 -< IFNg
IFNg,IFNgR,IL4,SOCS1,TBet / STAT4,IL12 -< IFNg
IFNg,IFNgR,IL4,IL4R,SOCS1 / STAT4,IL12 -< IFNg
GATA3,IFNg,IFNgR,IL4,SOCS1 / STAT4,IL12 -< IFNg
IFNg,IL4,SOCS1,STAT1,TBet / STAT4,IL4R,IL12R -< IFNg
GATA3,IFNg,IL4,SOCS1,STAT1 / STAT4,IL4R,IL12R -< IFNg
GATA3,IFNg,IL4,SOCS1,STAT1 / TBet,STAT4,IL4R -< IFNg
IFNg,IL4,SOCS1,TBet / STAT4,IL4R,IL12R,IL12 -< IFNg
GATA3,IFNg,IL4,SOCS1 / STAT4,IL4R,IL12R,IL12 -< IFNg
GATA3,IFNg,IL4,SOCS1 / TBet,STAT4,IL4R,IL12 -< IFNg
IFNg,IFNgR,IL12,IL4,IL4R,SOCS1,STAT1 / TBet -< IFNg
GATA3,IFNg,IFNgR,IL12,IL4,SOCS1,STAT1 / TBet -< IFNg
GATA3,IFNg,IL12,IL4,SOCS1,STAT1 / TBet,IL4R -< IFNg
IFNg,IFNgR,SOCS1,STAT1,TBet / STAT4,IL4R -< IFNg
IFNg,SOCS1,STAT1,TBet / STAT4,IL4R,IL12R -< IFNg
GATA3,IFNg,IFNgR,SOCS1,STAT1 / STAT4,IL4R -< IFNg
GATA3,IFNg,SOCS1,STAT1 / STAT4,IL4R,IL12R -< IFNg
GATA3,IFNg,SOCS1,STAT1 / TBet,STAT4,IL4R -< IFNg
IFNg,IFNgR,SOCS1,TBet / STAT4,IL4R,IL12 -< IFNg
IFNg,SOCS1,TBet / STAT4,IL4R,IL12R,IL12 -< IFNg
GATA3,IFNg,IFNgR,SOCS1 / STAT4,IL4R,IL12 -< IFNg
GATA3,IFNg,SOCS1 / STAT4,IL4R,IL12R,IL12 -< IFNg
GATA3,IFNg,SOCS1 / TBet,STAT4,IL4R,IL12 -< IFNg
GATA3,IFNg,IL12,SOCS1,STAT1 / TBet,IL4R -< IFNg
IFNg,IFNgR,IL12,IL12R,IL4R,STAT1,STAT6 / STAT4 -< IFNg
IFNg,IFNgR,IL12,IL12R,IL4R,STAT6 / STAT4,SOCS1 -< IFNg
IFNg,IL12,IL12R,IL4R,STAT6 / TBet,STAT4,STAT1,SOCS1 -< IFNg
IFNg,IFNgR,IL12,IL12R,IL4R,STAT1,STAT6 / TBet -< IFNg
IFNg,IFNgR,IL12,IL12R,IL4R,STAT6 / TBet,SOCS1 -< IFNg
IFNg,IFNgR,IL12,IL12R,STAT1,STAT6,TBet / STAT4 -< IFNg
GATA3,IFNg,IFNgR,IL12,IL12R,STAT1,STAT6 / STAT4 -< IFNg
IFNg,IFNgR,IL12,IL12R,STAT6,TBet / STAT4,SOCS1 -< IFNg
GATA3,IFNg,IFNgR,IL12,IL12R,STAT6 / STAT4,SOCS1 -< IFNg
GATA3,IFNg,IFNgR,IL12R,STAT1,STAT6 / STAT4 -< IFNg
GATA3,IFNg,IFNgR,IL12R,STAT6 / STAT4,IL12 -< IFNg
GATA3,IFNg,IFNgR,IL12R,STAT6 / STAT4,SOCS1 -< IFNg
GATA3,IFNg,IFNgR,IL12R,IL4R,STAT1,STAT6 / TBet -< IFNg
GATA3,IFNg,IFNgR,IL12R,IL4R,STAT6 / TBet,IL12 -< IFNg
GATA3,IFNg,IFNgR,IL12R,IL4R,STAT6 / TBet,SOCS1 -< IFNg
IFNg,IFNgR,IL12,IL12R,IL4,IL4R,STAT1 / STAT4 -< IFNg
IFNg,IFNgR,IL12,IL12R,IL4,IL4R,STAT1 / TBet -< IFNg
IFNg,IFNgR,IL12,IL12R,IL4,STAT1,TBet / STAT4 -< IFNg
GATA3,IFNg,IFNgR,IL12,IL12R,IL4,STAT1 / STAT4 -< IFNg
GATA3,IFNg,IFNgR,IL12R,IL4,STAT1 / STAT4 -< IFNg
GATA3,IFNg,IFNgR,IL12R,IL4 / STAT4,IL12 -< IFNg
IFNg,IFNgR,IL12,IL4R,STAT1,STAT6 / TBet -< IFNg
IFNg,IFNgR,IL12,IL4R,STAT6 / TBet,SOCS1 -< IFNg
IFNg,IL12,IL4R,STAT6 / TBet,STAT4,STAT1,SOCS1 -< IFNg
GATA3,IFNg,IFNgR,IL12,STAT1,STAT6 / TBet,STAT4 -< IFNg
GATA3,IFNg,IFNgR,IL12,STAT6 / TBet,STAT4,SOCS1 -< IFNg
GATA3,IFNg,IFNgR,IL4R,STAT1,STAT6 / TBet -< IFNg
GATA3,IFNg,IFNgR,STAT1,STAT6 / TBet,STAT4 -< IFNg
GATA3,IFNg,IFNgR,IL4R,STAT6 / TBet,IL12 -< IFNg
GATA3,IFNg,IFNgR,STAT6 / TBet,STAT4,IL12 -< IFNg
GATA3,IFNg,IFNgR,IL4R,STAT6 / TBet,SOCS1 -< IFNg
GATA3,IFNg,IFNgR,STAT6 / TBet,STAT4,SOCS1 -< IFNg
IFNg,IFNgR,IL12,IL4,IL4R,STAT1 / TBet -< IFNg
GATA3,IFNg,IFNgR,IL12,IL4,STAT1 / TBet,STAT4 -< IFNg
GATA3,IFNg,IFNgR,IL4,STAT1 / TBet,STAT4 -< IFNg
GATA3,IFNg,IFNgR,IL4 / TBet,STAT4,IL12 -< IFNg

% 103223 samples (max h ~ 0.15556128231095678)
IFNg,IL12R,IL4,IL4R,SOCS1,STAT1,STAT4,STAT6,TBet / GATA3 -> IFNg
IL12,IL12R,IL4,IL4R,SOCS1,STAT1,STAT4,STAT6,TBet / IFNgR,GATA3 -> IFNg
IFNg,IL12,IL12R,IL4,SOCS1,STAT1,STAT4,STAT6,TBet / GATA3 -> IFNg
IFNg,IL12,IL12R,IL4,SOCS1,STAT1,STAT4,STAT6,TBet / IL4R -> IFNg
IL12,IL12R,IL4,SOCS1,STAT1,STAT4,STAT6,TBet / IFNgR,GATA3 -> IFNg
IFNg,IL12R,IL4,SOCS1,STAT1,STAT4,STAT6,TBet / GATA3 -> IFNg
IFNg,IL4,IL4R,SOCS1,STAT1,STAT4,STAT6,TBet / IL12,GATA3 -> IFNg
IFNg,IL4,SOCS1,STAT1,STAT4,STAT6,TBet / IL12,IFNgR,GATA3 -> IFNg
GATA3,IFNg,IFNgR,IL12,IL12R,IL4,SOCS1,STAT4,STAT6,TBet / IL4R -> IFNg
IFNg,IL12,IL12R,IL4,SOCS1,STAT4,STAT6,TBet / IFNgR,GATA3 -> IFNg
IL12,IL12R,IL4,IL4R,SOCS1,STAT4,STAT6,TBet / IFNgR,GATA3 -> IFNg
IFNg,IL12,IL12R,IL4,IL4R,SOCS1,STAT1,STAT4,TBet / IFNgR,GATA3 -> IFNg
IL12,IL12R,IL4,IL4R,SOCS1,STAT1,STAT4,TBet / IFNgR,GATA3 -> IFNg
IFNg,IL12R,IL4,IL4R,SOCS1,STAT1,STAT4,TBet / IFNgR,GATA3 -> IFNg
IFNg,IL4,IL4R,SOCS1,STAT1,STAT4,TBet / IL12,IFNgR,GATA3 -> IFNg
IFNg,IL12,IL12R,IL4,IL4R,SOCS1,STAT4,TBet / IFNgR,GATA3 -> IFNg
IL12,IL12R,IL4,IL4R,SOCS1,STAT4,TBet / IFNgR,GATA3 -> IFNg
IFNg,IL12,IL12R,IL4,SOCS1,STAT1,STAT4,TBet / IFNgR,GATA3 -> IFNg
IFNg,IL12,IL12R,IL4,SOCS1,STAT1,STAT4,TBet / IL4R,GATA3 -> IFNg
IFNg,IL12R,IL4,SOCS1,STAT1,STAT4,TBet / IFNgR,GATA3 -> IFNg
IFNg,IL12R,IL4,SOCS1,STAT1,STAT4,TBet / STAT6,IL4R,IL12,IFNgR -> IFNg
IFNg,IL4,SOCS1,STAT1,STAT4,TBet / IL12,IFNgR,GATA3 -> IFNg
IFNg,IL12,IL12R,IL4,SOCS1,STAT4,TBet / IFNgR,GATA3 -> IFNg
IFNg,IL12R,IL4R,SOCS1,STAT1,STAT4,STAT6,TBet / GATA3 -> IFNg
IFNg,IL4R,SOCS1,STAT1,STAT4,STAT6,TBet / IL12,GATA3 -> IFNg
IL4R,SOCS1,STAT1,STAT4,STAT6,TBet / IL4,IL12R,IL12,GATA3 -> IFNg
IFNg,IL4R,SOCS1,STAT1,STAT4,STAT6,TBet / IL4,IFNgR,GATA3 -> IFNg
IFNg,IL12,IL12R,IL4R,SOCS1,STAT4,STAT6,TBet / IFNgR,GATA3 -> IFNg
IFNg,IL12,IL4R,SOCS1,STAT4,STAT6,TBet / IL4,IFNgR,GATA3 -> IFNg
IFNg,IL12R,IL4R,SOCS1,STAT1,STAT4,TBet / IFNgR,GATA3 -> IFNg
IFNg,IL4R,SOCS1,STAT1,STAT4,TBet / IL12,IFNgR,GATA3 -> IFNg
IL4R,SOCS1,STAT1,STAT4,TBet / IL4,IL12R,IL12,IFNgR,GATA3 -> IFNg
IFNg,IL12,IL12R,IL4R,SOCS1,STAT4,TBet / IFNgR,GATA3 -> IFNg
IFNg,IL12R,SOCS1,STAT1,STAT4,STAT6,TBet / GATA3 -> IFNg
IFNg,SOCS1,STAT1,STAT4,STAT6,TBet / IL12,IFNgR,GATA3 -> IFNg
IFNg,SOCS1,STAT1,STAT4,STAT6,TBet / IL4,IFNgR,GATA3 -> IFNg
IFNg,IL12,IL12R,SOCS1,STAT4,STAT6,TBet / IFNgR,GATA3 -> IFNg
IFNg,IL12,SOCS1,STAT4,STAT6,TBet / IL4,IFNgR,GATA3 -> IFNg
IFNg,IL12R,SOCS1,STAT1,STAT4,TBet / IFNgR,GATA3 -> IFNg
IFNg,SOCS1,STAT1,STAT4,TBet / IL12,IFNgR,GATA3 -> IFNg
IFNg,IL12,IL12R,SOCS1,STAT4,TBet / IFNgR,GATA3 -> IFNg
IFNg,IFNgR,IL12R,STAT1,STAT4,STAT6,TBet / IL4R,IL4,IL12,GATA3 -> IFNg

% 3248 samples (max h ~ 0.004894868827160494)
IFNg,IFNgR,IL12R,SOCS1,STAT1,STAT4,STAT6,TBet -< IFNgR
GATA3,IFNgR,IL12R,SOCS1,STAT1,STAT4,STAT6,TBet -< IFNgR
IFNgR,IL12R,SOCS1,STAT1,STAT4,STAT6,TBet / IL12 -< IFNgR
GATA3,IFNgR,IL12R,SOCS1,STAT1,STAT4,STAT6 -< IFNgR
IFNgR,IL12R,SOCS1,STAT1,STAT4,STAT6 / IL12 -< IFNgR
GATA3,IFNgR,SOCS1,STAT1,STAT4,STAT6 -< IFNgR
IFNgR,SOCS1,STAT1,STAT4,STAT6 / IL12 -< IFNgR
IFNg,IFNgR,IL12,IL12R,IL4,SOCS1,STAT1,STAT4,TBet / IL4R -< IFNgR
GATA3,IFNgR,IL12,IL12R,IL4,SOCS1,STAT1,STAT4,TBet / IL4R -< IFNgR
GATA3,IFNgR,IL12,IL12R,IL4,SOCS1,STAT1,STAT4 / IL4R -< IFNgR
GATA3,IFNgR,IL12,IL12R,IL4,SOCS1,STAT1,STAT4 / TBet,IFNg -< IFNgR
GATA3,IFNgR,IL12R,IL4,SOCS1,STAT1,STAT4,TBet / IL4R,IFNg -< IFNgR
IFNgR,IL12R,IL4,SOCS1,STAT1,STAT4,TBet / IL4R,IL12,IFNg -< IFNgR
GATA3,IFNgR,IL12R,IL4,SOCS1,STAT1,STAT4 / IL4R,IFNg -< IFNgR
IFNgR,IL12R,IL4,SOCS1,STAT1,STAT4 / IL4R,IL12,IFNg -< IFNgR
GATA3,IFNgR,IL12R,IL4,SOCS1,STAT1,STAT4 / TBet,IFNg -< IFNgR
IFNgR,IL12R,IL4,SOCS1,STAT1,STAT4 / TBet,IL12,IFNg -< IFNgR
GATA3,IFNgR,IL4,SOCS1,STAT1,STAT4 / IL4R,IL12,IFNg -< IFNgR
GATA3,IFNgR,IL4,SOCS1,STAT1,STAT4 / TBet,IL12,IFNg -< IFNgR
GATA3,IFNgR,IL12,IL12R,SOCS1,STAT1,STAT4 / IL4R -< IFNgR
GATA3,IFNgR,IL12,IL12R,SOCS1,STAT1,STAT4 / TBet,IFNg -< IFNgR
GATA3,IFNgR,IL12R,SOCS1,STAT1,STAT4 / IL4R,IFNg -< IFNgR
GATA3,IFNgR,IL12R,SOCS1,STAT1,STAT4 / TBet,IFNg -< IFNgR
GATA3,IFNgR,SOCS1,STAT1,STAT4 / IL4R,IL12,IFNg -< IFNgR
GATA3,IFNgR,SOCS1,STAT1,STAT4 / TBet,IL12,IFNg -< IFNgR
GATA3,IFNgR,IL12R,IL4,SOCS1,STAT4,STAT6 / IFNg -< IFNgR
GATA3,IFNgR,IL12R,IL4,SOCS1,STAT4,STAT6 / IL4R -< IFNgR
IFNgR,IL12R,IL4,SOCS1,STAT4,STAT6 / TBet,IL12,IFNg -< IFNgR
IFNgR,IL12R,IL4,SOCS1,STAT4,STAT6 / TBet,IL4R,IL12 -< IFNgR
GATA3,IFNgR,IL12,IL12R,IL4,SOCS1,STAT4 / IL4R,IFNg -< IFNgR
GATA3,IFNgR,IL12,IL12R,IL4,SOCS1,STAT4 / TBet,IFNg -< IFNgR
GATA3,IFNgR,IL12R,IL4,SOCS1,STAT4 / IL4R,IFNg -< IFNgR
GATA3,IFNgR,IL12R,IL4,SOCS1,STAT4 / TBet,IFNg -< IFNgR
IFNgR,IL12R,IL4,SOCS1,STAT4 / TBet,IL12,IFNg -< IFNgR
GATA3,IFNgR,IL4,SOCS1,STAT4,STAT6 / IL12,IFNg -< IFNgR
GATA3,IFNgR,IL4,SOCS1,STAT4,STAT6 / IL4R,IL12 -< IFNgR
GATA3,IFNgR,IL4,SOCS1,STAT4 / IL4R,IL12,IFNg -< IFNgR
GATA3,IFNgR,IL4,SOCS1,STAT4 / TBet,IL12,IFNg -< IFNgR
IFNgR,IL4,SOCS1,STAT4,STAT6 / TBet,IL12,IFNg -< IFNgR
IFNgR,IL4,SOCS1,STAT4,STAT6 / TBet,IL4R,IL12 -< IFNgR
GATA3,IFNgR,IL12R,SOCS1,STAT4,STAT6 / IFNg -< IFNgR
GATA3,IFNgR,IL12R,SOCS1,STAT4 / IL4R,IFNg -< IFNgR
GATA3,IFNgR,IL12R,SOCS1,STAT4 / TBet,IFNg -< IFNgR
GATA3,IFNgR,SOCS1,STAT4,STAT6 / IL12,IFNg -< IFNgR
GATA3,IFNgR,SOCS1,STAT4 / IL4R,IL12,IFNg -< IFNgR
GATA3,IFNgR,SOCS1,STAT4 / TBet,IL12,IFNg -< IFNgR
GATA3,IFNgR,IL12R,IL4,IL4R,STAT4,STAT6 / IL12,IFNg -< IFNgR
GATA3,IFNgR,IL12R,IL4,IL4R,STAT4 / TBet,IL12,IFNg -< IFNgR
IFNgR,IL12R,IL4,IL4R,STAT1,STAT4 / TBet,IL12,IFNg -< IFNgR
IFNgR,IL12R,IL4,IL4R,STAT4 / TBet,IL12,IFNg -< IFNgR
GATA3,IFNgR,IL4,IL4R,STAT1,STAT4,STAT6 / IL12,IFNg -< IFNgR
GATA3,IFNgR,IL4,STAT1,STAT4,STAT6,TBet / IL12R,IL12,IFNg -< IFNgR
GATA3,IFNgR,IL4,IL4R,STAT1,STAT4 / TBet,IL12,IFNg -< IFNgR
GATA3,IFNgR,IL4,STAT1,STAT4,TBet / IL4R,IL12R,IL12,IFNg -< IFNgR
GATA3,IFNgR,IL4,IL4R,STAT4,STAT6 / IL12,IFNg -< IFNgR
GATA3,IFNgR,IL4,IL4R,STAT4 / TBet,IL12,IFNg -< IFNgR
GATA3,IFNgR,IL4,STAT4,STAT6,TBet / IL12R,IL12,IFNg -< IFNgR
GATA3,IFNgR,IL4,STAT4,TBet / IL4R,IL12R,IL12,IFNg -< IFNgR
GATA3,IFNgR,IL4R,STAT1,STAT4,STAT6 / IL12R,IL12,IFNg -< IFNgR
GATA3,IFNgR,STAT1,STAT4,STAT6,TBet / IL12R,IL12,IFNg -< IFNgR
GATA3,IFNgR,STAT1,STAT4,TBet / IL4R,IL12R,IL12,IFNg -< IFNgR
GATA3,IFNgR,IL4R,STAT1,STAT4 / TBet,IL12R,IL12,IFNg -< IFNgR
GATA3,IFNgR,STAT4,STAT6,TBet / IL12R,IL12,IFNg -< IFNgR
GATA3,IFNgR,STAT4,TBet / IL4R,IL12R,IL12,IFNg -< IFNgR
GATA3,IFNgR,IL4R,STAT4,STAT6 / IL12R,IL12,IFNg -< IFNgR
GATA3,IFNgR,IL4R,STAT4 / TBet,IL12R,IL12,IFNg -< IFNgR
GATA3,IFNgR,SOCS1,STAT1,STAT6 -< IFNgR
GATA3,IFNgR,IL12R,SOCS1,STAT1 / IL4R,IFNg -< IFNgR
GATA3,IFNgR,IL12R,SOCS1,STAT1 / TBet,IFNg -< IFNgR
GATA3,IFNgR,SOCS1,STAT1 / IL4R,IL12,IFNg -< IFNgR
GATA3,IFNgR,SOCS1,STAT1 / TBet,IL12,IFNg -< IFNgR
GATA3,IFNgR,IL12R,SOCS1,STAT6 / IFNg -< IFNgR
GATA3,IFNgR,IL12R,SOCS1 / IL4R,IFNg -< IFNgR
GATA3,IFNgR,IL12R,SOCS1 / TBet,IFNg -< IFNgR
GATA3,IFNgR,SOCS1,STAT6 / IL12,IFNg -< IFNgR
GATA3,IFNgR,SOCS1 / IL4R,IL12,IFNg -< IFNgR
GATA3,IFNgR,SOCS1 / TBet,IL12,IFNg -< IFNgR
GATA3,IFNgR,IL4,IL4R,STAT1,STAT6 / IL12,IFNg -< IFNgR
GATA3,IFNgR,IL4,IL4R,STAT1,STAT6 / STAT4,IFNg -< IFNgR
GATA3,IFNgR,IL4,STAT1,STAT6,TBet / IL12R,IL12,IFNg -< IFNgR
GATA3,IFNgR,IL12R,IL4,IL4R,STAT1 / TBet,IL12,IFNg -< IFNgR
GATA3,IFNgR,IL4,IL4R,STAT1 / TBet,IL12,IFNg -< IFNgR
GATA3,IFNgR,IL4,STAT1,TBet / IL4R,IL12R,IL12,IFNg -< IFNgR
GATA3,IFNgR,IL12R,IL4,IL4R,STAT6 / IL12,IFNg -< IFNgR
GATA3,IFNgR,IL12R,IL4,IL4R,STAT6 / STAT4,IFNg -< IFNgR
GATA3,IFNgR,IL12R,IL4,IL4R / TBet,IL12,IFNg -< IFNgR
GATA3,IFNgR,IL4,IL4R,STAT6 / IL12,IFNg -< IFNgR
GATA3,IFNgR,IL4,IL4R / TBet,IL12,IFNg -< IFNgR
GATA3,IFNgR,IL4,STAT6,TBet / IL12R,IL12,IFNg -< IFNgR
GATA3,IFNgR,IL4,TBet / IL4R,IL12R,IL12,IFNg -< IFNgR
GATA3,IFNgR,IL4R,STAT1,STAT6 / IL12R,IL12,IFNg -< IFNgR
GATA3,IFNgR,IL4R,STAT1,STAT6 / STAT4,IL12R,IFNg -< IFNgR
GATA3,IFNgR,STAT1,STAT6,TBet / IL12R,IL12,IFNg -< IFNgR
GATA3,IFNgR,STAT1,TBet / IL4R,IL12R,IL12,IFNg -< IFNgR
GATA3,IFNgR,IL4R,STAT1 / TBet,IL12R,IL12,IFNg -< IFNgR
GATA3,IFNgR,STAT6,TBet / IL12R,IL12,IFNg -< IFNgR
GATA3,IFNgR,TBet / IL4R,IL12R,IL12,IFNg -< IFNgR
GATA3,IFNgR,IL4R,STAT6 / IL12R,IL12,IFNg -< IFNgR
GATA3,IFNgR,IL4R / TBet,IL12R,IL12,IFNg -< IFNgR
IFNgR,SOCS1,STAT1,STAT6 / IL12 -< IFNgR

% 228 samples (max h ~ 0.0003436053240740741)
GATA3,IFNg,IFNgR,IL12R,IL4,IL4R,STAT6 / STAT4,SOCS1,IL12 -> IFNgR
GATA3,IFNg,IFNgR,IL12R,IL4,IL4R,STAT6 / TBet,SOCS1,IL12 -> IFNgR
GATA3,IFNg,IFNgR,IL12R,IL4,IL4R,STAT6 / TBet,SOCS1 -> IFNgR
IFNg,IFNgR,IL12,IL12R,IL4,IL4R,STAT6 / TBet,STAT4,STAT1,SOCS1 -> IFNgR
IFNg,IFNgR,IL12R,IL4,IL4R,STAT1,STAT4 / STAT6,SOCS1,IL12,GATA3 -> IFNgR
IFNg,IFNgR,IL12R,IL4,IL4R,STAT1,STAT4 / TBet,STAT6,SOCS1,GATA3 -> IFNgR
IFNg,IFNgR,IL12,IL12R,IL4,IL4R,STAT1 / TBet,STAT6,SOCS1,GATA3 -> IFNgR
GATA3,IFNg,IFNgR,IL12,IL12R,IL4,STAT6 / TBet,STAT4,SOCS1,IL4R -> IFNgR
GATA3,IFNg,IFNgR,IL12,IL12R,IL4,STAT6 / TBet,STAT1,SOCS1,IL4R -> IFNgR
GATA3,IFNg,IFNgR,IL12,IL12R,IL4,STAT6 / TBet,STAT1,SOCS1 -> IFNgR
GATA3,IFNg,IFNgR,IL12,IL12R,IL4,STAT6 / TBet,STAT4,SOCS1 -> IFNgR
IFNg,IFNgR,IL12,IL12R,IL4,STAT6 / STAT4,STAT1,SOCS1,IL4R,GATA3 -> IFNgR
IFNg,IFNgR,IL12,IL12R,IL4,STAT6 / TBet,STAT4,STAT1,SOCS1,IL4R -> IFNgR
IFNg,IFNgR,IL12,IL12R,IL4,STAT6 / TBet,STAT4,STAT1,SOCS1 -> IFNgR
IFNg,IFNgR,IL12,IL12R,IL4,STAT1 / STAT6,STAT4,SOCS1,IL4R,GATA3 -> IFNgR
IFNg,IFNgR,IL12,IL12R,IL4,STAT1 / TBet,STAT6,STAT4,SOCS1,GATA3 -> IFNgR
IFNg,IFNgR,IL12,IL12R,STAT6 / STAT4,STAT1,SOCS1,IL4R,GATA3 -> IFNgR
IFNg,IFNgR,IL12,IL12R,STAT6 / TBet,STAT4,STAT1,SOCS1,IL4R -> IFNgR
GATA3,IFNg,IFNgR,IL12,IL12R,STAT6 / TBet,STAT4,SOCS1,IL4R -> IFNgR
IFNg,IL12,IL12R,IL4,IL4R,STAT6 / TBet,STAT4,STAT1,SOCS1 -> IFNgR
GATA3,IFNg,IL12R,IL4,IL4R,STAT6 / STAT4,STAT1,SOCS1,IL12 -> IFNgR
GATA3,IFNg,IL12R,IL4,IL4R,STAT6 / TBet,STAT4,STAT1,SOCS1 -> IFNgR
IFNg,IL12,IL12R,STAT6 / STAT4,STAT1,SOCS1,IL4R,IL4,GATA3 -> IFNgR
IFNg,IL12,IL12R,STAT6 / TBet,STAT4,STAT1,SOCS1,IL4R,IL4 -> IFNgR
GATA3,IFNg,IFNgR,IL4,IL4R,STAT6 / TBet,SOCS1 -> IFNgR
GATA3,IFNg,IFNgR,IL4,IL4R / TBet,STAT4,SOCS1,IL12R,IL12 -> IFNgR
IFNg,IFNgR,IL12,IL4,IL4R,STAT1,STAT4 / TBet,STAT6,SOCS1,GATA3 -> IFNgR
GATA3,IFNg,IFNgR,IL4 / TBet,STAT6,STAT4,STAT1,SOCS1,IL12R,IL12 -> IFNgR
GATA3,IFNg,IL4,IL4R,STAT4,STAT6 / TBet,SOCS1,IL12R -> IFNgR
IFNg,IL12,IL4,IL4R,STAT1,STAT4 / TBet,STAT6,SOCS1,IL12R,GATA3 -> IFNgR
GATA3,IFNg,IL4R,STAT4,STAT6 / TBet,SOCS1,IL12R,IL12,IFNgR -> IFNgR
GATA3,IFNg,IL12,IL4,IL4R,STAT6 / TBet,STAT1,SOCS1,IL12R -> IFNgR
GATA3,IFNg,IL4,IL4R,STAT6 / TBet,STAT1,SOCS1,IL12R -> IFNgR
GATA3,IFNg,IL4,IL4R / TBet,STAT4,STAT1,SOCS1,IL12R,IL12 -> IFNgR
GATA3,IFNg / TBet,STAT6,STAT4,STAT1,SOCS1,IL4R,IL4,IL12R,IL12,IFNgR -> IFNgR
GATA3,IFNg,IL12,IL4,IL4R,STAT6 / TBet,STAT4,STAT1,SOCS1 -> IFNgR
GATA3,IFNg,IL4,IL4R,STAT6 / TBet,STAT4,STAT1,SOCS1 -> IFNgR

% 0 samples (max h ~ 0)
% _ -< IL12

% 0 samples (max h ~ 0)
% _ -> IL12

% 9911 samples (max h ~ 0.01493628231095679)
IL12,IL12R,IL4,IL4R,SOCS1,STAT4,STAT6 -< IL12R
IFNg,IL12R,IL4,IL4R,SOCS1,STAT4,STAT6 -< IL12R
IL12R,IL4,IL4R,SOCS1,STAT4,STAT6 / TBet -< IL12R
IFNgR,IL12,IL12R,IL4,IL4R,STAT4,STAT6 -< IL12R
IFNg,IFNgR,IL12R,IL4,IL4R,STAT4,STAT6 -< IL12R
IFNgR,IL12R,IL4,IL4R,STAT4,STAT6 / TBet -< IL12R
IL12,IL12R,IL4,IL4R,STAT4,STAT6 / STAT1 -< IL12R
IFNg,IL12R,IL4,IL4R,STAT4,STAT6 / STAT1 -< IL12R
IL12R,IL4,IL4R,STAT4,STAT6 / TBet,STAT1 -< IL12R
IFNg,IL12R,IL4,SOCS1,STAT4,STAT6,TBet -< IL12R
GATA3,IL12,IL12R,IL4,IL4R,SOCS1,STAT6 -< IL12R
GATA3,IFNg,IL12R,IL4,IL4R,SOCS1,STAT6 -< IL12R
GATA3,IL12R,IL4,IL4R,SOCS1,STAT6 / TBet -< IL12R
GATA3,IFNg,IL12,IL12R,IL4,SOCS1,STAT6,TBet -< IL12R
GATA3,IFNg,IL12,IL12R,IL4,SOCS1,STAT6 / STAT4 -< IL12R
GATA3,IL12,IL12R,IL4,SOCS1,STAT1,STAT6 / STAT4,IFNgR -< IL12R
GATA3,IFNg,IL12R,IL4,SOCS1,STAT6,TBet -< IL12R
GATA3,IFNg,IL12R,IL4,SOCS1,STAT6 / STAT4 -< IL12R
GATA3,IFNgR,IL12,IL12R,IL4,IL4R,STAT6 -< IL12R
GATA3,IFNg,IFNgR,IL12R,IL4,IL4R,STAT6 -< IL12R
GATA3,IFNgR,IL12R,IL4,IL4R,STAT6 / TBet -< IL12R
GATA3,IL12,IL12R,IL4,IL4R,STAT6 / STAT1 -< IL12R
GATA3,IFNg,IL12R,IL4,IL4R,STAT6 / STAT1 -< IL12R
GATA3,IL12R,IL4,IL4R,STAT6 / TBet,STAT1 -< IL12R
IFNg,IL12R,SOCS1,STAT4,STAT6,TBet -< IL12R
IFNg,IFNgR,IL12R,IL4R,STAT4,STAT6,TBet -< IL12R
IFNg,IFNgR,IL12R,STAT4,STAT6,TBet / IL4 -< IL12R
IFNg,IL12R,IL4R,STAT4,STAT6,TBet / STAT1 -< IL12R
IFNg,IL12R,IL4R,SOCS1,STAT4,STAT6 -< IL12R
IFNg,IFNgR,IL12R,IL4R,STAT4,STAT6 -< IL12R
IFNg,IL12R,IL4R,STAT4,STAT6 / STAT1 -< IL12R
GATA3,IFNg,IL12R,SOCS1,STAT6,TBet -< IL12R
GATA3,IFNg,IL12R,IL4R,SOCS1,STAT6 -< IL12R
GATA3,IFNg,IL12R,SOCS1,STAT6 / STAT4 -< IL12R
GATA3,IFNg,IFNgR,IL12R,IL4R,STAT6 -< IL12R
GATA3,IFNg,IFNgR,IL12R,STAT6,TBet / IL4 -< IL12R
GATA3,IFNg,IFNgR,IL12R,STAT6 / STAT4,IL4 -< IL12R
GATA3,IFNg,IL12R,IL4R,STAT6 / STAT1 -< IL12R
IFNg,IFNgR,IL12R,STAT6,TBet / IL4 -< IL12R
GATA3,IL12,IL12R,IL4R,SOCS1,STAT6 / TBet -< IL12R
GATA3,IL12R,IL4R,SOCS1,STAT6 / TBet -< IL12R
GATA3,IL12,IL12R,SOCS1,STAT1,STAT6 / TBet,STAT4,IFNgR -< IL12R
IFNg,IL12R,IL4,SOCS1,STAT1,STAT4,TBet / IL4R,IL12,IFNgR -< IL12R
IFNg,IL12R,SOCS1,STAT1,STAT4,TBet / IL4R,IL12,IFNgR,GATA3 -< IL12R
IFNg,IFNgR,IL12R,IL4,IL4R,STAT1,STAT4,TBet / SOCS1,IL12,GATA3 -< IL12R
GATA3,IFNg,IL12R,IL4,SOCS1 / TBet,STAT4,STAT1,IL4R,IL12,IFNgR -< IL12R

% 17561 samples (max h ~ 0.026465145158179014)
IFNg,IL12,IL12R,IL4,IL4R,SOCS1,STAT1,STAT4,TBet / STAT6,GATA3 -> IL12R
IFNg,IFNgR,IL12,IL4,IL4R,SOCS1,STAT1,STAT4,TBet / STAT6,GATA3 -> IL12R
IFNg,IL12,IL12R,IL4,SOCS1,STAT1,STAT4,TBet / STAT6,GATA3 -> IL12R
IL12,IL12R,IL4,IL4R,SOCS1,STAT1,STAT4,TBet / STAT6,IFNgR,GATA3 -> IL12R
IL12,IL4,IL4R,SOCS1,STAT1,STAT4,TBet / STAT6,IFNgR,IFNg,GATA3 -> IL12R
IL12,IL12R,IL4,SOCS1,STAT1,STAT4 / TBet,STAT6,IL4R,IFNgR,IFNg,GATA3 -> IL12R
IFNg,IFNgR,IL12,IL12R,IL4,SOCS1,STAT1,TBet / STAT6,IL4R,GATA3 -> IL12R
IFNg,IL12,IL12R,SOCS1,STAT1,STAT4,TBet / STAT6,IL4R,IFNgR,GATA3 -> IL12R
IL12,IL12R,SOCS1,STAT1,STAT4 / TBet,STAT6,IL4R,IFNgR,IFNg,GATA3 -> IL12R
GATA3,IL12,IL12R,SOCS1,STAT1 / TBet,STAT6,STAT4,IL4R,IL4,IFNgR,IFNg -> IL12R
GATA3,IL12,SOCS1,STAT1 / TBet,STAT6,STAT4,IL4R,IL4,IFNgR,IFNg -> IL12R
GATA3,IFNg,IL12,IL12R,SOCS1,STAT1,STAT4 / TBet,STAT6,IL4R,IL4 -> IL12R
GATA3,IFNg,IL12,IL12R,IL4,SOCS1,STAT1,STAT4 / TBet,STAT6,IL4R -> IL12R
GATA3,IFNg,IL12,IL12R,SOCS1,STAT1,STAT4 / TBet,STAT6,IL4R -> IL12R
GATA3,IL12,IL12R,SOCS1,STAT1 / TBet,STAT6,STAT4,IL4R,IFNgR,IFNg -> IL12R
GATA3,IL12,SOCS1,STAT1 / TBet,STAT6,STAT4,IL4R,IFNgR,IFNg -> IL12R
IL12,IL12R,IL4,IL4R,SOCS1,STAT4,TBet / STAT6,IFNgR,IFNg,GATA3 -> IL12R
IL12,IL12R,IL4,SOCS1,STAT4 / TBet,STAT6,IL4R,IFNgR,IFNg,GATA3 -> IL12R
IL12,IL12R,IL4,IL4R,SOCS1,STAT4 / STAT6,STAT1,IFNgR,IFNg,GATA3 -> IL12R
IL12,IL12R,IL4,SOCS1,STAT4 / TBet,STAT6,STAT1,IFNgR,IFNg,GATA3 -> IL12R
IL12,IL12R,SOCS1,STAT4 / TBet,STAT6,IL4R,IFNgR,IFNg,GATA3 -> IL12R
IFNg,IL12,IL12R,SOCS1,STAT4,TBet / STAT6,IL4R,IL4,IFNgR,GATA3 -> IL12R
IL12,IL12R,STAT4 / TBet,STAT6,STAT1,IL4R,IL4,IFNgR,IFNg,GATA3 -> IL12R
IL12,IL12R,IL4,STAT4 / TBet,STAT6,STAT1,IFNgR,IFNg,GATA3 -> IL12R
IL12,IL12R,STAT4 / TBet,STAT6,STAT1,IL4R,IFNgR,IFNg,GATA3 -> IL12R
GATA3,IL12,IL12R,SOCS1 / TBet,STAT6,STAT4,IL4R,IL4,IFNgR,IFNg -> IL12R
GATA3,IL12,IL12R,SOCS1 / TBet,STAT6,STAT4,IL4R,IFNgR,IFNg -> IL12R
GATA3,IL12,IL12R,IL4,SOCS1 / TBet,STAT6,STAT4,STAT1,IFNgR,IFNg -> IL12R
GATA3,IL12,IL12R / TBet,STAT6,STAT4,STAT1,IL4R,IL4,IFNgR,IFNg -> IL12R
GATA3,IL12,IL12R,IL4 / TBet,STAT6,STAT4,STAT1,IFNgR,IFNg -> IL12R
GATA3,IL12,IL12R / TBet,STAT6,STAT4,STAT1,IL4R,IFNgR,IFNg -> IL12R
GATA3,IL12,SOCS1 / TBet,STAT6,STAT4,IL4R,IL4,IFNgR,IFNg -> IL12R
GATA3,IL12,SOCS1 / TBet,STAT6,STAT4,IL4R,IFNgR,IFNg -> IL12R
GATA3,IL12,IL4,SOCS1 / TBet,STAT6,STAT4,STAT1,IFNgR,IFNg -> IL12R
GATA3,IFNgR,IL12,IL12R,IL4R,SOCS1 / TBet,STAT6,STAT4,STAT1,IL4,IFNg -> IL12R
GATA3,IFNgR,IL12,IL4R,SOCS1 / TBet,STAT6,STAT4,STAT1,IL4,IFNg -> IL12R
GATA3,IL12,IL4,IL4R,SOCS1 / TBet,STAT6,STAT4,STAT1,IFNg -> IL12R
GATA3,IFNgR,IL12,IL4R,SOCS1 / TBet,STAT6,STAT4,STAT1,IFNg -> IL12R
GATA3,IFNgR,IL12,IL12R,IL4R,TBet / STAT6,STAT4,STAT1,SOCS1,IL4,IFNg -> IL12R

% 3533 samples (max h ~ 0.0053243754822530865)
IL4,SOCS1,STAT1,STAT6 -< IL4
IFNg,IL12R,IL4,SOCS1,STAT1 -< IL4
IL12R,IL4,SOCS1,STAT1 / IFNgR,GATA3 -< IL4
IFNg,IL4,SOCS1,STAT1 / GATA3 -< IL4
IL4,SOCS1,STAT1 / IFNgR,GATA3 -< IL4
IL12,IL12R,IL4,SOCS1 / IFNgR,GATA3 -< IL4
IL4,SOCS1 / STAT4,IL12R,IL12,IFNgR,GATA3 -< IL4
IFNg,IL12R,IL4,IL4R,STAT1 / IL12 -< IL4
IFNg,IL12R,IL4,IL4R,STAT1 / TBet -< IL4
IFNg,IL4,IL4R,STAT1,STAT6 / TBet -< IL4
IFNg,IL4,IL4R,STAT1 / TBet,GATA3 -< IL4
IL4,IL4R,STAT1,STAT6 / TBet -< IL4
IL12R,IL4,IL4R,STAT1 / TBet,IFNgR,GATA3 -< IL4
IL4,IL4R,STAT1 / TBet,IFNgR,GATA3 -< IL4
IFNg,IL12,IL12R,IL4,IL4R / TBet,IFNgR,GATA3 -< IL4
IL12,IL12R,IL4,IL4R / TBet,IFNgR,GATA3 -< IL4
IFNg,IL4,IL4R / TBet,STAT4,IL12R,IL12,IFNgR,GATA3 -< IL4
IL4,IL4R / TBet,STAT4,IL12R,IL12,IFNgR,GATA3 -< IL4
IFNg,IL12,IL12R,IL4,IL4R,STAT4,STAT6 / TBet,SOCS1,GATA3 -< IL4
IFNg,IL12R,IL4,STAT1,STAT4 / STAT6,IL12,IFNgR -< IL4
IFNg,IL12R,IL4,STAT1,STAT4 / TBet,STAT6,IFNgR -< IL4
IL12R,IL4,STAT1,STAT4 / TBet,STAT6,IFNgR,GATA3 -< IL4
IFNg,IL12,IL12R,IL4,STAT4 / TBet,STAT6,IFNgR,GATA3 -< IL4
IL12,IL12R,IL4,STAT4 / TBet,STAT6,IFNgR,GATA3 -< IL4

% 105921 samples (max h ~ 0.15962727864583334)
GATA3,IFNgR,IL12R,IL4,SOCS1,STAT6,TBet / STAT1,IL4R -> IL4
GATA3,IFNgR,IL12R,IL4,SOCS1,STAT6 / STAT4,STAT1,IL4R -> IL4
GATA3,IL12R,IL4,SOCS1,STAT6 / STAT4,STAT1,IL4R -> IL4
GATA3,IL12R,IL4,SOCS1,STAT6 / STAT4,STAT1 -> IL4
GATA3,IL12R,IL4,IL4R,SOCS1,STAT6 / TBet,STAT1 -> IL4
GATA3,IFNgR,IL12R,SOCS1,STAT6 / TBet,STAT4,STAT1,IL4R,IL12 -> IL4
GATA3,IL12R,SOCS1,STAT6 / TBet,STAT4,STAT1,IL4R,IL12 -> IL4
GATA3,IL12R,SOCS1,STAT6 / TBet,STAT4,STAT1,IL12 -> IL4
GATA3,IL12R,IL4R,SOCS1,STAT6 / TBet,STAT1,IL12 -> IL4
GATA3,IL12R,SOCS1,STAT6 / TBet,STAT4,STAT1 -> IL4
GATA3,IL4,SOCS1,STAT6 / STAT4,STAT1,IL4R,IFNgR,IFNg -> IL4
GATA3,IL4,SOCS1,STAT6 / STAT4,STAT1,IFNgR,IFNg -> IL4
GATA3,IL4,IL4R,SOCS1,STAT6 / TBet,STAT1,IFNgR,IFNg -> IL4
GATA3,IL4,IL4R,SOCS1,STAT6 / TBet,STAT1,IFNgR -> IL4
GATA3,IL4,SOCS1,STAT6 / TBet,STAT4,STAT1,IFNgR -> IL4
GATA3,SOCS1,STAT6 / TBet,STAT4,STAT1,IL4R,IL12,IFNgR,IFNg -> IL4
GATA3,SOCS1,STAT6 / TBet,STAT4,STAT1,IL12,IFNgR,IFNg -> IL4
GATA3,IL4R,SOCS1,STAT6 / TBet,STAT1,IL12,IFNgR,IFNg -> IL4
GATA3,IL4R,SOCS1,STAT6 / TBet,STAT1,IL12,IFNgR -> IL4
GATA3,SOCS1,STAT6 / TBet,STAT4,STAT1,IL12,IFNgR -> IL4
GATA3,SOCS1,STAT6 / TBet,STAT4,STAT1,IFNgR,IFNg -> IL4
GATA3,SOCS1,STAT6 / TBet,STAT4,STAT1,IFNgR -> IL4
GATA3,IL12R,IL4,IL4R,STAT6 / STAT4,STAT1 -> IL4
GATA3,IL12R,IL4,IL4R,STAT6 / TBet,STAT1 -> IL4
GATA3,IL12R,IL4R,STAT6 / STAT4,STAT1,SOCS1,IL12 -> IL4
GATA3,IL12R,IL4R,STAT6 / TBet,STAT4,STAT1,IL12 -> IL4
GATA3,IL12R,IL4R,STAT6 / TBet,STAT1,IL12 -> IL4
GATA3,IL12R,IL4R,STAT6 / STAT4,STAT1,SOCS1 -> IL4
GATA3,IL12R,IL4R,STAT6 / TBet,STAT4,STAT1 -> IL4
GATA3,IL4,IL4R,STAT6 / STAT4,STAT1,IFNgR,IFNg -> IL4
GATA3,IL4,IL4R,STAT6 / TBet,STAT1,IFNgR,IFNg -> IL4
GATA3,IL4,IL4R,STAT6 / TBet,STAT1,IFNgR -> IL4
GATA3,IL4R,STAT6 / STAT4,STAT1,SOCS1,IL12,IFNgR,IFNg -> IL4
GATA3,IL4R,STAT6 / TBet,STAT4,STAT1,IL12,IFNgR,IFNg -> IL4
GATA3,IL4R,STAT6 / TBet,STAT1,IL12,IFNgR,IFNg -> IL4
GATA3,IL4R,STAT6 / TBet,STAT1,IL12,IFNgR -> IL4
GATA3,IL4R,STAT6 / STAT4,STAT1,SOCS1,IFNgR,IFNg -> IL4
GATA3,IL4R,STAT6 / TBet,STAT4,STAT1,IFNgR,IFNg -> IL4
GATA3,IL4R,STAT6 / TBet,STAT4,STAT1,IFNgR -> IL4
GATA3,IL4,IL4R,STAT6 / STAT4,STAT1,SOCS1,IFNg -> IL4
GATA3,IL4,IL4R,STAT6 / TBet,STAT1,SOCS1,IFNg -> IL4
GATA3,IL4,IL4R,STAT6 / TBet,STAT1,SOCS1 -> IL4
GATA3,IL4R,STAT6 / STAT4,STAT1,SOCS1,IL12,IFNg -> IL4
GATA3,IL4R,STAT6 / TBet,STAT1,SOCS1,IL12,IFNg -> IL4
GATA3,IL4R,STAT6 / TBet,STAT1,SOCS1,IL12 -> IL4
GATA3,IL4R,STAT6 / STAT4,STAT1,SOCS1,IFNg -> IL4
GATA3,IL4R,STAT6 / TBet,STAT4,STAT1,SOCS1 -> IL4
GATA3,IFNgR,STAT6,TBet / STAT1,SOCS1,IL4R,IL4,IL12R,IL12,IFNg -> IL4
GATA3,IFNgR,STAT6 / STAT4,STAT1,SOCS1,IL4R,IL4,IL12R,IL12,IFNg -> IL4
GATA3,IFNgR,STAT6 / STAT4,STAT1,SOCS1,IL4,IL12R,IL12,IFNg -> IL4
GATA3,IFNgR,STAT6 / TBet,STAT4,STAT1,SOCS1,IL4,IL12R,IL12 -> IL4
GATA3,IL12,IL12R,IL4,SOCS1 / TBet,STAT4,STAT1,IL4R,IFNgR,IFNg -> IL4
GATA3,IL12,IL12R,SOCS1 / TBet,STAT4,STAT1,IL4R,IFNgR,IFNg -> IL4
GATA3,IL12,IL12R,SOCS1 / TBet,STAT4,STAT1,IL4R,IFNg -> IL4
GATA3,IL12,IL12R,SOCS1 / TBet,STAT4,STAT1,IFNg -> IL4
GATA3,IL12R,SOCS1 / TBet,STAT4,STAT1,IFNg -> IL4
GATA3,IL12R,SOCS1 / TBet,STAT4,STAT1,IL12 -> IL4
GATA3,IL12,IL4,SOCS1 / STAT4,STAT1,IL4R,IL12R,IFNgR,IFNg -> IL4
GATA3,IL12,IL4,SOCS1 / TBet,STAT4,STAT1,IL4R,IFNgR,IFNg -> IL4
GATA3,IL12,SOCS1 / TBet,STAT4,STAT1,IL4R,IFNgR,IFNg -> IL4
GATA3,IL12,SOCS1 / TBet,STAT4,STAT1,IFNgR,IFNg -> IL4
GATA3,SOCS1 / TBet,STAT4,STAT1,IFNgR,IFNg -> IL4
GATA3,SOCS1 / TBet,STAT4,STAT1,IL12,IFNgR -> IL4
GATA3,IL12,IL12R,IL4R / TBet,STAT4,STAT1,IFNg -> IL4
GATA3,IL12R,IL4R / TBet,STAT4,STAT1,IFNg -> IL4
GATA3,IL12R,IL4R / TBet,STAT4,STAT1,IL12 -> IL4
GATA3,IL12,IL4R / TBet,STAT4,STAT1,IFNgR,IFNg -> IL4
GATA3,IL4R / TBet,STAT4,STAT1,IFNgR,IFNg -> IL4
GATA3,IL4R / TBet,STAT4,STAT1,IL12,IFNgR -> IL4
GATA3,IL12,IL4R / TBet,STAT4,STAT1,SOCS1,IFNg -> IL4
GATA3,IL4R / TBet,STAT4,STAT1,SOCS1,IFNg -> IL4
GATA3,IL4R / TBet,STAT4,STAT1,SOCS1,IL12 -> IL4
GATA3,IFNgR / TBet,STAT4,STAT1,SOCS1,IL4,IL12R,IL12,IFNg -> IL4
GATA3,IFNgR / TBet,STAT4,STAT1,SOCS1,IL4,IL12R,IL12 -> IL4

% 3223 samples (max h ~ 0.004857192804783951)
IL4R,SOCS1,STAT1,STAT4,STAT6,TBet / GATA3 -< IL4R
GATA3,IL4R,SOCS1,STAT1,STAT4,STAT6 / TBet -< IL4R
IL12,IL12R,IL4R,SOCS1,STAT4,STAT6,TBet / IFNgR,IFNg,GATA3 -< IL4R
IL12,IL12R,IL4R,SOCS1,STAT4,STAT6,TBet / IFNgR,GATA3 -< IL4R
GATA3,IL12,IL12R,IL4R,SOCS1,STAT4,STAT6 / TBet,IFNgR,IFNg -< IL4R
GATA3,IL12,IL12R,IL4R,SOCS1,STAT4,STAT6 / TBet,IFNgR -< IL4R
IL12R,IL4R,SOCS1,STAT4,STAT6,TBet / IFNgR,GATA3 -< IL4R
IL12R,IL4R,SOCS1,STAT4,STAT6 / STAT1,IL4,IL12,IFNgR,GATA3 -< IL4R
GATA3,IL12R,IL4R,SOCS1,STAT4,STAT6 / TBet,IFNgR -< IL4R
IL12R,IL4R,SOCS1,STAT4,STAT6 / TBet,STAT1,IL4,IL12,IFNgR -< IL4R
IL4R,SOCS1,STAT4,STAT6,TBet / IFNgR,GATA3 -< IL4R
IL4R,SOCS1,STAT4,STAT6 / STAT1,IL4,IL12,IFNgR,GATA3 -< IL4R
GATA3,IL4R,SOCS1,STAT4,STAT6 / TBet,IFNgR -< IL4R
IL4R,SOCS1,STAT4,STAT6 / TBet,STAT1,IL4,IL12,IFNgR -< IL4R
GATA3,IL4R,SOCS1,STAT1,STAT6 / STAT4 -< IL4R
GATA3,IL4R,SOCS1,STAT1,STAT6 / TBet -< IL4R
GATA3,IL12,IL12R,IL4R,SOCS1,STAT6 / STAT4,IFNgR,IFNg -< IL4R
GATA3,IL12,IL12R,IL4R,SOCS1,STAT6 / STAT4,IFNgR -< IL4R
GATA3,IL12,IL12R,IL4R,SOCS1,STAT6 / TBet,IFNgR,IFNg -< IL4R
GATA3,IL12,IL12R,IL4R,SOCS1,STAT6 / TBet,IFNgR -< IL4R
GATA3,IL12R,IL4R,SOCS1,STAT6 / STAT4,IFNgR -< IL4R
GATA3,IL12R,IL4R,SOCS1,STAT6 / TBet,IFNgR -< IL4R
GATA3,IL4R,SOCS1,STAT6 / STAT4,IFNgR -< IL4R
GATA3,IL4R,SOCS1,STAT6 / TBet,IFNgR -< IL4R
GATA3,IL12,IL12R,IL4R,STAT6,TBet / STAT4,STAT1,IL4,IFNgR,IFNg -< IL4R
GATA3,IL12,IL12R,IL4R,STAT6,TBet / STAT4,STAT1,IL4,IFNgR -< IL4R
GATA3,IL12R,IL4R,STAT6,TBet / STAT4,STAT1,IL4,IFNgR -< IL4R
GATA3,IL4R,STAT6 / TBet,STAT4,STAT1,IL4,IL12R,IFNgR -< IL4R
IL4R,SOCS1,STAT1,STAT6,TBet / IL12,GATA3 -< IL4R
IL4R,SOCS1,STAT1,STAT6,TBet / STAT4,IL12 -< IL4R
IL12R,IL4R,SOCS1,STAT6,TBet / IL12,IFNgR,GATA3 -< IL4R
IL12R,IL4R,SOCS1,STAT6 / STAT1,IL4,IL12,IFNgR,GATA3 -< IL4R
IL12R,IL4R,SOCS1,STAT6,TBet / STAT4,IL12,IFNgR -< IL4R
IL12R,IL4R,SOCS1,STAT6 / STAT4,STAT1,IL4,IL12,IFNgR -< IL4R
IL12R,IL4R,SOCS1,STAT6 / TBet,STAT1,IL4,IL12,IFNgR -< IL4R
IL4R,SOCS1,STAT6,TBet / IL12,IFNgR,GATA3 -< IL4R
IL4R,SOCS1,STAT6 / STAT1,IL4,IL12,IFNgR,GATA3 -< IL4R
IL4R,SOCS1,STAT6,TBet / STAT4,IL12,IFNgR -< IL4R
IL4R,SOCS1,STAT6 / STAT4,STAT1,IL4,IL12,IFNgR -< IL4R
IL4R,SOCS1,STAT6 / TBet,STAT1,IL4,IL12,IFNgR -< IL4R
IL4R,STAT6 / TBet,STAT4,STAT1,IL4,IL12R,IL12,IFNgR,IFNg -< IL4R
IL12,IL12R,IL4R,SOCS1,STAT1,STAT4,TBet / IFNgR,IFNg,GATA3 -< IL4R
IL12,IL12R,IL4R,SOCS1,STAT4,TBet / IFNgR,IFNg,GATA3 -< IL4R
IFNg,IL4R,SOCS1,STAT1,STAT4,TBet / IL4,IL12R,IL12,IFNgR,GATA3 -< IL4R
GATA3,IFNgR,IL12,IL12R,IL4R,TBet / STAT6,STAT4,STAT1,SOCS1,IL4,IFNg -< IL4R

% 80845 samples (max h ~ 0.12183672116126543)
GATA3,IFNg,IFNgR,IL12,IL12R,IL4,IL4R,STAT1,STAT4,STAT6 / TBet,SOCS1 -> IL4R
GATA3,IFNg,IFNgR,IL12,IL12R,IL4,IL4R,STAT4,STAT6 / TBet,SOCS1 -> IL4R
GATA3,IFNg,IFNgR,IL12,IL12R,IL4,IL4R,STAT6 / TBet,SOCS1 -> IL4R
GATA3,IFNgR,IL12,IL12R,IL4,IL4R,STAT6 / STAT4,SOCS1,IFNg -> IL4R
GATA3,IFNgR,IL12,IL12R,IL4,IL4R,STAT6 / TBet,STAT4,SOCS1 -> IL4R
GATA3,IFNgR,IL12,IL12R,IL4,IL4R,STAT6 / TBet,SOCS1 -> IL4R
GATA3,IFNg,IFNgR,IL12R,IL4,IL4R,STAT1,STAT4,STAT6 / TBet,SOCS1 -> IL4R
GATA3,IFNg,IFNgR,IL12R,IL4,IL4R,STAT1,STAT6 / TBet,SOCS1 -> IL4R
GATA3,IFNg,IFNgR,IL12R,IL4,IL4R,STAT1 / TBet,SOCS1,IL12 -> IL4R
GATA3,IFNg,IFNgR,IL12R,IL4,IL4R,STAT6 / TBet,STAT4,SOCS1 -> IL4R
GATA3,IFNg,IFNgR,IL12R,IL4,IL4R / TBet,STAT4,SOCS1,IL12 -> IL4R
GATA3,IFNgR,IL12R,IL4,IL4R,STAT1,STAT6 / TBet,SOCS1 -> IL4R
GATA3,IFNgR,IL12R,IL4,IL4R,STAT1 / TBet,SOCS1,IL12,IFNg -> IL4R
GATA3,IFNgR,IL12R,IL4,IL4R,STAT1 / TBet,SOCS1,IL12 -> IL4R
GATA3,IFNgR,IL12R,IL4,IL4R,STAT6 / TBet,STAT4,SOCS1 -> IL4R
GATA3,IFNgR,IL12R,IL4,IL4R / TBet,STAT4,SOCS1,IL12,IFNg -> IL4R
GATA3,IFNgR,IL12R,IL4,IL4R / TBet,STAT4,SOCS1,IL12 -> IL4R
GATA3,IFNgR,IL4,IL4R,STAT1,STAT6 / TBet,SOCS1 -> IL4R
GATA3,IFNgR,IL4,IL4R,STAT1 / TBet,SOCS1,IL12 -> IL4R
GATA3,IFNgR,IL12,IL4,IL4R,STAT6 / TBet,SOCS1 -> IL4R
GATA3,IFNgR,IL4,IL4R,STAT6 / TBet,STAT4,SOCS1 -> IL4R
GATA3,IFNgR,IL4,IL4R / TBet,STAT4,SOCS1,IL12 -> IL4R
GATA3,IFNg,IFNgR,IL12,IL12R,IL4,STAT1,STAT4,STAT6 / TBet,SOCS1 -> IL4R
GATA3,IFNg,IFNgR,IL12R,IL4 / TBet,STAT6,STAT4,STAT1,SOCS1,IL12 -> IL4R
GATA3,IFNg,IFNgR,IL4 / TBet,STAT6,STAT4,STAT1,SOCS1,IL12 -> IL4R
IFNg,IFNgR,IL12R,IL4,IL4R,STAT1,STAT4 / STAT6,SOCS1,IL12,GATA3 -> IL4R
IFNg,IFNgR,IL12R,IL4,IL4R,STAT1,STAT4 / TBet,STAT6,SOCS1,IL12 -> IL4R
IFNg,IFNgR,IL12R,IL4,IL4R / TBet,STAT6,STAT4,STAT1,SOCS1,IL12 -> IL4R
IFNgR,IL12R,IL4,IL4R,STAT1,STAT4 / TBet,STAT6,SOCS1,IL12 -> IL4R
IFNgR,IL12R,IL4,IL4R / TBet,STAT6,STAT4,STAT1,SOCS1,IL12,IFNg -> IL4R
IFNgR,IL12R,IL4,IL4R / TBet,STAT6,STAT4,STAT1,SOCS1,IL12 -> IL4R
IFNgR,IL12R,IL4,IL4R,STAT1,STAT4,STAT6 / TBet,SOCS1,IL12 -> IL4R
IFNgR,IL12R,IL4,IL4R,STAT1,STAT4 / TBet,SOCS1,IL12 -> IL4R
IFNgR,IL12,IL12R,IL4,IL4R,STAT4,STAT6 / TBet,STAT1,SOCS1 -> IL4R
IFNgR,IL12,IL12R,IL4,IL4R,STAT6 / TBet,STAT1,SOCS1 -> IL4R
IFNgR,IL12R,IL4,IL4R,STAT6 / TBet,STAT4,STAT1,SOCS1 -> IL4R
IFNgR,IL12R,IL4,IL4R / TBet,STAT4,STAT1,SOCS1,IL12,IFNg -> IL4R
IFNgR,IL12R,IL4,IL4R / TBet,STAT4,STAT1,SOCS1,IL12 -> IL4R
IL12,IL12R,IL4,IL4R,STAT6 / TBet,STAT1,SOCS1,IFNg -> IL4R
IL12,IL12R,IL4,IL4R / TBet,STAT1,SOCS1,IFNgR,IFNg -> IL4R
IL12,IL12R,IL4,IL4R,STAT6 / TBet,STAT4,STAT1,SOCS1 -> IL4R
IL12R,IL4,IL4R,STAT6 / TBet,STAT4,STAT1,SOCS1 -> IL4R
IL12R,IL4,IL4R / TBet,STAT4,STAT1,SOCS1,IFNgR,IFNg -> IL4R
IL12R,IL4,IL4R / TBet,STAT4,STAT1,SOCS1,IL12,IFNg -> IL4R
IL12R,IL4,IL4R / TBet,STAT4,STAT1,SOCS1,IL12 -> IL4R
GATA3,IL12,IL4,IL4R,STAT6 / TBet,STAT1,SOCS1,IFNg -> IL4R
GATA3,IL4,IL4R,STAT6 / TBet,STAT4,STAT1,SOCS1,IFNg -> IL4R
IL4,IL4R,STAT6 / TBet,STAT4,STAT1,SOCS1,IL12,IFNgR,IFNg -> IL4R
GATA3,IL4,IL4R / TBet,STAT4,STAT1,SOCS1,IL12,IFNg -> IL4R
IL4,IL4R / TBet,STAT4,STAT1,SOCS1,IL12,IFNgR,IFNg -> IL4R
GATA3,IFNg,IL12R,IL4 / TBet,STAT6,STAT4,STAT1,SOCS1,IL12 -> IL4R
GATA3,IL12,IL12R,IL4 / TBet,STAT6,STAT1,SOCS1,IFNgR,IFNg -> IL4R
GATA3,IL12R,IL4 / TBet,STAT6,STAT4,STAT1,SOCS1,IFNgR,IFNg -> IL4R
GATA3,IL12R,IL4 / TBet,STAT6,STAT4,STAT1,SOCS1,IL12,IFNgR -> IL4R
GATA3,IL4 / TBet,STAT6,STAT4,STAT1,SOCS1,IL12,IFNgR,IFNg -> IL4R
IL12,IL12R,IL4 / TBet,STAT6,STAT1,SOCS1,IFNgR,IFNg -> IL4R
IL12R,IL4 / TBet,STAT6,STAT4,STAT1,SOCS1,IFNgR,IFNg -> IL4R
IL4 / TBet,STAT6,STAT4,STAT1,SOCS1,IL12,IFNgR,IFNg -> IL4R

% 7554 samples (max h ~ 0.011384186921296295)
GATA3,IFNg,IL12R,IL4R,SOCS1,STAT4,STAT6 / TBet,STAT1,IL12,IFNgR -< SOCS1
GATA3,IFNg,IL12R,IL4,SOCS1,STAT4,STAT6 / TBet,STAT1,IL12,IFNgR -< SOCS1
IFNg,IL12R,IL4R,SOCS1,STAT4,STAT6 / TBet,STAT1,IL4,IL12,IFNgR -< SOCS1
IFNg,IL12R,IL4,SOCS1,STAT4,STAT6 / TBet,STAT1,IL4R,IL12,IFNgR -< SOCS1
GATA3,IL12R,SOCS1,STAT6 / TBet,STAT4,STAT1,IL12,IFNgR,IFNg -< SOCS1
GATA3,SOCS1,STAT6 / TBet,STAT4,STAT1,IL4R,IL12,IFNgR,IFNg -< SOCS1
GATA3,IL4,SOCS1,STAT6 / TBet,STAT4,STAT1,IL12,IFNgR,IFNg -< SOCS1
GATA3,IL12R,IL4,SOCS1,STAT6 / TBet,STAT4,STAT1,IFNgR,IFNg -< SOCS1
GATA3,IL4,SOCS1,STAT6 / TBet,STAT4,STAT1,IFNgR,IFNg -< SOCS1
IFNg,IFNgR,IL4,SOCS1,STAT4,STAT6 / TBet,STAT1,IL4R,IL12R,IL12 -< SOCS1
GATA3,IL12,IL12R,IL4,SOCS1 / TBet,STAT4,STAT1,IL4R,IFNgR,IFNg -< SOCS1
GATA3,IL12,IL12R,SOCS1 / TBet,STAT6,STAT4,STAT1,IL4,IFNgR,IFNg -< SOCS1
GATA3,IL12,IL12R,SOCS1 / TBet,STAT6,STAT4,STAT1,IL4R,IFNgR,IFNg -< SOCS1
IL12,IL12R,SOCS1,STAT4 / TBet,STAT6,STAT1,IL4R,IFNgR,IFNg,GATA3 -< SOCS1
GATA3,IL12,IL12R,IL4R,SOCS1 / TBet,STAT6,STAT4,STAT1,IL4,IFNg -< SOCS1
GATA3,IL12,IL4,SOCS1 / TBet,STAT4,STAT1,IL4R,IFNgR,IFNg -< SOCS1
GATA3,IL12R,IL4,SOCS1 / TBet,STAT4,STAT1,IL4R,IFNgR,IFNg -< SOCS1
GATA3,IL12R,IL4,SOCS1 / TBet,STAT6,STAT4,STAT1,IL4R,IL12,IFNgR -< SOCS1
GATA3,IL12R,SOCS1 / TBet,STAT4,STAT1,IL4,IL12,IFNgR,IFNg -< SOCS1
GATA3,IL12R,SOCS1 / TBet,STAT4,STAT1,IL4R,IL12,IFNgR,IFNg -< SOCS1
GATA3,IL12R,SOCS1 / TBet,STAT6,STAT4,STAT1,IL4,IFNgR,IFNg -< SOCS1
GATA3,IL12R,SOCS1 / TBet,STAT6,STAT4,STAT1,IL4R,IFNgR,IFNg -< SOCS1
GATA3,IL4,SOCS1 / TBet,STAT4,STAT1,IL4R,IFNgR,IFNg -< SOCS1
GATA3,SOCS1 / TBet,STAT4,STAT1,IL4R,IL12,IFNgR,IFNg -< SOCS1
SOCS1 / TBet,STAT6,STAT4,STAT1,IL4R,IL12R,IL12,IFNgR,IFNg -< SOCS1

% 196674 samples (max h ~ 0.29639576099537035)
SOCS1,STAT1,STAT6,TBet -> SOCS1
IL12,IL12R,IL4,SOCS1,STAT6,TBet -> SOCS1
IL12,IL4,SOCS1,STAT6,TBet / IFNgR -> SOCS1
IL12R,IL4,SOCS1,STAT6,TBet / STAT4 -> SOCS1
IL4,SOCS1,STAT6,TBet / STAT4,IFNgR -> SOCS1
IL12,IL12R,SOCS1,STAT6,TBet / GATA3 -> SOCS1
IL12,SOCS1,STAT6,TBet / IFNgR,GATA3 -> SOCS1
IL12R,SOCS1,STAT6,TBet / STAT4,GATA3 -> SOCS1
SOCS1,STAT6,TBet / STAT4,IFNgR,GATA3 -> SOCS1
GATA3,SOCS1,STAT1,STAT6 -> SOCS1
SOCS1,STAT1,STAT6 / IL12R -> SOCS1
SOCS1,STAT1,TBet -> SOCS1
GATA3,SOCS1,STAT1 -> SOCS1
SOCS1,STAT1 / IL12R -> SOCS1
IL12,IL4,SOCS1,TBet / IL4R,IFNgR,GATA3 -> SOCS1
IL4,SOCS1,TBet / STAT4,IL4R,IFNgR,GATA3 -> SOCS1
IL12,SOCS1,TBet / IL4R,IFNgR,GATA3 -> SOCS1
SOCS1,TBet / STAT4,IL4R,IFNgR,GATA3 -> SOCS1
IFNgR,IL12R,STAT1,STAT6,TBet -> SOCS1
IFNgR,IL12,IL12R,IL4,STAT6,TBet / STAT4 -> SOCS1
IFNgR,IL12R,IL4,STAT6,TBet / STAT4 -> SOCS1
IFNgR,IL12,IL12R,STAT6,TBet / STAT4,GATA3 -> SOCS1
IFNgR,IL12R,STAT6,TBet / STAT4,GATA3 -> SOCS1
GATA3,IFNgR,IL12R,STAT1,STAT6 -> SOCS1
IFNgR,IL12R,STAT1,TBet -> SOCS1
GATA3,IFNgR,IL12R,STAT1 -> SOCS1
IFNg,IL12R,STAT1,TBet / STAT6,IL4R,IL12 -> SOCS1
IFNgR,STAT1,TBet -> SOCS1
GATA3,IFNgR,STAT1 -> SOCS1
IFNgR,STAT1 / IL12R -> SOCS1

% 5061 samples (max h ~ 0.007627133969907407)
IL12,SOCS1,STAT1,STAT6,TBet / IFNgR -< STAT1
GATA3,IL12,SOCS1,STAT1,STAT6 / IFNgR -< STAT1
IFNg,SOCS1,STAT1,STAT6,TBet / IL12R,IFNgR -< STAT1
GATA3,IFNg,SOCS1,STAT1,STAT6 / IL12R,IFNgR -< STAT1
IFNg,SOCS1,STAT1,STAT6,TBet / IL4R,IFNgR -< STAT1
SOCS1,STAT1,STAT6,TBet / IL12R,IFNgR -< STAT1
GATA3,SOCS1,STAT1,STAT6 / IL12R,IFNgR -< STAT1
IL12,IL12R,SOCS1,STAT1,STAT4,TBet / IL4R,IFNgR -< STAT1
GATA3,IL12,IL12R,SOCS1,STAT1,STAT4 / IL4R,IFNgR -< STAT1
IL12,IL12R,IL4,SOCS1,STAT1,STAT4 / STAT6,IL4R,IFNgR,IFNg -< STAT1
IFNg,SOCS1,STAT1,STAT4,TBet / IL4,IL12R,IL12,IFNgR,GATA3 -< STAT1
IFNg,SOCS1,STAT1,STAT4,TBet / IL4R,IL4,IL12R,IL12,IFNgR -< STAT1
GATA3,IFNg,SOCS1,STAT1,STAT4 / IL4R,IL4,IL12R,IL12,IFNgR -< STAT1
IFNg,SOCS1,STAT1,STAT4,TBet / IL4R,IL12R,IL12,IFNgR -< STAT1
GATA3,IFNg,SOCS1,STAT1,STAT4 / IL4R,IL12R,IL12,IFNgR -< STAT1
IFNg,IL12R,SOCS1,STAT1,STAT4,TBet / IL4R,IFNgR -< STAT1
IFNg,SOCS1,STAT1,STAT4,TBet / IL4R,IL12,IFNgR -< STAT1
SOCS1,STAT1,STAT4,TBet / IL4,IL12R,IL12,IFNgR,GATA3 -< STAT1
SOCS1,STAT1,STAT4,TBet / IL4R,IL4,IL12R,IL12,IFNgR -< STAT1
GATA3,SOCS1,STAT1,STAT4 / IL4R,IL4,IL12R,IL12,IFNgR -< STAT1
SOCS1,STAT1,STAT4,TBet / IL4R,IL12R,IL12,IFNgR -< STAT1
GATA3,SOCS1,STAT1,STAT4 / IL4R,IL12R,IL12,IFNgR -< STAT1
IL12,IL12R,SOCS1,STAT1,TBet / IL4R,IFNgR -< STAT1
GATA3,IL12,IL12R,SOCS1,STAT1 / IL4R,IFNgR -< STAT1
IFNg,IL12R,SOCS1,STAT1,TBet / IL4R,IFNgR -< STAT1
IFNg,SOCS1,STAT1,TBet / IL4R,IL12,IFNgR -< STAT1
GATA3,IFNg,SOCS1,STAT1 / IL4R,IL12R,IL12,IFNgR -< STAT1
SOCS1,STAT1,TBet / IL4R,IL12R,IL12,IFNgR -< STAT1
GATA3,SOCS1,STAT1 / IL4R,IL12R,IL12,IFNgR -< STAT1

% 2679 samples (max h ~ 0.004037362557870371)
IFNg,IFNgR,IL12R,SOCS1,STAT1,STAT4,STAT6,TBet -> STAT1
GATA3,IFNg,IFNgR,IL12R,STAT1,STAT4,STAT6,TBet -> STAT1
IFNg,IFNgR,IL12R,STAT1,STAT4,STAT6,TBet / IL12 -> STAT1
GATA3,IFNg,IFNgR,IL12R,STAT1,STAT4,STAT6 -> STAT1
GATA3,IFNgR,IL12R,STAT1,STAT4,STAT6 -> STAT1
IFNgR,IL12R,STAT1,STAT4,STAT6,TBet / IL12 -> STAT1
IFNgR,IL12R,STAT1,STAT4,STAT6 / IL12,IFNg -> STAT1
GATA3,IFNgR,STAT1,STAT4,STAT6 -> STAT1
IFNgR,SOCS1,STAT1,STAT4,STAT6,TBet / IL12 -> STAT1
IFNgR,SOCS1,STAT1,STAT4,STAT6 / IL12,IFNg -> STAT1
IFNg,IFNgR,IL12R,SOCS1,STAT4,STAT6,TBet -> STAT1
GATA3,IFNg,IFNgR,IL12R,STAT4,STAT6,TBet -> STAT1
IFNg,IFNgR,IL12R,STAT4,STAT6,TBet / IL12 -> STAT1
GATA3,IFNg,IFNgR,IL12R,STAT4,STAT6 -> STAT1
GATA3,IFNgR,IL12R,STAT4,STAT6 -> STAT1
IFNgR,IL12R,STAT4,STAT6,TBet / IL12 -> STAT1
IFNgR,IL12R,STAT4,STAT6 / IL12,IFNg -> STAT1
GATA3,IFNgR,STAT4,STAT6 -> STAT1
GATA3,IFNgR,STAT6 -> STAT1
IFNgR,SOCS1,STAT1,STAT6,TBet / IL12 -> STAT1
IFNgR,SOCS1,STAT1,STAT6 / IL12,IFNg -> STAT1
IFNgR,IL12R,SOCS1,STAT6,TBet / IL12 -> STAT1
IFNgR,IL12R,SOCS1,STAT6 / IL12,IFNg -> STAT1
IFNg,IFNgR,IL12R,IL4,SOCS1,STAT1,STAT4,TBet / IL4R -> STAT1
IFNg,IFNgR,IL12R,IL4,STAT1,STAT4,TBet / IL4R,IL12 -> STAT1
GATA3,IFNg,IFNgR,IL12R,IL4,SOCS1,STAT1,STAT4 / IL4R -> STAT1
GATA3,IFNg,IFNgR,IL12R,IL4,STAT1,STAT4 / IL4R,IL12 -> STAT1
IFNgR,IL12R,IL4,STAT1,STAT4,TBet / IL4R,IL12 -> STAT1
GATA3,IFNgR,IL12R,IL4,STAT1,STAT4 / IL4R,IL12 -> STAT1
IFNgR,IL12R,IL4,STAT1,STAT4 / IL4R,IL12,IFNg -> STAT1
GATA3,IFNgR,IL4,STAT1 / STAT4,IL4R,IL12R,IL12 -> STAT1
IFNg,IFNgR,IL12R,IL4,STAT4,TBet / SOCS1,IL4R,IL12 -> STAT1
GATA3,IFNg,IFNgR,IL12R,IL4,STAT4 / SOCS1,IL4R,IL12 -> STAT1
IFNgR,IL12R,IL4,STAT4,TBet / SOCS1,IL4R,IL12 -> STAT1
GATA3,IFNgR,IL12R,IL4,STAT4 / SOCS1,IL4R,IL12 -> STAT1
IFNgR,IL12R,IL4,STAT4 / SOCS1,IL4R,IL12,IFNg -> STAT1
GATA3,IFNgR,IL4 / STAT4,SOCS1,IL4R,IL12R,IL12 -> STAT1
GATA3,IFNg,IFNgR,IL12R,IL4,STAT1,STAT4 / TBet,IL12 -> STAT1
GATA3,IFNgR,IL12R,IL4,STAT1,STAT4 / TBet,IL12 -> STAT1
IFNgR,IL12R,IL4,STAT1,STAT4 / TBet,IL12,IFNg -> STAT1
GATA3,IFNgR,IL4,STAT1 / TBet,STAT4,IL12R,IL12 -> STAT1
GATA3,IFNg,IFNgR,IL12R,IL4,STAT4 / TBet,SOCS1,IL12 -> STAT1
GATA3,IFNgR,IL12R,IL4,STAT4 / TBet,SOCS1,IL12 -> STAT1
IFNgR,IL12R,IL4,STAT4 / TBet,SOCS1,IL12,IFNg -> STAT1
GATA3,IFNgR,IL4 / TBet,STAT4,SOCS1,IL12R,IL12 -> STAT1
GATA3,IFNg,IFNgR,IL12R,SOCS1,STAT1,STAT4 / IL4R -> STAT1
GATA3,IFNg,IFNgR,IL12R,STAT1,STAT4 / IL4R,IL12 -> STAT1
GATA3,IFNgR,IL12R,STAT1,STAT4 / IL4R,IL12 -> STAT1
GATA3,IFNgR,STAT1 / STAT4,IL4R,IL12R,IL12 -> STAT1
GATA3,IFNg,IFNgR,IL12R,STAT4 / SOCS1,IL4R,IL12 -> STAT1
GATA3,IFNgR,IL12R,STAT4 / SOCS1,IL4R,IL12 -> STAT1
GATA3,IFNgR / STAT4,SOCS1,IL4R,IL12R,IL12 -> STAT1

% 9174 samples (max h ~ 0.013825593171296295)
GATA3,IFNg,IL4,SOCS1,STAT1,STAT4,STAT6 / IL4R,IL12R -< STAT4
GATA3,IFNg,IL4,STAT1,STAT4,STAT6 / IL4R,IL12R,IL12 -< STAT4
GATA3,IFNg,IL4,STAT1,STAT4,STAT6 / TBet,IL4R,IL12R -< STAT4
GATA3,IL4,STAT1,STAT4,STAT6 / IL4R,IL12R,IL12 -< STAT4
GATA3,IFNg,IL4,SOCS1,STAT4,STAT6 / IL4R,IL12R -< STAT4
GATA3,IL4,SOCS1,STAT4,STAT6 / IL4R,IL12R,IL12 -< STAT4
GATA3,IL4,STAT4,STAT6 / IL4R,IL12R,IL12,IFNg -< STAT4
GATA3,IL4,IL4R,STAT1,STAT4,STAT6 / TBet,IL12R -< STAT4
GATA3,IFNg,IL4,STAT1,STAT4,STAT6 / TBet,IL12R -< STAT4
GATA3,IL4,STAT1,STAT4,STAT6 / TBet,IL12R,IL12 -< STAT4
GATA3,IL4,IL4R,SOCS1,STAT4,STAT6 / TBet,IL12R -< STAT4
GATA3,IFNg,IL4,SOCS1,STAT4,STAT6 / TBet,IL12R -< STAT4
GATA3,IL4,SOCS1,STAT4,STAT6 / TBet,IL12R,IL12 -< STAT4
GATA3,IL4,IL4R,STAT4,STAT6 / TBet,IL12R,IFNg -< STAT4
GATA3,IL4,STAT4,STAT6 / TBet,IL12R,IL12,IFNg -< STAT4
GATA3,IFNg,IL4,SOCS1,STAT1,STAT4,STAT6 / IL4R -< STAT4
GATA3,IFNg,IL4,STAT1,STAT4,STAT6 / IL4R,IL12 -< STAT4
GATA3,IFNg,IL4,STAT1,STAT4,STAT6 / TBet,IL4R -< STAT4
GATA3,IFNg,IL4,SOCS1,STAT4,STAT6 / IL4R -< STAT4
GATA3,IL4,IL4R,STAT1,STAT4,STAT6 / TBet -< STAT4
GATA3,IFNg,IL4,STAT1,STAT4,STAT6 / TBet -< STAT4
GATA3,IL4,IL4R,SOCS1,STAT4,STAT6 / TBet -< STAT4
GATA3,IFNg,IL4,SOCS1,STAT4,STAT6 / TBet -< STAT4
GATA3,IL4,IL4R,STAT4,STAT6 / TBet,IFNg -< STAT4
IL4,IL4R,SOCS1,STAT1,STAT4,STAT6,TBet / IL12R,GATA3 -< STAT4
IFNg,IL4,SOCS1,STAT1,STAT4,STAT6,TBet / IL12R,IFNgR,GATA3 -< STAT4
IFNg,IL4,SOCS1,STAT1,STAT4,STAT6,TBet / IL4R,IL12R,IFNgR -< STAT4
GATA3,IFNg,IFNgR,SOCS1,STAT1,STAT4,STAT6 / IL4R,IL12R -< STAT4
GATA3,IFNgR,SOCS1,STAT1,STAT4,STAT6 / IL4R,IL12R,IL12 -< STAT4
GATA3,IFNgR,IL4R,SOCS1,STAT1,STAT4,STAT6 / TBet,IL12R -< STAT4
GATA3,IFNg,IFNgR,SOCS1,STAT1,STAT4,STAT6 / TBet,IL12R -< STAT4
GATA3,IFNgR,SOCS1,STAT1,STAT4,STAT6 / TBet,IL12R,IL12 -< STAT4
GATA3,IFNg,IFNgR,IL4R,STAT1,STAT4,STAT6 / TBet,IL12R,IL12 -< STAT4
GATA3,IFNg,IFNgR,IL12,SOCS1,STAT1,STAT4,STAT6 / TBet,IL4R -< STAT4
GATA3,IFNgR,IL12,IL4R,SOCS1,STAT1,STAT4,STAT6 / TBet -< STAT4
GATA3,IFNg,IFNgR,IL12,SOCS1,STAT1,STAT4,STAT6 / TBet -< STAT4
IFNgR,IL4R,SOCS1,STAT1,STAT4,STAT6,TBet / IL12R,GATA3 -< STAT4
IL4R,SOCS1,STAT1,STAT4,STAT6,TBet / IL12R,GATA3 -< STAT4
IFNg,SOCS1,STAT1,STAT4,STAT6,TBet / IL12R,IFNgR,GATA3 -< STAT4
GATA3,IFNg,SOCS1,STAT1,STAT4,STAT6,TBet / IL4R,IL12R -< STAT4
GATA3,SOCS1,STAT1,STAT4,STAT6,TBet / IL4R,IL12R,IL12 -< STAT4
IFNg,SOCS1,STAT1,STAT4,STAT6,TBet / IL4R,IL12R,IFNgR -< STAT4
GATA3,IFNg,SOCS1,STAT1,STAT4,STAT6 / IL4R,IL12R -< STAT4
GATA3,SOCS1,STAT1,STAT4,STAT6 / IL4R,IL12R,IL12 -< STAT4
GATA3,IL4R,SOCS1,STAT1,STAT4,STAT6 / TBet,IL12R -< STAT4
GATA3,IFNg,SOCS1,STAT1,STAT4,STAT6 / TBet,IL12R -< STAT4
GATA3,SOCS1,STAT1,STAT4,STAT6 / TBet,IL12R,IL12 -< STAT4
GATA3,IFNg,IL4R,STAT1,STAT4,STAT6 / TBet,IL12R,IL12 -< STAT4
IFNg,IL12,IL4R,SOCS1,STAT4,STAT6,TBet / IL4,IL12R,IFNgR,GATA3 -< STAT4
IFNg,IL12,SOCS1,STAT4,STAT6,TBet / IL4,IL12R,IFNgR,GATA3 -< STAT4
GATA3,IFNg,IL4,SOCS1,STAT1,STAT4 / IL4R,IL12R -< STAT4
GATA3,IFNg,IL4,STAT1,STAT4 / IL4R,IL12R,IL12 -< STAT4
GATA3,IFNg,IL4,STAT1,STAT4 / TBet,IL4R,IL12R -< STAT4
GATA3,IL4,IL4R,STAT1,STAT4 / TBet,IL12R -< STAT4
GATA3,IFNg,IL4,STAT1,STAT4 / TBet,IL12R -< STAT4
GATA3,IFNg,IL4,SOCS1,STAT1,STAT4 / IL4R -< STAT4
GATA3,IFNg,IL4,STAT1,STAT4 / IL4R,IL12 -< STAT4
GATA3,IFNg,IL4,STAT1,STAT4 / TBet,IL4R -< STAT4
IL4,IL4R,SOCS1,STAT1,STAT4,TBet / IL12R,GATA3 -< STAT4
IFNg,IL4,SOCS1,STAT1,STAT4,TBet / IL12R,IFNgR,GATA3 -< STAT4
IFNg,IFNgR,IL12,IL4,IL4R,STAT1,STAT4 / TBet,STAT6,SOCS1,IL12R,GATA3 -< STAT4
IFNg,IL4,SOCS1,STAT1,STAT4,TBet / IL4R,IL12R,IFNgR -< STAT4
IFNg,IFNgR,IL12,IL4,IL4R,STAT1,STAT4 / TBet,STAT6,SOCS1,IL12R -< STAT4
GATA3,IFNg,IFNgR,SOCS1,STAT1,STAT4 / IL4R,IL12R -< STAT4
GATA3,IFNgR,IL4R,SOCS1,STAT1,STAT4 / TBet,IL12R -< STAT4
GATA3,IFNg,IFNgR,SOCS1,STAT1,STAT4 / TBet,IL12R -< STAT4
GATA3,IFNg,IFNgR,IL12,SOCS1,STAT1,STAT4 / TBet,IL4R -< STAT4
IFNgR,IL4R,SOCS1,STAT1,STAT4,TBet / IL12R,GATA3 -< STAT4
IL4R,SOCS1,STAT1,STAT4,TBet / IL12R,GATA3 -< STAT4
IFNg,SOCS1,STAT1,STAT4,TBet / IL12R,IFNgR,GATA3 -< STAT4
GATA3,IFNg,SOCS1,STAT1,STAT4,TBet / IL4R,IL12R -< STAT4
IFNg,SOCS1,STAT1,STAT4,TBet / IL4R,IL12R,IFNgR -< STAT4
GATA3,IFNg,SOCS1,STAT1,STAT4 / IL4R,IL12R -< STAT4
GATA3,IL4R,SOCS1,STAT1,STAT4 / TBet,IL12R -< STAT4
GATA3,IFNg,SOCS1,STAT1,STAT4 / TBet,IL12R -< STAT4

% 57435 samples (max h ~ 0.08655689380787036)
IFNg,IL12,IL12R,IL4,SOCS1,STAT4,STAT6,TBet / GATA3 -> STAT4
IFNg,IL12,IL12R,IL4,SOCS1,STAT1,STAT4,TBet / GATA3 -> STAT4
IFNg,IL12,IL12R,IL4,SOCS1,STAT4,TBet / IFNgR,GATA3 -> STAT4
IL12,IL12R,IL4,SOCS1,STAT4,TBet / IFNgR,GATA3 -> STAT4
IFNg,IL12,IL12R,IL4,SOCS1,STAT6,TBet / GATA3 -> STAT4
IFNg,IL12,IL12R,IL4,SOCS1,STAT1,TBet / GATA3 -> STAT4
IFNg,IL12,IL12R,IL4,SOCS1,TBet / IFNgR,GATA3 -> STAT4
IL12,IL12R,IL4,SOCS1,TBet / IFNgR,GATA3 -> STAT4
IFNg,IL12R,IL4,SOCS1,STAT1,STAT4,STAT6,TBet / GATA3 -> STAT4
IFNg,IL12R,IL4,SOCS1,STAT1,STAT4,TBet / GATA3 -> STAT4
IFNg,IL12R,SOCS1,STAT1,STAT4,STAT6,TBet / IL12,GATA3 -> STAT4
IFNg,IL12R,SOCS1,STAT1,STAT6,TBet / IL4,IL12,GATA3 -> STAT4
IFNg,IL12R,SOCS1,STAT4,STAT6,TBet / IL4,IL12,GATA3 -> STAT4
IFNg,IL12R,SOCS1,STAT1,STAT4,STAT6,TBet / IL4R,GATA3 -> STAT4
IFNg,IL12,IL12R,SOCS1,STAT1,STAT6,TBet / IL4R,GATA3 -> STAT4
IFNg,IL12R,SOCS1,STAT1,STAT6,TBet / IL4R,IL4,GATA3 -> STAT4
IFNg,IL12,IL12R,SOCS1,STAT6,TBet / IL4R,GATA3 -> STAT4
IFNg,IL12R,SOCS1,STAT4,STAT6,TBet / IL4R,IL4,GATA3 -> STAT4
IFNg,IL12R,SOCS1,STAT1,STAT4,TBet / IL4R,IFNgR,GATA3 -> STAT4
IFNg,IL12,IL12R,SOCS1,STAT1,TBet / IL4R,IFNgR,GATA3 -> STAT4
IFNg,IL12R,SOCS1,STAT1,TBet / IL4R,IL4,IFNgR,GATA3 -> STAT4
IFNg,IL12,IL12R,SOCS1,TBet / IL4R,IFNgR,GATA3 -> STAT4
IFNg,IL12,IL12R,IL4,IL4R,SOCS1,STAT4,STAT6 / IFNgR,GATA3 -> STAT4
IFNg,IL12,IL12R,IL4,IL4R,SOCS1,STAT1,STAT4 / IFNgR,GATA3 -> STAT4
IFNg,IL12,IL12R,IL4,IL4R,SOCS1,STAT4 / IFNgR,GATA3 -> STAT4
IL12,IL12R,IL4,IL4R,SOCS1,STAT4 / IFNgR,GATA3 -> STAT4
IFNg,IL12,IL12R,IL4,IL4R,SOCS1,STAT6 / IFNgR,GATA3 -> STAT4
IFNg,IL12,IL12R,IL4,IL4R,SOCS1,STAT1 / IFNgR,GATA3 -> STAT4
IFNg,IL12,IL12R,IL4,IL4R,SOCS1 / IFNgR,GATA3 -> STAT4
IL12,IL12R,IL4,IL4R,SOCS1 / IFNgR,GATA3 -> STAT4
IFNg,IL12R,IL4,IL4R,SOCS1,STAT1,STAT4,STAT6 / IFNgR,GATA3 -> STAT4
IFNg,IL12R,IL4,IL4R,SOCS1,STAT1,STAT4 / IFNgR,GATA3 -> STAT4
IFNg,IL12R,IL4R,SOCS1,STAT1,STAT4,STAT6 / IL12,IFNgR,GATA3 -> STAT4
IFNg,IL12R,IL4R,SOCS1,STAT4,STAT6 / IL4,IL12,IFNgR,GATA3 -> STAT4
IFNg,IL12,IL12R,IL4,SOCS1,STAT4 / STAT6,IFNgR,GATA3 -> STAT4
IL12,IL12R,IL4,SOCS1,STAT4 / STAT6,IFNgR,GATA3 -> STAT4
IFNg,IL12,IL12R,IL4,SOCS1 / STAT6,IFNgR,GATA3 -> STAT4
IL12,IL12R,IL4,SOCS1 / STAT6,IFNgR,GATA3 -> STAT4
IFNg,IL12,IL12R,SOCS1,STAT4 / STAT6,IL4R,IFNgR,GATA3 -> STAT4
IL12,IL12R,SOCS1,STAT4 / TBet,STAT6,STAT1,IL4R,IFNgR,GATA3 -> STAT4
IFNg,IFNgR,IL12R,IL4,IL4R,STAT1,STAT4,STAT6,TBet / IL12,GATA3 -> STAT4
IFNg,IFNgR,IL12R,IL4,IL4R,STAT1,STAT4,TBet / IL12,GATA3 -> STAT4
IFNg,IFNgR,IL12R,STAT4,STAT6,TBet / STAT1,IL4R,IL4,IL12,GATA3 -> STAT4
IFNg,IFNgR,IL12,IL12R,IL4,IL4R,STAT4,STAT6 / TBet,STAT1,SOCS1,GATA3 -> STAT4
IFNg,IFNgR,IL12,IL12R,IL4,IL4R,STAT6 / TBet,STAT1,SOCS1,GATA3 -> STAT4
IFNg,IFNgR,IL12R,IL4,IL4R,STAT1,STAT4,STAT6 / SOCS1,IL12,GATA3 -> STAT4
IFNg,IFNgR,IL12R,IL4,IL4R,STAT1,STAT4 / SOCS1,IL12,GATA3 -> STAT4
IFNgR,IL12R,IL4,IL4R,STAT1,STAT4,STAT6 / TBet,SOCS1,IL12,GATA3 -> STAT4
IL12,IL12R,IL4,IL4R,STAT4 / TBet,STAT1,IFNgR,IFNg,GATA3 -> STAT4
IL12,IL12R,IL4,STAT4 / TBet,STAT6,STAT1,IFNgR,IFNg,GATA3 -> STAT4
IL12,IL12R,STAT4 / TBet,STAT6,STAT1,IL4R,IFNgR,IFNg,GATA3 -> STAT4

% 4187 samples (max h ~ 0.006309980227623457)
IL12,SOCS1,STAT1,STAT4,STAT6,TBet / IL4R -< STAT6
GATA3,IFNgR,IL12,IL4,SOCS1,STAT1,STAT4,STAT6 / IL4R,IL12R -< STAT6
GATA3,IFNgR,IL12,SOCS1,STAT1,STAT4,STAT6 / IL4R,IL12R -< STAT6
GATA3,IL12,SOCS1,STAT1,STAT4,STAT6 / IL4R,IL12R -< STAT6
IFNg,SOCS1,STAT1,STAT4,STAT6,TBet / IL4R,GATA3 -< STAT6
IFNg,SOCS1,STAT1,STAT4,STAT6,TBet / IL4R,IL12R -< STAT6
GATA3,IFNg,IFNgR,IL4,SOCS1,STAT1,STAT4,STAT6 / IL4R,IL12R -< STAT6
GATA3,IFNg,IFNgR,SOCS1,STAT1,STAT4,STAT6 / IL4R,IL12R -< STAT6
GATA3,IFNg,SOCS1,STAT1,STAT4,STAT6 / IL4R,IL12R -< STAT6
SOCS1,STAT1,STAT4,STAT6,TBet / IL4R,IL12R -< STAT6
GATA3,IFNgR,IL4,SOCS1,STAT1,STAT4,STAT6 / IL4R,IL12R -< STAT6
GATA3,IFNgR,SOCS1,STAT1,STAT4,STAT6 / IL4R,IL12R -< STAT6
GATA3,SOCS1,STAT1,STAT4,STAT6 / IL4R,IL12R -< STAT6
IFNg,IL12,IL4,SOCS1,STAT4,STAT6,TBet / IL4R -< STAT6
GATA3,IFNg,IFNgR,IL12,IL4,SOCS1,STAT4,STAT6 / IL4R,IL12R -< STAT6
GATA3,IFNg,IL12,IL4,SOCS1,STAT4,STAT6 / IL4R,IL12R -< STAT6
GATA3,IFNg,IFNgR,IL4,SOCS1,STAT4,STAT6 / TBet,IL4R,IL12R -< STAT6
IFNg,IFNgR,IL4,SOCS1,STAT4,STAT6 / TBet,STAT1,IL4R,IL12R,IL12 -< STAT6
GATA3,IFNg,IL4,SOCS1,STAT4,STAT6 / TBet,IL4R,IL12R -< STAT6
IFNg,IL12,SOCS1,STAT4,STAT6,TBet / IL4R -< STAT6
GATA3,IFNg,IFNgR,IL12,SOCS1,STAT4,STAT6 / IL4R,IL12R -< STAT6
GATA3,IFNg,IL12,SOCS1,STAT4,STAT6 / IL4R,IL12R -< STAT6
GATA3,IFNgR,IL4,STAT1,STAT4,STAT6,TBet / IL4R,IL12R,IL12,IFNg -< STAT6
IFNg,IFNgR,IL12R,STAT1,STAT4,STAT6,TBet / IL4R,IL4,IL12,GATA3 -< STAT6
IL12,SOCS1,STAT1,STAT6,TBet / IL4R -< STAT6
GATA3,IFNgR,IL12,IL4,SOCS1,STAT1,STAT6 / IL4R,IL12R -< STAT6
GATA3,IFNgR,IL12,IL4,SOCS1,STAT1,STAT6 / STAT4,IL4R -< STAT6
GATA3,IFNgR,IL12,SOCS1,STAT1,STAT6 / IL4R,IL12R -< STAT6
GATA3,IFNgR,IL12,SOCS1,STAT1,STAT6 / STAT4,IL4R -< STAT6
GATA3,IL12,SOCS1,STAT1,STAT6 / IL4R,IL12R -< STAT6
GATA3,IL12,SOCS1,STAT1,STAT6 / STAT4,IL4R -< STAT6
SOCS1,STAT1,STAT6,TBet / IL4R,IL12R -< STAT6
GATA3,IFNgR,IL4,SOCS1,STAT1,STAT6 / IL4R,IL12R -< STAT6
GATA3,IFNgR,SOCS1,STAT1,STAT6 / IL4R,IL12R -< STAT6
GATA3,SOCS1,STAT1,STAT6 / IL4R,IL12R -< STAT6
IFNg,IL12,IL4,SOCS1,STAT6,TBet / IL4R -< STAT6
GATA3,IFNg,IFNgR,IL12,IL4,SOCS1,STAT6 / IL4R,IL12R -< STAT6
GATA3,IFNg,IFNgR,IL12,IL4,SOCS1,STAT6 / STAT4,IL4R -< STAT6
GATA3,IFNg,IL12,IL4,SOCS1,STAT6 / IL4R,IL12R -< STAT6
GATA3,IFNg,IL12,IL4,SOCS1,STAT6 / STAT4,IL4R -< STAT6
GATA3,IL12,IL4,SOCS1,STAT6 / STAT4,IL4R,IFNgR -< STAT6
GATA3,IFNg,IFNgR,IL4,SOCS1,STAT6 / TBet,IL4R,IL12R -< STAT6
GATA3,IFNg,IL4,SOCS1,STAT6 / TBet,IL4R,IL12R -< STAT6
GATA3,IL4,SOCS1,STAT6 / TBet,STAT4,IL4R,IL12R,IFNgR -< STAT6
IFNg,IL12,SOCS1,STAT6,TBet / IL4R -< STAT6
GATA3,IFNg,IFNgR,IL12,SOCS1,STAT6 / IL4R,IL12R -< STAT6
GATA3,IFNg,IFNgR,IL12,SOCS1,STAT6 / STAT4,IL4R -< STAT6
GATA3,IFNg,IL12,SOCS1,STAT6 / IL4R,IL12R -< STAT6
GATA3,IFNg,IL12,SOCS1,STAT6 / STAT4,IL4R -< STAT6
IFNg,IFNgR,IL12,IL12R,STAT1,STAT6,TBet / STAT4,IL4R,IL4 -< STAT6
IFNg,IFNgR,IL12,IL12R,STAT6,TBet / STAT4,IL4R,IL4 -< STAT6
GATA3,IFNg,IFNgR,IL12,IL12R,STAT1,STAT6 / STAT4,IL4R,IL4 -< STAT6
GATA3,IFNg,IFNgR,IL12,IL12R,STAT6 / STAT4,IL4R,IL4 -< STAT6

% 75889 samples (max h ~ 0.11436782648533951)
IL4R,SOCS1,STAT4,STAT6 / GATA3 -> STAT6
IL4R,SOCS1,STAT4,STAT6 / TBet -> STAT6
GATA3,IL4R,SOCS1,STAT6 / STAT4 -> STAT6
GATA3,IL4R,SOCS1,STAT6 / TBet -> STAT6
IL4R,SOCS1,STAT6 / IL12,GATA3 -> STAT6
IL4R,SOCS1,STAT6 / STAT4,IL12 -> STAT6
IL4R,SOCS1,STAT6 / TBet,IL12 -> STAT6
IL12R,IL4R,SOCS1,STAT4 / GATA3 -> STAT6
IL12R,IL4R,SOCS1,STAT4 / TBet -> STAT6
GATA3,IL12R,IL4R,SOCS1 / STAT4 -> STAT6
GATA3,IL12R,IL4R,SOCS1 / TBet -> STAT6
IL12R,IL4R,SOCS1 / IL12,GATA3 -> STAT6
IL12R,IL4R,SOCS1 / STAT4,IL12 -> STAT6
IL12R,IL4R,SOCS1 / TBet,IL12 -> STAT6
IL4R,SOCS1 / IL12,GATA3 -> STAT6
IL4R,SOCS1 / STAT4,IL12 -> STAT6
IL4R,SOCS1 / TBet,IL12 -> STAT6
IFNgR,IL12R,IL4,IL4R,STAT4 / TBet -> STAT6
GATA3,IFNgR,IL12R,IL4,IL4R / STAT4 -> STAT6
GATA3,IFNgR,IL12R,IL4R / STAT4,STAT1 -> STAT6
GATA3,IFNgR,IL12R,IL4,IL4R / TBet -> STAT6
IFNgR,IL12R,IL4,IL4R / STAT4,IL12 -> STAT6
IFNgR,IL12R,IL4R / STAT4,STAT1,IL12 -> STAT6
IFNgR,IL12R,IL4,IL4R / TBet,IL12 -> STAT6
IL12R,IL4,IL4R,STAT4 / TBet,STAT1 -> STAT6
GATA3,IL12R,IL4R / STAT4,STAT1 -> STAT6
GATA3,IL12R,IL4,IL4R / TBet,STAT1 -> STAT6
IL12R,IL4R / STAT4,STAT1,IL12 -> STAT6
IL12R,IL4,IL4R / TBet,STAT1,IL12 -> STAT6
IFNgR,IL4,IL4R,STAT4,STAT6 / TBet -> STAT6
GATA3,IFNgR,IL4,IL4R,STAT6 / TBet -> STAT6
GATA3,IFNgR,IL4R,STAT6 / TBet,STAT4,STAT1 -> STAT6
IFNgR,IL4,IL4R,STAT6 / TBet,IL12 -> STAT6
IFNgR,IL4R,STAT6 / TBet,STAT4,STAT1,IL12 -> STAT6
IFNgR,IL4,IL4R / TBet,IL12 -> STAT6
IFNgR,IL4R / TBet,STAT4,STAT1,IL12 -> STAT6
IL4,IL4R,STAT4,STAT6 / TBet,STAT1 -> STAT6
GATA3,IL4,IL4R,STAT6 / TBet,STAT1 -> STAT6
GATA3,IL4R,STAT6 / TBet,STAT4,STAT1 -> STAT6
IL4,IL4R,STAT6 / TBet,STAT1,IL12 -> STAT6
IL4R,STAT6 / TBet,STAT4,STAT1,IL12 -> STAT6
IL4,IL4R / TBet,STAT1,IL12 -> STAT6
IL4R / TBet,STAT4,STAT1,IL12 -> STAT6

% 333 samples (max h ~ 0.0005018446180555555)
GATA3,IFNg,IL12R,IL4,SOCS1,STAT1,STAT4,STAT6,TBet / IL4R -< TBet
GATA3,IFNg,IFNgR,IL12,IL12R,IL4,SOCS1,STAT4,STAT6,TBet / IL4R -< TBet
GATA3,IFNg,IL12R,IL4,SOCS1,STAT1,STAT4,TBet / IL4R,IL12,IFNgR -< TBet
GATA3,IFNgR,IL4,SOCS1,STAT1,STAT6,TBet / IL4R,IL12R,IL12,IFNg -< TBet
GATA3,IL4,SOCS1,STAT1,STAT6,TBet / STAT4,IL4R,IL12R,IL12,IFNg -< TBet
GATA3,IL4,SOCS1,STAT1,STAT6,TBet / STAT4,IL4R,IL12R,IFNg -< TBet
GATA3,IL12,IL4,SOCS1,STAT6,TBet / STAT4,IL4R,IL12R,IFNgR,IFNg -< TBet
GATA3,IL4,SOCS1,STAT1,TBet / STAT4,IL4R,IL12R,IL12,IFNgR,IFNg -< TBet
GATA3,IL12,IL4,SOCS1,TBet / STAT4,STAT1,IL4R,IL12R,IFNgR,IFNg -< TBet
GATA3,IFNg,IFNgR,IL12,IL4,SOCS1,STAT1,STAT6,TBet / STAT4,IL4R,IL12R -< TBet
GATA3,IFNgR,IL12,IL4,SOCS1,STAT1,STAT6,TBet / STAT4,IL4R,IL12R -< TBet
GATA3,IFNg,IFNgR,IL4,SOCS1,STAT1,STAT6,TBet / STAT4,IL4R,IL12R -< TBet
GATA3,IFNgR,IL4,SOCS1,STAT1,STAT6,TBet / STAT4,IL4R,IL12R -< TBet
GATA3,IFNg,IL4,SOCS1,STAT1,STAT6,TBet / STAT4,IL4R,IL12R -< TBet
GATA3,IL4,SOCS1,STAT1,STAT6,TBet / STAT4,IL4R,IL12R -< TBet
GATA3,IFNgR,SOCS1,STAT1,STAT6,TBet / IL4R,IL12R,IL12,IFNg -< TBet
GATA3,SOCS1,STAT1,STAT6,TBet / STAT4,IL4R,IL12R,IL12,IFNg -< TBet
GATA3,IFNgR,SOCS1,STAT1,TBet / STAT4,IL4R,IL4,IL12R,IL12,IFNg -< TBet
GATA3,SOCS1,STAT1,STAT6,TBet / STAT4,IL4R,IL12R,IFNgR,IFNg -< TBet
GATA3,SOCS1,STAT1,STAT6,TBet / STAT4,IL4R,IL12R,IFNgR -< TBet
GATA3,IFNgR,IL12,IL4,IL4R,SOCS1,STAT1,STAT6,TBet / STAT4 -< TBet
GATA3,IFNg,IFNgR,IL12,IL4,SOCS1,STAT1,STAT6,TBet / STAT4,IL12R -< TBet
GATA3,IFNgR,IL12,IL4,SOCS1,STAT1,STAT6,TBet / STAT4,IL12R -< TBet
GATA3,IFNg,IFNgR,IL4,IL4R,SOCS1,STAT1,STAT6,TBet / STAT4 -< TBet
GATA3,IFNg,IFNgR,IL4,SOCS1,STAT1,STAT6,TBet / STAT4,IL12R -< TBet
GATA3,IFNgR,IL4,SOCS1,STAT1,STAT6,TBet / STAT4,IL12R -< TBet
GATA3,IL4,SOCS1,STAT1,STAT6,TBet / STAT4,IL12R,IFNg -< TBet
GATA3,IFNg,IFNgR,IL12R,IL4,IL4R,STAT1,STAT6,TBet / STAT4,IL12 -< TBet
GATA3,IFNgR,IL12,IL12R,IL4,IL4R,SOCS1,STAT6,TBet / STAT4,IFNg -< TBet
GATA3,IFNgR,IL12,IL12R,IL4,IL4R,STAT6,TBet / STAT4,STAT1,IFNg -< TBet
GATA3,IL12,IL4,SOCS1,STAT6,TBet / STAT4,IL12R,IFNgR,IFNg -< TBet

% 187656 samples (max h ~ 0.2828052662037037)
IFNg,IL12,IL4,SOCS1,STAT1,STAT4,TBet / GATA3 -> TBet
IL12,IL12R,IL4,SOCS1,STAT1,STAT4,TBet / IFNgR,GATA3 -> TBet
IFNg,IL12,IL12R,IL4,SOCS1,STAT4,STAT6,TBet / IFNgR,GATA3 -> TBet
IFNg,IL12,IL12R,IL4,SOCS1,STAT4,TBet / IL4R,IFNgR,GATA3 -> TBet
IFNg,IL12,IL4,SOCS1,STAT4,STAT6,TBet / IFNgR,GATA3 -> TBet
IFNg,IL12,IL4,SOCS1,STAT4,TBet / IL4R,IFNgR,GATA3 -> TBet
IL12,IL12R,IL4,SOCS1,STAT4,STAT6,TBet / IFNgR,GATA3 -> TBet
IL12,IL12R,IL4,SOCS1,STAT4,TBet / IL4R,IFNgR,GATA3 -> TBet
IFNg,IL12,IL12R,IL4,SOCS1,STAT1,STAT6,TBet / IL4R,GATA3 -> TBet
IL12,IL12R,IL4,SOCS1,STAT1,STAT6,TBet / IL4R,IFNgR,GATA3 -> TBet
IFNg,IL12,IL12R,IL4,SOCS1,STAT6,TBet / IL4R,IFNgR,GATA3 -> TBet
IL12,IL12R,IL4,SOCS1,STAT6,TBet / IL4R,IFNgR,GATA3 -> TBet
IFNg,IL12,IL12R,IL4,SOCS1,STAT1,TBet / IL4R,GATA3 -> TBet
IL12,IL12R,IL4,SOCS1,STAT1,TBet / IL4R,IFNgR,GATA3 -> TBet
IFNg,IL12,IL12R,IL4,SOCS1,TBet / IL4R,IFNgR,GATA3 -> TBet
IL12,IL12R,IL4,SOCS1,TBet / IL4R,IFNgR,GATA3 -> TBet
IFNg,IL4,SOCS1,STAT1,STAT4,TBet / GATA3 -> TBet
IFNg,IL12R,IL4,SOCS1,STAT1,STAT6,TBet / IL12,GATA3 -> TBet
IFNg,IL12R,IL4,SOCS1,STAT1,STAT6,TBet / IL4R,GATA3 -> TBet
IFNg,IL12R,IL4,SOCS1,STAT1,TBet / IL4R,GATA3 -> TBet
IFNg,IL4,SOCS1,STAT1,STAT6,TBet / IL12,GATA3 -> TBet
IFNg,IL4,SOCS1,STAT1,TBet / IL4R,IL12,GATA3 -> TBet
IFNg,IL12R,IL4,SOCS1,STAT6,TBet / STAT4,IL12,IFNgR,GATA3 -> TBet
IFNg,IL12R,IL4,SOCS1,STAT6,TBet / STAT4,IL4R,IFNgR,GATA3 -> TBet
IFNg,IL12R,IL4,SOCS1,TBet / STAT4,IL4R,IFNgR,GATA3 -> TBet
IFNg,IL4,SOCS1,STAT6,TBet / STAT4,IL12,IFNgR,GATA3 -> TBet
IFNg,IL4,SOCS1,TBet / STAT4,IL4R,IL12,IFNgR,GATA3 -> TBet
IL4,SOCS1,STAT1,STAT4,TBet / IL12R,IL12,IFNgR,GATA3 -> TBet
IL4,SOCS1,STAT1,STAT4,STAT6,TBet / IL12R,IL12,GATA3 -> TBet
IL4,SOCS1,STAT1,STAT6,TBet / IL12R,IL12,GATA3 -> TBet
IL4,SOCS1,STAT1,TBet / IL4R,IL12R,IL12,IFNgR,GATA3 -> TBet
IL4,SOCS1,STAT6,TBet / STAT4,IL12R,IL12,IFNgR,GATA3 -> TBet
IL4,SOCS1,TBet / STAT4,IL4R,IL12R,IL12,IFNgR,GATA3 -> TBet
IFNg,SOCS1,STAT1,STAT4,STAT6,TBet / GATA3 -> TBet
IFNg,IL12R,SOCS1,STAT1,STAT6,TBet / IL12,GATA3 -> TBet
IFNg,IL12R,SOCS1,STAT1,STAT6,TBet / IL4R,GATA3 -> TBet
IFNg,SOCS1,STAT1,STAT6,TBet / IL12,GATA3 -> TBet
IFNg,IL12,IL12R,SOCS1,STAT4,STAT6,TBet / IFNgR,GATA3 -> TBet
IFNg,IL12,IL12R,SOCS1,STAT4,STAT6,TBet / IL4,GATA3 -> TBet
IFNg,IL12,SOCS1,STAT4,STAT6,TBet / IFNgR,GATA3 -> TBet
IFNg,IL12,IL12R,SOCS1,STAT6,TBet / IL4R,IFNgR,GATA3 -> TBet
IFNg,IL12,IL12R,SOCS1,STAT6,TBet / IL4R,IL4,GATA3 -> TBet
IFNg,IL12R,SOCS1,STAT6,TBet / STAT4,IL12,IFNgR,GATA3 -> TBet
IFNg,IL12R,SOCS1,STAT6,TBet / STAT4,IL4,IL12,GATA3 -> TBet
IFNg,IL12R,SOCS1,STAT6,TBet / STAT4,IL4R,IFNgR,GATA3 -> TBet
IFNg,IL12R,SOCS1,STAT6,TBet / STAT4,IL4R,IL4,GATA3 -> TBet
IFNg,SOCS1,STAT6,TBet / STAT4,IL12,IFNgR,GATA3 -> TBet
IFNg,SOCS1,STAT1,STAT4,TBet / IFNgR,GATA3 -> TBet
IFNg,IL12R,SOCS1,STAT1,TBet / IL4R,IFNgR,GATA3 -> TBet
IFNg,SOCS1,STAT1,TBet / IL4R,IL12,IFNgR,GATA3 -> TBet
IFNg,IL12,SOCS1,STAT4,TBet / IL4R,IFNgR,GATA3 -> TBet
IFNg,IL12,IL12R,SOCS1,TBet / IL4R,IFNgR,GATA3 -> TBet
IFNg,IL12R,SOCS1,TBet / STAT4,IL4R,IFNgR,GATA3 -> TBet
IFNg,SOCS1,TBet / STAT4,IL4R,IL12,IFNgR,GATA3 -> TBet
SOCS1,STAT1,STAT6,TBet / IL12R,IL12,GATA3 -> TBet
SOCS1,STAT6,TBet / STAT4,IL12R,IL12,IFNgR,GATA3 -> TBet
SOCS1,STAT1,STAT4,TBet / IL12R,IL12,IFNgR,GATA3 -> TBet
SOCS1,STAT1,TBet / IL4R,IL12R,IL12,IFNgR,GATA3 -> TBet
SOCS1,TBet / STAT4,IL4R,IL12R,IL12,IFNgR,GATA3 -> TBet
IFNg,IFNgR,IL12R,STAT6,TBet / STAT4,STAT1,IL4,IL12,GATA3 -> TBet
IFNg,IFNgR,IL12R,STAT6,TBet / STAT4,STAT1,IL4R,IL4,GATA3 -> TBet
IFNg,IL12R,STAT1,TBet / STAT6,STAT4,IL4R,IL4,IL12,IFNgR,GATA3 -> TBet
IFNgR,IL4,SOCS1,STAT1,STAT6 / STAT4,IL12R,IL12,IFNg,GATA3 -> TBet
IFNgR,SOCS1,STAT1,STAT6 / STAT4,IL12R,IL12,IFNg,GATA3 -> TBet
IFNg,IFNgR,IL4,SOCS1,STAT1,STAT4 / STAT6,IL12R,GATA3 -> TBet
IFNg,IFNgR,IL4,SOCS1,STAT1 / STAT6,STAT4,IL4R,IL12R,IL12,GATA3 -> TBet
IFNg,IFNgR,IL4,SOCS1,STAT1 / STAT6,IL4R,IL12R,IL12,GATA3 -> TBet
IFNg,IL4,SOCS1,STAT1,STAT4 / STAT6,IL12R,GATA3 -> TBet
IL4,SOCS1,STAT1,STAT4 / STAT6,IL12R,IL12,IFNgR,GATA3 -> TBet
IFNg,IL4,SOCS1,STAT1 / STAT6,IL4R,IL12R,IL12,GATA3 -> TBet
IL4,SOCS1,STAT1 / STAT6,IL4R,IL12R,IL12,IFNgR,GATA3 -> TBet
IFNg,SOCS1,STAT1,STAT4 / STAT6,IL12R,IFNgR,GATA3 -> TBet
IFNg,SOCS1,STAT1 / STAT6,IL4R,IL12R,IL12,IFNgR,GATA3 -> TBet
SOCS1,STAT1,STAT4 / STAT6,IL12R,IL12,IFNgR,GATA3 -> TBet
SOCS1,STAT1 / STAT6,IL4R,IL12R,IL12,IFNgR,GATA3 -> TBet
IFNg,IL12,IL4,SOCS1,STAT1,STAT4 / STAT6,GATA3 -> TBet
IFNg,IL4,SOCS1,STAT1,STAT4 / STAT6,GATA3 -> TBet
IFNg,IL12R,IL4,SOCS1,STAT1 / STAT6,IL4R,IL12,GATA3 -> TBet
IFNg,IL4,SOCS1,STAT1 / STAT6,IL4R,IL12,GATA3 -> TBet
IFNg,IFNgR,IL12R,IL4,IL4R,STAT1,STAT4 / TBet,STAT6,IL12,GATA3 -> TBet
IFNg,SOCS1,STAT1,STAT4 / STAT6,IFNgR,GATA3 -> TBet
IFNg,IL12R,SOCS1,STAT1 / STAT6,IL4R,IL12,IFNgR,GATA3 -> TBet
IFNg,SOCS1,STAT1 / STAT6,IL4R,IL12,IFNgR,GATA3 -> TBet
IFNg,IL12R,STAT1 / STAT6,STAT4,IL4R,IL4,IL12,IFNgR,GATA3 -> TBet
true.


