% Maxmimum K used: 2
% minimum number of samples for h=1: 27648

% 43 samples (max h ~ 0.0015552662037037037)
GATA3,IFNg,IFNgR,IL12R,IL4,SOCS1,STAT1,STAT4,TBet / IL4R,IL12 -< GATA3
GATA3,IFNg,IL12R,IL4,SOCS1,STAT1,STAT4,TBet / STAT6,IL4R,IL12 -< GATA3
GATA3,IFNg,IL12R,SOCS1,STAT1,STAT4,TBet / STAT6,IL4R,IL12,IFNgR -< GATA3
GATA3,IFNg,SOCS1,STAT1,STAT4,TBet / STAT6,IL4R,IL4,IL12,IFNgR -< GATA3
GATA3,IFNg,SOCS1,TBet / STAT6,STAT4,STAT1,IL4R,IL4,IL12R,IL12,IFNgR -< GATA3

% 0 samples (max h ~ 0)
% _ -> GATA3

% 109 samples (max h ~ 0.003942418981481482)
IFNg,SOCS1,TBet / STAT6,STAT4,STAT1,IL4R,IL4,IL12R,IL12,IFNgR -< IFNg

% 3 samples (max h ~ 0.00010850694444444444)
GATA3,IFNg,IFNgR,IL12R,IL4,SOCS1,STAT1,STAT4,STAT6,TBet / IL4R,IL12 -> IFNg
GATA3,IFNg,SOCS1,STAT1,STAT4,TBet / STAT6,IL4R,IL4,IL12R,IL12,IFNgR -> IFNg

% 1 samples (max h ~ 3.616898148148148e-5)
GATA3,IFNg,IFNgR,IL12R,IL4,SOCS1,STAT1,STAT4,TBet / STAT6,IL4R,IL12 -< IFNgR

% 1 samples (max h ~ 3.616898148148148e-5)
GATA3,IFNg,IL12R,IL4,STAT1,STAT4,STAT6,TBet / SOCS1,IL4R,IL12,IFNgR -> IFNgR

% 0 samples (max h ~ 0)
% _ -< IL12

% 0 samples (max h ~ 0)
% _ -> IL12

% 199 samples (max h ~ 0.007197627314814815)
GATA3,IFNg,IFNgR,IL12R,IL4,SOCS1,STAT1,STAT4,TBet / IL4R,IL12 -< IL12R
GATA3,IFNg,IL12R,IL4,SOCS1,STAT1,STAT4,TBet / STAT6,IL4R,IL12 -< IL12R
GATA3,IFNg,IL12R,SOCS1,STAT1,STAT4,TBet / STAT6,IL4R,IL12,IFNgR -< IL12R

% 0 samples (max h ~ 0)
% _ -> IL12R

% 86 samples (max h ~ 0.0031105324074074073)
GATA3,IFNg,IFNgR,IL12R,IL4,SOCS1,STAT1,STAT4,TBet / IL4R,IL12 -< IL4
GATA3,IFNg,IL12R,IL4,SOCS1,STAT1,STAT4,TBet / STAT6,IL4R,IL12 -< IL4

% 0 samples (max h ~ 0)
% _ -> IL4

% 0 samples (max h ~ 0)
% _ -< IL4R

% 0 samples (max h ~ 0)
% _ -> IL4R

% 0 samples (max h ~ 0)
% _ -< SOCS1

% 499256 samples (max h ~ 18.05758101851852)
GATA3,IFNg,IFNgR,IL12R,IL4,STAT1,STAT4,STAT6,TBet / IL4R,IL12 -> SOCS1
GATA3,IFNg,IFNgR,IL12R,IL4,SOCS1,STAT1,STAT4,TBet / IL4R,IL12 -> SOCS1
GATA3,IFNg,IL12R,IL4,SOCS1,STAT1,STAT4,TBet / STAT6,IL4R,IL12 -> SOCS1
GATA3,IFNg,IL12R,SOCS1,STAT1,STAT4,TBet / STAT6,IL4R,IL12,IFNgR -> SOCS1
GATA3,IFNg,SOCS1,STAT1,STAT4,TBet / STAT6,IL4R,IL4,IL12,IFNgR -> SOCS1
GATA3,IFNg,SOCS1,STAT4,TBet / STAT6,IL4R,IL4,IL12R,IL12,IFNgR -> SOCS1
GATA3,IFNg,SOCS1,TBet / STAT6,STAT1,IL4R,IL4,IL12R,IL12,IFNgR -> SOCS1
IFNg,SOCS1,TBet / STAT6,STAT4,STAT1,IL4R,IL4,IL12R,IL12,IFNgR -> SOCS1
SOCS1,TBet / STAT6,STAT4,STAT1,IL4R,IL4,IL12R,IL12,IFNgR,GATA3 -> SOCS1

% 91 samples (max h ~ 0.0032913773148148147)
GATA3,IFNg,IL12R,SOCS1,STAT1,STAT4,TBet / STAT6,IL4R,IL12,IFNgR -< STAT1
GATA3,IFNg,SOCS1,STAT1,STAT4,TBet / STAT6,IL4R,IL4,IL12,IFNgR -< STAT1

% 2 samples (max h ~ 7.233796296296296e-5)
GATA3,IFNg,IFNgR,IL12R,IL4,SOCS1,STAT1,STAT4,STAT6,TBet / IL4R,IL12 -> STAT1

% 17 samples (max h ~ 0.0006148726851851852)
GATA3,IFNg,IFNgR,IL12R,IL4,SOCS1,STAT1,STAT4,STAT6,TBet / IL4R,IL12 -< STAT4
GATA3,IFNg,IL12R,IL4,SOCS1,STAT1,STAT4,TBet / STAT6,IL4R,IL12,IFNgR -< STAT4
GATA3,IFNg,SOCS1,STAT4,TBet / STAT6,IL4R,IL4,IL12R,IL12,IFNgR -< STAT4

% 0 samples (max h ~ 0)
% _ -> STAT4

% 19 samples (max h ~ 0.0006872106481481482)
GATA3,IFNg,IFNgR,IL12R,IL4,STAT1,STAT4,STAT6,TBet / IL4R,IL12 -< STAT6

% 0 samples (max h ~ 0)
% _ -> STAT6

% 7 samples (max h ~ 0.00025318287037037036)
GATA3,IFNg,IFNgR,IL12R,IL4,SOCS1,STAT1,STAT4,STAT6,TBet / IL4R,IL12 -< TBet

% 500166 samples (max h ~ 18.090494791666668)
SOCS1,TBet / STAT6,STAT4,STAT1,IL4R,IL4,IL12R,IL12,IFNgR,GATA3 -> TBet
true.


