% Maxmimum K used: 3
% minimum number of samples for h=1: 663552

% 31 samples (max h ~ 4.671826774691358e-5)
GATA3,IL4,SOCS1,STAT1,STAT4 / TBet,STAT6,IL4R,IL12R,IL12,IFNg -< GATA3
GATA3,IL4,SOCS1,STAT4 / TBet,STAT6,IL4R,IL12R,IL12,IFNgR,IFNg -< GATA3

% 0 samples (max h ~ 0)
% _ -> GATA3

% 425 samples (max h ~ 0.0006404923804012346)
IFNg,SOCS1,TBet / STAT4,STAT1,IL4R,IL4,IL12R,IL12,IFNgR,GATA3 -< IFNg
IFNg,SOCS1,TBet / STAT6,STAT4,IL4R,IL4,IL12R,IL12,IFNgR,GATA3 -< IFNg

% 295634 samples (max h ~ 0.445532527970679)
IFNg,IFNgR,IL12R,IL4,SOCS1,STAT1,STAT4,STAT6,TBet / IL12,GATA3 -> IFNg
IFNg,IFNgR,IL4,SOCS1,STAT1,STAT4,TBet / STAT6,IL4R,IL12R,IL12,GATA3 -> IFNg
IFNgR,IL4,SOCS1,STAT1,STAT4,TBet / STAT6,IL4R,IL12R,IL12,GATA3 -> IFNg
IFNg,IFNgR,IL12R,SOCS1,STAT1,STAT4,TBet / STAT6,IL4R,IL4,IL12,GATA3 -> IFNg
IFNgR,IL12R,SOCS1,STAT1,STAT4,TBet / STAT6,IL4R,IL4,IL12,GATA3 -> IFNg
IFNg,IL12R,IL4,SOCS1,STAT1,STAT4,STAT6,TBet / IL4R,IL12,GATA3 -> IFNg
IFNg,IL4,SOCS1,STAT1,STAT4,STAT6,TBet / IL4R,IL12,IFNgR,GATA3 -> IFNg
IFNg,IL4,SOCS1,STAT1,STAT4,TBet / IL4R,IL12R,IL12,IFNgR,GATA3 -> IFNg
IFNg,IL4,SOCS1,STAT1,STAT4,TBet / STAT6,IL4R,IL12R,IL12,GATA3 -> IFNg
IFNg,IL4,SOCS1,STAT4,STAT6,TBet / IL4R,IL12R,IL12,IFNgR,GATA3 -> IFNg
IFNg,IL12R,SOCS1,STAT1,STAT4,STAT6,TBet / IL4R,IL12,IFNgR,GATA3 -> IFNg
IFNg,IL12R,SOCS1,STAT1,STAT4,TBet / IL4R,IL4,IL12,IFNgR,GATA3 -> IFNg
IL12,IL12R,SOCS1,STAT1,STAT4,TBet / IL4R,IL4,IFNgR,GATA3 -> IFNg
IFNg,IL12,IL12R,SOCS1,STAT4,TBet / IL4R,IL4,IFNgR,GATA3 -> IFNg
IFNg,IL12R,SOCS1,STAT1,STAT4,TBet / IL4R,IL4,IFNgR,GATA3 -> IFNg
IFNg,SOCS1,STAT1,STAT4,STAT6,TBet / IL4R,IL12,IFNgR,GATA3 -> IFNg
IFNg,SOCS1,STAT1,STAT4,TBet / IL4R,IL12R,IL12,IFNgR,GATA3 -> IFNg
IFNg,SOCS1,STAT1,STAT4,TBet / IL4R,IL4,IL12,IFNgR,GATA3 -> IFNg
IFNg,SOCS1,STAT4,STAT6,TBet / IL4R,IL12R,IL12,IFNgR,GATA3 -> IFNg
IFNg,IL12R,SOCS1,STAT1,STAT4,TBet / STAT6,IL4R,IL4,IL12,GATA3 -> IFNg

% 317 samples (max h ~ 0.0004777319637345679)
IFNgR,IL4,SOCS1,STAT1,STAT4,TBet / STAT6,IL4R,IL12R,IL12,IFNg,GATA3 -< IFNgR
GATA3,IFNgR,IL4,SOCS1,STAT1,STAT4 / TBet,STAT6,IL4R,IL12R,IL12,IFNg -< IFNgR
GATA3,IFNgR,IL4,SOCS1,STAT4 / TBet,STAT6,IL4R,IL12R,IL12,IFNg -< IFNgR
IFNgR,IL12,SOCS1,STAT1,STAT6,TBet / STAT4,IL4R,IL4,IL12R,IFNg,GATA3 -< IFNgR
IFNgR,IL12,SOCS1,STAT1,STAT6,TBet / STAT4,IL4,IL12R,IFNg,GATA3 -< IFNgR
IFNgR,IL12R,SOCS1,STAT1,STAT4,TBet / STAT6,IL4R,IL4,IL12,IFNg,GATA3 -< IFNgR
IFNgR,IL12R,STAT1,STAT4,TBet / STAT6,IL4R,IL4,IL12,IFNg,GATA3 -< IFNgR
IFNg,IFNgR,IL12R,IL4,SOCS1,STAT1,STAT4,STAT6,TBet / IL4R,IL12,GATA3 -< IFNgR
IFNg,IFNgR,IL4,SOCS1,STAT1,STAT4,TBet / STAT6,IL4R,IL12R,IL12,GATA3 -< IFNgR
IFNgR,IL4,SOCS1,STAT1,STAT4,TBet / STAT6,IL4R,IL12R,IL12,GATA3 -< IFNgR
IFNg,IFNgR,IL12R,SOCS1,STAT1,STAT4,TBet / STAT6,IL4R,IL4,IL12,GATA3 -< IFNgR
IFNgR,IL12R,SOCS1,STAT1,STAT4,TBet / STAT6,IL4R,IL4,IL12,GATA3 -< IFNgR

% 1 samples (max h ~ 1.5070408950617283e-6)
IFNg,IL12R,IL4,STAT6,TBet / STAT4,STAT1,SOCS1,IL4R,IL12,IFNgR,GATA3 -> IFNgR

% 0 samples (max h ~ 0)
% _ -< IL12

% 0 samples (max h ~ 0)
% _ -> IL12

% 466 samples (max h ~ 0.0007022810570987654)
IFNg,IFNgR,IL12R,IL4,SOCS1,STAT4,STAT6,TBet / IL12,GATA3 -< IL12R
IFNg,IFNgR,IL12R,SOCS1,STAT1,STAT4,TBet / STAT6,IL4R,IL4,IL12,GATA3 -< IL12R
IFNgR,IL12R,SOCS1,STAT1,STAT4,TBet / STAT6,IL4R,IL4,IL12,GATA3 -< IL12R
IFNgR,IL12R,STAT1,STAT4,TBet / STAT6,IL4R,IL4,IL12,IFNg,GATA3 -< IL12R
IFNg,IL12R,IL4,SOCS1,STAT1,STAT4,STAT6,TBet / IL4R,IL12,GATA3 -< IL12R
IFNg,IL12R,SOCS1,STAT1,STAT4,TBet / STAT6,IL4R,IL4,IL12,IFNgR,GATA3 -< IL12R
IFNg,IL12R,SOCS1,STAT1,STAT4,TBet / STAT6,IL4R,IL4,IL12,GATA3 -< IL12R
IL12,IL12R,SOCS1,STAT1,STAT4,STAT6,TBet / IL4R,IL4,IFNgR,GATA3 -< IL12R
IFNg,IL12,IL12R,SOCS1,STAT4,STAT6,TBet / IL4R,IL4,IFNgR,GATA3 -< IL12R
IL12,IL12R,SOCS1,STAT1,STAT4,STAT6 / IL4R,IL4,IFNgR,IFNg,GATA3 -< IL12R
IFNg,IFNgR,IL12R,IL4,STAT6,TBet / STAT4,STAT1,SOCS1,IL4R,IL12,GATA3 -< IL12R

% 695 samples (max h ~ 0.0010473934220679012)
IL12,IL12R,SOCS1,STAT1,STAT4,TBet / STAT6,IL4R,IL4,IFNgR,GATA3 -> IL12R
IFNg,IL12,IL12R,SOCS1,STAT4,TBet / STAT6,IL4R,IL4,IFNgR,GATA3 -> IL12R

% 205 samples (max h ~ 0.00030894338348765434)
IFNg,IFNgR,IL12R,IL4,SOCS1,STAT4,STAT6,TBet / IL12,GATA3 -< IL4
IFNg,IFNgR,IL12R,IL4,STAT6,TBet / STAT4,STAT1,SOCS1,IL4R,IL12,GATA3 -< IL4
IFNg,IFNgR,IL4,SOCS1,STAT1,STAT4,TBet / STAT6,IL4R,IL12R,IL12,GATA3 -< IL4
IFNgR,IL4,SOCS1,STAT1,STAT4,TBet / STAT6,IL4R,IL12R,IL12,GATA3 -< IL4
IFNg,IL12R,IL4,SOCS1,STAT1,STAT4,STAT6,TBet / IL4R,IL12,GATA3 -< IL4
IFNg,IL4,SOCS1,STAT4,STAT6,TBet / STAT1,IL4R,IL12R,IL12,IFNgR,GATA3 -< IL4
IFNg,IL4,SOCS1,STAT1,STAT4,TBet / STAT6,IL4R,IL12R,IL12,GATA3 -< IL4
IL4,SOCS1,STAT4 / TBet,STAT6,STAT1,IL4R,IL12R,IL12,IFNgR,IFNg,GATA3 -< IL4
IL4,SOCS1 / TBet,STAT6,STAT1,IL4R,IL12R,IL12,IFNgR,IFNg,GATA3 -< IL4
GATA3,IL4,SOCS1,STAT1,STAT4 / TBet,STAT6,IL4R,IL12R,IL12,IFNgR,IFNg -< IL4

% 2 samples (max h ~ 3.0140817901234566e-6)
GATA3,IL4,SOCS1,STAT4 / TBet,STAT6,STAT1,IL4R,IL12R,IL12,IFNgR,IFNg -> IL4

% 229 samples (max h ~ 0.0003451123649691358)
IFNg,IFNgR,IL12R,IL4,IL4R,SOCS1,STAT1,STAT4,STAT6,TBet / IL12,GATA3 -< IL4R
IFNgR,IL12,IL4R,SOCS1,STAT1,STAT6,TBet / STAT4,IL4,IL12R,IFNg,GATA3 -< IL4R

% 1 samples (max h ~ 1.5070408950617283e-6)
IFNg,IFNgR,IL12R,IL4,STAT6,TBet / STAT4,STAT1,SOCS1,IL4R,IL12,GATA3 -> IL4R

% 455 samples (max h ~ 0.0006857036072530864)
GATA3,IL4,SOCS1,STAT4 / TBet,STAT6,STAT1,IL4R,IL12R,IL12,IFNg -< SOCS1
IL4,SOCS1,STAT4 / TBet,STAT6,STAT1,IL4R,IL12R,IL12,IFNgR,IFNg -< SOCS1
IL4,SOCS1 / TBet,STAT6,STAT1,IL4R,IL12R,IL12,IFNgR,IFNg,GATA3 -< SOCS1
SOCS1 / TBet,STAT6,STAT4,STAT1,IL4R,IL12R,IL12,IFNgR,IFNg,GATA3 -< SOCS1

% 298460 samples (max h ~ 0.44979142554012347)
IFNg,IFNgR,IL12R,IL4,SOCS1,STAT1,STAT4,STAT6,TBet / IL12,GATA3 -> SOCS1
IFNg,IFNgR,IL4,SOCS1,STAT1,STAT4,STAT6,TBet / IL4R,IL12,GATA3 -> SOCS1
IFNg,IFNgR,IL4,SOCS1,STAT1,STAT4,TBet / IL4R,IL12R,IL12,GATA3 -> SOCS1
IFNgR,IL4,SOCS1,STAT1,STAT4,TBet / STAT6,IL4R,IL12R,IL12,GATA3 -> SOCS1
IFNg,IFNgR,IL12R,IL4,IL4R,SOCS1,STAT6,TBet / STAT4,STAT1,IL12,GATA3 -> SOCS1
IFNg,IFNgR,IL12R,IL4,IL4R,STAT6,TBet / STAT4,STAT1,IL12,GATA3 -> SOCS1
IFNgR,SOCS1,STAT1,STAT4,TBet / STAT6,IL4R,IL12R,IL12,IFNg,GATA3 -> SOCS1
IFNgR,SOCS1,STAT1,STAT4,TBet / STAT6,IL4R,IL4,IL12,IFNg,GATA3 -> SOCS1
IFNgR,IL12R,STAT1,STAT4,TBet / STAT6,IL4R,IL4,IL12,IFNg,GATA3 -> SOCS1
IFNgR,IL12,SOCS1,STAT1,STAT6,TBet / STAT4,IL4R,IL4,IL12R,IFNg,GATA3 -> SOCS1
IFNgR,IL12,SOCS1,STAT1,STAT6,TBet / STAT4,IL4,IL12R,IFNg,GATA3 -> SOCS1
IFNg,IFNgR,SOCS1,STAT1,STAT4,STAT6,TBet / IL4R,IL12,GATA3 -> SOCS1
IFNg,IFNgR,SOCS1,STAT1,STAT4,TBet / IL4R,IL12R,IL12,GATA3 -> SOCS1
IFNg,IFNgR,SOCS1,STAT1,STAT4,TBet / IL4R,IL4,IL12,GATA3 -> SOCS1
IFNgR,SOCS1,STAT1,STAT4,TBet / STAT6,IL4R,IL12R,IL12,GATA3 -> SOCS1
IFNgR,SOCS1,STAT1,STAT4,TBet / STAT6,IL4R,IL4,IL12,GATA3 -> SOCS1
IFNg,IFNgR,IL12R,STAT1,STAT4,STAT6,TBet / IL4R,IL4,IL12,GATA3 -> SOCS1
IFNg,IFNgR,SOCS1,STAT1,STAT6,TBet / IL4R,IL4,IL12,GATA3 -> SOCS1
IFNg,IFNgR,IL12R,STAT1,STAT6,TBet / IL4R,IL4,IL12,GATA3 -> SOCS1
IFNg,SOCS1,STAT1,STAT4,STAT6,TBet / IL4R,IL12,GATA3 -> SOCS1
IFNg,SOCS1,STAT1,STAT4,TBet / IL4R,IL12R,IL12,GATA3 -> SOCS1
IFNg,SOCS1,STAT1,STAT4,TBet / IL4R,IL4,IL12,GATA3 -> SOCS1
SOCS1,STAT1,STAT4,TBet / STAT6,IL4R,IL12R,IL12,GATA3 -> SOCS1
SOCS1,STAT1,STAT4,TBet / STAT6,IL4R,IL4,IL12,GATA3 -> SOCS1
IFNg,IL12R,SOCS1,STAT1,STAT4,TBet / IL4R,IL4,IFNgR,GATA3 -> SOCS1
IL12R,SOCS1,STAT1,STAT4,TBet / STAT6,IL4R,IL4,IFNgR,GATA3 -> SOCS1
IFNg,IL12,IL12R,STAT1,STAT4,STAT6,TBet / IL4R,IL4,IFNgR,GATA3 -> SOCS1
IL12,IL12R,STAT1,STAT4,TBet / STAT6,IL4R,IL4,IFNgR,IFNg,GATA3 -> SOCS1
IFNg,IL4,SOCS1,STAT4,STAT6,TBet / IL4R,IL12,IFNgR,GATA3 -> SOCS1
IFNg,SOCS1,STAT4,STAT6,TBet / IL4R,IL12,IFNgR,GATA3 -> SOCS1
IFNg,SOCS1,STAT4,TBet / IL4R,IL4,IL12,IFNgR,GATA3 -> SOCS1
IFNg,IL12R,SOCS1,STAT4,TBet / IL4R,IL4,IFNgR,GATA3 -> SOCS1
IL12R,SOCS1,STAT1,TBet / STAT6,IL4R,IL4,IFNgR,IFNg,GATA3 -> SOCS1
SOCS1,STAT1,TBet / STAT6,STAT4,IL4R,IL4,IL12R,IL12,IFNgR,IFNg,GATA3 -> SOCS1
SOCS1,STAT1,TBet / STAT6,IL4R,IL4,IL12R,IL12,IFNgR,IFNg,GATA3 -> SOCS1
SOCS1,STAT1,TBet / STAT6,IL4R,IL4,IL12,IFNgR,IFNg,GATA3 -> SOCS1
IL12,SOCS1,STAT1,STAT6,TBet / STAT4,IL4R,IL4,IL12R,IFNgR,IFNg,GATA3 -> SOCS1
IL12,SOCS1,STAT1,STAT6,TBet / STAT4,IL4R,IL4,IL12R,IFNg,GATA3 -> SOCS1
IL12,IL12R,STAT1,TBet / STAT6,IL4R,IL4,IFNgR,IFNg,GATA3 -> SOCS1
SOCS1,TBet / STAT6,STAT4,IL4R,IL4,IL12R,IL12,IFNgR,IFNg,GATA3 -> SOCS1
IL12,SOCS1,STAT6,TBet / STAT4,IL4R,IL4,IL12R,IFNgR,IFNg,GATA3 -> SOCS1
IFNg,SOCS1,STAT1,STAT6,TBet / IL4R,IL4,IL12,GATA3 -> SOCS1
IFNg,SOCS1,STAT1,TBet / IL4R,IL4,IL12,IFNgR,GATA3 -> SOCS1
SOCS1,STAT1,TBet / STAT6,STAT4,IL4R,IL4,IL12R,IL12,IFNgR,GATA3 -> SOCS1
SOCS1,STAT1,TBet / STAT6,IL4R,IL4,IL12R,IL12,IFNgR,GATA3 -> SOCS1
SOCS1,STAT1,TBet / STAT6,IL4R,IL4,IL12,IFNgR,GATA3 -> SOCS1
IFNg,SOCS1,TBet / IL4R,IL4,IL12,IFNgR,GATA3 -> SOCS1
SOCS1,TBet / STAT6,STAT4,IL4R,IL4,IL12R,IL12,IFNgR,GATA3 -> SOCS1
IL12,IL12R,STAT1 / STAT6,STAT4,SOCS1,IL4R,IL4,IFNgR,IFNg,GATA3 -> SOCS1
GATA3,IFNgR,IL4,SOCS1,STAT1,STAT4 / TBet,STAT6,IL4R,IL12R,IL12,IFNg -> SOCS1
GATA3,IL4,SOCS1,STAT1,STAT4 / TBet,STAT6,IL4R,IL12R,IL12,IFNg -> SOCS1

% 1010 samples (max h ~ 0.0015221113040123457)
IFNg,IL4,SOCS1,STAT1,STAT4,STAT6,TBet / IL4R,IL12,IFNgR,GATA3 -< STAT1
IFNg,IL4,SOCS1,STAT1,STAT4,TBet / IL4R,IL12R,IL12,IFNgR,GATA3 -< STAT1
GATA3,IL4,SOCS1,STAT1,STAT4 / TBet,STAT6,IL4R,IL12R,IL12,IFNgR,IFNg -< STAT1
IFNg,SOCS1,STAT1,STAT4,TBet / STAT6,IL4R,IL12R,IL12,IFNgR,GATA3 -< STAT1
IFNg,SOCS1,STAT1,STAT4,TBet / STAT6,IL4R,IL4,IL12,IFNgR,GATA3 -< STAT1
IFNg,IL12,IL12R,SOCS1,STAT1,STAT4,TBet / IL4R,IL4,IFNgR,GATA3 -< STAT1
IL12,IL12R,SOCS1,STAT1,STAT4,TBet / STAT6,IL4R,IL4,IFNgR,GATA3 -< STAT1
IFNg,IL12R,SOCS1,STAT1,STAT4,TBet / STAT6,IL4R,IL4,IFNgR,GATA3 -< STAT1
IL12,SOCS1,STAT1,STAT6,TBet / STAT4,IL4R,IL4,IL12R,IFNgR,IFNg,GATA3 -< STAT1
IFNg,SOCS1,STAT1,TBet / STAT6,IL4R,IL4,IL12R,IL12,IFNgR,GATA3 -< STAT1

% 141 samples (max h ~ 0.0002124927662037037)
IFNgR,IL4,SOCS1,STAT1,STAT4,TBet / STAT6,IL4R,IL12R,IL12,IFNg,GATA3 -> STAT1
IFNgR,IL12R,SOCS1,STAT1,STAT4,TBet / STAT6,IL4R,IL4,IL12,IFNg,GATA3 -> STAT1
GATA3,IFNgR,IL4,SOCS1,STAT4 / TBet,STAT6,IL4R,IL12R,IL12,IFNg -> STAT1
IFNgR,IL12,IL4R,SOCS1,STAT1,STAT6,TBet / STAT4,IL4,IL12R,IFNg,GATA3 -> STAT1
IFNg,IFNgR,IL12R,IL4,IL4R,SOCS1,STAT1,STAT4,STAT6,TBet / IL12,GATA3 -> STAT1
IFNg,IFNgR,IL4,SOCS1,STAT1,STAT4,TBet / STAT6,IL4R,IL12R,IL12,GATA3 -> STAT1
IFNgR,IL4,SOCS1,STAT1,STAT4,TBet / STAT6,IL4R,IL12R,IL12,GATA3 -> STAT1
IFNg,IFNgR,IL12R,SOCS1,STAT1,STAT4,TBet / STAT6,IL4R,IL4,IL12,GATA3 -> STAT1
IFNgR,IL12R,SOCS1,STAT1,STAT4,TBet / STAT6,IL4R,IL4,IL12,GATA3 -> STAT1
IFNg,IFNgR,IL12R,IL4,IL4R,SOCS1,STAT4,STAT6,TBet / IL12,GATA3 -> STAT1

% 75 samples (max h ~ 0.00011302806712962963)
IFNg,IL4,SOCS1,STAT4,STAT6,TBet / IL4R,IL12R,IL12,IFNgR,GATA3 -< STAT4
IFNg,IL4,SOCS1,STAT1,STAT4,TBet / IL4R,IL12R,IL12,IFNgR,GATA3 -< STAT4
IFNgR,IL4,SOCS1,STAT1,STAT4,TBet / STAT6,IL4R,IL12R,IL12,GATA3 -< STAT4
IFNg,IL4,SOCS1,STAT1,STAT4,TBet / STAT6,IL4R,IL12R,IL12,GATA3 -< STAT4
IFNg,SOCS1,STAT4,STAT6,TBet / STAT1,IL4R,IL12R,IL12,IFNgR,GATA3 -< STAT4
IFNg,SOCS1,STAT1,STAT4,TBet / STAT6,IL4R,IL12R,IL12,IFNgR,GATA3 -< STAT4
IL4,SOCS1,STAT4 / TBet,STAT6,STAT1,IL4R,IL12R,IL12,IFNgR,IFNg,GATA3 -< STAT4
GATA3,IL4,SOCS1,STAT4 / TBet,STAT6,IL4R,IL12R,IL12,IFNgR,IFNg -< STAT4
IL4,SOCS1,STAT4 / TBet,STAT6,STAT1,IL4R,IL12R,IL12,IFNgR,IFNg -< STAT4
GATA3,IL4,SOCS1,STAT1,STAT4 / TBet,STAT6,IL4R,IL12R,IL12,IFNg -< STAT4

% 3541 samples (max h ~ 0.00533643180941358)
IFNg,IFNgR,IL12R,IL4,IL4R,SOCS1,STAT1,STAT4,STAT6,TBet / IL12,GATA3 -> STAT4
IFNg,IFNgR,IL12R,SOCS1,STAT1,STAT4,TBet / STAT6,IL4R,IL4,IL12,GATA3 -> STAT4
IFNgR,IL12R,SOCS1,STAT1,STAT4,TBet / STAT6,IL4R,IL4,IL12,GATA3 -> STAT4
IFNgR,IL12R,SOCS1,STAT1,TBet / STAT6,IL4R,IL4,IL12,IFNg,GATA3 -> STAT4
IFNg,IFNgR,IL12R,IL4,IL4R,SOCS1,STAT6,TBet / STAT4,STAT1,IL12,GATA3 -> STAT4
IFNg,IL12R,IL4,SOCS1,STAT1,STAT4,STAT6,TBet / IL4R,IL12,IFNgR,GATA3 -> STAT4
IFNg,IL12R,SOCS1,STAT1,STAT4,TBet / STAT6,IL4R,IL4,IL12,IFNgR,GATA3 -> STAT4
IFNg,IL12R,SOCS1,STAT1,STAT4,TBet / STAT6,IL4R,IL4,IL12,GATA3 -> STAT4
IL12,IL12R,SOCS1,STAT1,STAT4,TBet / IL4R,IL4,IFNgR,GATA3 -> STAT4
IFNg,IL12,IL12R,SOCS1,STAT4,TBet / IL4R,IL4,IFNgR,GATA3 -> STAT4
IFNg,IL12R,SOCS1,STAT1,STAT4,TBet / STAT6,IL4R,IL4,IFNgR,GATA3 -> STAT4
IL12,IL12R,SOCS1,STAT1,TBet / STAT6,IL4R,IL4,IFNgR,IFNg,GATA3 -> STAT4
IL12,IL12R,SOCS1,STAT1,STAT4,STAT6 / IL4R,IL4,IFNgR,IFNg,GATA3 -> STAT4
IFNgR,IL12R,STAT1,TBet / STAT6,IL4R,IL4,IL12,IFNg,GATA3 -> STAT4

% 360 samples (max h ~ 0.0005425347222222222)
IFNg,IL12R,IL4,SOCS1,STAT1,STAT4,STAT6,TBet / IL4R,IL12,GATA3 -< STAT6
IFNg,IL4,SOCS1,STAT1,STAT4,STAT6,TBet / IL4R,IL12,IFNgR,GATA3 -< STAT6
IFNg,SOCS1,STAT4,STAT6,TBet / STAT1,IL4R,IL4,IL12R,IL12,IFNgR,GATA3 -< STAT6
IFNg,IL12,IL12R,SOCS1,STAT1,STAT4,STAT6,TBet / IL4R,IL4,IFNgR,GATA3 -< STAT6
IFNg,IL12,IL12R,SOCS1,STAT4,STAT6,TBet / IL4R,IL4,IFNgR,GATA3 -< STAT6
IFNg,SOCS1,STAT6,TBet / STAT1,IL4R,IL4,IL12R,IL12,IFNgR,GATA3 -< STAT6
SOCS1,STAT6,TBet / STAT4,STAT1,IL4R,IL4,IL12R,IL12,IFNgR,GATA3 -< STAT6
IL12,SOCS1,STAT1,STAT6,TBet / STAT4,IL4R,IL4,IL12R,IFNg,GATA3 -< STAT6
IL12,SOCS1,STAT6,TBet / STAT4,IL4R,IL4,IL12R,IFNgR,IFNg,GATA3 -< STAT6
SOCS1,STAT6,TBet / STAT4,STAT1,IL4R,IL4,IL12R,IFNgR,IFNg,GATA3 -< STAT6

% 51 samples (max h ~ 7.685908564814815e-5)
IFNg,IFNgR,IL12R,IL4,IL4R,SOCS1,STAT1,STAT4,STAT6,TBet / IL12,GATA3 -> STAT6
IFNgR,IL12,IL4R,SOCS1,STAT1,STAT6,TBet / STAT4,IL4,IL12R,IFNg,GATA3 -> STAT6

% 0 samples (max h ~ 0)
% _ -< TBet

% 298528 samples (max h ~ 0.44989390432098764)
IFNg,IFNgR,IL12R,IL4,SOCS1,STAT1,STAT4,STAT6,TBet / IL12,GATA3 -> TBet
IFNg,IFNgR,IL4,SOCS1,STAT1,STAT4,STAT6,TBet / IL4R,IL12,GATA3 -> TBet
IFNg,IFNgR,IL4,SOCS1,STAT1,STAT4,TBet / IL4R,IL12R,IL12,GATA3 -> TBet
IFNgR,IL4,SOCS1,STAT1,STAT4,TBet / STAT6,IL4R,IL12R,IL12,GATA3 -> TBet
IFNg,IFNgR,IL12R,IL4,IL4R,SOCS1,STAT4,STAT6,TBet / IL12,GATA3 -> TBet
IFNgR,SOCS1,STAT1,STAT4,TBet / STAT6,IL4R,IL4,IL12R,IL12,IFNg,GATA3 -> TBet
IFNgR,SOCS1,STAT1,STAT4,TBet / STAT6,IL4R,IL12R,IL12,IFNg,GATA3 -> TBet
IFNgR,SOCS1,STAT1,STAT4,TBet / STAT6,IL4R,IL4,IL12,IFNg,GATA3 -> TBet
IFNgR,IL12,SOCS1,STAT1,STAT6,TBet / STAT4,IL4R,IL4,IL12R,IFNg,GATA3 -> TBet
IFNgR,IL12,SOCS1,STAT1,STAT6,TBet / STAT4,IL4,IL12R,IFNg,GATA3 -> TBet
IFNg,IFNgR,SOCS1,STAT1,STAT4,STAT6,TBet / IL4R,IL12,GATA3 -> TBet
IFNg,IFNgR,SOCS1,STAT1,STAT4,TBet / IL4R,IL12R,IL12,GATA3 -> TBet
IFNg,IFNgR,SOCS1,STAT1,STAT4,TBet / IL4R,IL4,IL12,GATA3 -> TBet
IFNgR,SOCS1,STAT1,STAT4,TBet / STAT6,IL4R,IL4,IL12,GATA3 -> TBet
IFNgR,SOCS1,STAT1,STAT4,TBet / STAT6,IL4R,IL12R,IL12,GATA3 -> TBet
IFNg,SOCS1,STAT1,STAT4,STAT6,TBet / IL4R,IL12,GATA3 -> TBet
IFNg,SOCS1,STAT1,STAT4,TBet / IL4R,IL12R,IL12,GATA3 -> TBet
IFNg,SOCS1,STAT1,STAT4,TBet / IL4R,IL4,IL12,GATA3 -> TBet
IFNg,IL12R,SOCS1,STAT1,STAT4,TBet / IL4R,IL4,IFNgR,GATA3 -> TBet
IFNg,IL12,IL12R,STAT1,STAT4,STAT6,TBet / IL4R,IL4,IFNgR,GATA3 -> TBet
IFNg,IL12,IL12R,STAT1,STAT4,STAT6 / SOCS1,IL4R,IL4,IFNgR,GATA3 -> TBet
IL12,IL12R,SOCS1,STAT1,STAT4,TBet / IL4R,IL4,IFNgR,GATA3 -> TBet
IL12R,SOCS1,STAT1,STAT4,TBet / STAT6,IL4R,IL4,IFNgR,GATA3 -> TBet
SOCS1,STAT1,STAT4,TBet / STAT6,IL4R,IL4,IL12,IFNgR,GATA3 -> TBet
SOCS1,STAT1,STAT4,TBet / STAT6,IL4R,IL4,IL12,GATA3 -> TBet
IL12,IL12R,SOCS1,STAT1,STAT4,STAT6 / IL4R,IL4,IFNgR,IFNg,GATA3 -> TBet
IFNg,IL12R,IL4,SOCS1,STAT4,STAT6,TBet / IL4R,IL12,IFNgR,GATA3 -> TBet
IFNg,IL4,SOCS1,STAT4,STAT6,TBet / IL4R,IL12,IFNgR,GATA3 -> TBet
IFNg,SOCS1,STAT4,STAT6,TBet / IL4R,IL12,IFNgR,GATA3 -> TBet
IFNg,SOCS1,STAT4,TBet / IL4R,IL4,IL12,IFNgR,GATA3 -> TBet
IFNg,IL12R,SOCS1,STAT4,TBet / IL4R,IL4,IFNgR,GATA3 -> TBet
SOCS1,STAT1,TBet / STAT6,IL4R,IL4,IL12R,IL12,IFNgR,IFNg,GATA3 -> TBet
IL12,SOCS1,STAT1,STAT6,TBet / STAT4,IL4R,IL4,IL12R,IFNgR,IFNg,GATA3 -> TBet
IL12,SOCS1,STAT1,STAT6,TBet / STAT4,IL4R,IL4,IL12R,IFNg,GATA3 -> TBet
SOCS1,TBet / STAT6,STAT4,IL4R,IL4,IL12R,IL12,IFNgR,IFNg,GATA3 -> TBet
IL12,SOCS1,STAT6,TBet / STAT4,IL4R,IL4,IL12R,IFNgR,IFNg,GATA3 -> TBet
IL12,IL12R,SOCS1,STAT1 / TBet,STAT6,STAT4,IL4R,IL4,IFNgR,IFNg,GATA3 -> TBet
IFNg,SOCS1,STAT1,TBet / IL4R,IL4,IL12R,IL12,IFNgR,GATA3 -> TBet
SOCS1,STAT1,TBet / STAT6,IL4R,IL4,IL12R,IL12,IFNgR,GATA3 -> TBet
IFNg,SOCS1,TBet / IL4R,IL4,IL12R,IL12,IFNgR,GATA3 -> TBet
SOCS1,TBet / STAT6,STAT4,IL4R,IL4,IL12R,IL12,IFNgR,GATA3 -> TBet
true.


