% Maxmimum K used: 3
% minimum number of samples for h=1: 663552

% 1834 samples (max h ~ 0.00276391300154321)
GATA3,IFNgR,IL12,IL12R,IL4,IL4R,SOCS1,STAT1,STAT4,STAT6,TBet -< GATA3
GATA3,IFNg,IL12,IL12R,IL4,SOCS1,STAT1,STAT4,TBet / STAT6,IL4R,IFNgR -< GATA3
GATA3,IFNg,IL12R,IL4,SOCS1,STAT1,STAT4,TBet / STAT6,IL4R,IFNgR -< GATA3
GATA3,IFNg,IL12R,IL4,SOCS1,STAT1,STAT4,TBet / STAT6,IL4R,IL12 -< GATA3
GATA3,IL12,IL12R,IL4,SOCS1,STAT1 / TBet,STAT6,STAT4,IL4R,IFNgR,IFNg -< GATA3
GATA3,IFNg,IL4,SOCS1,STAT1,STAT4,TBet / STAT6,IL4R,IL12R,IL12,IFNgR -< GATA3
GATA3,IFNg,IL4,SOCS1,STAT1,STAT4,TBet / STAT6,IL4R,IL12,IFNgR -< GATA3
GATA3,IFNg,IL4,SOCS1,STAT1 / TBet,STAT6,STAT4,IL4R,IL12R,IL12,IFNgR -< GATA3
GATA3,IL4,SOCS1,STAT1 / TBet,STAT6,STAT4,IL4R,IL12R,IL12,IFNgR,IFNg -< GATA3
GATA3,IL4,SOCS1,STAT1 / TBet,STAT6,STAT4,IL4R,IL12R,IL12,IFNgR -< GATA3
GATA3,IFNg,IL12,IL4,SOCS1,STAT4,STAT6,TBet / STAT1,IL12R,IFNgR -< GATA3
GATA3,IFNg,IL12,IL4,SOCS1,STAT4,TBet / STAT1,IL4R,IL12R,IFNgR -< GATA3
GATA3,IFNg,IL4,SOCS1,STAT4,STAT6,TBet / STAT1,IL12R,IFNgR -< GATA3
GATA3,IFNg,IL4,SOCS1,STAT4,TBet / STAT1,IL4R,IL12R,IL12,IFNgR -< GATA3
GATA3,IFNg,IL4,SOCS1,STAT4,TBet / STAT1,IL4R,IL12R,IFNgR -< GATA3
GATA3,IFNg,IL4,SOCS1,STAT4,TBet / STAT6,IL4R,IL12R,IL12,IFNgR -< GATA3
GATA3,IFNg,IL4,SOCS1,TBet / STAT1,IL4R,IL12R,IFNgR -< GATA3
GATA3,IL4,SOCS1,TBet / STAT4,STAT1,IL4R,IL12R,IL12,IFNgR -< GATA3
GATA3,IL4,SOCS1 / STAT6,STAT4,STAT1,IL4R,IL12R,IL12,IFNgR,IFNg -< GATA3
GATA3,IL4,SOCS1 / TBet,STAT6,STAT4,IL4R,IL12R,IL12,IFNgR,IFNg -< GATA3
GATA3,IFNg,IL12,IL12R,IL4,SOCS1,STAT4,TBet / STAT6,IL4R,IFNgR -< GATA3
GATA3,IFNg,IL12,IL12R,IL4,SOCS1,TBet / STAT6,STAT1,IL4R,IFNgR -< GATA3
GATA3,IL12,IL12R,IL4,SOCS1,TBet / STAT6,STAT4,STAT1,IL4R,IFNgR -< GATA3
GATA3,IL12,IL12R,IL4,SOCS1 / STAT6,STAT4,STAT1,IL4R,IFNgR,IFNg -< GATA3
GATA3,IL12,IL12R,IL4,SOCS1 / TBet,STAT6,STAT4,IL4R,IFNgR,IFNg -< GATA3
GATA3,IFNg,IL12,IL4,SOCS1,STAT4,TBet / STAT6,STAT1,IL4R,IFNgR -< GATA3
GATA3,IFNg,IL12,IL4,SOCS1,TBet / STAT6,STAT1,IL4R,IFNgR -< GATA3
GATA3,IFNg,IL4R,SOCS1,STAT1,STAT4 / TBet,STAT6,IL4,IL12R,IL12,IFNgR -< GATA3
GATA3,IFNg,SOCS1,STAT1 / TBet,STAT6,STAT4,IL4R,IL12R,IL12,IFNgR -< GATA3
GATA3,SOCS1,STAT1 / TBet,STAT6,STAT4,IL4R,IL12R,IL12,IFNgR,IFNg -< GATA3
GATA3,SOCS1,STAT1 / TBet,STAT6,STAT4,IL4R,IL12R,IL12,IFNgR -< GATA3
GATA3,IL12,IL12R,SOCS1,STAT1 / TBet,STAT6,STAT4,IL4R,IFNgR,IFNg -< GATA3
GATA3,IL12,IL12R,SOCS1 / TBet,STAT6,STAT4,IL4R,IFNgR,IFNg -< GATA3
GATA3,IL4,IL4R / TBet,STAT6,STAT4,STAT1,SOCS1,IL12R,IL12,IFNgR,IFNg -< GATA3

% 53173 samples (max h ~ 0.08013388551311729)
GATA3,IL4R,SOCS1,STAT1,STAT4,STAT6 / TBet,IL12R,IFNg -> GATA3
GATA3,IL4R,SOCS1,STAT1,STAT4,STAT6 / TBet,IL4,IFNg -> GATA3
IL4,IL4R,SOCS1,STAT1,STAT4,STAT6 / TBet,IL12R,IL12,IFNg -> GATA3
IL12R,IL4R,SOCS1,STAT1,STAT4,STAT6 / TBet,IL4,IL12,IFNg -> GATA3
GATA3,IFNgR,IL12R,IL4R,SOCS1,STAT1,STAT4,STAT6 / TBet,IL4 -> GATA3
GATA3,IL4R,SOCS1,STAT1,STAT4,STAT6 / TBet,IL4,IL12R,IL12,IFNgR -> GATA3
GATA3,IFNg,IFNgR,IL12R,IL4R,STAT1,STAT4,STAT6 / TBet,IL4 -> GATA3
GATA3,IFNgR,IL4,IL4R,STAT1,STAT4,STAT6 / TBet,IL12R,IFNg -> GATA3
GATA3,IL12,IL4R,SOCS1,STAT1,STAT6 / TBet,IL12R,IFNg -> GATA3
GATA3,IL4R,SOCS1,STAT1,STAT6 / TBet,IL12R,IFNgR,IFNg -> GATA3
GATA3,IL4R,SOCS1,STAT1,STAT6 / TBet,IL4,IL12R,IL12,IFNgR -> GATA3
GATA3,IFNgR,IL12,IL4,IL4R,STAT1,STAT6 / TBet,IL12R,IFNg -> GATA3
GATA3,IFNgR,IL12,IL12R,IL4R,SOCS1,STAT1,STAT6 / TBet,IL4 -> GATA3
GATA3,IFNgR,IL12,IL4R,SOCS1,STAT1,STAT6 / TBet,IL4,IFNg -> GATA3
GATA3,IL12,IL4R,SOCS1,STAT1,STAT6 / TBet,IL4,IFNg -> GATA3
IL12,IL12R,IL4,IL4R,STAT4,STAT6 / TBet,STAT1,SOCS1,IFNgR,IFNg,GATA3 -> GATA3
IFNg,IFNgR,IL12,IL12R,IL4R,STAT4,STAT6 / TBet,STAT1,SOCS1,IL4,GATA3 -> GATA3
IL4,IL4R,STAT6 / TBet,STAT4,STAT1,SOCS1,IL12R,IL12,IFNgR,IFNg,GATA3 -> GATA3
GATA3,IL12,IL4,IL4R,STAT4,STAT6 / TBet,STAT1,SOCS1,IFNgR,IFNg -> GATA3
IL12,IL12R,IL4,IL4R,STAT4,STAT6 / TBet,STAT1,SOCS1,IFNgR,IFNg -> GATA3
GATA3,IL12,IL4,IL4R,STAT6 / TBet,STAT1,SOCS1,IL12R,IFNgR,IFNg -> GATA3
GATA3,IL4,IL4R,STAT6 / TBet,STAT4,STAT1,SOCS1,IL12R,IFNgR,IFNg -> GATA3
IL4,IL4R,STAT6 / TBet,STAT4,STAT1,SOCS1,IL12R,IL12,IFNgR,IFNg -> GATA3
GATA3,IL4,IL4R,SOCS1,STAT6 / TBet,STAT4,IL12R,IFNgR,IFNg -> GATA3
GATA3,IL4,IL4R,STAT6 / TBet,STAT4,STAT1,IL12R,IFNgR,IFNg -> GATA3
GATA3,SOCS1,STAT1,STAT4,STAT6 / TBet,IL12R,IL12,IFNg -> GATA3
GATA3,IL12,SOCS1,STAT1,STAT6 / TBet,STAT4,IL12R,IFNg -> GATA3
GATA3,SOCS1,STAT1,STAT6 / TBet,IL12R,IL12,IFNgR,IFNg -> GATA3
GATA3,SOCS1,STAT1,STAT6 / TBet,STAT4,IL12R,IFNgR,IFNg -> GATA3
GATA3,SOCS1,STAT1,STAT4,STAT6 / TBet,IL4,IL12R,IL12,IFNgR -> GATA3
GATA3,SOCS1,STAT1,STAT6 / TBet,IL4,IL12R,IL12,IFNgR -> GATA3
GATA3,SOCS1,STAT1,STAT4,STAT6 / TBet,IL4R,IL12R,IL12,IFNgR -> GATA3
GATA3,SOCS1,STAT1,STAT6 / TBet,IL4R,IL12R,IL12,IFNgR -> GATA3
GATA3,IFNgR,IL12,IL4,STAT1,STAT6 / TBet,STAT4,IL12R,IFNg -> GATA3
GATA3,IFNgR,IL12R,SOCS1,STAT1,STAT4,STAT6 / TBet,IL4,IL12 -> GATA3
GATA3,IL12R,SOCS1,STAT1,STAT4,STAT6 / TBet,IL4,IL12,IFNg -> GATA3
GATA3,SOCS1,STAT1,STAT4,STAT6 / TBet,IL4,IL12,IFNg -> GATA3
GATA3,IFNgR,IL12,IL12R,SOCS1,STAT1,STAT6 / TBet,STAT4,IL4 -> GATA3
GATA3,IFNgR,IL12,SOCS1,STAT1,STAT6 / TBet,STAT4,IL4,IFNg -> GATA3
GATA3,IL12,SOCS1,STAT1,STAT6 / TBet,STAT4,IL4,IFNg -> GATA3
GATA3,IL4,SOCS1,STAT6 / TBet,STAT4,IL12R,IL12,IFNgR,IFNg -> GATA3

% 1443 samples (max h ~ 0.002174660011574074)
IFNg,IL12,SOCS1,STAT1,STAT6,TBet / STAT4,IL4R,IL4,IL12R,IFNgR,GATA3 -< IFNg
IFNg,IFNgR,IL12,SOCS1,STAT1,STAT6,TBet / STAT4,IL4,IL12R,GATA3 -< IFNg
IFNg,IL12,SOCS1,STAT1,STAT6,TBet / STAT4,IL4R,IL4,IL12R,GATA3 -< IFNg
IFNg,IL12,SOCS1,STAT6,TBet / STAT4,IL4R,IL4,IL12R,IFNgR,GATA3 -< IFNg
IFNg,IL12,SOCS1,STAT6,TBet / STAT4,STAT1,IL4R,IL12R,IFNgR,GATA3 -< IFNg
IFNg,IL4,SOCS1,TBet / STAT6,STAT4,STAT1,IL4R,IL12R,IL12,IFNgR,GATA3 -< IFNg
IFNg,SOCS1,TBet / STAT6,STAT4,STAT1,IL4R,IL4,IL12R,IL12,IFNgR,GATA3 -< IFNg
IFNg,SOCS1,TBet / STAT6,STAT4,STAT1,IL4R,IL12R,IL12,IFNgR,GATA3 -< IFNg
IFNg,IFNgR,IL12,IL12R,IL4,IL4R,SOCS1,STAT1,STAT4,STAT6 / TBet,GATA3 -< IFNg
IFNg,IFNgR,IL12,IL12R,IL4R,SOCS1,STAT1,STAT4,STAT6 / TBet,GATA3 -< IFNg
IFNg,IFNgR,IL12,IL4R,STAT1,STAT6,TBet / STAT4,IL4,IL12R,GATA3 -< IFNg
IFNg,IFNgR,IL12,IL12R,IL4R,STAT1,STAT4,STAT6 / TBet,IL4,GATA3 -< IFNg
IFNg,IFNgR,IL12,IL12R,IL4R,STAT4,STAT6 / TBet,SOCS1,IL4,GATA3 -< IFNg
IFNg,IFNgR,IL12,IL12R,IL4R,STAT4,STAT6 / TBet,STAT1,SOCS1,IL4 -< IFNg
GATA3,IFNg,IL12,IL4,SOCS1,STAT6,TBet / STAT4,STAT1,IL12R,IFNgR -< IFNg
GATA3,IFNg,IL4,SOCS1,STAT6,TBet / STAT4,STAT1,IL12R,IFNgR -< IFNg
IFNg,IL12,IL4,SOCS1,STAT6,TBet / STAT4,STAT1,IL4R,IL12R,IFNgR -< IFNg
GATA3,IFNg,IL12,IL12R,IL4,SOCS1,TBet / STAT6,STAT4,STAT1,IL4R,IFNgR -< IFNg
GATA3,IFNg,IL4,SOCS1,TBet / STAT4,STAT1,IL4R,IL12R,IL12,IFNgR -< IFNg
IFNg,IL4,SOCS1,TBet / STAT6,STAT4,STAT1,IL4R,IL12R,IL12,IFNgR -< IFNg
GATA3,IFNg,IL4,IL4R,SOCS1,STAT1,STAT4,STAT6 / TBet,IL12R,IL12,IFNgR -< IFNg
IFNg,IFNgR,IL12,IL12R,IL4R,SOCS1,STAT1,STAT4,STAT6 / TBet,IL4 -< IFNg
GATA3,IFNg,IFNgR,IL12R,IL4R,SOCS1,STAT1,STAT4,STAT6 / TBet,IL4 -< IFNg
GATA3,IFNg,IL4R,SOCS1,STAT1,STAT4,STAT6 / TBet,IL12R,IL12,IFNgR -< IFNg
GATA3,IFNg,IL4,SOCS1,STAT1,STAT4,STAT6 / TBet,IL12R,IL12,IFNgR -< IFNg
GATA3,IFNg,SOCS1,STAT1,STAT4,STAT6 / TBet,IL12R,IL12,IFNgR -< IFNg
GATA3,IFNg,IFNgR,IL12R,SOCS1,STAT1,STAT4,STAT6 / TBet,IL4,IL12 -< IFNg
GATA3,IFNg,IL4R,SOCS1,STAT1,STAT4 / TBet,IL4,IL12R,IL12,IFNgR -< IFNg
IFNg,IFNgR,IL12,IL12R,IL4R,STAT1,STAT4,STAT6 / TBet,IL4 -< IFNg
GATA3,IFNg,IFNgR,IL12R,IL4R,STAT1,STAT4,STAT6 / TBet,IL4 -< IFNg
IFNg,IFNgR,IL12,IL12R,IL4R,STAT4,STAT6 / TBet,SOCS1,IL4 -< IFNg
GATA3,IFNg,SOCS1,STAT1,STAT6 / TBet,IL12R,IL12,IFNgR -< IFNg
GATA3,IFNg,IFNgR,IL12,IL12R,IL4R,SOCS1,STAT1,STAT6 / TBet,IL4 -< IFNg
GATA3,IFNg,IFNgR,IL12,IL12R,SOCS1,STAT1,STAT6 / TBet,STAT4,IL4 -< IFNg
GATA3,IFNg,IL4,SOCS1,STAT1 / TBet,STAT4,IL4R,IL12R,IL12,IFNgR -< IFNg
GATA3,IFNg,SOCS1,STAT1 / TBet,STAT4,IL4R,IL12R,IL12,IFNgR -< IFNg

% 99968 samples (max h ~ 0.15065586419753085)
IFNgR,IL12,IL12R,IL4,IL4R,SOCS1,STAT1,STAT4,STAT6,TBet -> IFNg
IL12,IL12R,IL4,IL4R,SOCS1,STAT1,STAT4,STAT6,TBet / GATA3 -> IFNg
IFNg,IL12,IL4,IL4R,SOCS1,STAT1,STAT4,STAT6,TBet / GATA3 -> IFNg
GATA3,IFNg,IL12,IL4,IL4R,SOCS1,STAT4,STAT6,TBet / STAT1,IL12R,IFNgR -> IFNg
GATA3,IFNg,IL4,IL4R,SOCS1,STAT4,STAT6,TBet / STAT1,IL12R,IFNgR -> IFNg
IFNg,IL12,IL12R,IL4R,SOCS1,STAT1,STAT4,STAT6,TBet / IFNgR,GATA3 -> IFNg
IFNg,IL12,IL12R,IL4,SOCS1,STAT1,STAT4,STAT6,TBet / GATA3 -> IFNg
IFNg,IL12,IL12R,IL4,SOCS1,STAT4,STAT6,TBet / IL4R,IFNgR,GATA3 -> IFNg
IFNg,IL12,IL12R,IL4,SOCS1,STAT4,TBet / STAT1,IL4R,IFNgR,GATA3 -> IFNg
IFNg,IL12R,IL4,SOCS1,STAT1,STAT4,TBet / STAT6,IL4R,IL12,IFNgR,GATA3 -> IFNg
IFNg,IL12R,IL4,SOCS1,STAT4,TBet / STAT6,IL4R,IL12,IFNgR,GATA3 -> IFNg
IFNg,IL12R,IL4,SOCS1,STAT4,TBet / STAT6,STAT1,IL4R,IFNgR,GATA3 -> IFNg
GATA3,IFNg,IFNgR,IL12R,IL4,SOCS1,STAT1,STAT4,TBet / STAT6,IL4R,IL12 -> IFNg
IFNg,IL12R,IL4,SOCS1,STAT4,TBet / STAT6,STAT1,IL4R,IL12,IFNgR -> IFNg
IFNg,IL12R,IL4,SOCS1,STAT4,TBet / STAT6,STAT1,IL4R,IFNgR -> IFNg
IL12,IL12R,IL4,SOCS1,STAT4,TBet / STAT6,STAT1,IL4R,IFNgR,GATA3 -> IFNg
IL12R,IL4,SOCS1,STAT1,STAT4,TBet / STAT6,IL4R,IL12,IFNgR,GATA3 -> IFNg
IFNg,IL12,IL12R,SOCS1,STAT1,STAT4,STAT6,TBet / IFNgR,GATA3 -> IFNg
IFNg,IL12,IL12R,SOCS1,STAT4,STAT6,TBet / IL4R,IFNgR,GATA3 -> IFNg
IFNg,IL12,IL12R,SOCS1,STAT4,TBet / STAT1,IL4R,IFNgR,GATA3 -> IFNg
IFNg,IL12,IL4,SOCS1,STAT1,STAT4,STAT6,TBet / IFNgR,GATA3 -> IFNg
IFNg,IL12,IL4,SOCS1,STAT4,STAT6,TBet / IL4R,IL12R,IFNgR,GATA3 -> IFNg
IFNg,IL12,IL4,SOCS1,STAT4,STAT6,TBet / IL4R,IFNgR,GATA3 -> IFNg
IFNg,IL4,SOCS1,STAT4,TBet / STAT6,STAT1,IL4R,IL12,IFNgR,GATA3 -> IFNg
IFNg,IL12,SOCS1,STAT4,STAT6,TBet / IL4R,IFNgR,GATA3 -> IFNg
IFNg,SOCS1,STAT4,TBet / STAT6,STAT1,IL4R,IL12R,IL12,IFNgR,GATA3 -> IFNg
GATA3,IL12,IL4,IL4R,STAT4,STAT6,TBet / STAT1,SOCS1,IL12R,IFNgR,IFNg -> IFNg

% 795 samples (max h ~ 0.001198097511574074)
IFNg,IFNgR,IL12,IL12R,IL4,SOCS1,STAT1,STAT4,STAT6,TBet -< IFNgR
IFNgR,IL12,IL12R,IL4,IL4R,SOCS1,STAT1,STAT4,STAT6,TBet / GATA3 -< IFNgR
IFNgR,IL12,IL12R,IL4,IL4R,SOCS1,STAT1,STAT4,STAT6 / IFNg,GATA3 -< IFNgR
IFNgR,IL12,IL12R,IL4,IL4R,SOCS1,STAT1,STAT4,STAT6 / TBet,IFNg -< IFNgR
GATA3,IFNgR,IL12,IL12R,SOCS1,STAT1,STAT6 / TBet,STAT4,IL4R,IL4,IFNg -< IFNgR
GATA3,IFNg,IFNgR,IL12R,SOCS1,STAT1,STAT4,STAT6 / TBet,IL4 -< IFNgR
GATA3,IFNg,IFNgR,IL12,IL12R,SOCS1,STAT1,STAT6 / TBet,IL4 -< IFNgR
GATA3,IFNgR,IL12,IL12R,SOCS1,STAT1,STAT6 / TBet,STAT4,IL4R,IL4 -< IFNgR
GATA3,IFNg,IFNgR,IL12R,IL4,SOCS1,STAT1,STAT4,TBet / STAT6,IL4R,IL12 -< IFNgR
IFNg,IFNgR,IL12,IL4,IL4R,SOCS1,STAT1,STAT4,STAT6,TBet / GATA3 -< IFNgR
IFNg,IFNgR,IL12,IL4R,SOCS1,STAT1,STAT6,TBet / STAT4,IL4,IL12R,GATA3 -< IFNgR
IFNg,IFNgR,IL12,SOCS1,STAT1,STAT6,TBet / STAT4,IL4,IL12R,GATA3 -< IFNgR
IFNgR,IL12,IL4,IL4R,SOCS1,STAT1,STAT4,STAT6 / TBet,IFNg,GATA3 -< IFNgR
IFNgR,IL4,IL4R,SOCS1,STAT1,STAT4,STAT6 / TBet,IL12R,IFNg,GATA3 -< IFNgR
IFNgR,IL12,IL4,IL4R,SOCS1,STAT1,STAT4,STAT6 / TBet,IFNg -< IFNgR
GATA3,IFNgR,IL4,IL4R,SOCS1,STAT1,STAT4,STAT6 / TBet,IL12R,IFNg -< IFNgR
IFNgR,IL4,IL4R,SOCS1,STAT1,STAT4,STAT6 / TBet,IL12R,IFNg -< IFNgR
GATA3,IFNgR,IL12,IL4,SOCS1,STAT1,STAT6 / TBet,STAT4,IL4R,IL12R,IFNg -< IFNgR
GATA3,IFNgR,IL12,SOCS1,STAT1,STAT6 / TBet,STAT4,IL4R,IL12R,IFNg -< IFNgR
GATA3,IFNgR,IL12,SOCS1,STAT1,STAT6 / TBet,STAT4,IL4R,IL4,IFNg -< IFNgR
IFNgR,IL12,IL4,IL4R,STAT1,STAT4,STAT6 / TBet,IFNg,GATA3 -< IFNgR
IFNgR,IL4,IL4R,STAT1,STAT4,STAT6 / TBet,IL12R,IFNg,GATA3 -< IFNgR
GATA3,IFNgR,IL12,IL4,STAT1,STAT6 / TBet,STAT4,IL4R,IL12R,IFNg -< IFNgR
IFNgR,IL4,IL4R,STAT4 / TBet,STAT6,STAT1,SOCS1,IL12R,IL12,IFNg,GATA3 -< IFNgR

% 11 samples (max h ~ 1.657744984567901e-5)
IFNg,IFNgR,IL12,IL4R,STAT6,TBet / STAT4,STAT1,SOCS1,IL4,IL12R,GATA3 -> IFNgR
IFNg,IFNgR,IL12,IL12R,IL4R,STAT4,STAT6 / TBet,STAT1,SOCS1,IL4,GATA3 -> IFNgR
IFNg,IFNgR,IL12,IL12R,IL4,IL4R,STAT1,STAT4 / TBet,STAT6,SOCS1,GATA3 -> IFNgR
GATA3,IFNg,IFNgR,IL12R,IL4R,STAT1,STAT4,STAT6 / TBet,SOCS1,IL4 -> IFNgR

% 0 samples (max h ~ 0)
% _ -< IL12

% 0 samples (max h ~ 0)
% _ -> IL12

% 2836 samples (max h ~ 0.004273967978395062)
IFNg,IL12,IL12R,IL4,IL4R,SOCS1,STAT1,STAT4,STAT6,TBet -< IL12R
GATA3,IFNg,IL12,IL12R,IL4,SOCS1,STAT1,STAT4,STAT6,TBet -< IL12R
IFNg,IL12,IL12R,IL4,SOCS1,STAT1,STAT4,STAT6,TBet / IFNgR -< IL12R
IL12,IL12R,IL4,SOCS1,STAT1,STAT4,STAT6 / TBet,IFNgR,IFNg -< IL12R
IFNg,IL12,IL12R,IL4R,SOCS1,STAT1,STAT4,STAT6,TBet / IFNgR,GATA3 -< IL12R
IL12R,IL4R,SOCS1,STAT1,STAT4,STAT6 / TBet,IL4,IL12,IFNgR,IFNg,GATA3 -< IL12R
IL12R,IL4R,SOCS1,STAT1,STAT4,STAT6 / TBet,IL4,IL12,IFNgR,IFNg -< IL12R
GATA3,IL12R,SOCS1,STAT1,STAT4,STAT6 / TBet,IL4,IL12,IFNgR,IFNg -< IL12R
IL12,IL12R,IL4R,SOCS1,STAT1,STAT4,STAT6 / TBet,IFNgR,IFNg -< IL12R
GATA3,IL12,IL12R,SOCS1,STAT1,STAT4,STAT6 / TBet,IFNgR,IFNg -< IL12R
IL12R,IL4R,SOCS1,STAT1,STAT4,STAT6 / TBet,IL4,IFNgR,IFNg -< IL12R
GATA3,IL12R,SOCS1,STAT1,STAT4,STAT6 / TBet,IL4,IFNgR,IFNg -< IL12R
GATA3,IFNg,IL12R,SOCS1,STAT1,STAT4,STAT6 / TBet,IL4,IFNgR -< IL12R
GATA3,IL12R,SOCS1,STAT1,STAT4,STAT6 / TBet,IL4,IL12,IFNgR -< IL12R
GATA3,IL12R,SOCS1,STAT1,STAT4,STAT6 / TBet,IL4,IFNgR -< IL12R
GATA3,IFNg,IL12R,SOCS1,STAT1,STAT4,STAT6 / TBet,IL4 -< IL12R
GATA3,IFNg,IL12R,IL4,SOCS1,STAT1,STAT4,TBet / STAT6,IL4R,IL12 -< IL12R
IFNg,IL12R,IL4,SOCS1,STAT1,STAT4,TBet / STAT6,IL4R,IL12,IFNgR -< IL12R
IL12R,IL4,SOCS1,STAT1,STAT4,TBet / STAT6,IL4R,IL12,IFNgR,GATA3 -< IL12R
IL12R,IL4,SOCS1,STAT1,STAT4 / STAT6,IL4R,IL12,IFNgR,IFNg,GATA3 -< IL12R
GATA3,IL12,IL12R,SOCS1,STAT1,STAT6 / TBet,IL4R,IL4,IFNgR,IFNg -< IL12R
GATA3,IFNg,IFNgR,IL12,IL12R,SOCS1,STAT1,STAT6 / TBet,IL4 -< IL12R
GATA3,IFNgR,IL12,IL12R,SOCS1,STAT1,STAT6 / TBet,STAT4,IL4R,IL4 -< IL12R
GATA3,IL12,IL12R,SOCS1,STAT1,STAT6 / TBet,STAT4,IL4R,IL4,IFNg -< IL12R
IL12R,IL4,SOCS1,STAT1 / TBet,STAT6,IL4R,IL12,IFNgR,IFNg,GATA3 -< IL12R
GATA3,IL12,IL12R,IL4R,STAT1,STAT4,STAT6 / TBet,IL4,IFNgR,IFNg -< IL12R
GATA3,IL12R,IL4R,STAT1,STAT4,STAT6 / TBet,IL4,IFNgR,IFNg -< IL12R
GATA3,IFNg,IFNgR,IL12R,IL4R,STAT1,STAT4,STAT6 / TBet,IL4 -< IL12R
IL12,IL12R,IL4R,STAT1,STAT4,STAT6 / TBet,IL4,IFNgR,IFNg -< IL12R
IL12R,IL4R,STAT1,STAT4,STAT6 / TBet,IL4,IFNgR,IFNg -< IL12R
IFNg,IL12R,IL4,SOCS1,STAT4,TBet / STAT6,IL4R,IL12,IFNgR,GATA3 -< IL12R
IL12,IL12R,IL4,IL4R,STAT4,STAT6 / TBet,STAT1,SOCS1,IFNgR,IFNg,GATA3 -< IL12R
IL12,IL12R,IL4,IL4R,STAT4,STAT6 / TBet,STAT1,SOCS1,IFNgR,IFNg -< IL12R
GATA3,IFNg,IFNgR,IL12,IL12R,IL4R,STAT4,STAT6 / TBet,SOCS1,IL4 -< IL12R

% 4037 samples (max h ~ 0.0060839240933641976)
IFNg,IFNgR,IL12,IL12R,IL4,IL4R,STAT1,STAT4 / TBet,STAT6,SOCS1,GATA3 -> IL12R
IFNg,IFNgR,IL12,IL4,IL4R,STAT1,STAT4 / TBet,STAT6,SOCS1,GATA3 -> IL12R
IFNg,IL12,IL12R,IL4R,SOCS1,STAT1,STAT4 / TBet,STAT6,IL4,IFNgR,GATA3 -> IL12R
IFNg,IL12,IL4R,SOCS1,STAT1,STAT4 / TBet,STAT6,IL4,IFNgR,GATA3 -> IL12R
GATA3,IL12,IL12R,SOCS1,STAT1 / TBet,STAT6,STAT4,IL4R,IL4,IFNgR,IFNg -> IL12R
GATA3,IL12,SOCS1,STAT1 / TBet,STAT6,STAT4,IL4R,IL4,IFNgR,IFNg -> IL12R
IFNg,IL12,IL12R,IL4,SOCS1,STAT4,TBet / STAT6,STAT1,IL4R,IFNgR -> IL12R
IL12,IL12R,IL4,SOCS1,STAT4,TBet / STAT6,STAT1,IL4R,IFNgR,GATA3 -> IL12R
IL12,IL12R,IL4,SOCS1,STAT4 / STAT6,STAT1,IL4R,IFNgR,IFNg,GATA3 -> IL12R
IL12,IL12R,IL4,STAT4 / TBet,STAT6,STAT1,SOCS1,IFNgR,IFNg,GATA3 -> IL12R
IL12,IL12R,IL4,STAT4 / TBet,STAT6,STAT1,IL4R,IFNgR,IFNg,GATA3 -> IL12R
IFNg,IL12,IL12R,SOCS1,STAT4,TBet / STAT6,STAT1,IL4R,IFNgR,GATA3 -> IL12R
IL12,IL12R,SOCS1,STAT4 / TBet,STAT6,STAT1,IL4R,IFNgR,IFNg,GATA3 -> IL12R
IL12,IL12R,STAT4 / TBet,STAT6,STAT1,IL4R,IL4,IFNgR,IFNg,GATA3 -> IL12R
IL12,IL12R,STAT4 / TBet,STAT6,STAT1,SOCS1,IL4R,IFNgR,IFNg,GATA3 -> IL12R
IL12,IL12R,STAT4 / TBet,STAT6,STAT1,IL4R,IFNgR,IFNg,GATA3 -> IL12R
GATA3,IFNg,IL12,IL12R,IL4,SOCS1,TBet / STAT6,STAT1,IL4R,IFNgR -> IL12R
GATA3,IL12,IL12R,IL4,SOCS1,TBet / STAT6,STAT4,STAT1,IL4R,IFNgR -> IL12R
GATA3,IL12,IL12R,IL4,SOCS1 / STAT6,STAT4,STAT1,IL4R,IFNgR,IFNg -> IL12R
IL12,IL12R,IL4,SOCS1 / TBet,STAT6,STAT1,IL4R,IFNgR,IFNg,GATA3 -> IL12R
IL12,IL12R,IL4,SOCS1 / TBet,STAT6,STAT4,STAT1,IL4R,IFNgR,IFNg -> IL12R
GATA3,IL12,IL12R,SOCS1 / TBet,STAT6,STAT4,STAT1,IL4R,IFNgR,IFNg -> IL12R
GATA3,IL12,IL12R,SOCS1 / TBet,STAT6,STAT4,IL4R,IL4,IFNgR,IFNg -> IL12R
GATA3,IFNg,IL12,IL4,SOCS1,TBet / STAT6,STAT4,STAT1,IL4R,IFNgR -> IL12R

% 2206 samples (max h ~ 0.0033245322145061726)
IFNg,IFNgR,IL12,IL12R,IL4,SOCS1,STAT1,STAT4,STAT6,TBet -< IL4
IFNg,IFNgR,IL12,IL12R,IL4,SOCS1,STAT1,STAT4,STAT6 / GATA3 -< IL4
IFNgR,IL12,IL12R,IL4,SOCS1,STAT1,STAT4,STAT6 / GATA3 -< IL4
IFNg,IL12,IL12R,IL4,SOCS1,STAT1,STAT4,STAT6 / GATA3 -< IL4
IFNg,IFNgR,IL12,IL12R,IL4,SOCS1,STAT1,STAT4 / IL4R,GATA3 -< IL4
IFNg,IFNgR,IL12R,IL4,SOCS1,STAT1,STAT4 / STAT6,IL4R,GATA3 -< IL4
IFNg,IFNgR,IL12R,IL4,SOCS1,STAT1,STAT4,TBet / STAT6,IL4R,IL12 -< IL4
IFNg,IL12,IL12R,IL4,SOCS1,STAT1,STAT4 / IL4R,GATA3 -< IL4
IFNg,IL12R,IL4,SOCS1,STAT1,STAT4 / STAT6,IL4R,GATA3 -< IL4
IFNg,IL12R,IL4,SOCS1,STAT1,STAT4,TBet / STAT6,IL4R,IL12 -< IL4
IL12R,IL4,SOCS1,STAT1,STAT4 / STAT6,IL4R,IFNgR,GATA3 -< IL4
IL12R,IL4,SOCS1,STAT1 / TBet,STAT6,IL4R,IFNgR,IFNg,GATA3 -< IL4
IL12R,IL4,SOCS1,STAT4,TBet / STAT6,IL4R,IFNgR,GATA3 -< IL4
IL12R,IL4,SOCS1,STAT4 / STAT6,IL4R,IFNgR,IFNg,GATA3 -< IL4
IL12R,IL4,SOCS1,TBet / STAT6,STAT1,IL4R,IFNgR,IFNg,GATA3 -< IL4
IL12R,IL4,SOCS1 / STAT6,STAT1,IL4R,IFNgR,IFNg,GATA3 -< IL4
IL12R,IL4,SOCS1 / TBet,STAT6,IL4R,IFNgR,IFNg,GATA3 -< IL4
IFNgR,IL12,IL4,SOCS1,STAT1,STAT4,STAT6 / GATA3 -< IL4
IFNgR,IL4,SOCS1,STAT1,STAT4,STAT6 / TBet,IL12R,IFNg,GATA3 -< IL4
IFNgR,IL4,SOCS1,STAT1,STAT4,STAT6 / TBet,IL4R,IL12R,GATA3 -< IL4
IFNg,IL12,IL4,SOCS1,STAT1,STAT4,STAT6 / GATA3 -< IL4
IFNg,IL4,SOCS1,STAT1,STAT4,STAT6 / TBet,IL4R,IL12R,GATA3 -< IL4
IFNg,IL4,SOCS1,STAT1,STAT4 / STAT6,IL4R,IL12,IFNgR,GATA3 -< IL4
IFNg,IL4,SOCS1,STAT1 / TBet,STAT6,IL4R,IL12R,IL12,IFNgR,GATA3 -< IL4
IFNg,IL4,SOCS1,STAT1,STAT4 / TBet,IL4R,IL12R,IL12,IFNgR,GATA3 -< IL4
IL4,SOCS1,STAT1,STAT4 / STAT6,IL4R,IL12,IFNgR,GATA3 -< IL4
IL4,SOCS1,STAT1 / TBet,STAT6,IL4R,IL12,IFNgR,IFNg,GATA3 -< IL4
IL4,SOCS1,STAT1 / TBet,STAT6,IL4R,IL12R,IL12,IFNgR,GATA3 -< IL4
IL4,SOCS1,STAT4,TBet / STAT6,IL4R,IL12,IFNgR,GATA3 -< IL4
IL4,SOCS1,STAT4 / STAT6,IL4R,IL12,IFNgR,IFNg,GATA3 -< IL4
IL4,SOCS1,TBet / STAT6,STAT1,IL4R,IL12,IFNgR,IFNg,GATA3 -< IL4
IL4,SOCS1,TBet / STAT6,STAT1,IL4R,IL12R,IL12,IFNgR,GATA3 -< IL4
IL4,SOCS1 / STAT6,STAT1,IL4R,IL12,IFNgR,IFNg,GATA3 -< IL4
IL4,SOCS1 / TBet,STAT6,IL4R,IL12,IFNgR,IFNg,GATA3 -< IL4
IFNg,IFNgR,IL12,IL4,SOCS1,STAT1,STAT4,STAT6 / TBet,IL12R -< IL4
IFNgR,IL12,IL4,SOCS1,STAT1,STAT4,STAT6 / TBet,IL12R -< IL4
GATA3,IFNgR,IL12,IL4,SOCS1,STAT1,STAT6 / TBet,IL4R,IL12R,IFNg -< IL4
IFNgR,IL4,SOCS1,STAT1,STAT4,STAT6 / TBet,IL12R,IFNg -< IL4
IFNgR,IL4,SOCS1,STAT1,STAT4,STAT6 / TBet,IL4R,IL12R -< IL4
IFNg,IL4,SOCS1,STAT1,STAT4,STAT6 / TBet,IL4R,IL12R,IL12 -< IL4
IFNg,IL4,SOCS1,STAT1,STAT4 / TBet,IL4R,IL12R,IL12,IFNgR -< IL4
IFNg,IL4,SOCS1,STAT1 / TBet,STAT6,IL4R,IL12R,IL12,IFNgR -< IL4
IFNgR,IL12,IL12R,IL4,IL4R,STAT1,STAT4,STAT6 / TBet,GATA3 -< IL4
IFNgR,IL4,IL4R,STAT1,STAT4,STAT6 / TBet,IL12R,IL12,IFNg,GATA3 -< IL4
IFNg,IL12,IL12R,IL4,IL4R,STAT1,STAT4,STAT6 / TBet,GATA3 -< IL4
IFNg,IL12,IL12R,IL4,STAT1,STAT4,STAT6 / TBet,IFNgR,GATA3 -< IL4
IFNg,IL4,STAT1,STAT4,STAT6 / TBet,IL4R,IL12R,IL12,IFNgR,GATA3 -< IL4
IFNg,IL4,STAT1,STAT4,STAT6 / TBet,IL4R,IL12R,IL12,IFNgR -< IL4
IFNg,IL12,IL12R,IL4,STAT1,STAT4 / TBet,IL4R,IFNgR,GATA3 -< IL4
IFNg,IL4,STAT1,STAT4 / TBet,IL4R,IL12R,IL12,IFNgR,GATA3 -< IL4
IL12,IL12R,IL4,STAT1,STAT4 / TBet,STAT6,IL4R,IFNgR,GATA3 -< IL4
IL4,STAT1,STAT4 / TBet,STAT6,IL4R,IL12R,IL12,IFNgR,GATA3 -< IL4
IFNg,IFNgR,IL12,IL12R,IL4,IL4R,STAT1,STAT4 / TBet,SOCS1,GATA3 -< IL4
IFNg,IL12,IL12R,IL4,IL4R,STAT1,STAT4 / TBet,SOCS1,GATA3 -< IL4
IFNg,IL12,IL12R,IL4,STAT1,STAT4 / TBet,SOCS1,IFNgR,GATA3 -< IL4
IL12,IL12R,IL4,IL4R,STAT1,STAT4 / TBet,STAT6,SOCS1,IFNgR,GATA3 -< IL4
IL12,IL12R,IL4,STAT1,STAT4 / TBet,STAT6,SOCS1,IFNgR,GATA3 -< IL4
IL4,IL4R,STAT1,STAT4 / TBet,STAT6,SOCS1,IL12R,IL12,IFNgR,IFNg,GATA3 -< IL4
IL4,STAT1,STAT4 / TBet,STAT6,SOCS1,IL12R,IL12,IFNgR,IFNg,GATA3 -< IL4
IL12,IL12R,IL4,STAT4 / TBet,STAT6,IL4R,IFNgR,IFNg,GATA3 -< IL4
IL4,STAT4 / TBet,STAT6,IL4R,IL12R,IL12,IFNgR,IFNg,GATA3 -< IL4
IL12,IL12R,IL4,STAT4 / TBet,STAT6,SOCS1,IFNgR,IFNg,GATA3 -< IL4
IL4,STAT4 / TBet,STAT6,SOCS1,IL12R,IL12,IFNgR,IFNg,GATA3 -< IL4
IL4,IL4R / TBet,STAT6,STAT1,SOCS1,IL12R,IL12,IFNgR,IFNg,GATA3 -< IL4

% 59420 samples (max h ~ 0.0895483699845679)
GATA3,IFNg,IL12,IL4,SOCS1,STAT6,TBet / STAT1,IL12R,IFNgR -> IL4
GATA3,IL12,IL4,SOCS1,STAT6,TBet / STAT4,STAT1,IL12R,IFNgR -> IL4
GATA3,IL12,IL4,SOCS1,STAT6 / STAT4,STAT1,IL12R,IFNgR,IFNg -> IL4
GATA3,IFNg,IL4,IL4R,SOCS1,STAT6,TBet / STAT1,IL12R,IFNgR -> IL4
GATA3,IFNg,IL4,SOCS1,STAT6,TBet / STAT4,STAT1,IL12R,IFNgR -> IL4
GATA3,IL4,SOCS1,STAT6,TBet / STAT4,STAT1,IL12R,IFNgR -> IL4
GATA3,IFNg,IL4R,SOCS1,STAT4,STAT6,TBet / STAT1,IL12R,IL12,IFNgR -> IL4
GATA3,IL4,SOCS1,STAT6 / STAT4,STAT1,IL12R,IFNgR,IFNg -> IL4
GATA3,SOCS1,STAT6 / TBet,STAT4,STAT1,IL4R,IL12R,IL12,IFNgR,IFNg -> IL4
GATA3,IFNg,IL12,IL4,SOCS1,TBet / STAT4,STAT1,IL4R,IL12R,IFNgR -> IL4
GATA3,IL12,IL4,SOCS1,TBet / STAT4,STAT1,IL4R,IL12R,IFNgR -> IL4
GATA3,IFNg,IL12,IL12R,IL4,SOCS1,TBet / STAT6,STAT1,IL4R,IFNgR -> IL4
GATA3,IFNg,IL12,IL4,SOCS1,TBet / STAT6,STAT4,STAT1,IL4R,IFNgR -> IL4
GATA3,IL12,IL4,SOCS1,TBet / STAT6,STAT4,STAT1,IL4R,IFNgR -> IL4
GATA3,IL12,IL4,SOCS1 / STAT4,STAT1,IL4R,IL12R,IFNgR,IFNg -> IL4
GATA3,IL12,IL4,SOCS1 / STAT6,STAT4,STAT1,IL4R,IFNgR,IFNg -> IL4
GATA3,IL12,IL12R,SOCS1 / TBet,STAT6,STAT4,STAT1,IL4R,IFNgR,IFNg -> IL4
GATA3,IL4,SOCS1,TBet / STAT4,STAT1,IL4R,IL12R,IFNgR,IFNg -> IL4
GATA3,IL4,SOCS1 / STAT4,STAT1,IL4R,IL12R,IFNgR,IFNg -> IL4
GATA3,SOCS1 / TBet,STAT4,STAT1,IL4R,IL12R,IL12,IFNgR,IFNg -> IL4
GATA3,IFNg,IL12,IL4,IL4R,STAT4,STAT6,TBet / STAT1,IL12R,IFNgR -> IL4
GATA3,IL12,IL4,IL4R,STAT4,STAT6,TBet / STAT1,SOCS1,IL12R,IFNgR -> IL4
GATA3,IL12,IL4,IL4R,STAT4,STAT6 / STAT1,SOCS1,IL12R,IFNgR,IFNg -> IL4
GATA3,IL12,IL4,IL4R,STAT4,STAT6 / TBet,STAT1,SOCS1,IFNgR,IFNg -> IL4
GATA3,IL12,IL4,IL4R,STAT6 / TBet,STAT1,SOCS1,IL12R,IFNgR,IFNg -> IL4
GATA3,IL12,IL4,IL4R,STAT6 / TBet,STAT4,STAT1,IL12R,IFNgR,IFNg -> IL4
GATA3,IL4,IL4R,STAT6 / TBet,STAT4,STAT1,IL12R,IFNgR,IFNg -> IL4
GATA3,IL4,IL4R / TBet,STAT4,STAT1,SOCS1,IL12R,IL12,IFNgR,IFNg -> IL4

% 1138 samples (max h ~ 0.001715012538580247)
IL12,IL12R,IL4,IL4R,SOCS1,STAT1,STAT4,STAT6,TBet -< IL4R
IFNg,IL12,IL12R,IL4R,SOCS1,STAT1,STAT4,STAT6,TBet / GATA3 -< IL4R
IFNg,IL12,IL4,IL4R,SOCS1,STAT1,STAT4,STAT6,TBet -< IL4R
IFNg,IL12,IL4R,SOCS1,STAT1,STAT4,STAT6,TBet / GATA3 -< IL4R
GATA3,IFNg,IL12,IL4,IL4R,SOCS1,STAT1,STAT6,TBet / IL12R,IFNgR -< IL4R
IFNg,IFNgR,IL12,IL4R,SOCS1,STAT1,STAT6,TBet / IL4,IL12R,GATA3 -< IL4R
GATA3,IL12,IL4,IL4R,SOCS1,STAT1,STAT4,STAT6,TBet -< IL4R
GATA3,IL12,IL4,IL4R,SOCS1,STAT1,STAT6,TBet / IL12R,IFNgR -< IL4R
GATA3,IFNg,IL12,IL4,IL4R,SOCS1,STAT4,STAT6,TBet / IL12R,IFNgR -< IL4R
GATA3,IFNg,IL12,IL4,IL4R,SOCS1,STAT6,TBet / IL12R,IFNgR -< IL4R
GATA3,IFNg,IL4,IL4R,SOCS1,STAT4,STAT6,TBet / STAT1,IL12R,IFNgR -< IL4R
GATA3,IFNg,IL4,IL4R,SOCS1,STAT6,TBet / STAT1,IL12R,IFNgR -< IL4R
GATA3,IL12,IL4,IL4R,SOCS1,STAT6,TBet / STAT4,IL12R,IFNgR -< IL4R
IL12R,IL4R,SOCS1,STAT1,STAT4,STAT6 / TBet,IL4,IL12,IFNgR,IFNg,GATA3 -< IL4R
IL12R,IL4R,SOCS1,STAT1,STAT4,STAT6 / TBet,IL4,IL12,IFNgR,IFNg -< IL4R
GATA3,IL12,IL4,IL4R,SOCS1,STAT1,STAT4,STAT6 / IL12R,IFNg -< IL4R
GATA3,IL4,IL4R,SOCS1,STAT1,STAT4,STAT6 / TBet,IL12R,IFNgR,IFNg -< IL4R
GATA3,IL4,IL4R,SOCS1,STAT1,STAT4,STAT6 / TBet,IL12R,IFNg -< IL4R
GATA3,IL12,IL4,IL4R,SOCS1,STAT1,STAT6 / IL12R,IFNgR,IFNg -< IL4R
GATA3,IL4,IL4R,SOCS1,STAT1,STAT6 / TBet,IL12R,IFNgR,IFNg -< IL4R
GATA3,IL4R,SOCS1,STAT1,STAT4,STAT6 / TBet,IL12R,IL12,IFNgR,IFNg -< IL4R
GATA3,IL4R,SOCS1,STAT1,STAT4,STAT6 / TBet,IL4,IL12,IFNgR,IFNg -< IL4R
GATA3,IL12,IL4,IL4R,SOCS1,STAT6 / STAT4,IL12R,IFNgR,IFNg -< IL4R
GATA3,IL4,IL4R,SOCS1,STAT6 / TBet,STAT4,STAT1,IL12R,IFNgR,IFNg -< IL4R
GATA3,IL4,IL4R,SOCS1,STAT6 / TBet,STAT4,IL12R,IFNgR,IFNg -< IL4R
GATA3,IFNg,IL12R,IL4R,SOCS1,STAT1,STAT4,STAT6 / TBet,IL4 -< IL4R
GATA3,IFNg,IFNgR,IL12,IL12R,IL4R,SOCS1,STAT1,STAT6 / TBet,IL4 -< IL4R
IFNg,IL12,IL12R,IL4R,SOCS1,STAT1,STAT4,STAT6 / IL4,IFNgR,GATA3 -< IL4R
IFNg,IL12,IL12R,IL4R,SOCS1,STAT1,STAT4,STAT6 / TBet,IL4,IFNgR -< IL4R
GATA3,IL12R,IL4R,SOCS1,STAT1,STAT4,STAT6 / TBet,IL4,IL12,IFNgR -< IL4R
GATA3,IFNg,IL12,IL4R,SOCS1,STAT1,STAT4,STAT6 / TBet,IL4 -< IL4R
GATA3,IFNg,IFNgR,IL12,IL4R,SOCS1,STAT1,STAT6 / TBet,IL4 -< IL4R
IFNg,IL12,IL4R,SOCS1,STAT1,STAT4,STAT6 / IL4,IFNgR,GATA3 -< IL4R
IFNg,IL12,IL4R,SOCS1,STAT1,STAT4,STAT6 / TBet,IL4,IFNgR -< IL4R
GATA3,IFNg,IL4R,SOCS1,STAT1,STAT4,STAT6 / TBet,IL4 -< IL4R
GATA3,IL4R,SOCS1,STAT1,STAT4,STAT6 / TBet,IL4,IL12,IFNgR -< IL4R
IFNg,IL12,IL12R,IL4R,SOCS1,STAT1,STAT4 / TBet,IL4,IFNgR,GATA3 -< IL4R
IFNg,IL12,IL4R,SOCS1,STAT1,STAT4 / TBet,IL4,IFNgR,GATA3 -< IL4R
GATA3,IFNg,IL4R,SOCS1,STAT1,STAT4 / TBet,IL4,IL12R,IL12,IFNgR -< IL4R
GATA3,IFNg,IFNgR,IL12,IL12R,IL4R,STAT1,STAT4,STAT6 / TBet,IL4 -< IL4R
GATA3,IFNg,IFNgR,IL12,IL12R,IL4R,STAT4,STAT6 / TBet,SOCS1,IL4 -< IL4R

% 63693 samples (max h ~ 0.09598795572916667)
GATA3,IL12,IL4,IL4R,STAT4,STAT6,TBet / STAT1,SOCS1,IL12R,IFNgR -> IL4R
GATA3,IL12,IL4,IL4R,STAT4,STAT6 / STAT1,SOCS1,IL12R,IFNgR,IFNg -> IL4R
GATA3,IL12,IL4,IL4R,STAT6 / TBet,STAT1,SOCS1,IL12R,IFNgR,IFNg -> IL4R
GATA3,IL4,IL4R,STAT6 / TBet,STAT4,STAT1,SOCS1,IL12R,IFNgR,IFNg -> IL4R
GATA3,IL4,IL4R / TBet,STAT4,STAT1,SOCS1,IL12R,IL12,IFNgR,IFNg -> IL4R
IL4,IL4R,STAT6 / TBet,STAT4,STAT1,SOCS1,IL12R,IL12,IFNgR,IFNg -> IL4R
IL4,IL4R / TBet,STAT4,STAT1,SOCS1,IL12R,IL12,IFNgR,IFNg,GATA3 -> IL4R
IL4,IL4R / TBet,STAT4,STAT1,SOCS1,IL12R,IL12,IFNgR,IFNg -> IL4R
IFNgR,IL4,IL4R,STAT4 / TBet,STAT6,STAT1,SOCS1,IL12R,IL12,IFNg,GATA3 -> IL4R
IL12,IL12R,IL4,IL4R,STAT4 / TBet,STAT1,SOCS1,IFNgR,IFNg,GATA3 -> IL4R
IL12,IL12R,IL4,IL4R,STAT4,STAT6 / TBet,STAT1,SOCS1,IFNgR,IFNg -> IL4R
GATA3,IL12,IL4,IL4R,STAT4,STAT6 / TBet,STAT1,SOCS1,IFNgR,IFNg -> IL4R
IFNgR,IL12,IL12R,IL4,IL4R,STAT1,STAT4,STAT6 / TBet,SOCS1,IFNg,GATA3 -> IL4R
GATA3,IL4 / TBet,STAT6,STAT4,STAT1,SOCS1,IL12R,IL12,IFNgR,IFNg -> IL4R
IL12,IL12R,IL4,STAT4 / TBet,STAT6,STAT1,SOCS1,IFNgR,IFNg,GATA3 -> IL4R

% 2642 samples (max h ~ 0.0039816020447530865)
GATA3,IL4,IL4R,SOCS1,STAT6 / TBet,STAT4,STAT1,IL12R,IFNgR,IFNg -< SOCS1
GATA3,IL4,SOCS1,STAT6 / TBet,STAT4,STAT1,IL12R,IL12,IFNgR,IFNg -< SOCS1
GATA3,IL4,SOCS1 / TBet,STAT4,STAT1,IL4R,IL12R,IL12,IFNgR,IFNg -< SOCS1
IL4,SOCS1 / TBet,STAT6,STAT4,STAT1,IL4R,IL12R,IL12,IFNgR,IFNg,GATA3 -< SOCS1
IL4,SOCS1 / TBet,STAT6,STAT4,STAT1,IL4R,IL12R,IL12,IFNgR,IFNg -< SOCS1
SOCS1 / TBet,STAT6,STAT4,STAT1,IL4R,IL12R,IL12,IFNgR,IFNg,GATA3 -< SOCS1
SOCS1 / TBet,STAT6,STAT4,STAT1,IL4R,IL12R,IL12,IFNgR,IFNg -< SOCS1
IL12,IL12R,SOCS1 / TBet,STAT6,STAT1,IL4R,IFNgR,IFNg,GATA3 -< SOCS1
IL12,IL12R,SOCS1 / TBet,STAT6,STAT4,STAT1,IL4R,IFNgR,IFNg -< SOCS1

% 245796 samples (max h ~ 0.3704246238425926)
SOCS1,STAT1,STAT4,STAT6 -> SOCS1
GATA3,IL12,SOCS1,STAT1,STAT6 -> SOCS1
GATA3,SOCS1,STAT1,STAT6 / IL12R,IFNgR -> SOCS1
IL12,SOCS1,STAT1,STAT6 / IL12R -> SOCS1
SOCS1,STAT1,STAT6 / IL12R,IFNgR -> SOCS1
IL4R,STAT1,STAT4,STAT6 -> SOCS1
GATA3,IFNgR,IL12,IL4R,STAT1,STAT6 / IL12R -> SOCS1
IFNgR,IL12,IL4R,STAT1,STAT6 / IL12R -> SOCS1
GATA3,IL4,STAT1,STAT4,STAT6 -> SOCS1
GATA3,IFNgR,IL12,IL4,STAT1,STAT6 / IL12R -> SOCS1
GATA3,IFNg,IL12R,IL4,SOCS1,STAT1,STAT4,TBet / IL4R,IL12 -> SOCS1
GATA3,IL12R,IL4,SOCS1,STAT1,STAT4,TBet / IL4R,IL12,IFNgR -> SOCS1
IL12R,IL4,SOCS1,STAT1,STAT4,TBet / IL4R,IL12,IFNgR -> SOCS1
IL12R,IL4,SOCS1,STAT1,STAT4,TBet / IL4R,IFNgR -> SOCS1
GATA3,IL12,IL12R,IL4,SOCS1,STAT1,TBet / IL4R,IFNgR -> SOCS1
IL12R,IL4,SOCS1,STAT1,STAT4 / IL4R,IL12,IFNgR -> SOCS1
IL12R,IL4,SOCS1,STAT1,STAT4 / IL4R,IFNgR -> SOCS1
GATA3,IL12,IL12R,IL4,SOCS1,STAT1 / IL4R,IFNgR -> SOCS1
IL12R,SOCS1,STAT1,STAT4 / IL4R,IL12,IFNgR -> SOCS1
IL12R,SOCS1,STAT1,STAT4 / IL4R,IFNgR -> SOCS1
GATA3,IL12,IL12R,SOCS1,STAT1 / IL4R,IFNgR -> SOCS1
SOCS1,STAT1,STAT4 / IL4R,IL12,IFNgR -> SOCS1
GATA3,IFNg,SOCS1,STAT1,STAT4 / TBet,IL4,IL12R,IL12,IFNgR -> SOCS1
GATA3,SOCS1,STAT1 / IL4R,IL12R,IL12,IFNgR -> SOCS1
SOCS1,STAT1 / IL4R,IL12R,IL12,IFNgR -> SOCS1
GATA3,SOCS1,STAT4,STAT6,TBet / IFNgR -> SOCS1
SOCS1,STAT4,STAT6,TBet / IL4R,IFNgR -> SOCS1
GATA3,IL12,SOCS1,STAT6,TBet / IFNgR -> SOCS1
GATA3,SOCS1,STAT6,TBet / IL12R,IFNgR -> SOCS1
SOCS1,STAT6,TBet / IL4R,IL12R,IFNgR -> SOCS1
GATA3,IL4R,STAT4,STAT6,TBet / IFNgR -> SOCS1
GATA3,IL4,STAT4,STAT6,TBet / IFNgR -> SOCS1
IL12R,SOCS1,STAT4,TBet / IL4R,IL12,IFNgR -> SOCS1
IL12R,SOCS1,STAT4,TBet / IL4R,IFNgR -> SOCS1
GATA3,IL12,IL12R,SOCS1,TBet / IL4R,IFNgR -> SOCS1
GATA3,IFNg,IL12,IL12R,IL4,STAT4,TBet / STAT1,IL4R,IFNgR -> SOCS1
SOCS1,STAT4,TBet / IL4R,IL12,IFNgR -> SOCS1
GATA3,SOCS1,TBet / IL4R,IL12R,IL12,IFNgR -> SOCS1
SOCS1,TBet / IL4R,IL12R,IL12,IFNgR -> SOCS1
GATA3,IL12,IL12R,IL4,IL4R,STAT4,STAT6,TBet / SOCS1,IFNg -> SOCS1

% 2200 samples (max h ~ 0.0033154899691358024)
IFNg,IL12,IL4,SOCS1,STAT1,STAT4,STAT6,TBet / IFNgR,GATA3 -< STAT1
GATA3,IL4,SOCS1,STAT1,STAT4,STAT6 / TBet,IL12,IFNgR -< STAT1
IFNg,IL12,SOCS1,STAT1,STAT4,STAT6,TBet / IFNgR,GATA3 -< STAT1
GATA3,SOCS1,STAT1,STAT4,STAT6 / TBet,IL12,IFNgR -< STAT1
IFNg,IL12R,IL4,SOCS1,STAT1,STAT4,TBet / STAT6,IL4R,IL12,IFNgR,GATA3 -< STAT1
IFNg,IL12R,IL4,SOCS1,STAT1,STAT4 / STAT6,IL4R,IL12,IFNgR,GATA3 -< STAT1
IL12R,IL4,SOCS1,STAT1,STAT4 / STAT6,IL4R,IL12,IFNgR,GATA3 -< STAT1
IFNg,IL12R,IL4,SOCS1,STAT1,STAT4 / STAT6,IL4R,IL12,IFNgR -< STAT1
IL12R,IL4,SOCS1,STAT1,STAT4 / TBet,STAT6,IL4R,IL12,IFNgR -< STAT1
GATA3,IL12R,IL4,SOCS1,STAT1,STAT4 / TBet,IL4R,IL12,IFNgR -< STAT1
IFNg,IL12R,SOCS1,STAT1,STAT4,TBet / STAT6,IL4R,IL12,IFNgR,GATA3 -< STAT1
IFNg,IL12R,SOCS1,STAT1,STAT4 / STAT6,IL4R,IL12,IFNgR,GATA3 -< STAT1
IFNg,IL12,IL12R,SOCS1,STAT1,STAT4 / TBet,STAT6,IL4,IFNgR,GATA3 -< STAT1
IFNg,IL12R,SOCS1,STAT1,STAT4 / TBet,STAT6,IL4R,IL4,IFNgR,GATA3 -< STAT1
IL12R,SOCS1,STAT1,STAT4 / STAT6,IL4R,IL12,IFNgR,GATA3 -< STAT1
GATA3,IFNg,IL12R,SOCS1,STAT1,STAT4 / TBet,IL4,IL12,IFNgR -< STAT1
GATA3,IL12R,SOCS1,STAT1,STAT4 / TBet,IL4R,IL4,IL12,IFNgR -< STAT1
IL12R,SOCS1,STAT1,STAT4 / TBet,STAT6,IL4R,IL4,IL12,IFNgR -< STAT1
GATA3,IL12R,SOCS1,STAT1,STAT4 / TBet,IL4R,IL12,IFNgR -< STAT1
IL12R,SOCS1,STAT1,STAT4 / TBet,STAT6,IL4R,IL12,IFNgR -< STAT1
IL4,SOCS1,STAT1,STAT4 / STAT6,IL4R,IL12,IFNgR,GATA3 -< STAT1
IFNg,IL4,SOCS1,STAT1,STAT4 / STAT6,IL4R,IL12,IFNgR -< STAT1
IL4,SOCS1,STAT1,STAT4 / TBet,STAT6,IL4R,IL12,IFNgR -< STAT1
GATA3,IL4,SOCS1,STAT1,STAT4 / TBet,IL4R,IL12,IFNgR -< STAT1
SOCS1,STAT1,STAT4 / STAT6,IL4R,IL12,IFNgR,GATA3 -< STAT1
GATA3,IFNg,SOCS1,STAT1,STAT4 / TBet,IL4,IL12,IFNgR -< STAT1
GATA3,SOCS1,STAT1,STAT4 / TBet,IL4R,IL4,IL12,IFNgR -< STAT1
SOCS1,STAT1,STAT4 / TBet,STAT6,IL4R,IL4,IL12,IFNgR -< STAT1
GATA3,SOCS1,STAT1,STAT4 / TBet,IL4R,IL12,IFNgR -< STAT1
SOCS1,STAT1,STAT4 / TBet,STAT6,IL4R,IL12,IFNgR -< STAT1
GATA3,IFNg,IL4,STAT1,STAT4,STAT6 / TBet,IL4R,IL12R,IL12,IFNgR -< STAT1
GATA3,IL4,SOCS1,STAT1,STAT6 / TBet,IL12R,IL12,IFNgR,IFNg -< STAT1
GATA3,IL4,SOCS1,STAT1,STAT6 / TBet,IL4R,IL12R,IL12,IFNgR -< STAT1
IFNg,IL12,SOCS1,STAT1,STAT6,TBet / IL4R,IL4,IL12R,IFNgR,GATA3 -< STAT1
GATA3,SOCS1,STAT1,STAT6 / TBet,IL4R,IL12R,IL12,IFNgR,IFNg -< STAT1
GATA3,SOCS1,STAT1,STAT6 / TBet,IL4R,IL12R,IL12,IFNgR -< STAT1
GATA3,SOCS1,STAT1,STAT6 / TBet,STAT4,IL4R,IL4,IL12R,IFNgR,IFNg -< STAT1
GATA3,IL12,SOCS1,STAT1,STAT6 / TBet,STAT4,IL4R,IL4,IFNgR,IFNg -< STAT1
GATA3,IL12,IL12R,SOCS1,STAT1 / TBet,STAT4,IL4R,IL4,IFNgR,IFNg -< STAT1
GATA3,IFNg,IL4,SOCS1,STAT1 / TBet,STAT6,IL4R,IL12R,IL12,IFNgR -< STAT1
GATA3,IL4,SOCS1,STAT1 / TBet,STAT6,IL4R,IL12R,IL12,IFNgR -< STAT1
GATA3,IL4,SOCS1,STAT1 / TBet,IL4R,IL12R,IL12,IFNgR -< STAT1
SOCS1,STAT1 / STAT6,IL4R,IL4,IL12R,IL12,IFNgR,GATA3 -< STAT1
GATA3,SOCS1,STAT1 / TBet,IL4R,IL12R,IL12,IFNgR -< STAT1
SOCS1,STAT1 / TBet,STAT6,IL4R,IL4,IL12R,IL12,IFNgR -< STAT1

% 752 samples (max h ~ 0.0011332947530864198)
IFNgR,IL12,IL12R,IL4,IL4R,SOCS1,STAT1,STAT4,STAT6,TBet -> STAT1
GATA3,IFNg,IFNgR,IL12R,IL4,SOCS1,STAT1,STAT4,TBet / STAT6,IL4R,IL12 -> STAT1
IFNg,IFNgR,IL12,IL12R,IL4,IL4R,SOCS1,STAT1,STAT4,STAT6 -> STAT1
GATA3,IFNg,IFNgR,IL12R,IL4,IL4R,SOCS1,STAT1,STAT4,STAT6 / TBet -> STAT1
GATA3,IFNg,IFNgR,IL12R,IL4,SOCS1,STAT1,STAT4,STAT6 / TBet,IL12 -> STAT1
GATA3,IFNgR,IL12,IL12R,IL4,IL4R,SOCS1,STAT4,STAT6,TBet / IFNg -> STAT1
GATA3,IFNg,IFNgR,IL12,IL12R,IL4R,SOCS1,STAT1,STAT4,STAT6 / TBet -> STAT1
GATA3,IFNg,IFNgR,IL12R,IL4R,SOCS1,STAT1,STAT4,STAT6 / TBet -> STAT1
GATA3,IFNg,IFNgR,IL12R,SOCS1,STAT1,STAT4,STAT6 / TBet,IL12 -> STAT1
GATA3,IFNg,IFNgR,IL12,IL12R,IL4R,SOCS1,STAT1,STAT6 / TBet,IL4 -> STAT1
GATA3,IFNg,IFNgR,IL12,IL12R,SOCS1,STAT1,STAT6 / TBet,STAT4,IL4 -> STAT1
GATA3,IFNg,IFNgR,IL12,IL12R,IL4R,STAT1,STAT4,STAT6 / TBet,IL4 -> STAT1
GATA3,IFNg,IFNgR,IL12R,IL4R,STAT1,STAT4,STAT6 / TBet,IL4 -> STAT1
GATA3,IFNg,IFNgR,IL12,IL12R,IL4R,STAT4,STAT6 / TBet,SOCS1,IL4 -> STAT1
GATA3,IFNg,IFNgR,IL12R,IL4R,STAT4,STAT6 / TBet,SOCS1,IL4 -> STAT1
IFNg,IFNgR,IL12,IL4,IL4R,SOCS1,STAT1,STAT4,STAT6,TBet / GATA3 -> STAT1
IFNg,IFNgR,IL12,IL4R,SOCS1,STAT1,STAT6,TBet / STAT4,IL4,IL12R,GATA3 -> STAT1
IFNg,IFNgR,IL12,IL4R,STAT1,STAT6,TBet / STAT4,IL4,IL12R,GATA3 -> STAT1
IFNg,IFNgR,IL12,IL4R,STAT6,TBet / STAT4,SOCS1,IL4,IL12R,GATA3 -> STAT1
IFNgR,IL12,IL4,IL4R,SOCS1,STAT1,STAT4,STAT6 / TBet,IL12R,IFNg,GATA3 -> STAT1
IFNgR,IL4,IL4R,SOCS1,STAT1,STAT4,STAT6 / TBet,IL12R,IFNg,GATA3 -> STAT1
IFNgR,IL4,IL4R,STAT1,STAT4,STAT6 / TBet,IL12R,IL12,IFNg,GATA3 -> STAT1
IFNgR,IL4,IL4R,STAT4,STAT6 / TBet,SOCS1,IL12R,IL12,IFNg,GATA3 -> STAT1
IFNgR,IL4,IL4R,STAT4 / TBet,STAT1,SOCS1,IL12R,IL12,IFNg,GATA3 -> STAT1
IFNgR,IL4,IL4R,SOCS1,STAT1,STAT4,STAT6 / TBet,IL12R,IFNg -> STAT1
GATA3,IFNgR,IL12,IL4,SOCS1,STAT1,STAT6 / TBet,STAT4,IL4R,IL12R,IFNg -> STAT1

% 5024 samples (max h ~ 0.007571373456790123)
GATA3,IFNg,IL4,IL4R,SOCS1,STAT1,STAT4,STAT6 -< STAT4
GATA3,IFNg,IFNgR,IL4,IL4R,STAT1,STAT4,STAT6 / TBet -< STAT4
GATA3,IL4,IL4R,SOCS1,STAT1,STAT4,STAT6 / TBet,IL12R,IL12,IFNgR -< STAT4
GATA3,IL4,IL4R,SOCS1,STAT1,STAT4,STAT6 / TBet,IL12,IFNgR -< STAT4
GATA3,IL4,IL4R,SOCS1,STAT1,STAT4,STAT6 / TBet,IL12R,IL12 -< STAT4
GATA3,IFNgR,IL4,IL4R,STAT1,STAT4,STAT6 / TBet,IL12R,IL12 -< STAT4
GATA3,IFNg,IL12R,IL4R,SOCS1,STAT1,STAT4,STAT6 / TBet -< STAT4
GATA3,IFNg,IFNgR,IL12R,IL4R,STAT1,STAT4,STAT6 / TBet -< STAT4
GATA3,IL12R,IL4R,SOCS1,STAT1,STAT4,STAT6 / TBet,IL12,IFNgR -< STAT4
GATA3,IFNg,IL4R,SOCS1,STAT1,STAT4,STAT6 / IL12R,IFNgR -< STAT4
GATA3,IL4R,SOCS1,STAT1,STAT4,STAT6 / TBet,IL12R,IL12,IFNgR -< STAT4
GATA3,IFNg,IL4R,SOCS1,STAT1,STAT4,STAT6 / TBet,IFNgR -< STAT4
GATA3,IL4R,SOCS1,STAT1,STAT4,STAT6 / TBet,IL12,IFNgR -< STAT4
GATA3,IFNg,IL4R,SOCS1,STAT1,STAT4 / TBet,IL4,IL12R,IL12,IFNgR -< STAT4
IFNg,IFNgR,IL12,IL4,IL4R,SOCS1,STAT1,STAT4,STAT6,TBet / IL12R -< STAT4
IFNg,IFNgR,IL4,IL4R,SOCS1,STAT1,STAT4,STAT6,TBet / IL12R -< STAT4
IFNgR,IL4,IL4R,SOCS1,STAT1,STAT4,STAT6 / TBet,IL12R,IL12,IFNg -< STAT4
IFNgR,IL4,IL4R,STAT1,STAT4,STAT6 / TBet,IL12R,IL12,IFNg -< STAT4
IFNg,IL4,IL4R,SOCS1,STAT1,STAT4,STAT6,TBet / IL12R -< STAT4
GATA3,IFNg,IL12,IL4,IL4R,SOCS1,STAT4,STAT6,TBet / IFNgR -< STAT4
GATA3,IFNg,IL4,IL4R,SOCS1,STAT4,STAT6,TBet / IL12R,IFNgR -< STAT4
GATA3,IFNg,IL12,IL4,IL4R,STAT4,STAT6,TBet / STAT1,IFNgR -< STAT4
GATA3,IFNg,IL4,IL4R,STAT4,STAT6,TBet / STAT1,IL12R,IFNgR -< STAT4
GATA3,IL12,IL4,IL4R,STAT4,STAT6,TBet / STAT1,SOCS1,IL12R,IFNgR -< STAT4
GATA3,IL12,IL4,IL4R,STAT4,STAT6 / STAT1,SOCS1,IL12R,IFNgR,IFNg -< STAT4
GATA3,IL12,IL4,IL4R,STAT4,STAT6 / TBet,STAT1,SOCS1,IFNgR,IFNg -< STAT4
GATA3,IFNg,IL4R,SOCS1,STAT4,STAT6,TBet / IL12R,IL12,IFNgR -< STAT4
GATA3,IFNg,IL4R,STAT4,STAT6,TBet / STAT1,IL12R,IL12,IFNgR -< STAT4
GATA3,IFNg,IL12R,IL4,SOCS1,STAT1,STAT4,STAT6,TBet / IFNgR -< STAT4
GATA3,IFNg,IL12R,IL4,SOCS1,STAT1,STAT4,TBet / IL4R,IL12,IFNgR -< STAT4
GATA3,IFNg,IL12R,IL4,SOCS1,STAT1,STAT4,STAT6 / IL12,IFNgR -< STAT4
GATA3,IFNg,IL12R,SOCS1,STAT1,STAT4,STAT6 / TBet,IL12,IFNgR -< STAT4
GATA3,IFNg,IL12R,IL4,SOCS1,STAT1,STAT4,STAT6,TBet / IL12 -< STAT4
GATA3,IFNg,IL12R,IL4,SOCS1,STAT1,STAT4,TBet / IL4R,IL12 -< STAT4
GATA3,IFNg,IL12R,IL4,SOCS1,STAT1,STAT4,STAT6 / IL12 -< STAT4
GATA3,IFNg,IL12R,SOCS1,STAT1,STAT4,STAT6 / TBet,IL12 -< STAT4
GATA3,IFNg,IL12,IL12R,IL4,SOCS1,STAT4,STAT6,TBet / IFNgR -< STAT4
GATA3,IFNg,IL12,IL12R,IL4,SOCS1,STAT4,TBet / STAT1,IL4R,IFNgR -< STAT4
GATA3,IFNg,IL12,IL12R,IL4,STAT4,TBet / STAT6,STAT1,IL4R,IFNgR -< STAT4
GATA3,IFNg,IL4,SOCS1,STAT1,STAT4,STAT6,TBet / IFNgR -< STAT4
GATA3,IFNg,IL12,IL4,SOCS1,STAT4,STAT6,TBet / IFNgR -< STAT4
GATA3,IFNg,IL4,SOCS1,STAT4,STAT6,TBet / IL12R,IFNgR -< STAT4
GATA3,IFNg,SOCS1,STAT1,STAT4,STAT6,TBet / IL12R,IFNgR -< STAT4
GATA3,IFNg,SOCS1,STAT4,STAT6,TBet / IL12R,IL12,IFNgR -< STAT4
GATA3,IFNg,IL4,SOCS1,STAT1,STAT4,STAT6 / IL12,IFNgR -< STAT4
GATA3,IFNg,SOCS1,STAT1,STAT4,STAT6 / IL12R,IL12,IFNgR -< STAT4
GATA3,IFNg,SOCS1,STAT1,STAT4,STAT6 / TBet,IL12,IFNgR -< STAT4
GATA3,SOCS1,STAT1,STAT4,STAT6 / TBet,IL4,IL12R,IL12,IFNgR -< STAT4
GATA3,IFNg,IL4,SOCS1,STAT1,STAT4,TBet / IL4R,IL12,IFNgR -< STAT4
GATA3,IFNg,IL4,SOCS1,STAT4,TBet / IL4R,IL12R,IL12,IFNgR -< STAT4
GATA3,IFNg,SOCS1,STAT4,TBet / IL4R,IL12R,IL12,IFNgR -< STAT4
IFNg,IL4,SOCS1,STAT1,STAT4,STAT6,TBet / IL12R,IFNgR -< STAT4
IFNg,SOCS1,STAT1,STAT4,STAT6,TBet / IL4R,IL12R,IFNgR -< STAT4
IFNg,IL4,SOCS1,STAT1,STAT4,TBet / IL4R,IL12R,IL12,IFNgR -< STAT4
IFNg,IL4,SOCS1,STAT4,TBet / STAT6,IL4R,IL12R,IL12,IFNgR -< STAT4
IFNg,SOCS1,STAT1,STAT4,TBet / IL4R,IL12R,IL12,IFNgR -< STAT4
IFNg,SOCS1,STAT4,TBet / STAT6,IL4R,IL12R,IL12,IFNgR -< STAT4

% 53327 samples (max h ~ 0.08036596981095678)
IFNg,IL12,IL12R,IL4,SOCS1,STAT1,STAT4,STAT6,TBet / GATA3 -> STAT4
IFNg,IL12,IL12R,SOCS1,STAT1,STAT4,STAT6,TBet / IFNgR,GATA3 -> STAT4
IFNg,IL12,IL12R,SOCS1,STAT4,TBet / STAT6,STAT1,IL4R,IFNgR,GATA3 -> STAT4
IFNg,IL12R,IL4,SOCS1,STAT1,STAT4,TBet / STAT6,IL4R,IL12,IFNgR,GATA3 -> STAT4
IL12R,IL4,SOCS1,STAT1,STAT4,TBet / STAT6,IL4R,IL12,IFNgR,GATA3 -> STAT4
IL12,IL12R,IL4,SOCS1,STAT4,TBet / STAT6,STAT1,IL4R,IFNgR,GATA3 -> STAT4
IL12R,IL4R,SOCS1,STAT1,STAT4,STAT6 / TBet,IL4,IL12,IFNgR,IFNg,GATA3 -> STAT4
IL12R,IL4,SOCS1,STAT1,STAT4 / STAT6,IL4R,IL12,IFNgR,IFNg,GATA3 -> STAT4
IL12,IL12R,IL4,SOCS1,STAT4 / STAT6,STAT1,IL4R,IFNgR,IFNg,GATA3 -> STAT4
IL12,IL12R,SOCS1,STAT4 / TBet,STAT6,STAT1,IL4R,IFNgR,IFNg,GATA3 -> STAT4
IL12R,IL4,SOCS1,STAT1 / TBet,STAT6,IL4R,IL12,IFNgR,IFNg,GATA3 -> STAT4
IL12,IL12R,IL4,SOCS1,TBet / STAT6,STAT1,IL4R,IFNgR,IFNg,GATA3 -> STAT4
IL12,IL12R,IL4,SOCS1 / STAT6,STAT1,IL4R,IFNgR,IFNg,GATA3 -> STAT4
IFNg,IFNgR,IL12,IL12R,IL4R,STAT4,STAT6 / TBet,STAT1,SOCS1,IL4,GATA3 -> STAT4
IL12R,IL4R,STAT1,STAT4,STAT6 / TBet,IL4,IL12,IFNgR,IFNg,GATA3 -> STAT4
IL12,IL12R,IL4R,STAT4,STAT6 / TBet,STAT1,SOCS1,IFNgR,IFNg,GATA3 -> STAT4
IL12,IL12R,IL4,IL4R,STAT4 / TBet,STAT1,SOCS1,IFNgR,IFNg,GATA3 -> STAT4
IL12,IL12R,IL4,STAT4 / TBet,STAT6,STAT1,SOCS1,IFNgR,IFNg,GATA3 -> STAT4
IL12,IL12R,STAT4 / TBet,STAT6,STAT1,SOCS1,IL4R,IFNgR,IFNg,GATA3 -> STAT4
IL12,IL12R,STAT4 / TBet,STAT6,STAT1,IL4R,IFNgR,IFNg,GATA3 -> STAT4

% 1706 samples (max h ~ 0.0025710117669753086)
IFNg,IL12,IL12R,IL4,SOCS1,STAT1,STAT4,STAT6,TBet / IL4R,GATA3 -< STAT6
IFNg,IL12,IL4,SOCS1,STAT1,STAT4,STAT6,TBet / IL4R,IFNgR,GATA3 -< STAT6
IFNg,IL12,IL12R,SOCS1,STAT1,STAT4,STAT6,TBet / IL4R,GATA3 -< STAT6
IFNg,IL12,SOCS1,STAT1,STAT4,STAT6,TBet / IL4R,IFNgR,GATA3 -< STAT6
GATA3,IFNg,IL4,SOCS1,STAT1,STAT4,STAT6 / TBet,IL4R,IL12R,IL12,IFNgR -< STAT6
GATA3,IFNg,IFNgR,IL12R,SOCS1,STAT1,STAT4,STAT6 / TBet,IL4R,IL4,IL12 -< STAT6
GATA3,IFNg,SOCS1,STAT1,STAT4,STAT6 / TBet,IL4R,IL12R,IL12,IFNgR -< STAT6
GATA3,SOCS1,STAT1,STAT4,STAT6 / TBet,IL4R,IL4,IL12R,IL12,IFNgR -< STAT6
GATA3,IFNg,IL4,STAT1,STAT4,STAT6 / TBet,IL4R,IL12R,IL12,IFNgR -< STAT6
GATA3,IFNg,IL12,IL4,SOCS1,STAT1,STAT6 / TBet,STAT4,IL4R,IL12R -< STAT6
GATA3,IFNg,IL4,SOCS1,STAT1,STAT6 / TBet,IL4R,IL12R,IL12,IFNgR -< STAT6
GATA3,IFNg,IL4,SOCS1,STAT1,STAT6 / TBet,STAT4,IL4R,IL12R,IFNgR -< STAT6
GATA3,IFNg,IL12,SOCS1,STAT1,STAT6 / TBet,STAT4,IL4R,IL12R -< STAT6
GATA3,IFNg,SOCS1,STAT1,STAT6 / TBet,IL4R,IL12R,IL12,IFNgR -< STAT6
GATA3,IFNg,SOCS1,STAT1,STAT6 / TBet,STAT4,IL4R,IL12R,IFNgR -< STAT6
GATA3,IL12,SOCS1,STAT1,STAT6 / TBet,STAT4,IL4R,IL4,IL12R -< STAT6
GATA3,SOCS1,STAT1,STAT6 / TBet,IL4R,IL4,IL12R,IL12,IFNgR -< STAT6
GATA3,SOCS1,STAT1,STAT6 / TBet,STAT4,IL4R,IL4,IL12R,IFNgR -< STAT6
GATA3,IL12,IL4,SOCS1,STAT1,STAT6 / TBet,STAT4,IL4R,IL12R -< STAT6
GATA3,IL4,SOCS1,STAT1,STAT6 / TBet,STAT4,IL4R,IL12R,IL12,IFNgR -< STAT6
GATA3,IL4,SOCS1,STAT1,STAT6 / TBet,STAT4,IL4R,IL12R,IFNgR -< STAT6
GATA3,IL12,SOCS1,STAT1,STAT6 / TBet,STAT4,IL4R,IL12R -< STAT6
GATA3,SOCS1,STAT1,STAT6 / TBet,STAT4,IL4R,IL12R,IFNgR -< STAT6
GATA3,IFNgR,IL12,IL4,STAT1,STAT6 / TBet,STAT4,IL4R,IL12R,IFNg -< STAT6
IFNg,IL12,SOCS1,STAT1,STAT6,TBet / IL4R,IL4,IL12R,IFNgR,GATA3 -< STAT6
IFNg,IL12,SOCS1,STAT1,STAT6,TBet / STAT4,IL4R,IL4,IL12R,GATA3 -< STAT6
GATA3,IFNg,IL12,SOCS1,STAT1,STAT6 / TBet,STAT4,IL4R,IL4 -< STAT6
GATA3,IL12,SOCS1,STAT1,STAT6 / TBet,STAT4,IL4R,IL4 -< STAT6
GATA3,IFNg,IL12,IL4,SOCS1,STAT4,STAT6,TBet / STAT1,IL4R,IL12R,IFNgR -< STAT6
IFNg,IL12,IL12R,SOCS1,STAT4,STAT6,TBet / IL4R,IL4,IFNgR,GATA3 -< STAT6
GATA3,IFNg,IL12,IL4,SOCS1,STAT6,TBet / STAT1,IL4R,IL12R,IFNgR -< STAT6
GATA3,IFNg,IL4,SOCS1,STAT6,TBet / STAT4,STAT1,IL4R,IL12R,IFNgR -< STAT6
GATA3,IL4,SOCS1,STAT6,TBet / STAT4,STAT1,IL4R,IL12R,IL12,IFNgR -< STAT6
GATA3,IL4,SOCS1,STAT6 / STAT4,STAT1,IL4R,IL12R,IL12,IFNgR,IFNg -< STAT6
GATA3,IL4,SOCS1,STAT6 / TBet,STAT4,IL4R,IL12R,IL12,IFNgR,IFNg -< STAT6

% 59807 samples (max h ~ 0.09013159481095678)
IL12,IL4,IL4R,SOCS1,STAT1,STAT4,STAT6 -> STAT6
IFNg,IL12,IL4R,SOCS1,STAT1,STAT4,STAT6 / GATA3 -> STAT6
IFNg,IL12,IL4R,SOCS1,STAT1,STAT4,STAT6 / TBet -> STAT6
GATA3,IL4,IL4R,SOCS1,STAT1,STAT4,STAT6 / TBet,IL12R,IFNgR -> STAT6
GATA3,IFNg,IL4R,SOCS1,STAT1,STAT4,STAT6 / TBet,IL12R,IFNgR -> STAT6
GATA3,IL4R,SOCS1,STAT1,STAT4,STAT6 / TBet,IL12R,IL12,IFNgR -> STAT6
IL4,IL4R,SOCS1,STAT1,STAT4,STAT6 / TBet,IL12R,IFNgR,IFNg -> STAT6
GATA3,IL4,IL4R,SOCS1,STAT1,STAT4,STAT6 / TBet,IL12R -> STAT6
GATA3,IFNg,IL4R,SOCS1,STAT1,STAT4,STAT6 / TBet,IL12R -> STAT6
IL4,IL4R,SOCS1,STAT1,STAT4,STAT6 / TBet,IL12R,IFNg -> STAT6
GATA3,IFNg,IL4R,SOCS1,STAT1,STAT4,STAT6 / TBet,IL4,IFNgR -> STAT6
GATA3,IL4R,SOCS1,STAT1,STAT4,STAT6 / TBet,IL4,IL12,IFNgR -> STAT6
GATA3,IFNg,IL4R,SOCS1,STAT1,STAT4,STAT6 / TBet,IL4 -> STAT6
IFNg,IL12,IL12R,IL4R,SOCS1,STAT1,STAT4 / TBet,IL4,IFNgR -> STAT6
GATA3,IFNg,IL4R,SOCS1,STAT1,STAT4 / TBet,IL4,IL12R,IL12,IFNgR -> STAT6
IFNgR,IL12,IL4,IL4R,STAT1,STAT4,STAT6 -> STAT6
GATA3,IFNgR,IL4,IL4R,STAT1,STAT4,STAT6 / TBet,IL12R -> STAT6
IFNgR,IL4,IL4R,STAT1,STAT4,STAT6 / TBet,IL12R,IFNg -> STAT6
IFNgR,IL12,IL12R,IL4,IL4R,STAT1,STAT4 / TBet,SOCS1 -> STAT6
GATA3,IFNgR,IL4,IL4R,STAT1,STAT4 / TBet,SOCS1,IL12R,IL12 -> STAT6
IFNgR,IL4,IL4R,STAT1,STAT4 / TBet,SOCS1,IL12R,IL12,IFNg -> STAT6
GATA3,IFNg,IFNgR,IL12,IL12R,IL4R,STAT1,STAT4,STAT6 / TBet -> STAT6
GATA3,IFNg,IFNgR,IL12R,IL4R,STAT1,STAT4,STAT6 / TBet,IL4 -> STAT6
IL12,IL4,IL4R,SOCS1,STAT1,STAT6,TBet / IL12R,IFNgR -> STAT6
IL12,IL4,IL4R,SOCS1,STAT1,STAT6 / IL12R,IFNgR,IFNg -> STAT6
GATA3,IL4,IL4R,SOCS1,STAT1,STAT6 / TBet,IL12R,IFNgR,IFNg -> STAT6
IL4,IL4R,SOCS1,STAT1,STAT6 / TBet,IL12R,IFNgR,IFNg -> STAT6
IFNg,IFNgR,IL12,IL4R,SOCS1,STAT1,STAT6,TBet / IL4,IL12R,GATA3 -> STAT6
GATA3,IL12,IL12R,IL4,IL4R,SOCS1,STAT4,STAT6,TBet / IFNg -> STAT6
GATA3,IL12,IL12R,IL4,IL4R,SOCS1,STAT4,STAT6 / IFNgR,IFNg -> STAT6
GATA3,IFNgR,IL12,IL12R,IL4,IL4R,STAT4,STAT6,TBet / IFNg -> STAT6
GATA3,IFNgR,IL12,IL12R,IL4,IL4R,STAT4,TBet / STAT1,SOCS1,IFNg -> STAT6
GATA3,IL12,IL12R,IL4,IL4R,STAT4,STAT6,TBet / STAT1,IFNg -> STAT6
GATA3,IL12,IL12R,IL4,IL4R,STAT4,STAT6 / STAT1,IFNgR,IFNg -> STAT6
IL12,IL12R,IL4,IL4R,STAT4,STAT6 / TBet,STAT1,SOCS1,IFNgR,IFNg -> STAT6
GATA3,IL12,IL12R,IL4,IL4R,STAT4 / TBet,STAT1,SOCS1,IFNgR,IFNg -> STAT6
IL12,IL12R,IL4,IL4R,STAT4 / TBet,STAT1,SOCS1,IFNgR,IFNg -> STAT6
GATA3,IL12,IL4,IL4R,SOCS1,STAT4,STAT6,TBet / IFNgR,IFNg -> STAT6
GATA3,IL12,IL4,IL4R,SOCS1,STAT4,STAT6,TBet / IL12R,IFNgR -> STAT6
GATA3,IL12,IL4,IL4R,SOCS1,STAT4,STAT6 / IFNgR,IFNg -> STAT6
GATA3,IL12,IL4,IL4R,STAT4,STAT6,TBet / STAT1,IFNgR,IFNg -> STAT6
GATA3,IL12,IL4,IL4R,STAT4,STAT6,TBet / STAT1,IL12R,IFNgR -> STAT6
GATA3,IL12,IL4,IL4R,STAT4,STAT6 / STAT1,IFNgR,IFNg -> STAT6
IL12,IL4,IL4R,STAT4,STAT6 / TBet,STAT1,SOCS1,IFNgR,IFNg -> STAT6
GATA3,IFNg,IL4,IL4R,SOCS1,STAT4,STAT6,TBet / STAT1,IL12R,IFNgR -> STAT6
GATA3,IL4,IL4R,SOCS1,STAT4,STAT6 / TBet,STAT1,IL12R,IFNgR,IFNg -> STAT6
GATA3,IL4,IL4R,SOCS1,STAT4,STAT6 / TBet,IL12R,IFNgR,IFNg -> STAT6
GATA3,IL4,IL4R,STAT4,STAT6 / TBet,STAT1,IL12R,IFNgR,IFNg -> STAT6
IL4,IL4R,STAT4,STAT6 / TBet,STAT1,SOCS1,IL12R,IFNgR,IFNg -> STAT6
GATA3,IL4,IL4R,STAT4 / TBet,STAT1,SOCS1,IL12R,IL12,IFNgR,IFNg -> STAT6
IL4,IL4R,STAT4 / TBet,STAT1,SOCS1,IL12R,IL12,IFNgR,IFNg -> STAT6
GATA3,IL12,IL4,IL4R,SOCS1,STAT6,TBet / IL12R,IFNgR -> STAT6
GATA3,IL12,IL4,IL4R,SOCS1,STAT6 / IL12R,IFNgR,IFNg -> STAT6
GATA3,IFNg,IL4,IL4R,SOCS1,STAT6,TBet / STAT1,IL12R,IFNgR -> STAT6
GATA3,IL4,IL4R,SOCS1,STAT6 / TBet,STAT1,IL12R,IFNgR,IFNg -> STAT6
GATA3,IL4,IL4R,SOCS1,STAT6 / TBet,IL12R,IFNgR,IFNg -> STAT6
GATA3,IL12,IL4,IL4R,STAT6 / TBet,STAT1,IL12R,IFNgR,IFNg -> STAT6
IL12,IL4,IL4R,STAT6 / TBet,STAT1,SOCS1,IL12R,IFNgR,IFNg -> STAT6
GATA3,IL4,IL4R,STAT6 / TBet,STAT1,IL12R,IFNgR,IFNg -> STAT6
IL4,IL4R,STAT6 / TBet,STAT1,SOCS1,IL12R,IFNgR,IFNg -> STAT6
GATA3,IL4,IL4R / TBet,STAT1,SOCS1,IL12R,IL12,IFNgR,IFNg -> STAT6
IL4,IL4R / TBet,STAT1,SOCS1,IL12R,IL12,IFNgR,IFNg -> STAT6

% 255 samples (max h ~ 0.00038429542824074077)
GATA3,IFNg,IFNgR,IL12,IL12R,IL4,IL4R,SOCS1,STAT1,STAT4,STAT6,TBet -< TBet
GATA3,IFNg,IL12,IL4,SOCS1,STAT4,STAT6,TBet / STAT1,IL12R,IFNgR -< TBet
GATA3,IFNg,IL12,IL12R,IL4,SOCS1,STAT4,TBet / STAT6,STAT1,IL4R,IFNgR -< TBet
GATA3,IFNg,IL12,IL12R,IL4,STAT4,TBet / STAT6,STAT1,IL4R,IFNgR -< TBet
GATA3,IFNg,IL4,IL4R,SOCS1,STAT4,STAT6,TBet / STAT1,IL12R,IFNgR -< TBet
GATA3,IFNg,IL4R,SOCS1,STAT4,STAT6,TBet / STAT1,IL12R,IL12,IFNgR -< TBet
GATA3,IFNg,IL4R,STAT4,STAT6,TBet / STAT1,IL4,IL12R,IL12,IFNgR -< TBet
GATA3,IFNg,IL12,IL4,SOCS1,STAT6,TBet / STAT1,IL4R,IL12R,IFNgR -< TBet
GATA3,IL12,IL4,IL4R,SOCS1,STAT6,TBet / STAT4,STAT1,IL12R,IFNgR,IFNg -< TBet
GATA3,IL12,IL12R,IL4,SOCS1,TBet / STAT6,STAT4,STAT1,IL4R,IFNgR,IFNg -< TBet
GATA3,IFNg,IL4,SOCS1,STAT6,TBet / STAT4,STAT1,IL4R,IL12R,IFNgR -< TBet
GATA3,IL4,SOCS1,TBet / STAT6,STAT4,STAT1,IL4R,IL12R,IL12,IFNgR,IFNg -< TBet

% 241253 samples (max h ~ 0.36357813705632713)
IFNgR,IL12,IL12R,IL4,IL4R,SOCS1,STAT1,STAT4,STAT6,TBet / GATA3 -> TBet
IFNg,IFNgR,IL12,IL12R,IL4,SOCS1,STAT1,STAT4,STAT6,TBet / GATA3 -> TBet
IFNg,IL12,IL12R,IL4,SOCS1,STAT1,STAT4,STAT6,TBet / GATA3 -> TBet
IFNg,IL12,IL12R,SOCS1,STAT1,STAT4,STAT6,TBet / IFNgR,GATA3 -> TBet
IFNg,IL12,IL4,SOCS1,STAT1,STAT4,STAT6,TBet / GATA3 -> TBet
IFNg,IL12,SOCS1,STAT1,STAT4,STAT6,TBet / IFNgR,GATA3 -> TBet
IFNg,IFNgR,IL12,SOCS1,STAT1,STAT6,TBet / STAT4,IL4,IL12R,GATA3 -> TBet
IFNg,IL12,SOCS1,STAT1,STAT6,TBet / IL4R,IL4,IL12R,IFNgR,GATA3 -> TBet
IFNg,IL12,SOCS1,STAT1,STAT6,TBet / STAT4,IL4R,IL4,IL12R,GATA3 -> TBet
IFNg,IL12,IL12R,SOCS1,STAT4,STAT6,TBet / IL4R,IL4,IFNgR,GATA3 -> TBet
IFNg,IL12,IL12R,SOCS1,STAT4,TBet / STAT1,IL4R,IL4,IFNgR,GATA3 -> TBet
IFNg,IL12,IL12R,SOCS1,STAT4,TBet / STAT6,STAT1,IL4R,IFNgR,GATA3 -> TBet
IL12,IL12R,IL4,SOCS1,STAT4,TBet / STAT6,STAT1,IL4R,IFNgR,GATA3 -> TBet
IL12R,IL4,SOCS1,STAT4,TBet / STAT6,IL4R,IL12,IFNgR,GATA3 -> TBet
IL12R,IL4,SOCS1,STAT4,TBet / STAT6,STAT1,IL4R,IFNgR,GATA3 -> TBet
IFNg,IL4,SOCS1,STAT4,TBet / STAT6,IL4R,IL12,IFNgR,GATA3 -> TBet
IFNg,SOCS1,STAT4,TBet / STAT6,IL4R,IL12R,IL12,IFNgR,GATA3 -> TBet
IFNg,SOCS1,TBet / STAT6,IL4R,IL4,IL12R,IL12,IFNgR,GATA3 -> TBet
IFNg,SOCS1,TBet / STAT6,STAT1,IL4R,IL12R,IL12,IFNgR,GATA3 -> TBet
SOCS1,TBet / STAT6,STAT4,IL4R,IL4,IL12R,IL12,IFNgR,GATA3 -> TBet
SOCS1,TBet / STAT6,STAT4,STAT1,IL4R,IL12R,IL12,IFNgR,GATA3 -> TBet
IFNgR,IL12,IL12R,IL4,IL4R,SOCS1,STAT1,STAT4,STAT6 / GATA3 -> TBet
IFNg,IL12,IL12R,IL4,IL4R,SOCS1,STAT1,STAT4,STAT6 / GATA3 -> TBet
IFNg,IL12,IL12R,IL4R,SOCS1,STAT1,STAT4,STAT6 / IFNgR,GATA3 -> TBet
IL12R,IL4,SOCS1,STAT1,STAT4 / STAT6,IL4R,IL12,IFNgR,IFNg,GATA3 -> TBet
SOCS1,STAT1 / STAT6,STAT4,IL4R,IL4,IL12R,IL12,IFNgR,IFNg,GATA3 -> TBet
IFNgR,IL12,IL12R,IL4,IL4R,STAT1,STAT4,STAT6 / IFNg,GATA3 -> TBet
true.


