% Maxmimum K used: 3
% minimum number of samples for h=1: 663552

% 0 samples (max h ~ 0)
% _ -< GATA3

% 0 samples (max h ~ 0)
% _ -> GATA3

% 1255 samples (max h ~ 0.0018913363233024692)
IFNg,SOCS1,STAT1,STAT6,TBet / STAT4,IL4R,IL4,IL12R,IL12,IFNgR,GATA3 -< IFNg
IFNg,SOCS1,TBet / STAT6,STAT4,STAT1,IL4R,IL4,IL12R,IL12,IFNgR,GATA3 -< IFNg

% 932 samples (max h ~ 0.0014045621141975308)
IFNg,IFNgR,SOCS1,STAT1,STAT4,STAT6,TBet / IL4,IL12R,IL12,GATA3 -> IFNg
IFNg,IFNgR,SOCS1,STAT1,STAT4,TBet / IL4R,IL4,IL12R,IL12,GATA3 -> IFNg
IFNg,SOCS1,STAT1,STAT4,TBet / IL4R,IL4,IL12R,IL12,GATA3 -> IFNg
IFNg,SOCS1,STAT4,TBet / STAT6,IL4R,IL4,IL12R,IL12,IFNgR,GATA3 -> IFNg

% 203 samples (max h ~ 0.00030592930169753087)
IFNg,IFNgR,SOCS1,STAT1,STAT4,STAT6,TBet / IL4,IL12R,IL12,GATA3 -< IFNgR
IFNg,IFNgR,SOCS1,STAT1,STAT4,TBet / IL4R,IL4,IL12R,IL12,GATA3 -< IFNgR
IFNg,IFNgR,IL4R,SOCS1,STAT4,STAT6,TBet / IL4,IL12R,IL12,GATA3 -< IFNgR

% 0 samples (max h ~ 0)
% _ -> IFNgR

% 0 samples (max h ~ 0)
% _ -< IL12

% 0 samples (max h ~ 0)
% _ -> IL12

% 0 samples (max h ~ 0)
% _ -< IL12R

% 0 samples (max h ~ 0)
% _ -> IL12R

% 0 samples (max h ~ 0)
% _ -< IL4

% 0 samples (max h ~ 0)
% _ -> IL4

% 60 samples (max h ~ 9.04224537037037e-5)
IFNg,IFNgR,IL4R,SOCS1,STAT1,STAT4,STAT6,TBet / IL4,IL12R,IL12,GATA3 -< IL4R

% 0 samples (max h ~ 0)
% _ -> IL4R

% 0 samples (max h ~ 0)
% _ -< SOCS1

% 498394 samples (max h ~ 0.7511001398533951)
IFNg,IFNgR,SOCS1,STAT1,STAT4,STAT6,TBet / IL4,IL12R,IL12,GATA3 -> SOCS1
IFNg,IFNgR,SOCS1,STAT1,STAT4,TBet / IL4R,IL4,IL12R,IL12,GATA3 -> SOCS1
IFNg,SOCS1,STAT1,STAT4,TBet / IL4R,IL4,IL12R,IL12,GATA3 -> SOCS1
IFNg,SOCS1,STAT4,TBet / STAT6,IL4R,IL4,IL12R,IL12,IFNgR,GATA3 -> SOCS1
IFNg,SOCS1,STAT1,TBet / IL4R,IL4,IL12R,IL12,IFNgR,GATA3 -> SOCS1
IFNg,SOCS1,TBet / STAT6,IL4R,IL4,IL12R,IL12,IFNgR,GATA3 -> SOCS1
SOCS1,TBet / STAT6,STAT4,STAT1,IL4R,IL4,IL12R,IL12,IFNgR,GATA3 -> SOCS1

% 156 samples (max h ~ 0.00023509837962962962)
IFNg,SOCS1,STAT1,TBet / IL4R,IL4,IL12R,IL12,IFNgR,GATA3 -< STAT1

% 156 samples (max h ~ 0.00023509837962962962)
IFNg,IFNgR,SOCS1,STAT1,STAT4,STAT6,TBet / IL4,IL12R,IL12,GATA3 -> STAT1
IFNg,IFNgR,IL4R,SOCS1,STAT4,STAT6,TBet / IL4,IL12R,IL12,GATA3 -> STAT1
IFNg,IFNgR,SOCS1,STAT1,STAT4,TBet / IL4R,IL4,IL12R,IL12,GATA3 -> STAT1
IFNg,IFNgR,SOCS1,STAT4,TBet / STAT6,IL4R,IL4,IL12R,IL12,GATA3 -> STAT1

% 41 samples (max h ~ 6.178867669753087e-5)
IFNg,IFNgR,IL4R,SOCS1,STAT1,STAT4,STAT6,TBet / IL4,IL12R,IL12,GATA3 -< STAT4
IFNg,IFNgR,SOCS1,STAT1,STAT4,TBet / STAT6,IL4R,IL4,IL12R,IL12,GATA3 -< STAT4
IFNg,SOCS1,STAT1,STAT4,TBet / IL4R,IL4,IL12R,IL12,IFNgR,GATA3 -< STAT4
IFNg,SOCS1,STAT4,TBet / STAT6,IL4R,IL4,IL12R,IL12,IFNgR,GATA3 -< STAT4
IFNg,SOCS1,STAT1,STAT4,TBet / STAT6,IL4R,IL4,IL12R,IL12,GATA3 -< STAT4

% 0 samples (max h ~ 0)
% _ -> STAT4

% 241 samples (max h ~ 0.00036319685570987653)
IFNg,SOCS1,STAT1,STAT4,STAT6,TBet / IL4R,IL4,IL12R,IL12,GATA3 -< STAT6
IFNg,SOCS1,STAT1,STAT6,TBet / IL4R,IL4,IL12R,IL12,IFNgR,GATA3 -< STAT6

% 23 samples (max h ~ 3.466194058641975e-5)
IFNg,IFNgR,IL4R,SOCS1,STAT1,STAT4,STAT6,TBet / IL4,IL12R,IL12,GATA3 -> STAT6

% 0 samples (max h ~ 0)
% _ -< TBet

% 498539 samples (max h ~ 0.751318660783179)
IFNg,IFNgR,SOCS1,STAT1,STAT4,STAT6,TBet / IL4,IL12R,IL12,GATA3 -> TBet
IFNg,IFNgR,SOCS1,STAT1,STAT4,TBet / IL4R,IL4,IL12R,IL12,GATA3 -> TBet
IFNg,SOCS1,STAT1,STAT4,TBet / IL4R,IL4,IL12R,IL12,GATA3 -> TBet
IFNg,SOCS1,STAT4,TBet / STAT6,IL4R,IL4,IL12R,IL12,IFNgR,GATA3 -> TBet
IFNg,SOCS1,STAT1,TBet / IL4R,IL4,IL12R,IL12,IFNgR,GATA3 -> TBet
IFNg,SOCS1,TBet / STAT6,IL4R,IL4,IL12R,IL12,IFNgR,GATA3 -> TBet
SOCS1,TBet / STAT6,STAT4,STAT1,IL4R,IL4,IL12R,IL12,IFNgR,GATA3 -> TBet
true.


