% Maxmimum K used: 3
% minimum number of samples for h=1: 663552

% 9737 samples (max h ~ 0.014674057195216049)
GATA3,SOCS1,STAT1,TBet -< GATA3
GATA3,IFNgR,STAT1,TBet / STAT4,IL12 -< GATA3
GATA3,STAT1,TBet / STAT6,STAT4,IL12 -< GATA3
GATA3,STAT1,STAT4,TBet / STAT6 -< GATA3
GATA3,STAT1,TBet / STAT6,IL12 -< GATA3
GATA3,SOCS1,TBet -< GATA3
GATA3,STAT4,TBet / STAT6 -< GATA3
GATA3,TBet / STAT6,IL12 -< GATA3
GATA3,STAT1,STAT4 / STAT6 -< GATA3
GATA3,SOCS1,STAT1 / STAT6 -< GATA3
GATA3,STAT1 / STAT6,IL12 -< GATA3
GATA3,STAT4 / STAT6,IFNgR -< GATA3
GATA3,SOCS1 / STAT6,IFNgR -< GATA3
GATA3 / STAT6,IL12,IFNgR -< GATA3

% 54687 samples (max h ~ 0.08241554542824074)
IFNg,IFNgR,IL12,IL4,SOCS1,STAT4,STAT6 / TBet -> GATA3
GATA3,IFNg,IL12,IL4,SOCS1,STAT4,STAT6 / TBet -> GATA3
IFNg,IL12,IL4,SOCS1,STAT4,STAT6 / TBet,STAT1 -> GATA3
GATA3,IL12,IL4,SOCS1,STAT4,STAT6 / TBet -> GATA3
IL12,IL4,IL4R,SOCS1,STAT4,STAT6 / TBet,STAT1,IFNgR -> GATA3
IFNg,IFNgR,IL12,IL4,IL4R,STAT4,STAT6 / TBet -> GATA3
GATA3,IFNg,IL12,IL4,IL4R,STAT4,STAT6 / TBet -> GATA3
IFNg,IL12,IL4,IL4R,STAT4,STAT6 / TBet,STAT1 -> GATA3
GATA3,IL12,IL4,IL4R,STAT4,STAT6 / TBet -> GATA3
IL12,IL4,IL4R,STAT4,STAT6 / TBet,STAT1,IFNgR -> GATA3
IFNg,IFNgR,IL12,IL4,STAT4,STAT6 / TBet -> GATA3
GATA3,IL12,IL4,SOCS1,STAT6 / TBet -> GATA3
GATA3,IL12,IL4,IL4R,STAT6 / TBet -> GATA3
GATA3,IFNg,IFNgR,IL12,IL4,STAT6 / TBet -> GATA3
IFNg,IFNgR,IL12,IL4R,SOCS1,STAT1,STAT4,STAT6 / TBet -> GATA3
GATA3,IFNg,IFNgR,IL12,SOCS1,STAT1,STAT4,STAT6 / TBet -> GATA3
GATA3,IFNg,IL12,SOCS1,STAT1,STAT4,STAT6 / TBet -> GATA3
GATA3,IFNg,IL12,IL4R,SOCS1,STAT4,STAT6 / TBet,IFNgR -> GATA3
IFNg,IL12,IL4R,SOCS1,STAT4,STAT6 / TBet,STAT1,IFNgR -> GATA3
IFNg,IFNgR,IL12,IL4R,STAT1,STAT4,STAT6 / TBet -> GATA3
GATA3,IFNg,IL12,IL4R,STAT1,STAT4,STAT6 / TBet -> GATA3
GATA3,IFNg,IL12,IL4R,STAT4,STAT6 / TBet,IFNgR -> GATA3
IFNg,IL12,IL4R,STAT4,STAT6 / TBet,STAT1,IFNgR -> GATA3
GATA3,IFNg,IFNgR,IL12,STAT1,STAT4,STAT6 / TBet -> GATA3
GATA3,IFNg,IL12,SOCS1,STAT1,STAT6 / TBet -> GATA3
GATA3,IFNg,IL12,IL4R,SOCS1,STAT6 / TBet,IFNgR -> GATA3
GATA3,IFNg,IL12,IL4R,STAT1,STAT6 / TBet -> GATA3
GATA3,IFNg,IL12,IL4R,STAT6 / TBet,IFNgR -> GATA3
GATA3,IFNg,IFNgR,IL12,STAT1,STAT6 / TBet -> GATA3
GATA3,IL12,SOCS1,STAT1,STAT6 / TBet,STAT4 -> GATA3
GATA3,IL12,IL4R,SOCS1,STAT6 / TBet,STAT4,IFNgR -> GATA3
GATA3,IL12,IL4R,STAT1,STAT6 / TBet,STAT4 -> GATA3
GATA3,IL12,IL4R,STAT6 / TBet,STAT4,IFNgR -> GATA3
IFNg,IFNgR,IL4R,STAT1,STAT4,STAT6 / TBet -> GATA3
IFNg,IFNgR,IL4,STAT1,STAT4,STAT6 / TBet -> GATA3
GATA3,IFNg,IFNgR,STAT1,STAT4,STAT6 / TBet -> GATA3
IFNg,IFNgR,IL4,STAT4,STAT6 / TBet -> GATA3
GATA3,IFNg,IFNgR,STAT1,STAT6 / TBet -> GATA3
GATA3,IFNg,IFNgR,IL4,STAT6 / TBet -> GATA3
IFNg,IFNgR,IL4R,STAT1,STAT6 / TBet,IL12R,IL12 -> GATA3
IFNg,IFNgR,IL4,STAT1,STAT6 / TBet,IL12R,IL12 -> GATA3
IFNg,IFNgR,IL4,STAT6 / TBet,IL12R,IL12 -> GATA3
GATA3,IFNgR,SOCS1,STAT1,STAT6 / TBet,STAT4 -> GATA3
GATA3,IFNgR,IL4,SOCS1,STAT6 / TBet,STAT4 -> GATA3
GATA3,IFNgR,IL4R,STAT1,STAT6 / TBet,STAT4 -> GATA3
GATA3,IFNgR,IL4,IL4R,STAT6 / TBet,STAT4 -> GATA3
GATA3,SOCS1,STAT1,STAT6 / TBet,STAT4 -> GATA3
GATA3,IL4,SOCS1,STAT6 / TBet,STAT4 -> GATA3
GATA3,IL4R,SOCS1,STAT6 / TBet,STAT4,IFNgR -> GATA3
GATA3,IL4R,STAT1,STAT6 / TBet,STAT4 -> GATA3
GATA3,IL4,IL4R,STAT6 / TBet,STAT4 -> GATA3
GATA3,IL4R,STAT6 / TBet,STAT4,IFNgR -> GATA3
IFNg,IL4,SOCS1,STAT6 / TBet,STAT4,STAT1,IL12R,IL12 -> GATA3
IFNg,IL4R,SOCS1,STAT6 / TBet,STAT4,STAT1,IL12R,IL12,IFNgR -> GATA3
IL4R,SOCS1,STAT6 / TBet,STAT4,STAT1,IL12R,IL12,IFNgR -> GATA3
IFNg,IL4,IL4R,STAT6 / TBet,STAT4,STAT1,IL12R,IL12 -> GATA3
IFNg,IL4R,STAT6 / TBet,STAT4,STAT1,IL12R,IL12,IFNgR -> GATA3
IL4R,STAT6 / TBet,STAT4,STAT1,IL12R,IL12,IFNgR -> GATA3

% 3995 samples (max h ~ 0.006020628375771605)
IFNg,IL12R,SOCS1,STAT1 / STAT4 -< IFNg
IFNg,IL12R,SOCS1,STAT1 / TBet -< IFNg
IFNg,IFNgR,IL12R,STAT1 / STAT4 -< IFNg
IFNg,IFNgR,IL12R,STAT1 / TBet -< IFNg
IFNg,IL12R,STAT1 / TBet -< IFNg
IFNg,IL12R,IL4,SOCS1 / STAT4 -< IFNg
IFNg,IL12R,SOCS1 / STAT4,IFNgR -< IFNg
IFNg,IL12R,IL4,SOCS1 / TBet -< IFNg
IFNg,IL12R,SOCS1 / TBet,IFNgR -< IFNg
IFNg,IFNgR,IL12R,IL4 / STAT4 -< IFNg
IFNg,IFNgR,IL12R,IL4 / TBet -< IFNg
IFNg,IL12R,IL4 / TBet -< IFNg
GATA3,IFNg,SOCS1,STAT1 / STAT4 -< IFNg
GATA3,IFNg,IL4,SOCS1 / STAT4 -< IFNg
GATA3,IFNg,SOCS1 / STAT4,IFNgR -< IFNg
GATA3,IFNg,SOCS1,STAT1 / TBet -< IFNg
GATA3,IFNg,IL4,SOCS1 / TBet -< IFNg
GATA3,IFNg,SOCS1 / TBet,IFNgR -< IFNg
GATA3,IFNg,STAT1 / TBet -< IFNg
GATA3,IFNg,IL4 / TBet -< IFNg
IFNg,SOCS1,STAT1 / STAT4,IL4R -< IFNg
IFNg,IL4,SOCS1 / STAT4,IL4R -< IFNg
IFNg,SOCS1 / STAT4,IL4R,IFNgR -< IFNg
IFNg,STAT1 / TBet,STAT4,IL4R -< IFNg
IFNg,IL4 / TBet,STAT4,IL4R -< IFNg

% 186155 samples (max h ~ 0.28054319782021603)
IL12R,SOCS1,STAT4,TBet -> IFNg
SOCS1,STAT4,TBet / IFNgR -> IFNg
SOCS1,STAT4,TBet / IL4 -> IFNg
IL12R,IL4R,STAT4,STAT6,TBet / STAT1,IL12,GATA3 -> IFNg
IFNgR,IL12,IL12R,IL4,IL4R,STAT4,TBet / STAT6,STAT1,GATA3 -> IFNg
IFNg,IFNgR,IL4R,STAT4,STAT6,TBet / STAT1,IL4,IL12,GATA3 -> IFNg
GATA3,IL12R,IL4,STAT1,STAT4,STAT6,TBet / IL4R,IL12,IFNgR -> IFNg
IL12R,STAT4,STAT6,TBet / STAT1,IL4R,IL12,IFNgR,GATA3 -> IFNg
IL12R,STAT4,STAT6,TBet / STAT1,IL12,IFNgR,GATA3 -> IFNg

% 5880 samples (max h ~ 0.008861400462962963)
IFNgR,SOCS1,STAT1,STAT4,STAT6,TBet -< IFNgR
GATA3,IFNgR,SOCS1,STAT1,STAT4,STAT6 -< IFNgR
IFNgR,SOCS1,STAT1,STAT4,STAT6 / IL4R -< IFNgR
IFNgR,IL4R,STAT1,STAT4,STAT6,TBet / IFNg -< IFNgR
GATA3,IFNgR,IL4R,STAT1,STAT4,STAT6 / IFNg -< IFNgR
IFNgR,SOCS1,STAT4,STAT6,TBet -< IFNgR
IFNgR,SOCS1,STAT4,STAT6 / IL4R,IL12 -< IFNgR
IFNgR,SOCS1,STAT1,STAT4,TBet -< IFNgR
GATA3,IFNgR,SOCS1,STAT1,STAT4 -< IFNgR
IFNgR,SOCS1,STAT1,STAT4 / IL4R -< IFNgR
IFNgR,STAT1,STAT4 / STAT6,IL4R,IL4,IFNg -< IFNgR
IFNgR,SOCS1,STAT4,TBet / IFNg -< IFNgR
IFNgR,SOCS1,STAT4 / IL4R,IL12,IFNg -< IFNgR
IFNgR,STAT4 / TBet,STAT6,IL4R,IL4,IL12R,IL12,IFNg,GATA3 -< IFNgR
GATA3,IFNgR,SOCS1,STAT1,STAT6 -< IFNgR
IFNgR,SOCS1,STAT1,STAT6,TBet / IFNg -< IFNgR
IFNgR,SOCS1,STAT1,STAT6 / IL4R,IFNg -< IFNgR
IFNgR,IL4R,STAT1,STAT6,TBet / IFNg -< IFNgR
GATA3,IFNgR,IL4R,STAT1,STAT6 / IFNg -< IFNgR
GATA3,IFNgR,SOCS1,STAT1 -< IFNgR
IFNgR,SOCS1,STAT1,TBet / IFNg -< IFNgR
IFNgR,SOCS1,STAT1 / IL4R,IFNg -< IFNgR
GATA3,IFNgR,SOCS1,STAT6,TBet / IL4R -< IFNgR
GATA3,IFNgR,SOCS1,STAT6 / IL4R,IL12 -< IFNgR
IFNgR,SOCS1,STAT6,TBet / IL4R,IFNg -< IFNgR
IFNgR,SOCS1,STAT6 / IL4R,IL12,IFNg -< IFNgR
IFNgR,SOCS1,TBet / IL4R,IFNg -< IFNgR
IFNgR,SOCS1 / IL4R,IL12,IFNg -< IFNgR

% 146 samples (max h ~ 0.00022002797067901235)
IFNg,IFNgR,IL12R,STAT1,STAT6,TBet / SOCS1,IL4,IL12,GATA3 -> IFNgR
IFNg,IL12R,STAT1,STAT6,TBet / SOCS1,IL4R,IL4,IL12,GATA3 -> IFNgR
IFNg,IL12R,IL4,STAT4,STAT6,TBet / STAT1,SOCS1,IL12,GATA3 -> IFNgR
IFNg,IL12R,IL4,IL4R,STAT6,TBet / STAT1,SOCS1,IL12,GATA3 -> IFNgR
IFNg,IL12R,IL4R,STAT4,STAT6,TBet / STAT1,SOCS1,IL4,IL12,IFNgR,GATA3 -> IFNgR
IFNg,IL12R,IL4R,STAT4,STAT6,TBet / STAT1,SOCS1,IL12,IFNgR,GATA3 -> IFNgR
IFNg,IL12R,STAT1,TBet / STAT4,SOCS1,IL4R,IL4,IL12,GATA3 -> IFNgR
IFNg,IFNgR,IL12R,STAT1,TBet / STAT4,SOCS1,IL4,IL12,GATA3 -> IFNgR
IFNg,IL12R,IL4,IL4R,TBet / STAT4,STAT1,SOCS1,IL12,GATA3 -> IFNgR
GATA3,IFNg,IFNgR,IL12R,STAT1,TBet / STAT4,SOCS1,IL12 -> IFNgR
IFNg,IFNgR,IL12R,STAT1,TBet / STAT4,SOCS1,IL4,IL12 -> IFNgR
IFNg,IFNgR,IL12R,STAT1,STAT4,STAT6 / SOCS1,IL4,IL12,GATA3 -> IFNgR
IFNg,IL12R,STAT1,STAT4,STAT6 / SOCS1,IL4R,IL4,IL12,GATA3 -> IFNgR
IFNg,IL12R,IL4,STAT4,STAT6 / STAT1,SOCS1,IL12,GATA3 -> IFNgR
GATA3,IFNg,IFNgR,IL12R,STAT1,STAT4,STAT6 / TBet,SOCS1,IL12 -> IFNgR
GATA3,IFNg,IL12R,STAT1,STAT4,STAT6 / TBet,SOCS1,IL4R,IL12 -> IFNgR
IFNg,IFNgR,IL12R,STAT1,STAT4,STAT6 / TBet,SOCS1,IL4,IL12 -> IFNgR
IFNg,IL12R,STAT1,STAT4,STAT6 / TBet,SOCS1,IL4R,IL4,IL12 -> IFNgR
GATA3,IFNg,IFNgR,IL12R,IL4,STAT4,STAT6 / TBet,SOCS1,IL12 -> IFNgR
GATA3,IFNg,IL12R,IL4,STAT4,STAT6 / TBet,SOCS1,IL4R,IL12 -> IFNgR
GATA3,IFNg,IL12R,IL4,STAT4,STAT6 / TBet,STAT1,SOCS1,IL12 -> IFNgR
IFNg,IL12R,IL4,STAT4,STAT6 / TBet,STAT1,SOCS1,IL12 -> IFNgR
GATA3,IFNg,IL12R,STAT1,STAT4 / TBet,SOCS1,IL4R,IL12 -> IFNgR
GATA3,IFNg,IFNgR,IL12R,STAT1 / STAT4,SOCS1,IL12 -> IFNgR
GATA3,IFNg,IL12R,STAT1 / TBet,STAT4,SOCS1,IL4R,IL12 -> IFNgR
GATA3,IFNg,IFNgR,IL12R,IL4,IL4R,STAT6 / TBet,STAT4,SOCS1,IL12 -> IFNgR
GATA3,IFNg,IL12R,IL4,IL4R,STAT6 / TBet,STAT4,STAT1,SOCS1,IL12 -> IFNgR
GATA3,IFNg,IFNgR,IL12R,STAT1,STAT6 / TBet,SOCS1,IL12 -> IFNgR
GATA3,IFNg,IL12R,STAT1,STAT6 / TBet,SOCS1,IL4R,IL12 -> IFNgR
GATA3,IFNg,IFNgR,IL12R,IL4,IL4R,STAT6 / TBet,SOCS1,IL12 -> IFNgR
GATA3,IFNg,IL12R,IL4,IL4R,STAT6 / TBet,STAT1,SOCS1,IL12 -> IFNgR
GATA3,IFNg,IL12R,STAT1 / TBet,SOCS1,IL4R,IL12 -> IFNgR
GATA3,IFNg,IFNgR,IL12R,STAT1 / STAT4,SOCS1,IL4 -> IFNgR
GATA3,IFNg,IL12R,STAT1 / TBet,STAT4,SOCS1,IL4R,IL4 -> IFNgR
GATA3,IFNg,IFNgR,IL12R,STAT1 / TBet,STAT4,SOCS1 -> IFNgR
GATA3,IFNg,IL12R,STAT1 / TBet,STAT4,SOCS1,IL4R -> IFNgR
GATA3,IFNg,IFNgR,IL12R,IL4,IL4R,STAT6 / TBet,STAT4,SOCS1 -> IFNgR
GATA3,IFNg,IL12R,IL4,IL4R,STAT6 / TBet,STAT4,STAT1,SOCS1 -> IFNgR
IFNg,IFNgR,IL12R,STAT1,TBet / STAT4,SOCS1,IL4R,IL4 -> IFNgR
IFNg,IL12R,STAT1,TBet / STAT4,SOCS1,IL4R,IL4,GATA3 -> IFNgR
GATA3,IFNg,IFNgR,IL12R,IL4,STAT4,STAT6 / TBet,SOCS1 -> IFNgR
GATA3,IFNg,IL12R,IL4,STAT4,STAT6 / TBet,SOCS1,IL4R -> IFNgR
GATA3,IFNg,IL12R,IL4,STAT4,STAT6 / TBet,STAT1,SOCS1 -> IFNgR
GATA3,IFNg,IFNgR,IL12R,IL4,STAT1,STAT6 / TBet,SOCS1 -> IFNgR
GATA3,IFNg,IL12R,IL4,STAT1,STAT6 / TBet,SOCS1,IL4R -> IFNgR
GATA3,IFNg,IFNgR,IL12R,IL4,IL4R,STAT6 / TBet,SOCS1 -> IFNgR
GATA3,IFNg,IL12R,IL4,IL4R,STAT6 / TBet,STAT1,SOCS1 -> IFNgR
GATA3,IFNg,IL12R,IL4,STAT1,STAT4 / TBet,SOCS1,IL4R -> IFNgR
GATA3,IFNg,IL12R,IL4,STAT1 / TBet,SOCS1,IL4R -> IFNgR
IFNg,IL12R,IL4,STAT4,STAT6 / TBet,STAT1,SOCS1,IL4R -> IFNgR
IFNg,IL4R,STAT4,STAT6,TBet / STAT1,SOCS1,IL4,IL12,IFNgR,GATA3 -> IFNgR
GATA3,IFNg,IL4,IL4R,STAT6 / TBet,STAT4,STAT1,SOCS1,IL12,IFNgR -> IFNgR
GATA3,IFNg,STAT1,STAT6 / TBet,STAT4,SOCS1,IL4R,IL12,IFNgR -> IFNgR
GATA3,IFNg,STAT1,STAT6 / TBet,SOCS1,IL4R,IL4,IL12,IFNgR -> IFNgR
GATA3,IFNg,STAT1,STAT4 / TBet,SOCS1,IL4R,IL4,IL12,IFNgR -> IFNgR
GATA3,IFNg,IL4,IL4R,STAT6 / TBet,STAT4,STAT1,SOCS1,IFNgR -> IFNgR
GATA3,IFNg,STAT1,STAT6 / TBet,STAT4,SOCS1,IL4R,IFNgR -> IFNgR
GATA3,IFNg,IFNgR,STAT1,STAT6 / TBet,SOCS1,IL4,IL12 -> IFNgR
GATA3,IFNg,IFNgR,STAT1,STAT6 / TBet,STAT4,SOCS1,IL12 -> IFNgR
GATA3,IFNg,STAT1,STAT6 / TBet,SOCS1,IL4R,IL4,IL12 -> IFNgR
GATA3,IFNg,STAT1,STAT6 / TBet,STAT4,SOCS1,IL4R,IL12 -> IFNgR
GATA3,IFNg,IFNgR,IL4,IL4R,STAT6 / TBet,STAT4,SOCS1,IL12 -> IFNgR
GATA3,IFNg,IL4,IL4R,STAT6 / TBet,STAT4,STAT1,SOCS1,IL12 -> IFNgR
GATA3,IFNg,STAT1,STAT4 / TBet,SOCS1,IL4R,IL4,IL12 -> IFNgR
GATA3,IFNg,IFNgR,STAT1,STAT6 / TBet,STAT4,SOCS1 -> IFNgR
GATA3,IFNg,STAT1,STAT6 / TBet,STAT4,SOCS1,IL4R -> IFNgR
GATA3,IFNg,IFNgR,IL4,IL4R,STAT6 / TBet,STAT4,SOCS1 -> IFNgR
GATA3,IFNg,IL4,IL4R,STAT6 / TBet,STAT4,STAT1,SOCS1 -> IFNgR

% 0 samples (max h ~ 0)
% _ -< IL12

% 0 samples (max h ~ 0)
% _ -> IL12

% 4721 samples (max h ~ 0.00711474006558642)
IL12R,SOCS1,STAT1,STAT4,STAT6 -< IL12R
IL12R,SOCS1,STAT1,STAT4 / IL4,IL12 -< IL12R
IL12R,IL4,SOCS1,STAT4,STAT6 -< IL12R
IL12R,IL4,SOCS1,STAT4 / STAT1,IL12 -< IL12R
IL12R,SOCS1,STAT4,STAT6 / GATA3 -< IL12R
IL12R,SOCS1,STAT4 / IL4,IL12,GATA3 -< IL12R
IL12R,SOCS1,STAT4 / STAT1,IL12,GATA3 -< IL12R
GATA3,IFNg,IL12R,IL4,SOCS1,STAT1,STAT6,TBet -< IL12R
GATA3,IFNg,IL12R,IL4,SOCS1,STAT1,STAT6 -< IL12R
GATA3,IFNg,IL12R,SOCS1,STAT1,STAT6 -< IL12R
GATA3,IFNg,IL12R,IL4R,SOCS1,STAT1 / IL4,IL12 -< IL12R
GATA3,IFNg,IL12R,IL4,SOCS1,STAT6,TBet -< IL12R
IFNg,IL12R,IL4,SOCS1,STAT6,TBet / STAT1 -< IL12R
GATA3,IFNg,IL12R,IL4,SOCS1,STAT6 -< IL12R
IFNg,IL12R,IL4,IL4R,SOCS1,TBet / STAT1,IL12 -< IL12R
GATA3,IFNg,IL12R,IL4,IL4R,SOCS1 / STAT1,IL12 -< IL12R
GATA3,IL12R,SOCS1,STAT1,STAT6 -< IL12R
GATA3,IL12R,IL4R,SOCS1,STAT1 / IL4,IL12 -< IL12R
GATA3,IL12R,IL4,SOCS1,STAT6 -< IL12R
GATA3,IL12R,IL4,IL4R,SOCS1 / STAT1,IL12 -< IL12R
IFNg,IL12,IL12R,IL4,STAT1,STAT4,STAT6 / IL4R -< IL12R
IFNg,IL12,IL12R,IL4,STAT4,STAT6 / IL4R -< IL12R
IFNg,IL12,IL12R,IL4,STAT1,STAT4,STAT6 / TBet -< IL12R
IFNg,IL12,IL12R,IL4,STAT4,STAT6 / TBet -< IL12R
GATA3,IL12,IL12R,IL4,IL4R,STAT4,STAT6 / TBet,STAT1,IFNgR -< IL12R
GATA3,IFNg,IL12,IL12R,IL4,STAT1,STAT6,TBet / IL4R -< IL12R
GATA3,IFNg,IL12,IL12R,IL4,STAT1,STAT6 / IL4R -< IL12R
GATA3,IFNg,IL12,IL12R,IL4,STAT6,TBet / IL4R -< IL12R
IFNg,IL12,IL12R,IL4,STAT6,TBet / STAT1,IL4R -< IL12R
GATA3,IFNg,IL12,IL12R,IL4,STAT6 / IL4R -< IL12R
GATA3,IFNg,IL12,IL12R,IL4,STAT1,STAT6 / TBet -< IL12R
GATA3,IFNg,IL12,IL12R,IL4,STAT6 / TBet -< IL12R
GATA3,IL12,IL12R,IL4,IL4R,STAT6 / TBet,STAT1,IFNgR -< IL12R
IFNg,IL12R,IL4,STAT1,STAT4,STAT6 / IL4R -< IL12R
IFNg,IL12R,STAT1,STAT4,STAT6 / IL4R,IL12 -< IL12R
IFNg,IL12R,IL4,STAT4,STAT6 / IL4R -< IL12R
IFNg,IL12R,STAT4,STAT6 / IL4R,IL12,GATA3 -< IL12R
GATA3,IFNg,IL12R,IL4,STAT1,STAT6,TBet / IL4R -< IL12R
GATA3,IFNg,IL12R,IL4,STAT1,STAT6 / IL4R -< IL12R
GATA3,IFNg,IL12R,STAT1,STAT6 / IL4R,IL12 -< IL12R
GATA3,IFNg,IL12R,IL4,STAT6,TBet / IL4R -< IL12R
IFNg,IL12R,IL4,STAT6,TBet / STAT1,IL4R -< IL12R
GATA3,IFNg,IL12R,IL4,STAT6 / IL4R -< IL12R
IFNg,IL12R,IL4,STAT1,STAT4,STAT6 / TBet -< IL12R
IFNg,IL12R,STAT1,STAT4,STAT6 / TBet,IL12 -< IL12R
IFNg,IL12R,IL4,STAT4,STAT6 / TBet -< IL12R
IFNg,IL12R,STAT4,STAT6 / TBet,IL12,GATA3 -< IL12R
GATA3,IFNg,IL12R,IL4,STAT1,STAT6 / TBet -< IL12R
GATA3,IFNg,IL12R,STAT1,STAT6 / TBet,IL12 -< IL12R
GATA3,IFNg,IFNgR,IL12R,IL4R,STAT1 / TBet,STAT4,IL4,IL12 -< IL12R
GATA3,IFNg,IL12R,IL4,STAT6 / TBet -< IL12R

% 19969 samples (max h ~ 0.030094099633487654)
IFNg,IFNgR,IL12,SOCS1,STAT4,TBet / STAT6 -> IL12R
IFNg,IL12,SOCS1,STAT4,TBet / STAT6,IL4R -> IL12R
IFNg,IL12,SOCS1,STAT4,TBet / STAT6,STAT1 -> IL12R
IL12,SOCS1,STAT4,TBet / STAT6,IL4R -> IL12R
IL12,SOCS1,STAT4,TBet / STAT6,STAT1 -> IL12R
IL12,SOCS1,STAT1,TBet / STAT6,IL4R,IFNgR,IFNg -> IL12R
IL12,SOCS1,STAT1,TBet / STAT6,IL4R,IFNg -> IL12R
IL12,SOCS1,TBet / STAT6,IL4R,IFNgR,IFNg -> IL12R
IL12,SOCS1,TBet / STAT6,STAT1,IFNgR,IFNg -> IL12R
IFNg,IL12,SOCS1,TBet / STAT6,IL4R,IFNgR -> IL12R
IFNg,IL12,SOCS1,TBet / STAT6,STAT1,IFNgR -> IL12R
IL12,SOCS1,TBet / STAT6,IL4R,IFNgR -> IL12R
IL12,SOCS1,TBet / STAT6,STAT1,IFNgR -> IL12R
IL12,STAT4,TBet / STAT6,IL4R,IL4,IFNgR,IFNg -> IL12R
GATA3,IL12,STAT4,TBet / STAT6,IL4R,IL4,IFNg -> IL12R
IFNg,IFNgR,IL12,SOCS1,STAT1,STAT4 / STAT6,IL4R -> IL12R
IFNg,IL12,SOCS1,STAT1,STAT4 / STAT6,IL4R -> IL12R
IL12,SOCS1,STAT1,STAT4 / STAT6,IL4R -> IL12R
IL12,SOCS1,STAT1 / STAT6,IL4R,IFNgR,IFNg -> IL12R
IL12,SOCS1,STAT1 / STAT6,IL4R,IFNg -> IL12R
IFNg,IL12,SOCS1,STAT1 / STAT6,IL4R,IFNgR -> IL12R
IL12,SOCS1,STAT1 / STAT6,IL4R,IFNgR -> IL12R
IL12,STAT1,STAT4 / STAT6,IL4R,IL4,IFNgR,IFNg -> IL12R
IL12,STAT1,STAT4 / TBet,STAT6,IL4R,IFNgR,IFNg -> IL12R
IFNg,IL12,IL4,STAT1,STAT4 / TBet,STAT6,IL4R,IFNgR -> IL12R
IL12,IL4,STAT1,STAT4 / TBet,STAT6,IL4R,IFNgR -> IL12R
IFNg,IL12,SOCS1 / STAT6,IL4R,IFNgR -> IL12R
IFNg,IL12,SOCS1 / STAT6,STAT1,IFNgR -> IL12R
IL12,SOCS1 / STAT6,IL4R,IFNgR -> IL12R
IL12,SOCS1 / STAT6,STAT1,IFNgR -> IL12R
IL12,STAT4 / STAT6,IL4R,IL4,IFNgR,IFNg -> IL12R
IFNg,IL12,IL4,STAT4 / TBet,STAT6,IL4R,IFNgR -> IL12R
IFNg,IL12,IL12R,IL4,STAT4 / TBet,STAT6,STAT1,IFNgR -> IL12R
IL12,IL4,STAT4 / TBet,STAT6,IL4R,IFNgR -> IL12R
IL12,STAT4 / TBet,STAT6,IL4R,IFNgR,IFNg -> IL12R
IL12,IL4 / TBet,STAT6,STAT1,IL4R,IFNgR,IFNg -> IL12R
IL12,IL12R,IL4,STAT4 / TBet,STAT6,STAT1,IFNgR -> IL12R
IL12,IL12R,IL4 / TBet,STAT6,STAT1,IFNgR,IFNg -> IL12R

% 6304 samples (max h ~ 0.009500385802469136)
IL12,IL4,SOCS1,STAT1,STAT6,TBet -< IL4
GATA3,IL12,IL4,SOCS1,STAT1,STAT6 -< IL4
IL12,IL4,SOCS1,STAT1,STAT6 / IFNgR -< IL4
IFNg,IL4,SOCS1,STAT1,STAT6,TBet -< IL4
GATA3,IFNg,IL4,SOCS1,STAT1,STAT6 -< IL4
IFNg,IL4,SOCS1,STAT1,STAT6 / IFNgR -< IL4
IL4,SOCS1,STAT1,STAT6,TBet / STAT4 -< IL4
GATA3,IL4,SOCS1,STAT1,STAT6 / STAT4 -< IL4
IL4,SOCS1,STAT1,STAT6 / STAT4,IFNgR -< IL4
IL12,IL4,SOCS1,STAT6,TBet / GATA3 -< IL4
IL12,IL4,SOCS1,STAT6 / IFNgR,GATA3 -< IL4
IFNg,IL4,SOCS1,STAT6,TBet / GATA3 -< IL4
IFNg,IL4,SOCS1,STAT6 / IFNgR,GATA3 -< IL4
IL4,SOCS1,STAT6,TBet / STAT4,GATA3 -< IL4
IL4,SOCS1,STAT6 / STAT4,IFNgR,GATA3 -< IL4
IL12,IL12R,IL4,IL4R,STAT1,STAT6,TBet / STAT4,IFNg,GATA3 -< IL4
IL12,IL12R,IL4,IL4R,STAT1,STAT6 / STAT4,IFNgR,IFNg,GATA3 -< IL4
IL12,IL12R,IL4,IL4R,STAT1,STAT6 / TBet,IFNgR,IFNg,GATA3 -< IL4
GATA3,IL12,IL12R,IL4,IL4R,STAT1,STAT6 / TBet,IFNg -< IL4
IL12,IL12R,IL4,IL4R,STAT1,STAT6 / TBet,IFNgR,IFNg -< IL4
GATA3,IL12,IL12R,IL4,IL4R,STAT1,STAT6 / TBet -< IL4
IL12,IL12R,IL4,IL4R,STAT1,STAT6 / TBet,IFNgR -< IL4
IL12,IL12R,IL4,IL4R,STAT6 / TBet,IFNgR,GATA3 -< IL4
GATA3,IL12,IL12R,IL4,STAT1,STAT6 / TBet -< IL4
IL12,IL12R,IL4,STAT1,STAT6 / TBet,IFNgR -< IL4
IL12,IL12R,IL4,STAT6 / TBet,IFNgR,GATA3 -< IL4
GATA3,IL12,IL4,STAT1,STAT6 / TBet,STAT4 -< IL4
IL12,IL4,STAT1,STAT6 / TBet,STAT4,IFNgR -< IL4
GATA3,IL4,STAT1,STAT6 / TBet,STAT4,IL12R,IFNg -< IL4
IL4,STAT1,STAT6 / TBet,STAT4,IL12R,IFNgR,IFNg -< IL4
IL12,IL4,STAT6 / TBet,STAT4,IFNgR,GATA3 -< IL4
IL4,STAT6 / TBet,STAT4,IL12R,IFNgR,IFNg,GATA3 -< IL4
IL12,IL4,SOCS1,STAT1,TBet -< IL4
GATA3,IL12,IL4,SOCS1,STAT1 -< IL4
IL12,IL4,SOCS1,STAT1 / IFNgR -< IL4
IFNg,IL4,SOCS1,STAT1,TBet -< IL4
GATA3,IFNg,IL4,SOCS1,STAT1 -< IL4
IFNg,IL4,SOCS1,STAT1 / IFNgR -< IL4
IL4,SOCS1,STAT1,TBet / STAT4 -< IL4
GATA3,IL4,SOCS1,STAT1 / STAT4 -< IL4
IL4,SOCS1,STAT1 / STAT4,IFNgR -< IL4
IL12,IL4,SOCS1,TBet / GATA3 -< IL4
IL12,IL4,SOCS1 / IFNgR,GATA3 -< IL4
IFNg,IL4,SOCS1,TBet / GATA3 -< IL4
IFNg,IL4,SOCS1 / IFNgR,GATA3 -< IL4
IL4,SOCS1,TBet / STAT4,GATA3 -< IL4
IL4,SOCS1 / STAT4,IFNgR,GATA3 -< IL4
IL12,IL12R,IL4 / TBet,IFNgR,IFNg,GATA3 -< IL4
IL12,IL4 / TBet,STAT4,IFNgR,IFNg,GATA3 -< IL4
IL4 / TBet,STAT4,IL12R,IFNgR,IFNg,GATA3 -< IL4

% 57985 samples (max h ~ 0.08738576630015432)
GATA3,IL4,SOCS1 / STAT1,IFNgR -> IL4
GATA3,SOCS1 / STAT6,STAT1,IL4R,IFNgR -> IL4
GATA3,SOCS1 / TBet,STAT6,STAT1,IFNgR -> IL4
GATA3,SOCS1 / TBet,STAT1,IFNgR -> IL4
GATA3,IFNg,IL4,SOCS1,STAT6 / TBet,STAT4,STAT1,IL4R,IL12R,IL12 -> IL4
GATA3,IL12,IL12R,STAT4 / STAT6,STAT1,IL4R,IFNgR,IFNg -> IL4
GATA3,IL12,IL12R,IL4,STAT4 / TBet,STAT6,STAT1,IL4R,IFNgR -> IL4
GATA3,IL12,IL12R,STAT4 / TBet,STAT6,STAT1,IL4R,IFNgR -> IL4
GATA3,IL12,IL12R,IL4,IL4R,STAT4 / TBet,STAT6,STAT1,IFNgR -> IL4
GATA3,IL12,IL12R,IL4,STAT4 / TBet,STAT6,STAT1,IFNgR -> IL4
GATA3,IL12,IL12R,IL4R,STAT4 / TBet,STAT6,STAT1,IFNgR -> IL4
GATA3,IL12,IL12R,STAT4 / TBet,STAT6,STAT1,IFNgR -> IL4
GATA3,IL12,IL4,IL4R,STAT6 / TBet,STAT1,IFNgR -> IL4
GATA3,IL12,IL12R,IL4,STAT4,STAT6 / TBet,STAT1,IFNgR -> IL4
GATA3,IL4,IL4R,STAT6 / TBet,STAT4,STAT1,IL12R,IFNgR -> IL4
GATA3,IFNg,IL12,IL12R,IL4,STAT4,STAT6 / TBet,STAT1,SOCS1,IL4R -> IL4
GATA3,IFNg,IL12,IL12R,IL4,IL4R,STAT4,STAT6 / TBet,STAT1,SOCS1 -> IL4
GATA3,IFNg,IL12,IL4,IL4R,STAT6 / TBet,STAT4,STAT1,SOCS1,IL12R -> IL4
GATA3,IFNg,IL12,IL12R,IL4,STAT4,STAT6 / TBet,STAT1,SOCS1 -> IL4
GATA3,IFNg,IL4,IL4R,STAT6 / TBet,STAT4,STAT1,SOCS1,IL12R -> IL4
GATA3,IL4,IL4R,STAT6 / TBet,STAT4,STAT1,SOCS1,IL12R,IL12 -> IL4
GATA3,IL12,IL12R,IL4,IL4R,STAT4 / TBet,STAT1,IFNgR -> IL4
GATA3,IL12,IL12R,IL4,STAT4 / TBet,STAT1,IFNgR -> IL4
GATA3,IL12,IL4R,STAT6 / TBet,STAT1,IFNgR -> IL4
GATA3,IL12,IL12R,IL4R,STAT4 / TBet,STAT1,IFNgR -> IL4
GATA3,IL12,IL12R,STAT4 / TBet,STAT1,IFNgR -> IL4
GATA3,IL4R,STAT6 / TBet,STAT4,STAT1,IL12R,IFNgR -> IL4

% 3195 samples (max h ~ 0.004814995659722222)
IL4R,SOCS1,STAT1,STAT4,STAT6 -< IL4R
GATA3,IL4R,SOCS1,STAT1,STAT6 -< IL4R
IL4R,SOCS1,STAT1,STAT6 / IFNgR -< IL4R
IL4R,SOCS1,STAT6 / IFNgR -< IL4R
IFNg,IL4R,SOCS1,STAT4,STAT6,TBet / IL4 -< IL4R
IL4R,SOCS1,TBet / IL4,IFNgR -< IL4R
IL4R,SOCS1 / STAT4,IL4,IFNgR -< IL4R
IFNg,IL12,IL4R,SOCS1,TBet / STAT1,IFNgR -< IL4R
IFNg,IL12,IL4R,SOCS1 / STAT4,STAT1,IFNgR -< IL4R
GATA3,IFNg,IL4R,SOCS1,STAT1,TBet / IL4 -< IL4R
GATA3,IFNg,IL4R,SOCS1,STAT1 / STAT4,IL4 -< IL4R
IFNg,IFNgR,IL12R,IL4R,STAT1,STAT4,STAT6 / TBet,IL4,IL12 -< IL4R
GATA3,IFNg,IFNgR,IL12R,IL4R,STAT1,STAT6 / TBet,IL4,IL12 -< IL4R
IFNg,IL4R,STAT1,STAT4,STAT6 / IL4,IL12R,IL12,GATA3 -< IL4R
IFNg,IL4R,STAT1,STAT6 / TBet,IL4,IL12R,IL12,IFNgR,GATA3 -< IL4R
IFNg,IL4R,STAT4,STAT6 / IL4,IL12R,IL12,IFNgR,GATA3 -< IL4R
IFNg,IL4R,STAT6 / TBet,IL4,IL12R,IL12,IFNgR,GATA3 -< IL4R
IL4R,STAT6 / TBet,STAT4,STAT1,IL4,IL12R,IL12,IFNgR,GATA3 -< IL4R
IFNg,IL4R,STAT4,STAT6,TBet / IL4,IL12R,IL12,GATA3 -< IL4R
IFNg,IFNgR,IL4R,STAT1,STAT4,STAT6 / TBet,IL4,IL12,GATA3 -< IL4R

% 45226 samples (max h ~ 0.06815743152006173)
IL12,IL4,IL4R,STAT1,STAT6 / TBet,STAT4,SOCS1,IL12R,IFNgR,IFNg,GATA3 -> IL4R
IFNgR,IL12,IL12R,IL4,IL4R,STAT1,STAT6,TBet / STAT4,SOCS1,IFNg,GATA3 -> IL4R
IFNgR,IL12,IL12R,IL4,STAT1,STAT6,TBet / STAT4,SOCS1,IFNg,GATA3 -> IL4R
IL12,IL4,IL4R,STAT6 / TBet,STAT4,STAT1,SOCS1,IL12R,IFNgR,IFNg,GATA3 -> IL4R
IL12,IL4,IL4R,STAT6 / TBet,STAT4,SOCS1,IL12R,IFNgR,IFNg,GATA3 -> IL4R
IL12,IL12R,IL4,IL4R,STAT6 / TBet,STAT1,SOCS1,IFNgR,IFNg,GATA3 -> IL4R
IL12,IL4,IL4R,STAT6 / TBet,STAT4,STAT1,SOCS1,IFNgR,IFNg,GATA3 -> IL4R
IL12,IL12R,IL4 / TBet,STAT6,STAT1,SOCS1,IL4R,IFNgR,IFNg,GATA3 -> IL4R
IL12,IL12R,IL4,IL4R / TBet,STAT1,SOCS1,IFNgR,IFNg,GATA3 -> IL4R
IL12,IL12R,IL4 / TBet,STAT6,STAT1,SOCS1,IFNgR,IFNg,GATA3 -> IL4R
GATA3,IL12,IL4,IL4R,STAT1,STAT6 / TBet,STAT4,SOCS1,IL12R,IFNgR,IFNg -> IL4R
GATA3,IFNgR,IL12,IL4,IL4R,STAT1,STAT6 / TBet,STAT4,SOCS1,IFNg -> IL4R
GATA3,IL12,IL4,IL4R,STAT1,STAT6 / TBet,STAT4,SOCS1,IL12R,IFNg -> IL4R
GATA3,IFNgR,IL12,IL12R,IL4,STAT1,STAT6 / TBet,STAT4,SOCS1,IFNg -> IL4R
IL12,IL4,IL4R,STAT1,STAT6 / TBet,STAT4,SOCS1,IL12R,IFNgR,IFNg -> IL4R
GATA3,IL12,IL4,IL4R,STAT6 / TBet,STAT1,SOCS1,IL12R,IFNgR,IFNg -> IL4R
GATA3,IL12,IL4,IL4R,STAT6 / TBet,STAT4,SOCS1,IL12R,IFNgR,IFNg -> IL4R
GATA3,IL12,IL4,IL4R,STAT6 / TBet,STAT1,SOCS1,IFNgR,IFNg -> IL4R
GATA3,IFNgR,IL12,IL4,IL4R,STAT6 / TBet,STAT4,SOCS1,IFNg -> IL4R
GATA3,IL12,IL4,IL4R,STAT6 / TBet,STAT4,SOCS1,IL12R,IFNg -> IL4R
GATA3,IL12,IL4,IL4R,STAT6 / TBet,STAT4,STAT1,SOCS1,IFNg -> IL4R
GATA3,IFNgR,IL12,IL12R,IL4,STAT6 / TBet,STAT4,SOCS1,IFNg -> IL4R
IL12,IL4,IL4R,STAT6 / TBet,STAT4,STAT1,SOCS1,IL12R,IFNgR,IFNg -> IL4R
IL12,IL4,IL4R,STAT6 / TBet,STAT4,SOCS1,IL12R,IFNgR,IFNg -> IL4R
IL12,IL12R,IL4,IL4R,STAT6 / TBet,STAT1,SOCS1,IFNgR,IFNg -> IL4R
IL12,IL4,IL4R,STAT6 / TBet,STAT4,STAT1,SOCS1,IFNgR,IFNg -> IL4R
IL12,IL12R,IL4 / TBet,STAT6,STAT1,SOCS1,IL4R,IFNgR,IFNg -> IL4R
IL12,IL12R,IL4,IL4R / TBet,STAT1,SOCS1,IFNgR,IFNg -> IL4R
IL12,IL12R,IL4 / TBet,STAT6,STAT1,SOCS1,IFNgR,IFNg -> IL4R
GATA3,IFNg,IFNgR,IL12,IL12R,IL4,IL4R,STAT1,STAT4,STAT6 / TBet,SOCS1 -> IL4R
GATA3,IFNgR,IL12,IL4,IL4R,STAT1,STAT6 / TBet,STAT4,SOCS1,IL12R -> IL4R
GATA3,IFNg,IFNgR,IL12,IL12R,IL4,IL4R,STAT4,STAT6 / TBet,SOCS1 -> IL4R
GATA3,IFNgR,IL12,IL4,IL4R,STAT6 / TBet,STAT4,SOCS1,IL12R -> IL4R
GATA3,IFNg,IFNgR,IL12,IL12R,IL4,STAT4,STAT6 / TBet,STAT1,SOCS1 -> IL4R
GATA3,IFNg,IL12,IL12R,IL4,IL4R,STAT4,STAT6 / TBet,STAT1,SOCS1 -> IL4R
GATA3,IL12,IL12R,IL4,IL4R,STAT4,STAT6 / TBet,STAT1,SOCS1,IFNgR -> IL4R
GATA3,IL12,IL4,IL4R,STAT6 / TBet,STAT4,STAT1,SOCS1,IL12R -> IL4R
IL12,IL12R,IL4,IL4R,STAT4,STAT6 / TBet,STAT1,SOCS1,IFNgR -> IL4R
GATA3,IL12,IL12R,IL4,IL4R,STAT4 / TBet,STAT1,SOCS1,IFNgR -> IL4R
GATA3,IL12,IL12R,IL4,STAT4 / TBet,STAT6,STAT1,SOCS1,IFNgR -> IL4R
IL4,IL4R,STAT6 / TBet,STAT4,STAT1,SOCS1,IL12R,IL12,IFNgR,IFNg,GATA3 -> IL4R
IL4,IL4R / TBet,STAT4,STAT1,SOCS1,IL12R,IL12,IFNgR,IFNg,GATA3 -> IL4R
IL4 / TBet,STAT6,STAT4,STAT1,SOCS1,IL4R,IL12R,IL12,IFNgR,IFNg,GATA3 -> IL4R
IL4 / TBet,STAT6,STAT4,STAT1,SOCS1,IL12R,IL12,IFNgR,IFNg,GATA3 -> IL4R
IL4,IL4R,STAT6 / TBet,STAT4,STAT1,SOCS1,IL12R,IFNgR,IFNg,GATA3 -> IL4R
GATA3,IL4,IL4R,STAT6 / TBet,STAT4,STAT1,SOCS1,IL12R,IL12,IFNgR,IFNg -> IL4R
IL4,IL4R,STAT6 / TBet,STAT4,STAT1,SOCS1,IL12R,IL12,IFNgR,IFNg -> IL4R
GATA3,IL4,IL4R,STAT6 / TBet,STAT4,SOCS1,IL12R,IL12,IFNgR,IFNg -> IL4R
GATA3,IL4,IL4R,STAT1,STAT6 / TBet,STAT4,SOCS1,IL12R,IL12,IFNg -> IL4R
GATA3,IL4,IL4R,STAT6 / TBet,STAT4,SOCS1,IL12R,IL12,IFNg -> IL4R
GATA3,IL4,IL4R,STAT4,TBet / STAT6,STAT1,SOCS1,IL12R,IL12,IFNgR,IFNg -> IL4R
GATA3,IL4,IL4R / TBet,STAT6,STAT4,STAT1,SOCS1,IL12R,IL12,IFNgR,IFNg -> IL4R
GATA3,IL4,IL4R / TBet,STAT4,STAT1,SOCS1,IL12R,IL12,IFNgR,IFNg -> IL4R
IL4,IL4R / TBet,STAT4,STAT1,SOCS1,IL12R,IL12,IFNgR,IFNg -> IL4R
IL4 / TBet,STAT6,STAT4,STAT1,SOCS1,IL12R,IL12,IFNgR,IFNg -> IL4R
GATA3,IL4 / TBet,STAT6,STAT4,SOCS1,IL4R,IL12R,IL12,IFNgR,IFNg -> IL4R
GATA3,IL4,IL4R,STAT1,STAT6 / TBet,STAT4,SOCS1,IL12R,IFNgR,IFNg -> IL4R
GATA3,IL4,IL4R,STAT1,STAT6 / TBet,STAT4,SOCS1,IL12R,IFNg -> IL4R
GATA3,IL4,IL4R,STAT6 / TBet,STAT4,STAT1,SOCS1,IL12R,IFNgR,IFNg -> IL4R
GATA3,IL4,IL4R,STAT6 / TBet,STAT4,SOCS1,IL12R,IFNgR,IFNg -> IL4R
GATA3,IL4,IL4R,STAT6 / TBet,STAT4,SOCS1,IL12R,IFNg -> IL4R
IL4,IL4R,STAT6 / TBet,STAT4,STAT1,SOCS1,IL12R,IFNgR,IFNg -> IL4R
GATA3,IFNgR,IL4,IL4R,STAT6 / TBet,STAT4,STAT1,SOCS1,IL12R -> IL4R
GATA3,IL4,IL4R,STAT6 / TBet,STAT4,STAT1,SOCS1,IL12R -> IL4R
GATA3,IL4,IL4R / TBet,STAT4,STAT1,SOCS1,IL12R,IL12,IFNgR -> IL4R
GATA3,IL4 / TBet,STAT6,STAT4,STAT1,SOCS1,IL12R,IL12,IFNgR -> IL4R

% 11974 samples (max h ~ 0.018045307677469136)
IFNg,IL12,IL12R,IL4R,SOCS1,STAT4,STAT6 / TBet,STAT1,IFNgR,GATA3 -< SOCS1
IL12,IL12R,SOCS1,STAT4 / TBet,STAT6,STAT1,IL4R,IFNgR,IFNg,GATA3 -< SOCS1
IL12R,IL4,SOCS1,STAT4 / TBet,STAT6,STAT1,IL4R,IFNgR,IFNg,GATA3 -< SOCS1
IL12R,IL4,SOCS1,STAT4 / TBet,STAT6,STAT1,IL4R,IL12,IFNgR,GATA3 -< SOCS1
IL12R,SOCS1,STAT4 / TBet,STAT6,STAT1,IL4R,IFNgR,IFNg,GATA3 -< SOCS1
IL12R,SOCS1,STAT4 / TBet,STAT6,STAT1,IL4R,IL4,IL12,IFNg,GATA3 -< SOCS1
IFNg,IL12,IL12R,IL4R,SOCS1,STAT6 / TBet,STAT1,IFNgR,GATA3 -< SOCS1
IL12,IL12R,IL4R,SOCS1,STAT6 / TBet,STAT4,STAT1,IFNgR,GATA3 -< SOCS1
IL12,IL12R,IL4R,SOCS1 / TBet,STAT4,STAT1,IFNgR,GATA3 -< SOCS1
IL12,IL12R,SOCS1 / TBet,STAT6,STAT4,STAT1,IFNgR,IFNg,GATA3 -< SOCS1
IL12,IL12R,SOCS1 / TBet,STAT6,STAT1,IL4R,IFNgR,IFNg,GATA3 -< SOCS1
IL12R,IL4,IL4R,SOCS1 / TBet,STAT4,STAT1,IFNgR,IFNg,GATA3 -< SOCS1
IL12R,IL4,SOCS1 / TBet,STAT6,STAT4,STAT1,IFNgR,IFNg,GATA3 -< SOCS1
IL12R,SOCS1 / TBet,STAT6,STAT4,STAT1,IL4R,IFNgR,IFNg,GATA3 -< SOCS1
IL12R,IL4,SOCS1 / TBet,STAT6,STAT4,STAT1,IL4R,IL12,IFNgR,GATA3 -< SOCS1
IL12R,IL4,SOCS1 / TBet,STAT6,STAT1,IL4R,IFNgR,IFNg,GATA3 -< SOCS1
IL12R,IL4,SOCS1 / TBet,STAT6,STAT1,IL4R,IL12,IFNgR,GATA3 -< SOCS1
IL12R,SOCS1 / TBet,STAT6,STAT1,IL4R,IFNgR,IFNg,GATA3 -< SOCS1
IL4,IL4R,SOCS1 / TBet,STAT4,STAT1,IL12,IFNgR,IFNg,GATA3 -< SOCS1
IL4,SOCS1 / TBet,STAT4,STAT1,IL12R,IL12,IFNgR,IFNg,GATA3 -< SOCS1
IL4,SOCS1 / TBet,STAT6,STAT4,STAT1,IL12,IFNgR,IFNg,GATA3 -< SOCS1
SOCS1 / TBet,STAT4,STAT1,IL4R,IL12R,IL12,IFNgR,IFNg,GATA3 -< SOCS1
SOCS1 / TBet,STAT6,STAT4,STAT1,IL4R,IL12,IFNgR,IFNg,GATA3 -< SOCS1
IL4,SOCS1 / TBet,STAT4,STAT1,IL4R,IL12R,IL12,IFNgR,GATA3 -< SOCS1
IL4,SOCS1 / TBet,STAT6,STAT4,STAT1,IL4R,IL12,IFNgR,GATA3 -< SOCS1
IFNg,IL12,IL12R,IL4R,SOCS1,STAT6 / TBet,STAT1,IFNgR -< SOCS1
IL12,IL12R,IL4R,SOCS1,STAT6 / TBet,STAT4,STAT1,IFNgR -< SOCS1
IL12,IL12R,IL4R,SOCS1 / TBet,STAT4,STAT1,IFNgR -< SOCS1
IL12,IL12R,SOCS1 / TBet,STAT6,STAT4,STAT1,IFNgR,IFNg -< SOCS1
IL12,IL12R,SOCS1 / TBet,STAT6,STAT1,IL4R,IFNgR,IFNg -< SOCS1
IL12R,IL4,IL4R,SOCS1 / TBet,STAT4,STAT1,IFNgR,IFNg -< SOCS1
IL12R,IL4,SOCS1 / TBet,STAT6,STAT4,STAT1,IFNgR,IFNg -< SOCS1
IL12R,SOCS1 / TBet,STAT6,STAT4,STAT1,IL4R,IFNgR,IFNg -< SOCS1
IL12R,IL4,SOCS1 / TBet,STAT6,STAT4,STAT1,IL4R,IL12,IFNgR -< SOCS1
IL12R,IL4,SOCS1 / TBet,STAT6,STAT1,IL4R,IFNgR,IFNg -< SOCS1
IL12R,IL4,SOCS1 / TBet,STAT6,STAT1,IL4R,IL12,IFNgR -< SOCS1
IL12R,SOCS1 / TBet,STAT6,STAT1,IL4R,IFNgR,IFNg -< SOCS1
GATA3,IL12,IL4,IL4R,SOCS1 / TBet,STAT4,STAT1,IFNgR,IFNg -< SOCS1
GATA3,IL12,IL4,SOCS1 / TBet,STAT4,STAT1,IL12R,IFNgR,IFNg -< SOCS1
GATA3,IL12,IL4,SOCS1 / TBet,STAT6,STAT4,STAT1,IFNgR,IFNg -< SOCS1
GATA3,IL4,IL4R,SOCS1 / TBet,STAT4,STAT1,IFNgR,IFNg -< SOCS1
GATA3,IL4,SOCS1 / TBet,STAT4,STAT1,IL12R,IFNgR,IFNg -< SOCS1
GATA3,IL4,SOCS1 / TBet,STAT6,STAT4,STAT1,IFNgR,IFNg -< SOCS1
GATA3,SOCS1 / TBet,STAT4,STAT1,IL4R,IL12R,IL12,IFNgR,IFNg -< SOCS1
GATA3,SOCS1 / TBet,STAT6,STAT4,STAT1,IL4R,IL12,IFNgR,IFNg -< SOCS1
GATA3,IL4,SOCS1 / TBet,STAT4,STAT1,IL4R,IL12R,IL12,IFNgR -< SOCS1
GATA3,IL4,SOCS1 / TBet,STAT6,STAT4,STAT1,IL4R,IL12,IFNgR -< SOCS1
GATA3,IFNg,IL4,SOCS1 / TBet,STAT6,STAT1,IL4R,IL12,IFNgR -< SOCS1
IL4,IL4R,SOCS1 / TBet,STAT4,STAT1,IL12,IFNgR,IFNg -< SOCS1
IL4,SOCS1 / TBet,STAT4,STAT1,IL12R,IL12,IFNgR,IFNg -< SOCS1
IL4,SOCS1 / TBet,STAT6,STAT4,STAT1,IL12,IFNgR,IFNg -< SOCS1
SOCS1 / TBet,STAT4,STAT1,IL4R,IL12R,IL12,IFNgR,IFNg -< SOCS1
SOCS1 / TBet,STAT6,STAT4,STAT1,IL4R,IL12,IFNgR,IFNg -< SOCS1
IL4,SOCS1 / TBet,STAT4,STAT1,IL4R,IL12R,IL12,IFNgR -< SOCS1
IL4,SOCS1 / TBet,STAT6,STAT4,STAT1,IL4R,IL12,IFNgR -< SOCS1

% 209607 samples (max h ~ 0.3158863208912037)
TBet -> SOCS1
STAT1 -> SOCS1

% 7878 samples (max h ~ 0.011872468171296295)
IL12,SOCS1,STAT1,STAT4,TBet / IFNgR -< STAT1
IFNg,SOCS1,STAT1,STAT4,TBet / IFNgR -< STAT1
IL12,IL12R,IL4,IL4R,STAT1,STAT4,STAT6,TBet / IFNgR,IFNg,GATA3 -< STAT1
IL12,SOCS1,STAT1,TBet / IFNgR -< STAT1
IFNg,SOCS1,STAT1,TBet / IFNgR -< STAT1
SOCS1,STAT1,TBet / STAT4,IFNgR -< STAT1
IL12,SOCS1,STAT1 / IL4R,IFNgR -< STAT1
IFNg,SOCS1,STAT1 / IL4R,IFNgR -< STAT1
SOCS1,STAT1 / STAT4,IL4R,IFNgR -< STAT1
IL12,IL4,STAT1,STAT4 / TBet,STAT6,IL4R,IL12R,IFNgR,IFNg -< STAT1
GATA3,IL12,IL4,STAT1,STAT4 / TBet,STAT6,IL4R,IL12R,IFNgR -< STAT1
IL12,IL4,STAT1 / TBet,STAT6,IL4R,IL12R,IFNgR,IFNg -< STAT1
GATA3,IL4,STAT1 / TBet,STAT6,STAT4,IL4R,IL12R,IFNgR,IFNg -< STAT1
IL12,STAT1 / TBet,STAT6,STAT4,IL4R,IL12R,IFNgR,IFNg,GATA3 -< STAT1
SOCS1,STAT1 / STAT4,IFNgR -< STAT1
IL12,IL4,IL4R,STAT1 / TBet,STAT4,IL12R,IFNgR,IFNg -< STAT1
IL12,IL4,STAT1 / TBet,STAT6,STAT4,IL12R,IFNgR,IFNg -< STAT1
GATA3,IL4,IL4R,STAT1 / TBet,STAT4,IL12R,IFNgR,IFNg -< STAT1
GATA3,IL4,STAT1 / TBet,STAT6,STAT4,IL12R,IFNgR,IFNg -< STAT1

% 4122 samples (max h ~ 0.006212022569444444)
IFNgR,IL12R,STAT6 -> STAT1
GATA3,IFNgR,STAT6 -> STAT1
IFNgR,STAT6 / IL4R -> STAT1
IFNg,IFNgR,IL12R,SOCS1 -> STAT1
IFNg,IFNgR,IL12R,STAT4 / IL4R,IL4 -> STAT1
GATA3,IFNg,IFNgR,SOCS1 -> STAT1
GATA3,IFNg,IFNgR,STAT4 / IL4R,IL4 -> STAT1
IFNg,IFNgR,SOCS1,STAT4 / IL4R -> STAT1
IFNg,IFNgR,STAT4 / IL4R,IL4 -> STAT1
IFNg,IFNgR,SOCS1 / IL4R -> STAT1
IFNgR,SOCS1,STAT4 / IL4R -> STAT1
IFNgR,STAT4 / IL4R,IL4 -> STAT1
IFNgR,SOCS1 / IL4R -> STAT1

% 5536 samples (max h ~ 0.008342978395061729)
GATA3,IL12,SOCS1,STAT4 -< STAT4
IFNg,IL12,SOCS1,STAT4,TBet / IL4,IL12R -< STAT4
IFNg,IL12,SOCS1,STAT4,TBet / STAT1,IL12R -< STAT4
IL12,IL4R,SOCS1,STAT4,TBet / STAT6,STAT1,IL4,IL12R -< STAT4
IL12,IL4R,SOCS1,STAT4,TBet / STAT6,STAT1,IL12R -< STAT4
GATA3,IFNg,IL12,IL4R,STAT4 / IL4 -< STAT4
GATA3,IFNg,IL12,STAT4 / STAT6,IL4 -< STAT4
GATA3,IFNg,IL12,IL4R,STAT4 / TBet -< STAT4
GATA3,IFNg,IL12,STAT4 / TBet,STAT6 -< STAT4
GATA3,IL12,IL4R,STAT4 / IL4 -< STAT4
GATA3,IL12,STAT4 / STAT6,IL4 -< STAT4
GATA3,IL12,IL4R,STAT4 / TBet -< STAT4
GATA3,IL12,STAT4 / TBet,STAT6 -< STAT4
GATA3,IFNg,SOCS1,STAT4 -< STAT4
IFNg,SOCS1,STAT4,TBet / IL4,IL12R -< STAT4
IFNg,SOCS1,STAT4,TBet / STAT1,IL12R -< STAT4
GATA3,IFNg,IFNgR,IL4R,STAT4 / IL4 -< STAT4
IFNg,IFNgR,IL4R,STAT4,STAT6,TBet / STAT1,IL4,IL12R,IL12 -< STAT4
GATA3,IFNg,IFNgR,STAT4 / STAT6,IL4 -< STAT4
GATA3,IL4R,SOCS1,STAT4,TBet / STAT1,IL12R,IFNgR -< STAT4
IL4R,SOCS1,STAT4,TBet / STAT6,STAT1,IL12R,IFNgR -< STAT4

% 85471 samples (max h ~ 0.12880829234182098)
IL12,IL12R,IL4,IL4R,SOCS1,STAT1,STAT4 / GATA3 -> STAT4
IFNg,IL12,IL12R,IL4,SOCS1,STAT1,STAT4 / GATA3 -> STAT4
IL12,IL12R,IL4,SOCS1,STAT1,STAT4 / STAT6,GATA3 -> STAT4
IL12,IL12R,IL4,IL4R,STAT1,STAT4,STAT6 / IFNgR,GATA3 -> STAT4
IL12,IL12R,IL4,IL4R,STAT1,STAT4 / TBet,IFNgR,GATA3 -> STAT4
IFNg,IL12,IL12R,IL4,STAT1,STAT4 / TBet,IFNgR,GATA3 -> STAT4
IL12,IL12R,IL4,STAT1,STAT4 / TBet,STAT6,IFNgR,GATA3 -> STAT4
IL12,IL12R,IL4,IL4R,STAT1,STAT4 / TBet,GATA3 -> STAT4
IFNg,IL12,IL12R,IL4,STAT1,STAT4 / TBet,GATA3 -> STAT4
IL12,IL12R,IL4,STAT1,STAT4 / TBet,STAT6,GATA3 -> STAT4
IFNg,IL12R,IL4,SOCS1,STAT1,STAT4,STAT6,TBet / GATA3 -> STAT4
IL12,IL12R,IL4,IL4R,SOCS1,STAT1 / GATA3 -> STAT4
IFNg,IL12,IL12R,IL4,SOCS1,STAT1 / GATA3 -> STAT4
IL12,IL12R,IL4,SOCS1,STAT1 / STAT6,GATA3 -> STAT4
IFNg,IL12R,SOCS1,STAT1,STAT4,STAT6,TBet / GATA3 -> STAT4
IFNg,IL12,IL12R,SOCS1,STAT1,STAT4,STAT6 / GATA3 -> STAT4
IFNg,IL12,IL12R,SOCS1,STAT1,STAT4 / GATA3 -> STAT4
IFNg,IL12R,SOCS1,STAT1,STAT4,TBet / IL4,GATA3 -> STAT4
IFNg,IL12,IL12R,IL4R,STAT1,STAT4,STAT6 / IFNgR,GATA3 -> STAT4
IFNg,IL12,IL12R,IL4R,STAT1,STAT4 / TBet,IFNgR,GATA3 -> STAT4
IFNg,IL12,IL12R,STAT1,STAT4 / TBet,IFNgR,GATA3 -> STAT4
IFNg,IL12,IL12R,STAT1,STAT4 / TBet,GATA3 -> STAT4
IFNg,IL12R,IL4R,STAT1,STAT4,STAT6,TBet / IL4,IFNgR,GATA3 -> STAT4
IFNg,IFNgR,IL12R,STAT1,STAT4 / TBet,SOCS1,IL4,GATA3 -> STAT4
IFNg,IL12,IL12R,SOCS1,STAT1,STAT6,TBet / GATA3 -> STAT4
IFNg,IL12,IL12R,SOCS1,STAT1,STAT6 / GATA3 -> STAT4
IFNg,IL12,IL12R,SOCS1,STAT1 / GATA3 -> STAT4
IL12,IL12R,SOCS1,STAT1,STAT4 / STAT6,GATA3 -> STAT4
IL12,IL12R,IL4R,STAT1,STAT4 / TBet,STAT6,IFNgR,GATA3 -> STAT4
IL12,IL12R,STAT1,STAT4 / TBet,STAT6,IFNgR,GATA3 -> STAT4
IL12,IL12R,STAT1,STAT4 / TBet,STAT6,GATA3 -> STAT4
IFNgR,IL12R,SOCS1,STAT1,STAT4,TBet / STAT6,IL4R,IL4,GATA3 -> STAT4
IFNgR,IL12R,STAT1,STAT4 / TBet,STAT6,SOCS1,IL4R,IL4,GATA3 -> STAT4
IL12,IL12R,SOCS1,STAT1 / STAT6,GATA3 -> STAT4
IL12,IL12R,IL4,IL4R,SOCS1,STAT4 / GATA3 -> STAT4
IFNg,IL12,IL12R,IL4,SOCS1,STAT4 / GATA3 -> STAT4
IL12,IL12R,IL4,SOCS1,STAT4 / STAT6,GATA3 -> STAT4
IL12,IL12R,IL4,IL4R,STAT4,STAT6 / IFNgR,GATA3 -> STAT4
IL12,IL12R,IL4,IL4R,STAT4 / TBet,IFNgR,GATA3 -> STAT4
IFNg,IL12,IL12R,IL4,STAT4 / TBet,IFNgR,GATA3 -> STAT4
IL12,IL12R,IL4,STAT4 / TBet,STAT6,IFNgR,GATA3 -> STAT4
IL12,IL12R,IL4,IL4R,STAT4 / TBet,GATA3 -> STAT4
IFNg,IL12,IL12R,IL4,STAT4 / TBet,GATA3 -> STAT4
IL12,IL12R,IL4,STAT4 / TBet,STAT6,GATA3 -> STAT4
IL12,IL12R,IL4,IL4R,SOCS1 / GATA3 -> STAT4
IFNg,IL12,IL12R,IL4,SOCS1 / GATA3 -> STAT4
IL12,IL12R,IL4,SOCS1 / STAT6,GATA3 -> STAT4
IL12,IL12R,IL4,IL4R / TBet,STAT6,STAT1,IFNgR,IFNg,GATA3 -> STAT4
IFNg,IL12,IL12R,SOCS1,STAT4 / GATA3 -> STAT4
IFNg,IL12,IL12R,IL4R,STAT4,STAT6 / IFNgR,GATA3 -> STAT4
IFNg,IL12,IL12R,IL4R,STAT4 / TBet,IFNgR,GATA3 -> STAT4
IFNg,IL12,IL12R,STAT4 / TBet,IFNgR,GATA3 -> STAT4
IFNg,IL12,IL12R,STAT4 / TBet,GATA3 -> STAT4
IFNg,IL12,IL12R,SOCS1 / GATA3 -> STAT4
IL12,IL12R,SOCS1,STAT4 / STAT6,GATA3 -> STAT4
IL12,IL12R,IL4R,STAT4 / TBet,STAT6,IFNgR,GATA3 -> STAT4
IL12,IL12R,STAT4 / TBet,STAT6,IFNgR,GATA3 -> STAT4
IL12,IL12R,STAT4 / TBet,STAT6,GATA3 -> STAT4
IL12,IL12R,SOCS1 / STAT6,GATA3 -> STAT4
IFNg,IL12R,SOCS1,STAT4,STAT6,TBet / GATA3 -> STAT4
IFNg,IL12R,SOCS1,STAT4,TBet / IL4,GATA3 -> STAT4
IFNg,IL12R,IL4R,STAT4,STAT6,TBet / IL4,IFNgR,GATA3 -> STAT4
IFNg,IL12R,IL4,IL4R,SOCS1,STAT6,TBet / STAT1,GATA3 -> STAT4

% 4775 samples (max h ~ 0.0071961202739197535)
IFNg,SOCS1,STAT1,STAT4,STAT6,TBet / IL4R -< STAT6
IFNg,IL4,SOCS1,STAT1,STAT4,STAT6 / IL4R -< STAT6
GATA3,IFNg,SOCS1,STAT1,STAT4,STAT6 / IL4R -< STAT6
IFNg,IL4,SOCS1,STAT4,STAT6 / IL4R -< STAT6
IFNg,SOCS1,STAT4,STAT6,TBet / IL4R,IFNgR -< STAT6
IFNg,IL12R,IL4,STAT4,STAT6,TBet / IL4R,IL12,IFNgR -< STAT6
IFNg,IFNgR,IL12R,IL4,STAT4,STAT6 / TBet,IL4R -< STAT6
IFNg,IL12R,STAT4,STAT6,TBet / STAT1,IL4R,IL12,IFNgR,GATA3 -< STAT6
GATA3,IL4,SOCS1,STAT1,STAT4,STAT6 / IL4R -< STAT6
GATA3,IL12R,IL4,STAT1,STAT4,STAT6,TBet / IL4R,IL12,IFNgR -< STAT6
IFNg,SOCS1,STAT1,STAT6,TBet / IL4R -< STAT6
IFNg,IL4,SOCS1,STAT1,STAT6 / IL4R -< STAT6
GATA3,IFNg,SOCS1,STAT1,STAT6 / IL4R -< STAT6
IFNg,IL4,SOCS1,STAT6 / IL4R -< STAT6
IFNg,SOCS1,STAT6,TBet / IL4R,IFNgR -< STAT6
GATA3,IL4,SOCS1,STAT1,STAT6 / IL4R -< STAT6
GATA3,IL4,SOCS1,STAT6 / STAT4,IL4R,IFNgR -< STAT6
GATA3,SOCS1,STAT1,STAT6 / STAT4,IL4R -< STAT6
GATA3,SOCS1,STAT6,TBet / STAT4,IL4R,IFNgR -< STAT6
SOCS1,STAT6,TBet / STAT4,IL4R,IL4,IL12R,IFNgR -< STAT6
IFNg,IFNgR,IL4,STAT1,STAT6 / TBet,STAT4,IL4R,IL12R,IL12 -< STAT6

% 44017 samples (max h ~ 0.0663354190779321)
IL4R,SOCS1 -> STAT6
IL4R / IL12 -> STAT6
IL4,IL4R / TBet -> STAT6

% 1379 samples (max h ~ 0.0020782093942901233)
GATA3,IL12,SOCS1,STAT1,STAT6,TBet -< TBet
GATA3,IFNg,SOCS1,STAT1,STAT6,TBet -< TBet
GATA3,SOCS1,STAT1,STAT6,TBet / STAT4 -< TBet
GATA3,IL12,SOCS1,STAT1,TBet -< TBet
GATA3,IFNg,SOCS1,STAT1,TBet / IL4R -< TBet
GATA3,SOCS1,STAT1,TBet / STAT4,IL4R -< TBet
GATA3,IFNg,SOCS1,STAT6,TBet -< TBet
GATA3,IFNg,IL12,SOCS1,TBet -< TBet
GATA3,IFNg,SOCS1,TBet / IL4R -< TBet
GATA3,IL12,SOCS1,TBet / IL4R -< TBet
GATA3,SOCS1,TBet / STAT4,IL4R -< TBet
GATA3,IFNgR,IL12,IL4R,STAT1,STAT4,STAT6,TBet / IL4,IL12R,IFNg -< TBet
GATA3,IFNgR,IL4R,STAT1,STAT6,TBet / STAT4,IL4,IL12R,IL12,IFNg -< TBet
GATA3,IFNgR,IL12,IL4R,STAT1,STAT4,TBet / IL4,IL12R,IFNg -< TBet
GATA3,IFNg,IFNgR,IL12,IL12R,STAT1,STAT4,STAT6,TBet / IL4R,IL4 -< TBet
GATA3,IFNg,IFNgR,IL12R,STAT1,STAT6,TBet / STAT4,IL4R,IL4,IL12 -< TBet
GATA3,IFNg,IFNgR,IL12R,STAT1,STAT6,TBet / STAT4,IL4R,IL12 -< TBet
GATA3,IFNg,IFNgR,IL12,IL12R,STAT1,STAT4,TBet / IL4R,IL4 -< TBet
GATA3,IFNg,IFNgR,IL12,IL12R,STAT4,TBet / STAT6,IL4R,IL4 -< TBet
GATA3,IFNgR,IL12,IL12R,STAT1,STAT4,STAT6,TBet / IL4R,IL4 -< TBet
GATA3,IFNgR,IL12R,STAT1,STAT6,TBet / STAT4,IL4R,IL4,IL12 -< TBet
GATA3,IFNgR,IL12,IL12R,STAT1,STAT4,TBet / IL4R,IL4 -< TBet
GATA3,IFNgR,IL12,IL12R,STAT4,TBet / STAT6,IL4R,IL4 -< TBet
GATA3,IL12,IL4R,STAT1,STAT4,TBet / IL4,IL12R,IFNg -< TBet
GATA3,IL12,IL12R,STAT1,STAT4,TBet / IL4R,IL4,IFNg -< TBet
GATA3,IL12,IL12R,STAT4,TBet / STAT6,IL4R,IL4,IFNg -< TBet

% 189784 samples (max h ~ 0.2860122492283951)
SOCS1,STAT4,TBet / GATA3 -> TBet
IL4,SOCS1,TBet / GATA3 -> TBet
SOCS1,TBet / IL4R,GATA3 -> TBet
IFNgR,IL12R,IL4R,STAT1,STAT4,STAT6,TBet / GATA3 -> TBet
IL12R,IL4R,STAT1,STAT4,STAT6,TBet / IL4,GATA3 -> TBet
IFNg,IL4R,STAT1,STAT4,STAT6,TBet / IL4,IL12,IFNgR,GATA3 -> TBet
IFNgR,IL12R,IL4R,STAT1,STAT4,TBet / GATA3 -> TBet
IL12R,IL4R,STAT1,STAT4,TBet / IL4,GATA3 -> TBet
IFNgR,IL12R,IL4R,STAT4,TBet / GATA3 -> TBet
IL12R,IL4R,STAT4,TBet / IL4,GATA3 -> TBet
IFNgR,IL12R,IL4,IL4R,STAT1,STAT6,TBet / GATA3 -> TBet
IFNgR,IL12R,IL4,IL4R,STAT1,TBet / GATA3 -> TBet
IFNgR,IL12R,IL4,IL4R,TBet / GATA3 -> TBet
IFNgR,IL12R,STAT4,TBet / GATA3 -> TBet
IL12R,STAT4,TBet / IL4,GATA3 -> TBet
IFNgR,IL12R,IL4,TBet / GATA3 -> TBet
IFNgR,IL12R,TBet / IL4R,GATA3 -> TBet
IL12,SOCS1,STAT1,STAT4,STAT6 / IFNgR,IFNg,GATA3 -> TBet
IL12,SOCS1,STAT1,STAT4 / IL4R,IFNgR,IFNg,GATA3 -> TBet
IL12,SOCS1,STAT1,STAT4 / STAT6,IL4R,IFNg,GATA3 -> TBet
IL12,SOCS1,STAT1,STAT4,STAT6 / IL4,IFNgR,GATA3 -> TBet
IL12,SOCS1,STAT1,STAT4 / IL4R,IL4,IFNgR,GATA3 -> TBet
IL12,SOCS1,STAT1,STAT4 / STAT6,IL4R,IL4,GATA3 -> TBet
SOCS1,STAT1,STAT4 / IL4R,IL4,IFNgR,GATA3 -> TBet
SOCS1,STAT1,STAT4 / STAT6,IL4R,IL4,GATA3 -> TBet
IL12,IL4,SOCS1,STAT1,STAT6 / IL12R,IFNgR,IFNg,GATA3 -> TBet
IL12,IL4,SOCS1,STAT1 / IL4R,IL12R,IFNgR,IFNg,GATA3 -> TBet
IL12,SOCS1,STAT1 / IL4R,IL12R,IFNgR,IFNg,GATA3 -> TBet
SOCS1,STAT1 / IL4R,IL4,IL12R,IFNgR,IFNg,GATA3 -> TBet
IFNgR,IL12R,STAT1,STAT4 / STAT6,IL4R,IL4,IL12,IFNg,GATA3 -> TBet
true.


