% Maxmimum K used: 3
% minimum number of samples for h=1: 663552

% 13044 samples (max h ~ 0.019657841435185185)
GATA3,TBet -< GATA3
GATA3,IL4 / STAT6 -< GATA3
GATA3 / STAT6,IL4R -< GATA3

% 67525 samples (max h ~ 0.10176293643904322)
IL4,STAT1,STAT6 / TBet -> GATA3
IL12,STAT1,STAT6 / TBet -> GATA3
STAT1,STAT6 / TBet,IFNg -> GATA3
IL4,STAT6 / TBet -> GATA3
STAT6 / TBet,IFNg -> GATA3

% 4495 samples (max h ~ 0.006774148823302469)
IFNg,SOCS1 / STAT4 -< IFNg
IFNg,IL12 / STAT4 -< IFNg
IFNg / TBet,STAT4 -< IFNg
IFNg / TBet -< IFNg

% 130010 samples (max h ~ 0.1959303867669753)
SOCS1,STAT1,STAT4,TBet -> IFNg
GATA3,SOCS1,STAT4,TBet -> IFNg
SOCS1,STAT4,TBet / IFNgR -> IFNg
GATA3,IFNg,IL12,IL12R,IL4,STAT1,STAT4,STAT6,TBet -> IFNg
IFNg,IL12,IL12R,IL4,STAT1,STAT4,STAT6,TBet / IL4R -> IFNg
GATA3,IFNg,IL12,IL4,STAT1,STAT4,STAT6,TBet -> IFNg
GATA3,IFNg,IFNgR,IL4,STAT1,STAT4,STAT6,TBet -> IFNg
GATA3,IFNg,IFNgR,IL4,STAT1,STAT4,TBet / IL12R,IL12 -> IFNg
GATA3,IFNg,IL12,IL4,STAT4,STAT6,TBet -> IFNg
GATA3,IFNgR,IL12,IL4,STAT4,STAT6,TBet / STAT1 -> IFNg
GATA3,IFNg,IFNgR,IL4,STAT4,STAT6,TBet -> IFNg
GATA3,IFNg,IFNgR,IL4,STAT4,TBet / IL12R,IL12 -> IFNg
GATA3,IFNgR,IL4,STAT4,STAT6,TBet / STAT1 -> IFNg
GATA3,IFNg,IL12,IL12R,IL4R,STAT1,STAT4,STAT6,TBet -> IFNg
GATA3,IFNg,IL12,IL4R,STAT1,STAT4,STAT6,TBet -> IFNg
GATA3,IFNg,IL12,IL4R,STAT4,STAT6,TBet -> IFNg
GATA3,IFNgR,IL12,IL4R,STAT4,STAT6,TBet / STAT1 -> IFNg

% 9224 samples (max h ~ 0.013900945216049383)
IFNgR,SOCS1,STAT1 -< IFNgR
IFNgR,IL12,IL4,SOCS1,STAT6 -< IFNgR
IFNgR,IL12,IL4,SOCS1 / IFNg -< IFNgR
IFNgR,IL4,SOCS1 / IFNg -< IFNgR
IFNgR,SOCS1 / TBet,IFNg -< IFNgR
IFNgR,STAT1 / IFNg -< IFNgR
IFNgR,IL4 / IFNg -< IFNgR
IFNgR / TBet,IFNg -< IFNgR

% 249 samples (max h ~ 0.00037525318287037036)
IFNg,IL12,IL4,IL4R,STAT6 / SOCS1 -> IFNgR
GATA3,IFNg,IL4,IL4R,STAT4,STAT6 / SOCS1,IL12R -> IFNgR
GATA3,IFNg,IL4,IL4R,STAT1,STAT6 / TBet,SOCS1,IL12R -> IFNgR
GATA3,IFNg,IL4,IL4R,STAT4,STAT6 / TBet,SOCS1 -> IFNgR
GATA3,IFNg,IL4,IL4R,STAT1,STAT6 / TBet,SOCS1 -> IFNgR
IFNg,IL12R,IL4,IL4R,STAT4,STAT6 / TBet,STAT1,SOCS1 -> IFNgR
IFNg,IFNgR,IL12,IL4,STAT6,TBet / SOCS1 -> IFNgR
IFNg,IL12,IL4R,STAT4,STAT6 / SOCS1 -> IFNgR
IFNg,IFNgR,IL12,IL4R,STAT6,TBet / SOCS1 -> IFNgR
IFNg,IFNgR,IL12,STAT6,TBet / SOCS1 -> IFNgR
IFNg,IL12,IL4,IL4R / SOCS1 -> IFNgR
GATA3,IFNg,IL4,IL4R,STAT4 / SOCS1,IL12R -> IFNgR
GATA3,IFNg,IL4,IL4R,STAT4 / TBet,SOCS1 -> IFNgR
IFNg,IFNgR,IL12,IL4,TBet / SOCS1 -> IFNgR
IFNg,IFNgR,IL12,IL4 / STAT6,SOCS1 -> IFNgR
IFNg,IL12,IL4 / STAT6,SOCS1 -> IFNgR
GATA3,IFNg,IFNgR,IL4,STAT4,TBet / STAT6,SOCS1,IL12R -> IFNgR
IFNg,IL12,IL12R,IL4R,STAT4 / SOCS1,GATA3 -> IFNgR
IFNg,IFNgR,IL12,IL12R,IL4R,TBet / SOCS1,GATA3 -> IFNgR
IFNg,IFNgR,IL12,IL12R,TBet / SOCS1,GATA3 -> IFNgR
IFNg,IFNgR,IL12,IL12R,STAT4 / STAT6,SOCS1,GATA3 -> IFNgR
IFNg,IL12,IL12R,STAT4 / STAT6,SOCS1,GATA3 -> IFNgR

% 0 samples (max h ~ 0)
% _ -< IL12

% 0 samples (max h ~ 0)
% _ -> IL12

% 14324 samples (max h ~ 0.021586853780864196)
IL12R,STAT6 -< IL12R
IL12R,IL4,SOCS1,STAT4 / IL12 -< IL12R
IL12R,IL4,SOCS1 / IL12,IFNgR -< IL12R
IFNg,IL12R,SOCS1,STAT4 / IL12 -< IL12R
IFNg,IL12R,SOCS1 / IL12,IFNgR -< IL12R
IL12R,IL4,STAT4 / IL12 -< IL12R
IL12R,IL4 / IL12,IFNgR -< IL12R

% 25480 samples (max h ~ 0.03839940200617284)
IL12,SOCS1 / STAT6 -> IL12R
IFNg,IL12 / STAT6 -> IL12R
IL12 / TBet,STAT6,STAT1,IFNgR -> IL12R

% 10951 samples (max h ~ 0.016503604841820986)
IL4,STAT1 -< IL4
IL4 / GATA3 -< IL4

% 73233 samples (max h ~ 0.11036512586805555)
GATA3,IL12R,STAT4 / STAT1 -> IL4
GATA3,STAT4 / STAT1,IFNgR -> IL4
GATA3,STAT4 / STAT1,SOCS1 -> IL4
GATA3,IL12R,SOCS1 / STAT1 -> IL4
GATA3,SOCS1 / STAT1,IFNgR -> IL4
GATA3,IL12R / TBet,STAT1 -> IL4
GATA3 / TBet,STAT1,IFNgR -> IL4
GATA3 / TBet,STAT1,SOCS1 -> IL4

% 8717 samples (max h ~ 0.013136875482253086)
IL4R,SOCS1,STAT6 -< IL4R
IL4R,SOCS1,STAT1 -< IL4R
IL4R,SOCS1 / IL4 -< IL4R
IL12,IL4R,STAT6 / IL4 -< IL4R
IL12,IL4R / STAT1,IL4,GATA3 -< IL4R
IL4R,STAT6 / IL4,IFNg -< IL4R
IL4R / STAT1,IL4,IFNg,GATA3 -< IL4R

% 45113 samples (max h ~ 0.06798713589891975)
IL12R,IL4,STAT1 / SOCS1 -> IL4R
IFNgR,IL4,STAT1 / SOCS1 -> IL4R
IL4,STAT1 / TBet,SOCS1 -> IL4R
IL12R,IL4 / SOCS1 -> IL4R
IL4 / TBet,SOCS1 -> IL4R

% 15351 samples (max h ~ 0.02313458478009259)
GATA3,IL12,IL4,SOCS1,STAT6 / TBet,STAT1,IFNgR -< SOCS1
GATA3,IFNg,IL12,IL4,SOCS1,STAT6 / TBet,STAT4,STAT1,IL4R,IL12R -< SOCS1
GATA3,IL4,SOCS1,STAT6 / TBet,STAT1,IFNgR -< SOCS1
GATA3,IFNgR,IL12,IL4R,SOCS1,STAT6 / TBet,STAT4,STAT1,IL4,IL12R,IFNg -< SOCS1
GATA3,IFNgR,IL12,IL4R,SOCS1,STAT6 / TBet,STAT4,STAT1,IL4,IFNg -< SOCS1
GATA3,IL12,SOCS1,STAT6 / TBet,STAT4,STAT1,IL4R,IFNgR,IFNg -< SOCS1
GATA3,SOCS1,STAT6 / TBet,STAT4,STAT1,IL4R,IL12R,IFNgR,IFNg -< SOCS1
IL12,IL4,IL4R,SOCS1,STAT6 / TBet,STAT4,STAT1,IFNgR,IFNg -< SOCS1
IL12,IL4,SOCS1,STAT6 / TBet,STAT4,STAT1,IFNgR,IFNg -< SOCS1
IFNg,IL12,IL4,SOCS1,STAT6 / TBet,STAT4,STAT1,IL4R,IFNgR -< SOCS1
IFNg,IL12,IL4,SOCS1,STAT6 / TBet,STAT4,STAT1,IL4R,IL12R -< SOCS1
IL12,IL4,SOCS1,STAT6 / TBet,STAT4,STAT1,IL4R,IFNgR -< SOCS1
IL4,SOCS1,STAT6 / TBet,STAT4,STAT1,IFNgR,IFNg -< SOCS1
IFNgR,IL12,IL4R,SOCS1,STAT6 / TBet,STAT4,STAT1,IL4,IL12R,IFNg -< SOCS1
IFNgR,IL12,IL4R,SOCS1,STAT6 / TBet,STAT4,STAT1,IL4,IFNg -< SOCS1
IL12,SOCS1,STAT6 / TBet,STAT4,STAT1,IL4R,IFNgR,IFNg -< SOCS1
SOCS1,STAT6 / TBet,STAT4,STAT1,IL4R,IL12R,IFNgR,IFNg -< SOCS1
GATA3,IL12,IL4,SOCS1 / TBet,STAT1,IL4R,IL12R,IFNgR,IFNg -< SOCS1
GATA3,IL12,SOCS1 / TBet,STAT4,STAT1,IL4R,IL12R,IFNgR,IFNg -< SOCS1
GATA3,IL4,SOCS1 / TBet,STAT1,IL4R,IL12R,IFNgR,IFNg -< SOCS1
GATA3,SOCS1 / TBet,STAT4,STAT1,IL4R,IL12R,IFNgR,IFNg -< SOCS1
IL12,IL4,SOCS1 / TBet,STAT4,STAT1,IL4R,IL12R,IFNgR,IFNg -< SOCS1
IL12,SOCS1 / TBet,STAT4,STAT1,IL4R,IL12R,IFNgR,IFNg -< SOCS1
IL4,SOCS1 / TBet,STAT4,STAT1,IL4R,IL12R,IFNgR,IFNg -< SOCS1
SOCS1 / TBet,STAT4,STAT1,IL4R,IL12R,IFNgR,IFNg -< SOCS1
IL12,IL4,SOCS1 / TBet,STAT6,STAT1,IL4R,IL12R,IFNgR,IFNg -< SOCS1
IL4,SOCS1 / TBet,STAT6,STAT1,IL4R,IL12R,IFNgR,IFNg -< SOCS1
IL12,IL4,IL4R,SOCS1 / TBet,STAT4,STAT1,IL12R,IFNgR,IFNg,GATA3 -< SOCS1
IL12,IL4,SOCS1 / TBet,STAT4,STAT1,IL12R,IFNgR,IFNg,GATA3 -< SOCS1
IFNgR,IL12,IL4R,SOCS1 / TBet,STAT4,STAT1,IL4,IL12R,IFNg,GATA3 -< SOCS1
IL4,SOCS1 / TBet,STAT4,STAT1,IL12R,IFNgR,IFNg,GATA3 -< SOCS1
GATA3,IL12,IL12R,IL4,SOCS1 / TBet,STAT1,IL4R,IFNgR -< SOCS1
GATA3,IL12,IL4,SOCS1 / TBet,STAT1,IL4R,IFNgR,IFNg -< SOCS1
GATA3,IL12R,IL4,SOCS1 / TBet,STAT1,IL4R,IFNgR -< SOCS1
GATA3,IL4,SOCS1 / TBet,STAT1,IL4R,IFNgR,IFNg -< SOCS1
GATA3,IL12,SOCS1 / TBet,STAT4,STAT1,IL4R,IFNgR,IFNg -< SOCS1
GATA3,IFNg,IL12,IL12R,SOCS1 / TBet,STAT6,STAT4,STAT1,IL4R,IFNgR -< SOCS1
GATA3,IL12,IL12R,SOCS1 / TBet,STAT6,STAT4,STAT1,IL4R,IFNgR -< SOCS1
GATA3,IFNg,IL12,IL12R,SOCS1 / TBet,STAT6,STAT1,IL4R,IFNgR -< SOCS1
GATA3,IL12,IL12R,SOCS1 / TBet,STAT6,STAT1,IL4R,IFNgR -< SOCS1
IFNg,IL12,IL12R,IL4,SOCS1 / TBet,STAT4,STAT1,IL4R,IFNgR -< SOCS1
IL12,IL12R,IL4,SOCS1 / TBet,STAT4,STAT1,IL4R,IFNgR -< SOCS1
IL12,IL4,SOCS1 / TBet,STAT4,STAT1,IL4R,IFNgR,IFNg -< SOCS1
IL12R,IL4,SOCS1 / TBet,STAT4,STAT1,IL4R,IFNgR,IFNg -< SOCS1
IL4,SOCS1 / TBet,STAT4,STAT1,IL4R,IFNgR,IFNg -< SOCS1
IL12,SOCS1 / TBet,STAT4,STAT1,IL4R,IFNgR,IFNg -< SOCS1
IFNg,IL12,IL12R,SOCS1 / TBet,STAT6,STAT4,STAT1,IL4R,IFNgR -< SOCS1
IFNg,IL12,IL12R,SOCS1 / TBet,STAT6,STAT4,STAT1,IL4R,IL4,GATA3 -< SOCS1
IL12,IL12R,SOCS1 / TBet,STAT6,STAT4,STAT1,IL4R,IFNgR -< SOCS1
IFNg,IL12,IL12R,IL4,SOCS1 / TBet,STAT6,STAT1,IL4R,IFNgR -< SOCS1
IL12,IL12R,IL4,SOCS1 / TBet,STAT6,STAT1,IL4R,IFNgR -< SOCS1
IL12,IL4,SOCS1 / TBet,STAT6,STAT1,IL4R,IFNgR,IFNg -< SOCS1
IL12R,IL4,SOCS1 / TBet,STAT6,STAT1,IL4R,IFNgR,IFNg -< SOCS1
IL4,SOCS1 / TBet,STAT6,STAT1,IL4R,IFNgR,IFNg -< SOCS1
IFNg,IL12,IL12R,SOCS1 / TBet,STAT6,STAT1,IL4R,IFNgR -< SOCS1
IFNg,IL12,IL12R,SOCS1 / TBet,STAT6,STAT1,IL4R,IL4,GATA3 -< SOCS1
IL12,IL12R,SOCS1 / TBet,STAT6,STAT1,IL4R,IFNgR -< SOCS1

% 220708 samples (max h ~ 0.33261598186728397)
TBet -> SOCS1
STAT1 -> SOCS1

% 14837 samples (max h ~ 0.022359965760030864)
SOCS1,STAT1 / IFNgR -< STAT1
IFNg,IL12,IL12R,IL4,STAT1,TBet / IFNgR -< STAT1
GATA3,IL12,IL12R,IL4,STAT1,TBet / STAT4,IFNgR -< STAT1
IFNg,IL12,IL12R,STAT1,TBet / IFNgR -< STAT1
IFNg,IL12,IL12R,IL4,IL4R,STAT1 / IFNgR -< STAT1
GATA3,IL12,IL12R,IL4,IL4R,STAT1 / STAT4,IFNgR -< STAT1
IFNg,IL12,IL12R,IL4R,STAT1 / IFNgR -< STAT1
GATA3,IFNg,IL12,IL4,STAT1,TBet / IFNgR -< STAT1
GATA3,IL12,IL4,STAT1,TBet / STAT4,IFNgR -< STAT1
GATA3,IFNg,IL12,IL4,IL4R,STAT1 / IFNgR -< STAT1
GATA3,IL12,IL4,IL4R,STAT1 / STAT4,IFNgR -< STAT1
GATA3,IL4,IL4R,STAT1 / TBet,STAT4,IFNgR,IFNg -< STAT1

% 7482 samples (max h ~ 0.011275679976851851)
IFNgR -> STAT1

% 11364 samples (max h ~ 0.017126012731481483)
GATA3,STAT4 -< STAT4
STAT4 / IL12R -< STAT4

% 49824 samples (max h ~ 0.07508680555555555)
IL12R,SOCS1,STAT1 / GATA3 -> STAT4
IL12R,SOCS1 / IFNgR,GATA3 -> STAT4
IFNg,IL12R,SOCS1 / TBet,GATA3 -> STAT4
IL12R,IL4R,STAT1 / GATA3 -> STAT4
IL12R,IL4R / IFNgR,GATA3 -> STAT4
IFNg,IL12R,IL4R / TBet,GATA3 -> STAT4
IL12,IL12R,STAT1 / GATA3 -> STAT4
IL12,IL12R / IFNgR,GATA3 -> STAT4
IFNg,IL12,IL12R / TBet,GATA3 -> STAT4

% 12504 samples (max h ~ 0.018844039351851853)
SOCS1,STAT1,STAT6,TBet / IL4R -< STAT6
GATA3,SOCS1,STAT1,STAT6 / IL4R -< STAT6
SOCS1,STAT1,STAT6 / IL4R,IFNg -< STAT6
GATA3,SOCS1,STAT6 / IL4R -< STAT6
SOCS1,STAT6,TBet / IL4R,IFNgR -< STAT6
SOCS1,STAT6 / IL4R,IFNgR,IFNg -< STAT6
GATA3,IFNgR,IL12,STAT1,STAT6 / IL4R -< STAT6
GATA3,IL12,STAT1,STAT6 / IL4R,IFNg -< STAT6
GATA3,IFNgR,IL12,STAT6 / IL4R -< STAT6
GATA3,IL12,STAT6 / IL4R,IFNg -< STAT6
IL12,STAT6 / STAT1,IL4R,IFNgR,IFNg -< STAT6
GATA3,IFNgR,STAT6 / IL4R -< STAT6
GATA3,STAT6 / IL4R,IFNg -< STAT6

% 48958 samples (max h ~ 0.0737817081404321)
IL4R -> STAT6

% 2694 samples (max h ~ 0.004059968171296296)
GATA3,SOCS1,STAT1,TBet -< TBet
GATA3,IFNg,IL4,SOCS1,STAT4,TBet -< TBet
GATA3,IFNg,IL4,SOCS1,TBet / IFNgR -< TBet
GATA3,IL4,SOCS1,TBet / IFNgR -< TBet
GATA3,IFNgR,IL4R,STAT1,STAT6,TBet -< TBet
GATA3,IL4R,STAT1,STAT6,TBet / IL4 -< TBet
GATA3,IFNgR,IL4R,STAT1,TBet / IL12R -< TBet
GATA3,IL4R,STAT1,TBet / IL4,IL12R -< TBet
GATA3,IFNg,IFNgR,IL4,IL4R,STAT4,STAT6,TBet -< TBet
GATA3,IFNg,IFNgR,IL4,IL4R,STAT4,TBet / IL12R -< TBet
GATA3,IFNg,IFNgR,IL4,STAT1,STAT4,TBet / STAT6,IL12R,IL12 -< TBet
GATA3,IFNg,IFNgR,IL4,STAT4,TBet / STAT6,IL12R,IL12 -< TBet

% 186793 samples (max h ~ 0.2815046899112654)
STAT1,TBet / GATA3 -> TBet
SOCS1,TBet / GATA3 -> TBet
IL12R,TBet / GATA3 -> TBet
STAT1 / GATA3 -> TBet
true.


