3 ?- debug(pac_learning), set_prolog_stack(global, limit(10**9)), command('pac_learning(library:examples/Th_lymphocytes/lympho.bc, 10, 100000)').
% Data generation time: 858377 ms
% Maxmimum K used: 3
% minimum number of samples for h=1: 663552

% 1405 samples (max h ~ 0.0021173924575617286)
% CNF: [[-3],[1],[8],[-10,9],[-12,-10],[-11,-10],[-10,-5],[-10,-4],[-10,-2],[-10,6],[-10,7],[-7,-5],[-7,-4],[-5,4],[-4,5],[-9,-6,-5],[-9,-6,-4],[-9,-6,7],[-9,
-6,10],[-9,4,7],[4,6,7],[-9,4,10],[-9,5,7],[5,6,7],[-9,5,10],[-12,-9],[-12,-5],[-12,-4],[-11,-9],[-11,-5],[-11,-4],[-11,12],[-9,-2],[-5,-2],[-4,-2],[-2,11],[-
2,12],[-7,2,9],[-7,9,11],[-7,9,12],[-5,6,9],[-4,6,9],[2,6,9],[6,7,9],[6,9,11],[6,9,12],[-12,-7,2],[-12,-7,11],[-11,-7,2],[-9,-7,6],[-7,2,6],[-7,6,11],[-7,6,12
],[-9,-7,10],[-7,2,10],[-7,10,11],[-7,10,12],[-9,4,6],[2,4,6],[4,6,11],[4,6,12],[-9,5,6],[2,5,6],[5,6,11],[5,6,12],[-12,6,7],[-11,6,7],[-2,6,7],[-12,2,6],[-11
,2,6],[-12,6,11]]
GATA3,IL12,IL12R,SOCS1,STAT1 / TBet,STAT6,STAT4,IL4R,IL4,IFNgR,IFNg -< GATA3
GATA3,IL4,IL4R,SOCS1,STAT1,STAT4 / TBet,STAT6,IL12R,IL12,IFNgR,IFNg -< GATA3
GATA3,IFNg,IL4R,SOCS1,STAT6,TBet / STAT4,STAT1,IL4,IL12R,IL12,IFNgR -< GATA3
GATA3,IFNg,IL4R,SOCS1,STAT6,TBet / STAT4,STAT1,IL12R,IL12,IFNgR -< GATA3
GATA3,IFNg,IL4,SOCS1,STAT6,TBet / STAT4,STAT1,IL12R,IL12,IFNgR -< GATA3
GATA3,IL4,SOCS1,STAT6,TBet / STAT4,STAT1,IL4R,IL12R,IL12,IFNgR -< GATA3
GATA3,IL4,SOCS1,TBet / STAT4,STAT1,IL4R,IL12R,IL12,IFNgR,IFNg -< GATA3
GATA3,IL4,SOCS1 / STAT6,STAT4,STAT1,IL4R,IL12R,IL12,IFNgR,IFNg -< GATA3
GATA3,IL12,IL12R,IL4,SOCS1 / TBet,STAT6,STAT4,STAT1,IL4R,IFNgR,IFNg -< GATA3

% 72041 samples (max h ~ 0.10856873312114197)
% CNF: [[-12],[11],[-7,6],[1,10],[-5,4],[-3,1],[-3,2],[-3,4],[-3,5],[-2,1],[-2,4],[-2,5],[1,6],[4,6],[5,6],[-6,-2,3],[-7,-2,3],[-9,1],[-9,-4,5],[-8,1],[-8,-7,
9],[-8,-5,9],[-8,-4,5],[-8,-4,9],[-8,-3,9],[-8,-2,9],[-9,8,10],[-5,8,10],[-5,9,10],[-3,8,10],[-3,9,10],[-2,8,10],[-2,9,10],[7,8,10],[-10,-9,7],[-9,7,8],[-10,-
8,7],[6,8,10],[6,9,10],[-10,-9,6],[-9,6,8],[-10,-8,6],[-8,6,9],[-10,-2,3],[-2,3,8],[-2,3,9],[-10,3,6],[3,6,8],[3,6,9],[-9,3,8],[-10,2,6],[2,6,8],[2,6,9],[-9,2
,8],[-7,1,4],[-7,1,5],[-5,1,7],[-4,1,5],[-4,1,7],[-4,5,7],[-9,4,8],[-9,5,8],[-10,-8,9]]
GATA3,IFNg,IFNgR,IL12,IL12R,IL4,IL4R,STAT1,STAT4,STAT6 / TBet -> GATA3
GATA3,IFNg,IFNgR,IL12,IL12R,IL4,STAT4,STAT6 / TBet,STAT1,SOCS1,IL4R -> GATA3
GATA3,IFNg,IFNgR,IL12,IL12R,IL4,IL4R,STAT4,STAT6 / TBet,SOCS1 -> GATA3
GATA3,IFNg,IFNgR,IL12,IL12R,IL4,STAT4,STAT6 / TBet,STAT1,SOCS1 -> GATA3
GATA3,IL12,IL12R,IL4,IL4R,SOCS1,STAT1,STAT4,STAT6 / TBet,IFNgR,IFNg -> GATA3
GATA3,IL12,IL12R,IL4,STAT4,STAT6 / TBet,STAT1,SOCS1,IL4R,IFNgR,IFNg -> GATA3
GATA3,IL12,IL12R,IL4,IL4R,STAT4,STAT6 / TBet,STAT1,SOCS1,IFNgR,IFNg -> GATA3
GATA3,IL12,IL12R,IL4,STAT4,STAT6 / TBet,STAT1,SOCS1,IFNgR,IFNg -> GATA3
GATA3,IL12,IL4,IL4R,STAT4,STAT6 / TBet,STAT1,SOCS1,IFNgR,IFNg -> GATA3
IL12,IL12R,IL4,IL4R,STAT4,STAT6 / TBet,STAT1,SOCS1,IFNgR,IFNg -> GATA3
GATA3,IL4,IL4R,SOCS1,STAT1,STAT4,STAT6 / TBet,IL12R,IL12,IFNgR,IFNg -> GATA3
GATA3,IL4,STAT4,STAT6 / TBet,STAT1,SOCS1,IL4R,IL12R,IL12,IFNgR,IFNg -> GATA3
GATA3,IL4,IL4R,STAT4,STAT6 / TBet,STAT1,SOCS1,IL12R,IL12,IFNgR,IFNg -> GATA3
GATA3,IL4,STAT4,STAT6 / TBet,STAT1,SOCS1,IL12R,IL12,IFNgR,IFNg -> GATA3
GATA3,IL4,IL4R,STAT4,STAT6 / TBet,STAT1,SOCS1,IL12R,IFNgR,IFNg -> GATA3
IL4,STAT4,STAT6 / TBet,STAT1,SOCS1,IL4R,IL12R,IL12,IFNgR,IFNg -> GATA3
GATA3,IFNg,IFNgR,IL12,IL12R,IL4,IL4R,SOCS1,STAT1,STAT6 / TBet -> GATA3
GATA3,IFNg,IFNgR,IL12,IL12R,IL4,SOCS1,STAT1,STAT6 / TBet,STAT4 -> GATA3
GATA3,IL12,IL12R,IL4,IL4R,SOCS1,STAT1,STAT6 / TBet,IFNgR,IFNg -> GATA3
GATA3,IL12,IL12R,IL4,SOCS1,STAT1,STAT6 / TBet,STAT4,IFNgR,IFNg -> GATA3
GATA3,IL12,IL4,IL4R,STAT6 / TBet,STAT1,SOCS1,IL12R,IFNgR,IFNg -> GATA3
GATA3,IL4,IL4R,SOCS1,STAT1,STAT6 / TBet,IL12R,IL12,IFNgR,IFNg -> GATA3
GATA3,IL4,SOCS1,STAT1,STAT6 / TBet,STAT4,IL12R,IL12,IFNgR,IFNg -> GATA3
GATA3,IL4,SOCS1,STAT6 / TBet,STAT4,STAT1,IL4R,IL12R,IL12,IFNgR,IFNg -> GATA3
GATA3,IL4,SOCS1,STAT6 / TBet,STAT4,IL4R,IL12R,IL12,IFNgR,IFNg -> GATA3
GATA3,IL4,IL4R,STAT6 / TBet,STAT1,SOCS1,IL12R,IL12,IFNgR,IFNg -> GATA3
GATA3,IL4,IL4R,STAT6 / TBet,STAT1,SOCS1,IL12R,IFNgR,IFNg -> GATA3
GATA3,IFNg,IFNgR,IL12,IL12R,STAT4,STAT6 / TBet,STAT1,SOCS1,IL4R -> GATA3
GATA3,IFNg,IFNgR,IL12,IL12R,SOCS1,STAT1,STAT6 / TBet,STAT4,IL4R -> GATA3
GATA3,IFNg,IL12,IL12R,SOCS1,STAT1,STAT6 / TBet,STAT4,IL4R,IL4 -> GATA3
GATA3,IL12,IL12R,SOCS1,STAT1,STAT6 / TBet,STAT4,IL4R,IFNgR,IFNg -> GATA3
GATA3,IL12,IL12R,SOCS1,STAT1,STAT6 / TBet,STAT4,IL4R,IL4,IFNgR -> GATA3

% 312 samples (max h ~ 0.00047019675925925923)
% CNF: [[2],[-5,4],[-4,5],[-10,11],[-9,11],[-6,11],[-3,11],[-1,11],[4,11],[5,11],[7,11],[8,11],[11,12],[-12,-10],[-10,1],[-10,3],[-10,4],[-10,5],[-12,-3],[-3,
1],[-3,4],[-3,5],[-12,8],[1,8],[3,8],[4,8],[5,8],[8,10],[1,12],[4,12],[5,12],[-12,-11,-5],[-11,-5,1],[-12,-5,-1],[-12,-5,7],[-5,1,7],[-12,-11,-4],[-11,-4,1],[
-12,-4,-1],[-12,-4,7],[-4,1,7],[-6,1],[-12,-6,-5],[-6,-5,3],[-12,-6,-4],[-6,-4,3],[-6,3,12],[-12,-9],[-9,1],[-9,4],[-9,5],[-11,-7,1],[-10,-7,6],[-10,-7,9],[-9
,-7,3],[-9,-7,6],[-9,-7,10],[-7,-3,6],[-7,-3,9],[-7,-3,10],[-7,6,8],[-7,8,9],[-7,3,12],[-7,6,12],[-7,9,12],[-7,10,12],[-10,-9,6],[-10,-9,7],[-9,6,8],[-9,7,8],
[-9,-6,3],[-10,-8,6],[-10,-8,7],[-10,-8,9],[-8,-3,9],[-8,9,12],[-3,9,10],[9,10,12],[3,9,12],[-7,1,4],[-7,1,5]]
GATA3,IFNg,IL12,IL12R,SOCS1,STAT1,STAT6 / TBet,STAT4,IL4R,IL4,IFNgR -< IFNg
GATA3,IFNg,IFNgR,IL12,IL12R,IL4,SOCS1,STAT1,STAT6 / TBet,STAT4,IL4R -< IFNg
GATA3,IFNg,IFNgR,IL12,IL12R,SOCS1,STAT1,STAT6 / TBet,STAT4,IL4R -< IFNg
GATA3,IFNg,IL12,IL12R,SOCS1,STAT1,STAT6 / TBet,STAT4,IL4R,IL4 -< IFNg
GATA3,IFNg,IFNgR,IL12,IL12R,IL4,IL4R,STAT1,STAT4,STAT6 / TBet -< IFNg
GATA3,IFNg,IFNgR,IL12,IL12R,IL4,STAT4,STAT6 / TBet,STAT1,SOCS1,IL4R -< IFNg
GATA3,IFNg,IFNgR,IL12,IL12R,STAT4,STAT6 / TBet,STAT1,SOCS1,IL4R -< IFNg
IFNg,IL12,IL12R,IL4R,SOCS1,TBet / STAT6,STAT4,STAT1,IL4,IFNgR,GATA3 -< IFNg
GATA3,IFNg,SOCS1,STAT6,TBet / STAT4,STAT1,IL12R,IL12,IFNgR -< IFNg
IFNg,SOCS1,STAT6,TBet / STAT4,STAT1,IL4R,IL4,IL12R,IL12,IFNgR -< IFNg

% 278401 samples (max h ~ 0.41956169222608025)
% CNF: [[-1],[10],[12],[-9,5],[-4,5],[-3,5],[2,5],[5,8],[5,11],[7,8],[-9,-7],[-9,-6],[-9,4],[-9,8],[-6,-4],[-6,-5,7],[-5,4,7],[-6,2,7],[2,4,7],[2,7,9],[-7,11]
,[-6,11],[2,11],[4,11],[8,11],[-7,-4,2],[-4,2,9],[-6,-3],[-6,8],[-3,2],[-3,4],[2,8],[3,8],[4,8],[-3,9,11],[-11,-3,7],[-3,7,9],[-11,-9,-3]]
IFNg,IL12,IL12R,SOCS1,STAT1,STAT4,STAT6,TBet / IL4R,IL4,IFNgR,GATA3 -> IFNg
IL12,IL12R,SOCS1,STAT1,STAT4,STAT6,TBet / IL4R,IL4,IFNgR,GATA3 -> IFNg
IFNg,IL12,IL12R,SOCS1,STAT1,STAT4,TBet / IL4R,IL4,IFNgR,GATA3 -> IFNg
IFNg,IL12,IL12R,SOCS1,STAT1,STAT4,TBet / STAT6,IL4R,IL4,GATA3 -> IFNg
IFNg,IL12,IL12R,SOCS1,STAT4,STAT6,TBet / IL4R,IL4,IFNgR,GATA3 -> IFNg
IFNg,IL12,IL12R,SOCS1,STAT4,TBet / IL4R,IL4,IFNgR,GATA3 -> IFNg
IL12R,IL4R,SOCS1,STAT4,STAT6,TBet / STAT1,IL12,IFNgR,GATA3 -> IFNg
IFNg,IL12,IL12R,IL4R,SOCS1,STAT4,STAT6,TBet / STAT1,IL4,GATA3 -> IFNg
IFNg,IL12R,IL4R,SOCS1,STAT4,STAT6,TBet / STAT1,IL4,IFNgR,GATA3 -> IFNg
IFNg,IL12,IL12R,SOCS1,STAT4,STAT6,TBet / STAT1,IL4,IFNgR,GATA3 -> IFNg
IFNg,IFNgR,IL12,IL12R,IL4R,STAT4,STAT6,TBet / STAT1,IL4,GATA3 -> IFNg
IFNg,IL4R,SOCS1,STAT4,STAT6,TBet / STAT1,IL12,IFNgR,GATA3 -> IFNg
IFNg,SOCS1,STAT4,STAT6,TBet / STAT1,IL12R,IL12,IFNgR,GATA3 -> IFNg

% 265 samples (max h ~ 0.000399365837191358)
% CNF: [[2],[3],[4],[5],[8],[-12,-6],[-6,1],[-6,9],[-6,11],[-12,-1],[-1,9],[-1,11],[1,12],[9,12],[11,12],[7,9],[-7,10],[9,10],[-10,-6,7],[-10,-1,7],[-10,7,12]
,[-9,-7,6],[-10,-1,6],[-7,-1,6],[-10,6,12],[-7,6,12],[-7,11],[9,11],[-12,-11,-9],[-12,-9,-7],[-11,-9,1],[-9,-7,1],[-12,-11,7],[-11,1,7],[-12,-11,10],[-11,1,10
],[-11,-10,7]]
IFNg,IFNgR,IL12,IL12R,SOCS1,STAT1,STAT4,TBet / STAT6,IL4R,IL4,GATA3 -< IFNgR
IFNg,IFNgR,IL12,IL12R,SOCS1,STAT1,TBet / STAT6,IL4R,IL4,GATA3 -< IFNgR
IFNg,IFNgR,IL12,IL12R,IL4R,SOCS1,STAT4,STAT6,TBet / STAT1,IL4,GATA3 -< IFNgR
GATA3,IFNg,IFNgR,IL12,IL12R,SOCS1,STAT1,STAT6 / TBet,STAT4,IL4R,IL4 -< IFNgR
GATA3,IFNg,IFNgR,IL12,IL12R,IL4,IL4R,SOCS1,STAT1,STAT4,STAT6 / TBet -< IFNgR
GATA3,IFNg,IFNgR,IL12,IL12R,SOCS1,STAT1,STAT6 / TBet,STAT4,IL4R -< IFNgR

% 17 samples (max h ~ 2.561969521604938e-5)
% CNF: [[-8],[2],[4],[5],[10],[11],[-12,-3],[-3,1],[-12,-1],[-1,3],[-12,7],[-9,7],[1,7],[3,7],[1,12],[3,12],[-12,-6],[-6,1],[-6,3],[-7,-3,6],[-7,-1,6],[-7,6,1
2],[-12,-9],[-9,1],[-9,3],[-9,6]]
IFNg,IL12,IL12R,IL4R,STAT4,STAT6,TBet / STAT1,SOCS1,IL4,IFNgR,GATA3 -> IFNgR
GATA3,IFNg,IFNgR,IL12,IL12R,IL4,IL4R,STAT4,STAT6 / TBet,SOCS1 -> IFNgR
GATA3,IFNg,IFNgR,IL12,IL12R,IL4,STAT4,STAT6 / TBet,STAT1,SOCS1 -> IFNgR
GATA3,IFNg,IFNgR,IL12,IL12R,STAT4,STAT6 / TBet,STAT1,SOCS1,IL4R -> IFNgR

% 0 samples (max h ~ 0)
% CNF: [[]]
% _ -< IL12

% 0 samples (max h ~ 0)
% CNF: [[]]
% _ -> IL12

% 1423 samples (max h ~ 0.0021445191936728396)
% CNF: [[5],[11],[-9,4],[4,7],[7,8],[-10,-9,2],[-10,-6,7],[-10,-3,7],[-10,-1,7],[-10,2,7],[-10,7,12],[-7,-4,10],[-4,9,10],[-6,7,9],[-3,7,9],[-1,7,9],[2,7,9],[
7,9,10],[7,9,12],[4,8],[8,10],[-3,2],[-3,4],[-12,-1],[-1,4],[4,12],[-10,-1,6],[-10,6,12],[-2,-1,3],[-2,-1,9],[-2,1,12],[-2,3,12],[-2,9,12],[-12,-9,-7],[-9,-7,
1],[-9,-7,2],[-9,-7,3],[-9,-7,6],[-9,-7,10],[-12,-9,-6],[-9,-6,1],[-9,-6,2],[-9,-6,3],[-12,-9,-3],[-9,-3,1],[-12,-9,8],[-9,1,8],[-9,2,8],[-9,3,8],[-9,6,8],[-9
,1,12],[-12,-6,-4],[-12,-6,-3],[-6,-3,1],[-6,-3,9],[-12,-6,8],[-12,-3,8],[-3,1,8],[-3,6,8],[-3,8,9],[-1,6,8],[6,8,12],[-3,-1,9],[-3,1,12],[-3,9,12],[-8,-1,9],
[-8,1,12],[-8,9,12],[-12,-2,10],[-7,-2,10],[-2,1,10],[-2,3,10],[-2,4,10],[-2,9,10],[-12,-9,10],[-9,1,10],[-12,-4,10],[-4,1,10],[-12,-6,7],[-6,1,7],[-6,2,7],[-
6,3,7],[-12,-3,7],[-3,1,7],[-12,7,10],[1,7,10],[1,7,12],[-12,-6,10],[-7,-6,10],[-6,1,10],[-6,2,10],[-6,3,10],[-6,4,10],[-6,9,10],[-12,-3,10],[-7,-3,10],[-3,1,
10],[-3,9,10],[-7,-1,10],[-1,9,10],[-7,10,12],[1,10,12],[9,10,12],[-7,-1,6],[-1,6,9],[-7,6,12],[1,6,12],[6,9,12],[-12,-9,2],[-9,1,2],[-12,-4,2],[-12,2,7],[1,2
,7],[-12,2,8],[2,6,8]]
IFNg,IL12,IL12R,IL4R,SOCS1,STAT4,STAT6,TBet / STAT1,IL4,GATA3 -< IL12R
GATA3,IFNg,IFNgR,IL12,IL12R,IL4,IL4R,SOCS1,STAT1,STAT4,STAT6 / TBet -< IL12R
IFNg,IL12,IL12R,SOCS1,STAT4,STAT6,TBet / IL4R,IL4,IFNgR,GATA3 -< IL12R
IFNg,IL12,IL12R,SOCS1,STAT4,STAT6,TBet / STAT1,IL4,IFNgR,GATA3 -< IL12R
GATA3,IFNg,IFNgR,IL12,IL12R,SOCS1,STAT1,STAT6 / TBet,STAT4,IL4R,IL4 -< IL12R
GATA3,IFNg,IFNgR,IL12,IL12R,SOCS1,STAT1,STAT6 / TBet,STAT4,IL4R -< IL12R
GATA3,IL12,IL12R,SOCS1,STAT1,STAT6 / TBet,STAT4,IL4R,IL4,IFNgR,IFNg -< IL12R
IFNg,IL12,IL12R,IL4R,STAT4,STAT6,TBet / STAT1,IL4,IFNgR,GATA3 -< IL12R
GATA3,IFNg,IFNgR,IL12,IL12R,IL4,IL4R,STAT1,STAT4,STAT6 / TBet -< IL12R
IL12,IL12R,IL4,IL4R,STAT4,STAT6 / TBet,STAT1,SOCS1,IFNgR,IFNg,GATA3 -< IL12R
IL12,IL12R,IL4,IL4R,STAT4,STAT6 / TBet,STAT1,SOCS1,IFNgR,IFNg -< IL12R
IFNg,IL12R,IL4R,SOCS1,STAT4,STAT6,TBet / STAT1,IL12,IFNgR,GATA3 -< IL12R
IFNg,IL12R,IL4R,SOCS1,STAT4,STAT6,TBet / STAT1,IL4,IFNgR,GATA3 -< IL12R
IL12R,IL4R,SOCS1,STAT4,STAT6,TBet / STAT1,IL12,IFNgR,GATA3 -< IL12R
IL12R,IL4R,SOCS1,STAT6,TBet / STAT1,IL4,IL12,IFNgR,IFNg,GATA3 -< IL12R

% 2100 samples (max h ~ 0.00316478587962963)
% CNF: [[-11],[4],[-9,-7],[-7,-3],[-7,-1],[-7,5],[-3,9],[5,9],[8,10],[-12,-1],[-10,-1],[-3,-1],[-2,-1],[-1,5],[-1,8],[-12,2],[-3,2],[2,5],[-7,2,10],[1,2,10],[
-7,10,12],[-12,-6],[-9,-6],[-6,-3],[-6,-2],[-6,5],[-1,6,9],[2,6,9],[-2,9,12],[6,9,12],[-7,-6,10],[-6,1,10],[-10,-9,2],[-10,2,6],[-9,1,2],[1,2,6],[-10,-9,12],[
-10,-3,12],[-10,-2,12],[-10,6,12],[-12,8],[-9,8],[-3,8],[-2,8],[5,8],[6,8],[-8,-7,-6],[-8,-7,2],[-7,2,6],[-8,-7,12],[-7,-2,12],[-7,6,12],[-12,5],[-10,5],[3,5]
,[-2,3,12]]
IFNg,IL12,IL12R,SOCS1,STAT1,STAT4,TBet / STAT6,IL4R,IL4,GATA3 -> IL12R
IFNg,IL12,IL12R,SOCS1,STAT1,TBet / STAT6,IL4R,IL4,GATA3 -> IL12R
IFNg,IFNgR,IL12,IL12R,SOCS1,STAT1 / STAT6,STAT4,IL4R,IL4,GATA3 -> IL12R
IFNg,IFNgR,IL12,SOCS1,STAT1 / TBet,STAT6,STAT4,IL4R,IL4,GATA3 -> IL12R
GATA3,IL12,IL12R,SOCS1,STAT1 / TBet,STAT6,STAT4,IL4R,IL4,IFNgR,IFNg -> IL12R
IFNg,IL12,IL12R,SOCS1,STAT4,TBet / STAT6,IL4R,IL4,IFNgR,GATA3 -> IL12R
IL12,IL12R,IL4,STAT4 / TBet,STAT6,STAT1,IL4R,IFNgR,IFNg,GATA3 -> IL12R
IFNg,IL12,IL12R,SOCS1,TBet / STAT6,IL4R,IL4,IFNgR,GATA3 -> IL12R
GATA3,IL12,IL12R,IL4,SOCS1 / TBet,STAT6,STAT4,STAT1,IL4R,IFNgR,IFNg -> IL12R
IFNg,IL12,IL12R,SOCS1,STAT4,TBet / STAT6,STAT1,IL4,IFNgR,GATA3 -> IL12R
IL12,IL12R,IL4,STAT4 / TBet,STAT6,STAT1,SOCS1,IFNgR,IFNg,GATA3 -> IL12R
IFNg,IL12,IL12R,SOCS1,TBet / STAT6,STAT1,IL4,IFNgR,GATA3 -> IL12R

% 782 samples (max h ~ 0.0011785059799382716)
% CNF: [[6],[-2,8],[-2,11],[-4,5],[-3,5],[5,8],[-9,-2,5],[-2,-1,5],[-2,5,10],[-2,5,12],[-9,5,7],[-1,5,7],[5,7,12],[-12,-9],[-9,1],[-9,8],[-9,11],[-12,-4],[-12
,-3],[-3,1],[-3,2],[-3,4],[-3,8],[-3,9],[-3,11],[-12,-1],[-1,8],[-1,9],[-1,11],[-9,-2,3],[-9,-2,4],[-4,-2,1],[-4,-2,3],[-4,-2,9],[-2,-1,3],[-2,-1,4],[-2,1,12]
,[-2,3,12],[-2,4,12],[-2,9,12],[8,10],[-12,-2,10],[-7,-2,10],[-2,1,10],[-2,3,10],[-2,4,10],[-2,9,10],[-10,-9,7],[-9,2,7],[-9,3,7],[-9,4,7],[-12,-5,7],[-5,4,7]
,[-10,-3,7],[-10,-1,7],[-1,2,7],[-1,3,7],[-1,4,7],[4,7,12],[-7,-4,10],[-7,-3,10],[-11,2,7],[-9,-4,2],[-4,-1,2],[-9,-4,3],[-4,-1,3],[1,4,12],[1,5,12],[4,9,12],
[5,9,12],[4,11,12],[5,11,12],[-11,1,10],[-7,1,10],[-11,9,10],[-7,9,10],[-7,10,11],[-12,-10,11],[-10,4,11],[-10,5,11],[-12,8],[4,8],[-11,7,8],[-12,-7,11],[-8,-
7,11],[-7,4,11],[-7,5,11],[-9,-5,2],[-9,-5,3],[-9,-5,4],[-5,-1,2],[-5,-1,3],[-5,-1,4],[-5,4,12],[-12,-7,10],[-7,-5,10],[-5,4,10],[-12,-11,10],[-12,-5,10],[-12
,-5,11],[-5,4,11]]
IL12R,IL4,IL4R,SOCS1,STAT4,STAT6,TBet / STAT1,IL12,IFNgR,GATA3 -< IL4
IL12,IL12R,IL4,IL4R,SOCS1,STAT4,STAT6 / TBet,STAT1,IFNgR,IFNg,GATA3 -< IL4
GATA3,IFNg,IFNgR,IL12,IL12R,IL4,IL4R,SOCS1,STAT1,STAT4,STAT6 / TBet -< IL4
GATA3,IFNg,IFNgR,IL12,IL12R,IL4,SOCS1,STAT1,STAT6 / TBet,STAT4,IL4R -< IL4
IL4,IL4R,SOCS1,STAT4,STAT6,TBet / STAT1,IL12,IFNgR,IFNg,GATA3 -< IL4
GATA3,IL4,IL4R,SOCS1,STAT1,STAT6 / TBet,IL12R,IL12,IFNgR,IFNg -< IL4
IL4,IL4R,SOCS1,STAT4,STAT6,TBet / STAT1,IL12,IFNgR,GATA3 -< IL4
IFNg,IL4,SOCS1,STAT4,STAT6,TBet / STAT1,IL12R,IL12,IFNgR,GATA3 -< IL4
IL12,IL12R,IL4,SOCS1,STAT4 / TBet,STAT6,STAT1,IL4R,IFNgR,IFNg,GATA3 -< IL4
IL12,IL12R,IL4,SOCS1 / TBet,STAT6,STAT1,IL4R,IFNgR,IFNg,GATA3 -< IL4
IL4,SOCS1,TBet / STAT6,STAT4,STAT1,IL4R,IL12R,IL12,IFNgR,IFNg,GATA3 -< IL4
IL12,IL12R,IL4,IL4R,STAT4,STAT6 / TBet,STAT1,IFNgR,IFNg,GATA3 -< IL4
IL12,IL12R,IL4,IL4R,STAT4 / TBet,STAT1,SOCS1,IFNgR,IFNg,GATA3 -< IL4
IL12,IL12R,IL4,STAT4 / TBet,STAT6,STAT1,IL4R,IFNgR,IFNg,GATA3 -< IL4
IL12,IL12R,IL4,STAT4 / TBet,STAT6,STAT1,SOCS1,IFNgR,IFNg,GATA3 -< IL4

% 69875 samples (max h ~ 0.10530448254243827)
% CNF: [[-9],[1],[-3,10],[-12,-5],[-5,4],[-12,-4],[-12,-3],[-8,-3],[-3,2],[-3,4],[-3,5],[-3,11],[-2,11],[-8,-7,-5],[-7,-5,6],[-7,-5,10],[-7,-5,11],[-8,-7,-4],
[-7,-4,6],[-7,-4,11],[-7,-3,6],[-10,-8],[-10,11],[-11,-5,10],[-5,-2,10],[-5,8,10],[-4,-2,10],[6,8,10],[7,8,10],[-11,-8,-5],[-8,-5,-2],[-5,-2,3],[-5,8,11],[-11
,-8,-4],[-8,-4,-2],[-8,-4,5],[-4,-2,3],[-4,5,11],[-4,8,11],[-12,2,6],[-11,2,6],[-10,2,6],[-7,2,6],[2,4,6],[2,5,6],[2,6,8],[-10,3,6],[3,6,8],[-12,6,11],[-7,6,1
1],[4,6,11],[5,6,11],[6,8,11],[-10,2,7],[2,7,8],[-10,3,7],[3,7,8],[7,8,11],[-4,-2,5],[-4,5,6],[-4,5,7],[-10,4,7],[4,6,7],[4,7,8],[-10,5,7],[5,6,7],[5,7,8],[-1
2,-7,11],[-8,-7,11],[-12,-10],[-12,8],[-2,8,10],[-2,10,12],[-8,-2,12],[-10,-2,3],[-2,3,8],[-2,3,12],[-10,-2,4],[-2,4,8],[-2,4,12],[-10,-2,5],[-2,5,8],[-2,5,12
],[-12,6,7],[-10,-7,6],[-7,6,8],[-7,6,12],[-10,4,6],[4,6,8],[4,6,12],[-10,5,6],[5,6,8],[5,6,12],[-8,-7,2],[-8,-7,12],[-12,-7,2]]
GATA3,IL4,IL4R,STAT4,STAT6 / TBet,STAT1,SOCS1,IL12R,IL12,IFNgR,IFNg -> IL4
GATA3,IL4,IL4R,STAT4,STAT6 / TBet,STAT1,SOCS1,IL12R,IFNgR,IFNg -> IL4
GATA3,IL12,IL4,IL4R,STAT4,STAT6 / TBet,STAT1,SOCS1,IFNgR,IFNg -> IL4
GATA3,IFNg,IFNgR,IL12,IL12R,IL4,STAT4,STAT6 / TBet,STAT1,SOCS1 -> IL4
GATA3,IFNg,IFNgR,IL12,IL12R,STAT4,STAT6 / TBet,STAT1,SOCS1,IL4R -> IL4
GATA3,IL4,IL4R,STAT6 / TBet,STAT4,STAT1,SOCS1,IL12R,IL12,IFNgR,IFNg -> IL4
GATA3,IL4,IL4R,STAT6 / TBet,STAT1,SOCS1,IL12R,IL12,IFNgR,IFNg -> IL4
GATA3,IFNg,IL4,SOCS1,STAT6,TBet / STAT4,STAT1,IL12R,IL12,IFNgR -> IL4
GATA3,IL4,SOCS1,STAT6,TBet / STAT4,STAT1,IL4R,IL12R,IL12,IFNgR -> IL4
GATA3,IL4,SOCS1,STAT6 / STAT4,STAT1,IL4R,IL12R,IL12,IFNgR,IFNg -> IL4
GATA3,IFNg,IL4R,SOCS1,STAT6,TBet / STAT4,STAT1,IL12R,IL12,IFNgR -> IL4
GATA3,IL4,IL4R / TBet,STAT4,STAT1,SOCS1,IL12R,IL12,IFNgR,IFNg -> IL4
GATA3,IL4,SOCS1 / STAT4,STAT1,IL4R,IL12R,IL12,IFNgR,IFNg -> IL4
GATA3,IL4,IL4R,STAT6 / TBet,STAT1,SOCS1,IL12R,IFNgR,IFNg -> IL4
GATA3,IL12,IL12R,SOCS1 / TBet,STAT6,STAT4,STAT1,IL4R,IFNgR,IFNg -> IL4

% 680 samples (max h ~ 0.0010247878086419753)
% CNF: [[7],[8],[-10,-9,-2],[-10,-2,-1],[-10,-2,12],[-4,5],[-3,5],[5,11],[-9,-2,5],[-2,5,12],[-4,2],[-9,11],[-6,11],[-3,11],[-1,11],[2,11],[4,11],[11,12],[-10
,-9,-4],[-10,-6,-4],[-10,-4,-1],[-10,-4,12],[-10,-6,-3],[-3,2],[-3,4],[-10,-9,-3],[-10,-3,-1],[-10,-3,12],[-12,-9],[-9,1],[-9,6],[1,12],[6,12],[9,12],[-9,-2,3
],[-9,-2,4],[-2,3,12],[-2,4,12],[-9,-4,3],[-12,-6,-4],[-6,-4,1],[-6,-4,3],[-6,-4,9],[-12,-4,-1],[-4,-1,3],[-4,-1,6],[-4,-1,9],[-4,3,12],[-12,-6,-3],[-6,-3,1],
[-6,-3,9],[-6,1,10],[-12,-3,-1],[-3,-1,6],[-3,-1,9],[-12,-3,10],[-3,1,10],[-3,6,10],[-3,9,10],[-10,-9,-5],[-12,-10,-1],[-10,-5,-1],[-10,-1,6],[-10,-1,9],[-10,
-5,12],[-12,2,5],[1,2,5],[2,5,6],[2,5,9],[-9,-5,2],[-9,-5,3],[-9,-5,4],[-12,-1,2],[-5,-1,2],[-1,2,6],[-1,2,9],[-5,-1,3],[-5,-1,4],[-5,2,12],[-5,3,12],[-5,4,12
],[1,5,10],[-12,-5,-1],[-5,-1,6],[-5,-1,9]]
IL12R,IL4R,SOCS1,STAT4,STAT6,TBet / STAT1,IL12,IFNgR,IFNg,GATA3 -< IL4R
IL12R,IL4R,SOCS1,STAT6,TBet / STAT1,IL4,IL12,IFNgR,IFNg,GATA3 -< IL4R
GATA3,IL4,IL4R,SOCS1,STAT1,STAT6 / TBet,IL12R,IL12,IFNgR,IFNg -< IL4R
IFNg,IL12R,IL4R,SOCS1,STAT4,STAT6,TBet / STAT1,IL12,IFNgR,GATA3 -< IL4R
IFNg,IL12R,IL4R,SOCS1,STAT6,TBet / STAT1,IL4,IL12,IFNgR,GATA3 -< IL4R
IFNg,IL12,IL12R,IL4R,SOCS1,STAT4,STAT6,TBet / STAT1,IL4,GATA3 -< IL4R
IFNg,IL12,IL12R,IL4R,SOCS1,STAT6,TBet / STAT1,IL4,IFNgR,GATA3 -< IL4R
IFNg,IL12R,IL4R,SOCS1,STAT6,TBet / STAT1,IL4,IFNgR,GATA3 -< IL4R
IFNg,IL12,IL12R,IL4R,SOCS1,TBet / STAT1,IL4,IFNgR,GATA3 -< IL4R
IL12R,IL4R,SOCS1,STAT4,STAT6,TBet / STAT1,IL12,IFNgR,GATA3 -< IL4R
IL12R,IL4R,SOCS1,STAT6,TBet / STAT1,IL4,IL12,IFNgR,GATA3 -< IL4R
IFNg,IL4R,SOCS1,STAT4,STAT6,TBet / STAT1,IL12,IFNgR,GATA3 -< IL4R
GATA3,IFNg,IL4R,SOCS1,STAT6,TBet / STAT4,STAT1,IL12R,IL12,IFNgR -< IL4R
GATA3,IFNg,IFNgR,IL12,IL12R,IL4,IL4R,SOCS1,STAT1,STAT6 / TBet,STAT4 -< IL4R

% 70870 samples (max h ~ 0.10680398823302469)
% CNF: [[-12],[-9],[-8],[6],[-7,-3],[-7,-2],[-5,10],[-3,10],[-2,10],[1,10],[-5,4],[-3,1],[-3,2],[-3,4],[-3,5],[-3,11],[-2,1],[-2,3],[-2,4],[-2,5],[-2,11],[1,4
],[1,5],[-5,-1,11],[-4,-1,11],[-4,5,11],[-4,10,11],[-11,1,7],[-4,5,7],[-4,7,10],[-11,7,10],[-10,-1,11],[-10,4,11],[-10,5,11]]
IL12,IL12R,IL4,IL4R,STAT4,STAT6 / TBet,STAT1,SOCS1,IFNgR,IFNg -> IL4R
GATA3,IL12,IL12R,IL4,STAT4,STAT6 / TBet,STAT1,SOCS1,IFNgR,IFNg -> IL4R
IL12,IL12R,IL4,IL4R,STAT4 / TBet,STAT1,SOCS1,IFNgR,IFNg,GATA3 -> IL4R
IL12,IL12R,IL4,STAT4 / TBet,STAT6,STAT1,SOCS1,IFNgR,IFNg,GATA3 -> IL4R
GATA3,IL12,IL4,IL4R,STAT4,STAT6 / TBet,STAT1,SOCS1,IFNgR,IFNg -> IL4R
GATA3,IL4,IL4R,STAT4,STAT6 / TBet,STAT1,SOCS1,IL12R,IFNgR,IFNg -> IL4R
GATA3,IL4,STAT4,STAT6 / TBet,STAT1,SOCS1,IL12R,IL12,IFNgR,IFNg -> IL4R
GATA3,IL4,IL4R,STAT6 / TBet,STAT1,SOCS1,IL12R,IFNgR,IFNg -> IL4R
GATA3,IL4,IL4R / TBet,STAT4,STAT1,SOCS1,IL12R,IL12,IFNgR,IFNg -> IL4R
GATA3,IL4 / TBet,STAT6,STAT4,STAT1,SOCS1,IL12R,IL12,IFNgR,IFNg -> IL4R
GATA3,IFNg,IFNgR,IL12,IL12R,IL4,STAT4,STAT6 / TBet,STAT1,SOCS1,IL4R -> IL4R

% 871 samples (max h ~ 0.0013126326195987655)
% CNF: [[-12],[-9],[-7],[-3],[-2],[6],[8],[-11,-10],[-10,-1],[-10,4],[-10,5],[-11,1],[1,4],[1,5],[1,10],[-11,-5],[-11,-4],[-5,4],[-4,5]]
GATA3,IL4,SOCS1 / TBet,STAT4,STAT1,IL4R,IL12R,IL12,IFNgR,IFNg -< SOCS1
GATA3,IL12,IL12R,IL4,SOCS1 / TBet,STAT6,STAT4,STAT1,IL4R,IFNgR,IFNg -< SOCS1
IL12,IL12R,IL4,SOCS1,STAT4 / TBet,STAT6,STAT1,IL4R,IFNgR,IFNg,GATA3 -< SOCS1

% 207903 samples (max h ~ 0.31331832320601855)
% CNF: [[-4,5],[-3,5],[-9,-2,5],[-2,5,8],[-2,5,11],[-2,5,12],[-10,-1,7],[-10,7,12],[-2,7,8],[5,7,8],[-2,8,10],[5,8,10],[7,8,10],[-5,4,7],[-6,7,8],[-3,7,8],[-1
,7,8],[4,7,8],[7,8,9],[7,8,11],[7,8,12],[-9,-2,4],[-6,-2,11],[-2,-1,11],[-2,4,11],[-2,8,11],[-2,11,12],[-6,-4,11],[-4,8,11],[-7,-4,2],[-6,-4,9],[-4,-1,9],[-4,
2,9],[-4,8,10],[-7,-3,11],[-3,9,11],[8,9,11],[8,10,11],[-3,2],[-3,4],[-2,3,8],[-2,4,8],[1,12],[9,12],[-12,-10,-1],[-10,-1,6],[-10,-1,9],[-10,6,12],[-2,4,12],[
-12,-9,-7],[-9,-7,1],[-9,-7,6],[-12,-9,-6],[-9,-6,1],[-12,-9,-1],[-12,-6,-4],[-6,-4,1],[-6,-4,2],[-6,-4,3],[-12,-4,-1],[-12,-6,-3],[-6,-3,1],[-6,-3,9],[-6,-3,
11],[-12,-6,8],[-6,1,8],[-6,8,9],[-6,8,10],[-12,-3,-1],[-3,-1,9],[-3,-1,11],[-3,11,12],[-9,8,10],[-3,8,10],[-3,9,10],[-1,8,10],[8,10,12],[-3,7,9],[-1,6,8],[-7
,6,12],[4,6,12],[5,6,12],[6,8,12],[-12,-9,5],[-9,1,5],[-9,5,6],[-12,5,8],[-11,5,8],[1,5,8],[5,6,8],[5,8,9],[-12,-9,4],[-9,-5,4],[-9,1,4],[-9,4,6],[-6,-5,11],[
-5,4,11],[-12,8,11],[-5,8,11],[-3,8,11],[1,8,11],[6,8,11],[-5,-1,4],[-5,4,12],[-12,-5,-1],[-12,-1,8],[-5,-1,9],[-1,8,9]]
GATA3,IFNg,IFNgR,IL12,IL12R,IL4,IL4R,SOCS1,STAT1,STAT4,STAT6 / TBet -> SOCS1
GATA3,IFNg,IFNgR,IL12,IL12R,IL4,IL4R,STAT1,STAT4,STAT6 / TBet -> SOCS1
IFNg,IL12,IL12R,IL4R,SOCS1,STAT4,STAT6,TBet / STAT1,IL4,GATA3 -> SOCS1
IFNg,IFNgR,IL12,IL12R,IL4R,STAT4,STAT6,TBet / STAT1,IL4,GATA3 -> SOCS1
IFNg,IL12,IL12R,IL4R,SOCS1,STAT4,TBet / STAT1,IL4,IFNgR,GATA3 -> SOCS1
IL12R,IL4R,SOCS1,STAT4,STAT6,TBet / STAT1,IL12,IFNgR,IFNg,GATA3 -> SOCS1
IL12R,IL4R,STAT4,STAT6,TBet / STAT1,IL4,IL12,IFNgR,IFNg,GATA3 -> SOCS1
IFNg,IL12R,IL4R,SOCS1,STAT4,STAT6,TBet / STAT1,IL12,IFNgR,GATA3 -> SOCS1
IFNg,IL12R,IL4R,SOCS1,STAT4,STAT6,TBet / STAT1,IL4,IFNgR,GATA3 -> SOCS1
IL12R,IL4R,SOCS1,STAT4,STAT6,TBet / STAT1,IL12,IFNgR,GATA3 -> SOCS1
GATA3,IFNg,IFNgR,IL12,IL12R,IL4,IL4R,SOCS1,STAT1,STAT6 / TBet,STAT4 -> SOCS1
GATA3,IFNg,IFNgR,IL12,IL12R,IL4,IL4R,SOCS1,STAT1,STAT6 / TBet -> SOCS1
IFNg,IL12,IL12R,IL4R,SOCS1,STAT6,TBet / STAT1,IL4,IFNgR,GATA3 -> SOCS1
IFNg,IL12,IL12R,IL4R,SOCS1,TBet / STAT1,IL4,IFNgR,GATA3 -> SOCS1
IL12R,IL4R,SOCS1,STAT6,TBet / STAT1,IL12,IFNgR,IFNg,GATA3 -> SOCS1
IFNg,IL12R,IL4R,SOCS1,STAT6,TBet / STAT1,IL12,IFNgR,GATA3 -> SOCS1
IFNg,IL12R,IL4R,SOCS1,STAT6,TBet / STAT1,IL4,IFNgR,GATA3 -> SOCS1
IL12R,IL4R,SOCS1,STAT6,TBet / STAT1,IL12,IFNgR,GATA3 -> SOCS1
IL12R,IL4R,STAT6,TBet / STAT1,IL4,IL12,IFNgR,IFNg,GATA3 -> SOCS1
IFNg,IL12,IL12R,SOCS1,STAT1,STAT6,TBet / IL4R,IL4,GATA3 -> SOCS1
 IFNg,IL12,IL12R,SOCS1,STAT4,STAT6,TBet / IL4R,IL4,IFNgR,GATA3 -> SOCS1
IFNg,IL12,IL12R,SOCS1,STAT6,TBet / IL4R,IL4,IFNgR,GATA3 -> SOCS1
IFNg,IL12,IL12R,SOCS1,STAT4,STAT6,TBet / STAT1,IL4,IFNgR,GATA3 -> SOCS1
IFNg,IL12,IL12R,SOCS1,STAT6,TBet / STAT1,IL4,IFNgR,GATA3 -> SOCS1
IL12,IL12R,SOCS1,STAT1,STAT6,TBet / IL4R,IL4,IFNgR,GATA3 -> SOCS1
IL12,IL12R,SOCS1,STAT1,TBet / IL4R,IL4,IFNgR,IFNg,GATA3 -> SOCS1
IFNg,IL12,IL12R,SOCS1,TBet / IL4R,IL4,IFNgR,GATA3 -> SOCS1
IFNg,IL12,IL12R,SOCS1,TBet / STAT1,IL4,IFNgR,GATA3 -> SOCS1
IFNg,IL12,IL12R,SOCS1,STAT1,TBet / IL4R,IL4,GATA3 -> SOCS1
IL12,IL12R,SOCS1,STAT1,TBet / IL4R,IL4,IFNgR,GATA3 -> SOCS1
IL12,IL12R,STAT1,STAT4,STAT6,TBet / IL4R,IL4,IFNgR,IFNg,GATA3 -> SOCS1
GATA3,IFNg,IL12,IL12R,SOCS1,STAT1,STAT6 / TBet,STAT4,IL4R,IL4 -> SOCS1
GATA3,IFNg,IFNgR,IL12,IL12R,SOCS1,STAT1,STAT6 / TBet,STAT4,IL4R -> SOCS1
GATA3,IFNg,IFNgR,IL12,IL12R,IL4,SOCS1,STAT1,STAT6 / TBet,STAT4 -> SOCS1
GATA3,IL12,IL12R,SOCS1,STAT1,STAT6 / TBet,STAT4,IL4R,IL4,IFNgR -> SOCS1
GATA3,IL12,IL12R,SOCS1,STAT1 / TBet,STAT4,IL4R,IL4,IFNgR,IFNg -> SOCS1
IL4R,SOCS1,STAT4,STAT6,TBet / STAT1,IL12,IFNgR,IFNg,GATA3 -> SOCS1
GATA3,IL4,IL4R,SOCS1,STAT1,STAT4,STAT6 / TBet,IL12R,IL12,IFNgR,IFNg -> SOCS1
GATA3,IL4,IL4R,SOCS1,STAT1,STAT4 / TBet,IL12R,IL12,IFNgR,IFNg -> SOCS1
GATA3,IL4,IL4R,STAT1,STAT4 / TBet,STAT6,IL12R,IL12,IFNgR,IFNg -> SOCS1
IL4R,SOCS1,STAT4,TBet / STAT1,IL12R,IL12,IFNgR,IFNg,GATA3 -> SOCS1
IL4R,SOCS1,STAT6,TBet / STAT1,IL12,IFNgR,IFNg,GATA3 -> SOCS1
IL4R,SOCS1,TBet / STAT1,IL12R,IL12,IFNgR,IFNg,GATA3 -> SOCS1
IL4R,SOCS1,STAT6,TBet / STAT4,STAT1,IL12R,IL12,IFNgR,IFNg -> SOCS1
IL4R,SOCS1,TBet / STAT4,STAT1,IL12R,IL12,IFNgR,IFNg -> SOCS1
GATA3,IL4,IL4R,SOCS1,STAT1 / TBet,STAT4,IL12R,IL12,IFNgR,IFNg -> SOCS1
GATA3,IL4,IL4R,SOCS1,STAT1 / TBet,IL12R,IL12,IFNgR,IFNg -> SOCS1
SOCS1,TBet / STAT1,IL4R,IL4,IL12R,IL12,IFNgR,IFNg,GATA3 -> SOCS1
SOCS1,TBet / STAT1,IL4R,IL12R,IL12,IFNgR,IFNg,GATA3 -> SOCS1
SOCS1,TBet / STAT1,IL12R,IL12,IFNgR,IFNg,GATA3 -> SOCS1
SOCS1,TBet / STAT4,STAT1,IL4R,IL4,IL12R,IL12,IFNgR,IFNg -> SOCS1
SOCS1,TBet / STAT4,STAT1,IL4R,IL12R,IL12,IFNgR,IFNg -> SOCS1
SOCS1,TBet / STAT4,STAT1,IL12R,IL12,IFNgR,IFNg -> SOCS1
GATA3,IL4,SOCS1,STAT1 / TBet,STAT4,IL4R,IL12R,IL12,IFNgR,IFNg -> SOCS1
GATA3,IL4,SOCS1,STAT1 / TBet,STAT4,IL12R,IL12,IFNgR,IFNg -> SOCS1
IL4R,SOCS1,STAT6,TBet / STAT1,IL12,IFNgR,GATA3 -> SOCS1
IL4R,SOCS1,STAT6,TBet / STAT4,STAT1,IL12R,IL12,IFNgR -> SOCS1
SOCS1,STAT6,TBet / STAT1,IL12R,IL12,IFNgR,GATA3 -> SOCS1
SOCS1,STAT6,TBet / STAT4,STAT1,IL12R,IL12,IFNgR -> SOCS1

% 762 samples (max h ~ 0.001148365162037037)
% CNF: [[-3],[8],[9],[-7,-2],[-6,-2],[-2,4],[-2,5],[-2,-1,11],[-2,10,11],[-2,11,12],[-12,-1],[-12,10],[1,10],[1,12],[-10,-2,-1],[-10,-2,12],[-12,2,11],[1,2,11
],[-7,10,11],[-6,10,11],[4,10,11],[5,10,11],[-12,-7],[-7,-5],[-7,-4],[-7,1],[-7,6],[-12,-6],[-6,-5],[-6,-4],[-6,1],[-12,4],[-5,4],[1,4],[4,6],[-12,5],[-4,5],[
1,5],[5,6],[-6,7,11],[4,7,11],[5,7,11],[-10,-5,-1],[-10,-4,-1],[-10,-1,6],[-10,-1,7],[-10,-5,12],[-10,-4,12],[-10,6,12],[-10,7,12],[-10,-6,7],[-10,4,7],[-10,5
,7]]
IL12,IL12R,SOCS1,STAT1,STAT4,STAT6,TBet / IL4R,IL4,IFNgR,IFNg,GATA3 -< STAT1
GATA3,IL4,IL4R,SOCS1,STAT1,STAT4,STAT6 / TBet,IL12R,IL12,IFNgR,IFNg -< STAT1
GATA3,IL4,IL4R,SOCS1,STAT1,STAT4 / TBet,IL12R,IL12,IFNgR,IFNg -< STAT1
GATA3,IL4,IL4R,SOCS1,STAT1,STAT6 / TBet,IL12R,IL12,IFNgR,IFNg -< STAT1
GATA3,IL4,SOCS1,STAT1,STAT6 / TBet,STAT4,IL12R,IL12,IFNgR,IFNg -< STAT1
GATA3,IL12,IL12R,SOCS1,STAT1,STAT6 / TBet,STAT4,IL4R,IL4,IFNgR,IFNg -< STAT1
GATA3,IL12,IL12R,SOCS1,STAT1 / TBet,STAT4,IL4R,IL4,IFNgR,IFNg -< STAT1
IL12,IL12R,SOCS1,STAT1,STAT4,STAT6,TBet / IL4R,IL4,IFNgR,GATA3 -< STAT1
GATA3,IL12,IL12R,SOCS1,STAT1,STAT6 / TBet,STAT4,IL4R,IL4,IFNgR -< STAT1
IFNg,IL12,IL12R,SOCS1,STAT1,STAT4,TBet / IL4R,IL4,IFNgR,GATA3 -< STAT1

% 308 samples (max h ~ 0.00046416859567901235)
% CNF: [[2],[3],[4],[5],[-8,9],[-11,1],[-7,1],[-6,1],[1,8],[1,9],[-11,6],[-7,6],[-1,6],[6,8],[6,9],[-11,7],[-6,7],[-1,7],[7,8],[7,9],[-11,10],[-7,10],[-6,10],
[-1,10],[8,10],[9,10],[-7,11],[-6,11],[-1,11],[8,11],[9,11],[-12,-11],[-12,-7],[-12,-6],[-12,-1],[-12,8],[-12,9],[-10,1,12],[-10,6,12],[-10,7,12],[-10,11,12]]
GATA3,IFNg,IFNgR,IL12,IL12R,IL4,IL4R,STAT1,STAT4,STAT6 / TBet -> STAT1
IFNg,IFNgR,IL12,IL12R,SOCS1,STAT1,TBet / STAT6,IL4R,IL4,GATA3 -> STAT1
IFNg,IFNgR,IL12,IL12R,SOCS1,STAT1 / STAT6,STAT4,IL4R,IL4,GATA3 -> STAT1
GATA3,IFNg,IFNgR,IL12,IL12R,IL4,IL4R,STAT4,STAT6 / TBet,SOCS1 -> STAT1

% 3753 samples (max h ~ 0.005655924479166667)
% CNF: [[10],[11],[-9,7],[2,7],[-12,-1],[-12,2],[-3,2],[1,2],[2,6],[-12,8],[1,8],[1,12],[-12,-5],[-5,1],[-5,4],[-12,-4],[-4,1],[-12,-3],[-3,1],[-3,4],[-3,5],[
-8,-5,7],[-5,3,7],[-8,-4,7],[-4,3,7],[-4,5,7],[-8,-3,7],[-8,-1,7],[-1,3,7],[-1,4,7],[-1,5,7],[3,7,8],[4,7,8],[5,7,8],[-8,7,12],[3,7,12],[4,7,12],[5,7,12],[-2,
-1,3],[-2,-1,4],[-2,-1,5],[-8,-1,6],[-7,-1,6],[-1,3,6],[-1,4,6],[-1,5,6],[-2,3,8],[-2,4,8],[-2,5,8],[-7,6,8],[3,6,8],[4,6,8],[5,6,8],[-2,3,12],[-2,4,12],[-2,5
,12],[-8,6,12],[-7,6,12],[3,6,12],[4,6,12],[5,6,12],[-7,-5,6],[-7,-4,6],[-7,-3,6],[-12,-9],[-9,1],[-9,6],[-9,2,8],[-9,3,8],[-9,4,8],[-9,5,8],[-9,-5,2],[-9,-5,
3],[-9,-4,2],[-9,-4,3],[-9,-4,5],[-8,-1,9],[-8,9,12],[-8,-5,2],[-8,-5,3],[-8,-5,6],[-8,-5,9],[-8,-4,2],[-8,-4,3],[-8,-4,5],[-8,-4,6],[-8,-4,9],[-8,-3,6],[-8,-
3,9],[-5,-2,3],[-5,3,6],[-4,-2,3],[-4,3,6],[-4,-2,5],[-4,5,6],[-8,2,9],[-9,-2,3],[-9,-2,4],[-9,-2,5]]
IFNg,IL4R,SOCS1,STAT4,STAT6,TBet / STAT1,IL12R,IL12,IFNgR,GATA3 -< STAT4
GATA3,IFNg,IFNgR,IL12,IL12R,IL4,IL4R,SOCS1,STAT1,STAT4,STAT6 / TBet -< STAT4
GATA3,IFNg,IFNgR,IL12,IL12R,IL4,IL4R,STAT1,STAT4,STAT6 / TBet -< STAT4
GATA3,IFNg,IFNgR,IL12,IL12R,IL4,IL4R,STAT4,STAT6 / TBet,SOCS1 -< STAT4
GATA3,IL12,IL4,IL4R,STAT4,STAT6 / TBet,STAT1,SOCS1,IFNgR,IFNg -< STAT4
GATA3,IL4,IL4R,SOCS1,STAT1,STAT4,STAT6 / TBet,IL12R,IL12,IFNgR,IFNg -< STAT4
GATA3,IL4,IL4R,STAT4,STAT6 / TBet,STAT1,SOCS1,IL12R,IFNgR,IFNg -< STAT4
IFNg,SOCS1,STAT4,STAT6,TBet / STAT1,IL12R,IL12,IFNgR,GATA3 -< STAT4
GATA3,IFNg,IFNgR,IL12,IL12R,IL4,STAT4,STAT6 / TBet,STAT1,SOCS1 -< STAT4
GATA3,IFNg,IFNgR,IL12,IL12R,STAT4,STAT6 / TBet,STAT1,SOCS1,IL4R -< STAT4

% 6252 samples (max h ~ 0.009422019675925927)
% CNF: [[-1],[5],[-2,12],[-9,-7],[-9,-6],[-9,2],[-9,4],[-9,8],[-9,12],[4,7],[-6,-4,-2],[-6,-2,7],[-2,7,8],[4,11],[-6,-2,11],[-2,8,11],[-11,-2,10],[-6,-2,10],[
-2,4,10],[-11,-4,10],[-7,-3,11],[-3,9,11],[-3,7,9],[-6,-3],[-6,-2,8],[-3,2],[-3,4],[-3,12],[4,8],[8,10],[-2,3,8],[4,12],[6,12],[-12,-6,-4],[-12,-4,2],[-4,2,6]
,[-12,-6,7],[-11,-6,7],[-12,2,7],[-11,2,7],[2,6,7],[-11,7,10],[-11,7,12],[-12,-6,11],[-12,2,11],[2,6,11],[-12,-6,2],[-6,2,4],[-12,-6,10],[-11,-6,10],[-7,-6,10
],[-6,4,10],[-12,7,8],[-11,7,8],[-3,7,8],[6,7,8],[-12,8,11],[-3,8,11],[6,8,11],[-12,-6,8],[-12,2,8],[2,6,8],[-12,3,8],[3,6,8],[-8,-7,12],[-7,10,12],[-11,-8,12
],[-11,10,12],[-11,-9,-3],[-11,-9,10],[-9,3,10],[-11,-3,7],[-11,-3,10],[-7,-3,10],[-3,9,10]]
IFNg,IL12,IL12R,SOCS1,STAT1,STAT4,STAT6,TBet / IL4R,IL4,IFNgR,GATA3 -> STAT4
IFNg,IL12,IL12R,SOCS1,STAT4,STAT6,TBet / IL4R,IL4,IFNgR,GATA3 -> STAT4
IFNg,IL12,IL12R,SOCS1,STAT1,STAT4,TBet / IL4R,IL4,IFNgR,GATA3 -> STAT4
IFNg,IL12,IL12R,SOCS1,STAT1,STAT4,TBet / STAT6,IL4R,IL4,GATA3 -> STAT4
IFNg,IL12,IL12R,SOCS1,STAT4,TBet / IL4R,IL4,IFNgR,GATA3 -> STAT4
IFNg,IFNgR,IL12,IL12R,SOCS1,STAT1,TBet / STAT6,IL4R,IL4,GATA3 -> STAT4
 IFNg,IFNgR,IL12,IL12R,SOCS1,STAT1,TBet / STAT6,IL4R,IL4,GATA3 -> STAT4
IFNg,IL12,IL12R,SOCS1,TBet / STAT6,STAT1,IL4R,IL4,IFNgR,GATA3 -> STAT4
IL12R,IL4R,SOCS1,STAT4,STAT6,TBet / STAT1,IL4,IL12,IFNgR,IFNg,GATA3 -> STAT4
IL12R,IL4R,SOCS1,STAT6,TBet / STAT1,IL4,IL12,IFNgR,IFNg,GATA3 -> STAT4
IFNg,IL12R,IL4R,SOCS1,STAT4,STAT6,TBet / STAT1,IL12,IFNgR,GATA3 -> STAT4
IL12R,IL4R,SOCS1,STAT4,STAT6,TBet / STAT1,IL4,IL12,IFNgR,GATA3 -> STAT4
IFNg,IL12,IL12R,IL4R,SOCS1,STAT4,STAT6,TBet / STAT1,IL4,GATA3 -> STAT4
IFNg,IFNgR,IL12,IL12R,IL4R,STAT4,STAT6,TBet / STAT1,IL4,GATA3 -> STAT4
IFNg,IL12R,IL4R,SOCS1,STAT4,STAT6,TBet / STAT1,IL4,IFNgR,GATA3 -> STAT4
IFNg,IL12,IL12R,IL4R,SOCS1,STAT4,TBet / STAT1,IL4,IFNgR,GATA3 -> STAT4
IFNg,IL12,IL12R,IL4R,SOCS1,TBet / STAT6,STAT1,IL4,IFNgR,GATA3 -> STAT4
IFNg,IL12,IL12R,SOCS1,STAT4,STAT6,TBet / STAT1,IL4,IFNgR,GATA3 -> STAT4
IFNg,IL12,IL12R,SOCS1,STAT4,TBet / STAT1,IL4,IFNgR,GATA3 -> STAT4
IFNg,IL12,IL12R,SOCS1,TBet / STAT6,STAT1,IL4,IFNgR,GATA3 -> STAT4
IL12,IL12R,IL4,STAT4 / TBet,STAT6,STAT1,IL4R,IFNgR,IFNg,GATA3 -> STAT4
IL12,IL12R,IL4,SOCS1 / TBet,STAT6,STAT1,IL4R,IFNgR,IFNg,GATA3 -> STAT4
IL12,IL12R,IL4,IL4R,STAT4,STAT6 / TBet,STAT1,SOCS1,IFNgR,IFNg,GATA3 -> STAT4
IL12,IL12R,IL4,IL4R,STAT4 / TBet,STAT1,SOCS1,IFNgR,IFNg,GATA3 -> STAT4
IL12,IL12R,IL4,STAT4 / TBet,STAT6,STAT1,SOCS1,IFNgR,IFNg,GATA3 -> STAT4

% 1206 samples (max h ~ 0.0018174913194444445)
% CNF: [[-7],[11],[8,10],[-9,8],[-5,4],[-4,5],[-3,2],[-9,-2,4],[-9,-2,5],[-6,-5,9],[-5,2,9],[-5,9,10],[-6,-4,9],[-4,2,9],[-4,9,10],[-12,8],[-6,-5,2],[-6,-4,2]
,[2,4,6],[2,5,6],[-5,2,8],[-4,2,8],[-1,2,8],[2,6,8],[2,6,9],[-12,-9,-6],[-12,-6,-5],[-12,-6,-4],[-6,-2,8],[-12,-3],[-3,1],[-3,4],[-3,5],[-12,-5,-1],[-6,-5,8],
[-5,1,8],[-5,3,8],[-5,1,12],[-12,-4,-1],[-6,-4,8],[-4,1,8],[-4,3,8],[-4,1,12],[-6,-3,8],[-2,1,8],[-2,3,8],[-2,4,8],[-2,5,8],[-6,-1,8],[-1,3,8],[-1,4,8],[-1,5,
8],[1,6,8],[3,6,8],[4,6,8],[5,6,8],[-2,1,12],[-2,4,12],[-2,5,12],[1,6,12],[4,6,12],[5,6,12],[-12,-9,10],[-9,1,10],[-6,1,10],[-12,-5,10],[-5,1,10],[-12,-4,10],
[-4,1,10],[-3,9,10],[1,10,12],[-10,-9,-6],[-9,-6,1],[-10,-9,-3],[-12,-9,-1],[-10,-9,-1],[-10,-9,12],[-9,1,12],[-10,-6,-5],[-6,-5,1],[-6,-5,3],[-10,-6,-4],[-6,
-4,1],[-6,-4,3],[-10,-6,-3],[-6,-3,9],[-10,-6,-1],[-10,-8,12],[-8,1,12],[-10,-8,-3],[-8,-3,9],[-10,-8,-1],[-10,-1,3],[1,2,10],[-10,-1,2],[-12,-9,4],[-10,-9,4]
,[-9,1,4],[-9,4,6],[-12,-9,5],[-10,-9,5],[-9,1,5],[-9,5,6],[-10,-1,4],[-1,4,6],[-10,-1,5],[-1,5,6],[-12,-10,-1],[-12,-1,6]]
IFNg,IL12,IL12R,SOCS1,STAT1,STAT4,STAT6,TBet / IL4R,IL4,IFNgR,GATA3 -< STAT6
IFNg,IL12,IL12R,SOCS1,STAT4,STAT6,TBet / IL4R,IL4,IFNgR,GATA3 -< STAT6
IL12,IL12R,SOCS1,STAT1,STAT4,STAT6,TBet / IL4R,IL4,IFNgR,GATA3 -< STAT6
IFNg,SOCS1,STAT4,STAT6,TBet / STAT1,IL4R,IL12R,IL12,IFNgR,GATA3 -< STAT6
IL4,SOCS1,STAT4,STAT6,TBet / STAT1,IL4R,IL12R,IL12,IFNgR,IFNg,GATA3 -< STAT6
IL4,SOCS1,STAT4,STAT6,TBet / STAT1,IL4R,IL12R,IL12,IFNgR,GATA3 -< STAT6
GATA3,IFNg,IFNgR,IL12,IL12R,STAT4,STAT6 / TBet,STAT1,SOCS1,IL4R,IL4 -< STAT6
IL4,STAT4,STAT6 / TBet,STAT1,SOCS1,IL4R,IL12R,IL12,IFNgR,IFNg,GATA3 -< STAT6
GATA3,IFNg,IL12,IL12R,SOCS1,STAT1,STAT6 / TBet,STAT4,IL4R,IL4,IFNgR -< STAT6
GATA3,IFNg,IL12,IL12R,SOCS1,STAT1,STAT6 / TBet,STAT4,IL4R,IL4 -< STAT6
GATA3,IFNg,IFNgR,IL12,IL12R,SOCS1,STAT1,STAT6 / TBet,STAT4,IL4R -< STAT6
GATA3,IL12,IL12R,SOCS1,STAT1,STAT6 / TBet,STAT4,IL4R,IL4,IFNgR -< STAT6
GATA3,IFNg,IL4,SOCS1,STAT6,TBet / STAT4,STAT1,IL4R,IL12R,IL12,IFNgR -< STAT6
IFNg,SOCS1,STAT6,TBet / STAT1,IL4R,IL4,IL12R,IL12,IFNgR,GATA3 -< STAT6
GATA3,IL4,SOCS1,STAT6 / STAT4,STAT1,IL4R,IL12R,IL12,IFNgR,IFNg -< STAT6
GATA3,IL4,SOCS1,STAT6 / TBet,STAT4,IL4R,IL12R,IL12,IFNgR,IFNg -< STAT6
GATA3,IL4,SOCS1,STAT6,TBet / STAT4,STAT1,IL4R,IL12R,IL12,IFNgR -< STAT6

% 73764 samples (max h ~ 0.11116536458333333)
% CNF: [[7],[-3,5],[-8,-4,5],[-9,-2,5],[-4,-2,5],[-2,5,8],[-2,5,11],[-2,5,12],[-3,11],[-8,-4,2],[-8,-4,10],[-8,10,11],[-4,-2,10],[-9,-2,11],[-6,-2,11],[-2,-1,
11],[-2,4,11],[-2,8,11],[-2,10,11],[-2,11,12],[-1,6],[6,12],[-12,-10,-1],[-12,2,5],[1,2,5],[2,5,6],[-12,5,8],[1,5,8],[5,6,8],[1,5,12],[1,5,10],[5,6,10],[-6,-5
,10],[-6,1,10],[-5,-1,10],[-5,10,12],[-2,10,12],[1,10,12],[-12,-6,-4],[-12,-6,-3],[-12,-6,8],[-12,-6,11],[-6,-3,1],[-6,-2,8],[-2,-1,8],[-2,4,8],[-2,8,10],[-2,
8,12],[-3,2],[-3,4],[-3,8],[-3,10],[-12,-9],[-9,1],[-9,6],[-9,8],[-8,1,12],[-8,9,12],[-9,-2,3],[-9,-2,4],[-9,-2,10],[-2,1,12],[-2,3,12],[-2,4,12],[-2,9,12],[-
9,-4,2],[-9,-4,3],[-9,-4,5],[-9,-4,10],[-9,-4,11],[-12,-4,-1],[-4,-1,11],[-6,-3,9],[-12,-5,-1],[-5,-1,4],[-5,-1,11],[-12,-3,-1],[-3,-1,9],[-5,4,12],[-3,1,12],
[-3,9,12],[-12,-4,2],[-4,2,6],[-12,2,11],[2,6,11],[-12,8,11],[6,8,11],[1,4,12],[-12,-4,5],[-4,1,5],[-4,5,6],[-4,5,11],[-12,-4,10],[-5,-4,10],[-4,1,10],[-4,6,1
0],[-4,10,11],[-12,5,11],[1,5,11],[5,6,11],[-9,-5,11],[-9,10,11],[-12,-1,11],[-12,4,11],[-5,4,11],[1,4,11],[4,6,11],[-9,-5,2],[-9,-5,3],[-9,-5,4],[-9,-5,10],[
-12,10,11],[-5,10,11],[1,10,11],[6,10,11],[-5,-2,10],[-2,1,10],[-2,6,10],[-12,-1,2],[-12,-1,8]]
IFNg,IL12R,IL4,IL4R,SOCS1,STAT4,STAT6,TBet / STAT1,IL12,IFNgR,GATA3 -> STAT6
GATA3,IFNg,IFNgR,IL12,IL12R,IL4,IL4R,SOCS1,STAT1,STAT4,STAT6 / TBet -> STAT6
IFNg,IL12R,IL4R,SOCS1,STAT4,STAT6,TBet / STAT1,IL12,IFNgR,GATA3 -> STAT6
IFNg,IL12,IL12R,IL4R,SOCS1,STAT4,STAT6,TBet / STAT1,IL4,GATA3 -> STAT6
IFNg,IL12R,IL4R,SOCS1,STAT4,STAT6,TBet / STAT1,IL4,IFNgR,GATA3 -> STAT6
IFNg,IL12,IL12R,IL4R,STAT4,STAT6,TBet / STAT1,IL4,IFNgR,GATA3 -> STAT6
IL12R,IL4,IL4R,SOCS1,STAT4,STAT6,TBet / STAT1,IL12,IFNgR,GATA3 -> STAT6
IL12R,IL4R,SOCS1,STAT4,STAT6,TBet / STAT1,IL12,IFNgR,GATA3 -> STAT6
IL12R,IL4R,STAT4,STAT6,TBet / STAT1,IL4,IL12,IFNgR,IFNg,GATA3 -> STAT6
IL12R,IL4R,SOCS1,STAT6,TBet / STAT1,IL4,IL12,IFNgR,IFNg,GATA3 -> STAT6
IL12R,IL4R,STAT6,TBet / STAT1,IL4,IL12,IFNgR,IFNg,GATA3 -> STAT6
IL12,IL12R,IL4,IL4R,STAT4,STAT6 / TBet,STAT1,SOCS1,IFNgR,IFNg,GATA3 -> STAT6
GATA3,IL12,IL12R,IL4,IL4R,STAT4,STAT6 / TBet,STAT1,SOCS1,IFNgR,IFNg -> STAT6
IL12,IL12R,IL4,IL4R,STAT4,STAT6 / TBet,STAT1,SOCS1,IFNgR,IFNg -> STAT6
IFNg,IL12,IL12R,IL4R,SOCS1,STAT4,TBet / STAT1,IL4,IFNgR,GATA3 -> STAT6
IL12,IL12R,IL4,IL4R,STAT4 / TBet,STAT1,SOCS1,IFNgR,IFNg,GATA3 -> STAT6
GATA3,IL4,IL4R,SOCS1,STAT1,STAT6 / TBet,STAT4,IL12R,IL12,IFNgR,IFNg -> STAT6
GATA3,IL4,IL4R,STAT6 / TBet,STAT4,STAT1,SOCS1,IL12R,IL12,IFNgR,IFNg -> STAT6
GATA3,IL4,IL4R,SOCS1,STAT1,STAT4,STAT6 / TBet,IL12R,IL12,IFNgR,IFNg -> STAT6
GATA3,IL4,IL4R,STAT4,STAT6 / TBet,STAT1,SOCS1,IL12R,IL12,IFNgR,IFNg -> STAT6
GATA3,IL4,IL4R,SOCS1,STAT1,STAT6 / TBet,IL12R,IL12,IFNgR,IFNg -> STAT6
GATA3,IL4,IL4R,STAT6 / TBet,STAT1,SOCS1,IL12R,IL12,IFNgR,IFNg -> STAT6
GATA3,IL4,IL4R,SOCS1,STAT1,STAT4 / TBet,IL12R,IL12,IFNgR,IFNg -> STAT6
GATA3,IL4,IL4R,STAT4 / TBet,STAT1,SOCS1,IL12R,IL12,IFNgR,IFNg -> STAT6
GATA3,IL4,IL4R / TBet,STAT4,STAT1,SOCS1,IL12R,IL12,IFNgR,IFNg -> STAT6
GATA3,IL4,IL4R / TBet,STAT1,SOCS1,IL12R,IL12,IFNgR,IFNg -> STAT6
IFNg,IL4,IL4R,SOCS1,STAT4,STAT6,TBet / STAT1,IL12,IFNgR,GATA3 -> STAT6
GATA3,IFNg,IL4,IL4R,SOCS1,STAT6,TBet / STAT4,STAT1,IL12R,IL12,IFNgR -> STAT6
IFNg,IL4R,SOCS1,STAT4,STAT6,TBet / STAT1,IL12,IFNgR,GATA3 -> STAT6
GATA3,IL4,IL4R,STAT6 / TBet,STAT4,STAT1,SOCS1,IL12R,IFNgR,IFNg -> STAT6
GATA3,IL12,IL4,IL4R,STAT4,STAT6 / TBet,STAT1,SOCS1,IFNgR,IFNg -> STAT6
GATA3,IL4,IL4R,STAT4,STAT6 / TBet,STAT1,SOCS1,IL12R,IFNgR,IFNg -> STAT6
GATA3,IL4,IL4R,STAT6 / TBet,STAT1,SOCS1,IL12R,IFNgR,IFNg -> STAT6

% 108 samples (max h ~ 0.00016276041666666666)
% CNF: [[-10],[-9],[-5],[-4],[-3],[1],[8],[11],[12],[6,7],[-7,2],[2,6]]
GATA3,IFNg,IL4R,SOCS1,STAT6,TBet / STAT4,STAT1,IL12R,IL12,IFNgR -< TBet
GATA3,IFNg,IL4,SOCS1,STAT6,TBet / STAT4,STAT1,IL12R,IL12,IFNgR -< TBet
GATA3,IL4,SOCS1,STAT6,TBet / STAT4,STAT1,IL4R,IL12R,IL12,IFNgR -< TBet
 
% 206902 samples (max h ~ 0.3118097752700617)
% CNF: [[-1],[-10,8],[-10,12],[-2,8],[-9,5],[-4,5],[-3,5],[5,8],[5,12],[-10,2,5],[-10,5,11],[-2,5,11],[7,8],[-6,-2,10],[-7,5,10],[-9,-7],[-9,-6],[-9,4],[-9,8],[-6,-4],[-4,8],[-6,-5,7],[-5,4,7],[8,11],[-10,-6,11],[-10,2,11],[-10,4,11],[-6,-2,11],[-2,4,11],[-9,2,11],[-4,2,11],[-7,-4,2],[-4,2,9],[-11,-4,10],[-4,2,10],[-7,-6,11],[-7,-3,11],[-7,2,11],[-7,4,11],[-7,5,11],[-3,9,11],[-6,-3],[-6,8],[-6,12],[-3,2],[-3,4],[-3,8],[-11,12],[-7,12],[2,12],[3,12],[4,12],[8,12],[9,12],[-11,-3,7],[-3,7,9],[-11,-9,-3],[-11,-9,10],[-9,2,10],[-9,3,10],[-11,-3,10],[-7,-3,10],[-3,9,10],[-11,2,5],[-7,2,5],[-6,-5,11],[-5,2,11],[-5,4,11],[-11,-6,10],[-7,-6,10],[-6,-5,10]]
IFNg,IL12,IL12R,SOCS1,STAT1,STAT4,STAT6,TBet / IL4R,IL4,IFNgR,GATA3 -> TBet
IL12,IL12R,SOCS1,STAT1,STAT4,STAT6,TBet / IL4R,IL4,IFNgR,GATA3 -> TBet
IFNg,IL12,IL12R,SOCS1,STAT4,STAT6,TBet / IL4R,IL4,IFNgR,GATA3 -> TBet
IFNg,IL12,IL12R,SOCS1,STAT1,STAT4,TBet / IL4R,IL4,IFNgR,GATA3 -> TBet
IFNg,IL12,IL12R,SOCS1,STAT1,STAT4,TBet / STAT6,IL4R,IL4,GATA3 -> TBet
IFNg,IL12,IL12R,SOCS1,STAT4,TBet / IL4R,IL4,IFNgR,GATA3 -> TBet
IL12R,IL4R,SOCS1,STAT4,STAT6,TBet / STAT1,IL12,IFNgR,GATA3 -> TBet
IFNg,IL12,IL12R,IL4R,SOCS1,STAT4,STAT6,TBet / STAT1,IL4,GATA3 -> TBet
IFNg,IL12R,IL4R,SOCS1,STAT4,STAT6,TBet / STAT1,IL4,IFNgR,GATA3 -> TBet
IFNg,IL12,IL12R,IL4R,SOCS1,STAT4,TBet / STAT1,IL4,IFNgR,GATA3 -> TBet
IFNg,IL12,IL12R,SOCS1,STAT4,STAT6,TBet / STAT1,IL4,IFNgR,GATA3 -> TBet
IFNg,IL12,IL12R,SOCS1,STAT4,TBet / STAT1,IL4,IFNgR,GATA3 -> TBet
IL12R,IL4R,SOCS1,STAT6,TBet / STAT1,IL4,IL12,IFNgR,IFNg,GATA3 -> TBet
IFNg,IFNgR,IL12,IL12R,SOCS1,STAT1,TBet / STAT6,IL4R,IL4,GATA3 -> TBet
IFNg,IL12,IL12R,SOCS1,TBet / STAT6,STAT1,IL4R,IL4,IFNgR,GATA3 -> TBet
IFNg,IL12R,IL4R,SOCS1,STAT6,TBet / STAT1,IL4,IL12,IFNgR,GATA3 -> TBet
IL12R,IL4R,SOCS1,STAT6,TBet / STAT1,IL4,IL12,IFNgR,GATA3 -> TBet
IFNg,IL12,IL12R,IL4R,SOCS1,TBet / STAT6,STAT1,IL4,IFNgR,GATA3 -> TBet
IFNg,IL12,IL12R,SOCS1,TBet / STAT6,STAT1,IL4,IFNgR,GATA3 -> TBet
IFNg,IL4R,SOCS1,STAT4,STAT6,TBet / STAT1,IL12,IFNgR,GATA3 -> TBet
IFNg,SOCS1,STAT4,STAT6,TBet / STAT1,IL12R,IL12,IFNgR,GATA3 -> TBet
IFNg,SOCS1,STAT6,TBet / STAT1,IL4R,IL4,IL12R,IL12,IFNgR,GATA3 -> TBet
SOCS1,TBet / STAT6,STAT4,STAT1,IL4R,IL12R,IL12,IFNgR,IFNg,GATA3 -> TBet
IFNg,IFNgR,IL12,IL12R,SOCS1,STAT1 / STAT6,STAT4,IL4R,IL4,GATA3 -> TBet
IL12R,IL4R,STAT6,TBet / STAT4,STAT1,IL4,IL12,IFNgR,IFNg,GATA3 -> TBet
% Clause learning time: 264072 ms
true.

